<?xml version="1.0" encoding="UTF-8"?><testsuite name="nosetests" tests="14" errors="0" failures="0" skip="0"><testcase classname="analytics.AnalyticsTestSuite" name="test_au_version" time="1.305"></testcase><testcase classname="analytics.AnalyticsTestSuite" name="test_date_filter" time="8.158"></testcase><testcase classname="analytics.AnalyticsTestSuite" name="test_todays_affected_users_version" time="1.370"></testcase><testcase classname="analytics.AnalyticsTestSuite" name="test_todays_appload_crashes_device" time="1.667"></testcase><testcase classname="analytics.AnalyticsTestSuite" name="test_todays_appload_crashes_os" time="1.539"></testcase><testcase classname="analytics.AnalyticsTestSuite" name="test_todays_apploads_crashes_version" time="1.464"></testcase><testcase classname="analytics.AnalyticsTestSuite" name="test_todays_apploads_device" time="1.657"></testcase><testcase classname="analytics.AnalyticsTestSuite" name="test_todays_apploads_os" time="2.026"></testcase><testcase classname="analytics.AnalyticsTestSuite" name="test_todays_apploads_version" time="1.441"></testcase><testcase classname="analytics.AnalyticsTestSuite" name="test_todays_crashes_device" time="1.577"></testcase><testcase classname="analytics.AnalyticsTestSuite" name="test_todays_crashes_os" time="1.557"></testcase><testcase classname="analytics.AnalyticsTestSuite" name="test_todays_crashes_version" time="1.316"></testcase><testcase classname="analytics.AnalyticsTestSuite" name="test_todays_dau_crashes_version" time="1.383"></testcase><testcase classname="analytics.AnalyticsTestSuite" name="test_todays_dau_version" time="1.301"></testcase></testsuite>