<?xml version="1.0" encoding="UTF-8"?><testsuite name="nosetests" tests="3" errors="3" failures="0" skip="0"><testcase classname="sample.SampleTestSuite" name="test_sample_ddt_1" time="0.001"><error type="exceptions.IndexError" message='list index out of range&#10;-------------------- &gt;&gt; begin captured logging &lt;&lt; --------------------&#10;selenium.webdriver.remote.remote_connection: DEBUG: POST http://127.0.0.1:53258/hub/session {"sessionId": null, "desiredCapabilities": {"platform": "ANY", "browserName": "firefox", "version": "", "javascriptEnabled": true}}&#10;selenium.webdriver.remote.remote_connection: DEBUG: Finished Request&#10;selenium.webdriver.remote.remote_connection: DEBUG: POST http://127.0.0.1:53258/hub/session/44bfca29-d5ae-1a40-b74b-c62f0c28a612/timeouts/implicit_wait {"sessionId": "44bfca29-d5ae-1a40-b74b-c62f0c28a612", "ms": 5000.0}&#10;selenium.webdriver.remote.remote_connection: DEBUG: Finished Request&#10;selenium.webdriver.remote.remote_connection: DEBUG: POST http://127.0.0.1:53258/hub/session/44bfca29-d5ae-1a40-b74b-c62f0c28a612/url {"url": "https://app.crittercism.com/developers/login", "sessionId": "44bfca29-d5ae-1a40-b74b-c62f0c28a612"}&#10;selenium.webdriver.remote.remote_connection: DEBUG: Finished Request&#10;selenium.webdriver.remote.remote_connection: DEBUG: POST http://127.0.0.1:53258/hub/session/44bfca29-d5ae-1a40-b74b-c62f0c28a612/element {"using": "id", "sessionId": "44bfca29-d5ae-1a40-b74b-c62f0c28a612", "value": "email"}&#10;selenium.webdriver.remote.remote_connection: DEBUG: Finished Request&#10;selenium.webdriver.remote.remote_connection: DEBUG: POST http://127.0.0.1:53258/hub/session/44bfca29-d5ae-1a40-b74b-c62f0c28a612/element/{3c2d000e-e92b-ef42-acf0-b068e3c73ac6}/value {"sessionId": "44bfca29-d5ae-1a40-b74b-c62f0c28a612", "id": "{3c2d000e-e92b-ef42-acf0-b068e3c73ac6}", "value": ["n", "s", "o", "l", "a", "i", "a", "p", "p", "a", "n", "@", "c", "r", "i", "t", "t", "e", "r", "c", "i", "s", "m", ".", "c", "o", "m"]}&#10;selenium.webdriver.remote.remote_connection: DEBUG: Finished Request&#10;selenium.webdriver.remote.remote_connection: DEBUG: POST http://127.0.0.1:53258/hub/session/44bfca29-d5ae-1a40-b74b-c62f0c28a612/element {"using": "name", "sessionId": "44bfca29-d5ae-1a40-b74b-c62f0c28a612", "value": "password"}&#10;selenium.webdriver.remote.remote_connection: DEBUG: Finished Request&#10;selenium.webdriver.remote.remote_connection: DEBUG: POST http://127.0.0.1:53258/hub/session/44bfca29-d5ae-1a40-b74b-c62f0c28a612/element/{6579f225-1bc5-d04a-996d-9e6a170cdef1}/value {"sessionId": "44bfca29-d5ae-1a40-b74b-c62f0c28a612", "id": "{6579f225-1bc5-d04a-996d-9e6a170cdef1}", "value": ["C", "r", "i", "t", "P", "a", "s", "s", "1", "2", "3"]}&#10;selenium.webdriver.remote.remote_connection: DEBUG: Finished Request&#10;selenium.webdriver.remote.remote_connection: DEBUG: POST http://127.0.0.1:53258/hub/session/44bfca29-d5ae-1a40-b74b-c62f0c28a612/element {"using": "id", "sessionId": "44bfca29-d5ae-1a40-b74b-c62f0c28a612", "value": "commit"}&#10;selenium.webdriver.remote.remote_connection: DEBUG: Finished Request&#10;selenium.webdriver.remote.remote_connection: DEBUG: POST http://127.0.0.1:53258/hub/session/44bfca29-d5ae-1a40-b74b-c62f0c28a612/element/{70ec7589-da03-c24a-9cda-1979e5c95ae0}/submit {"sessionId": "44bfca29-d5ae-1a40-b74b-c62f0c28a612", "id": "{70ec7589-da03-c24a-9cda-1979e5c95ae0}"}&#10;selenium.webdriver.remote.remote_connection: DEBUG: Finished Request&#10;--------------------- &gt;&gt; end captured logging &lt;&lt; ---------------------'><![CDATA[  File "/usr/local/lib/python2.7/site-packages/unittest2/case.py", line 340, in run
    testMethod()
  File "/Users/farooque/PycharmProjects/crittercism/src/data_driven_test_wrapper.py", line 131, in wrapper
    return func(self, *args, **kwargs)
  File "/Users/farooque/PycharmProjects/crittercism/tests/sample/sample.py", line 64, in test_sample_ddt
    first_argument = kwargs.values()[0][0]
'list index out of range\n-------------------- >> begin captured logging << --------------------\nselenium.webdriver.remote.remote_connection: DEBUG: POST http://127.0.0.1:53258/hub/session {"sessionId": null, "desiredCapabilities": {"platform": "ANY", "browserName": "firefox", "version": "", "javascriptEnabled": true}}\nselenium.webdriver.remote.remote_connection: DEBUG: Finished Request\nselenium.webdriver.remote.remote_connection: DEBUG: POST http://127.0.0.1:53258/hub/session/44bfca29-d5ae-1a40-b74b-c62f0c28a612/timeouts/implicit_wait {"sessionId": "44bfca29-d5ae-1a40-b74b-c62f0c28a612", "ms": 5000.0}\nselenium.webdriver.remote.remote_connection: DEBUG: Finished Request\nselenium.webdriver.remote.remote_connection: DEBUG: POST http://127.0.0.1:53258/hub/session/44bfca29-d5ae-1a40-b74b-c62f0c28a612/url {"url": "https://app.crittercism.com/developers/login", "sessionId": "44bfca29-d5ae-1a40-b74b-c62f0c28a612"}\nselenium.webdriver.remote.remote_connection: DEBUG: Finished Request\nselenium.webdriver.remote.remote_connection: DEBUG: POST http://127.0.0.1:53258/hub/session/44bfca29-d5ae-1a40-b74b-c62f0c28a612/element {"using": "id", "sessionId": "44bfca29-d5ae-1a40-b74b-c62f0c28a612", "value": "email"}\nselenium.webdriver.remote.remote_connection: DEBUG: Finished Request\nselenium.webdriver.remote.remote_connection: DEBUG: POST http://127.0.0.1:53258/hub/session/44bfca29-d5ae-1a40-b74b-c62f0c28a612/element/{3c2d000e-e92b-ef42-acf0-b068e3c73ac6}/value {"sessionId": "44bfca29-d5ae-1a40-b74b-c62f0c28a612", "id": "{3c2d000e-e92b-ef42-acf0-b068e3c73ac6}", "value": ["n", "s", "o", "l", "a", "i", "a", "p", "p", "a", "n", "@", "c", "r", "i", "t", "t", "e", "r", "c", "i", "s", "m", ".", "c", "o", "m"]}\nselenium.webdriver.remote.remote_connection: DEBUG: Finished Request\nselenium.webdriver.remote.remote_connection: DEBUG: POST http://127.0.0.1:53258/hub/session/44bfca29-d5ae-1a40-b74b-c62f0c28a612/element {"using": "name", "sessionId": "44bfca29-d5ae-1a40-b74b-c62f0c28a612", "value": "password"}\nselenium.webdriver.remote.remote_connection: DEBUG: Finished Request\nselenium.webdriver.remote.remote_connection: DEBUG: POST http://127.0.0.1:53258/hub/session/44bfca29-d5ae-1a40-b74b-c62f0c28a612/element/{6579f225-1bc5-d04a-996d-9e6a170cdef1}/value {"sessionId": "44bfca29-d5ae-1a40-b74b-c62f0c28a612", "id": "{6579f225-1bc5-d04a-996d-9e6a170cdef1}", "value": ["C", "r", "i", "t", "P", "a", "s", "s", "1", "2", "3"]}\nselenium.webdriver.remote.remote_connection: DEBUG: Finished Request\nselenium.webdriver.remote.remote_connection: DEBUG: POST http://127.0.0.1:53258/hub/session/44bfca29-d5ae-1a40-b74b-c62f0c28a612/element {"using": "id", "sessionId": "44bfca29-d5ae-1a40-b74b-c62f0c28a612", "value": "commit"}\nselenium.webdriver.remote.remote_connection: DEBUG: Finished Request\nselenium.webdriver.remote.remote_connection: DEBUG: POST http://127.0.0.1:53258/hub/session/44bfca29-d5ae-1a40-b74b-c62f0c28a612/element/{70ec7589-da03-c24a-9cda-1979e5c95ae0}/submit {"sessionId": "44bfca29-d5ae-1a40-b74b-c62f0c28a612", "id": "{70ec7589-da03-c24a-9cda-1979e5c95ae0}"}\nselenium.webdriver.remote.remote_connection: DEBUG: Finished Request\n--------------------- >> end captured logging << ---------------------']]></error></testcase><testcase classname="sample.SampleTestSuite" name="test_sample_ddt_2" time="0.000"><error type="exceptions.IndexError" message="list index out of range"><![CDATA[Traceback (most recent call last):
  File "/usr/local/lib/python2.7/site-packages/unittest2/case.py", line 340, in run
    testMethod()
  File "/Users/farooque/PycharmProjects/crittercism/src/data_driven_test_wrapper.py", line 131, in wrapper
    return func(self, *args, **kwargs)
  File "/Users/farooque/PycharmProjects/crittercism/tests/sample/sample.py", line 64, in test_sample_ddt
    first_argument = kwargs.values()[0][0]
IndexError: list index out of range
]]></error></testcase><testcase classname="sample.SampleTestSuite" name="test_sample_ddt_3" time="0.000"><error type="exceptions.IndexError" message="list index out of range"><![CDATA[Traceback (most recent call last):
  File "/usr/local/lib/python2.7/site-packages/unittest2/case.py", line 340, in run
    testMethod()
  File "/Users/farooque/PycharmProjects/crittercism/src/data_driven_test_wrapper.py", line 131, in wrapper
    return func(self, *args, **kwargs)
  File "/Users/farooque/PycharmProjects/crittercism/tests/sample/sample.py", line 64, in test_sample_ddt
    first_argument = kwargs.values()[0][0]
IndexError: list index out of range
]]></error></testcase></testsuite>