<?xml version="1.0" encoding="UTF-8"?><testsuite name="nosetests" tests="6" errors="1" failures="0" skip="0"><testcase classname="wrapping.WrappingTestSuite" name="test_1_ent_new_ios" time="11.838"></testcase><testcase classname="wrapping.WrappingTestSuite" name="test_2_ent_new_android" time="11.593"></testcase><testcase classname="wrapping.WrappingTestSuite" name="test_3_create_trial_new_ios" time="6.336"><error type="selenium.common.exceptions.NoSuchElementException" message="Message: u'Unable to locate element: {&quot;method&quot;:&quot;id&quot;,&quot;selector&quot;:&quot;firstname&quot;}\nCommand duration or timeout: 5.51 seconds\nFor documentation on this error, please visit: http://seleniumhq.org/exceptions/no_such_element.html\nBuild info: version: \'2.41.0\', revision: \'3192d8a\', time: \'2014-03-27 17:17:32\'\nSystem info: host: \'Ethans-MacBook-Pro.local\', ip: \'10.0.1.48\', os.name: \'Mac OS X\', os.arch: \'x86_64\', os.version: \'10.9.3\', java.version: \'1.6.0_65\'\nSession ID: 92e0ad7c-d832-694d-8258-02943985fab4\nDriver info: org.openqa.selenium.firefox.FirefoxDriver\nCapabilities [{platform=MAC, acceptSslCerts=true, javascriptEnabled=true, browserName=firefox, rotatable=false, locationContextEnabled=true, version=29.0.1, cssSelectorsEnabled=true, databaseEnabled=true, handlesAlerts=true, browserConnectionEnabled=true, nativeEvents=false, webStorageEnabled=true, applicationCacheEnabled=true, takesScreenshot=true}]' ; Screenshot: available via screen ; Stacktrace: &#10;    at sun.reflect.NativeConstructorAccessorImpl.newInstance0 (NativeConstructorAccessorImpl.java:-2)&#10;    at sun.reflect.NativeConstructorAccessorImpl.newInstance (NativeConstructorAccessorImpl.java:39)&#10;    at sun.reflect.DelegatingConstructorAccessorImpl.newInstance (DelegatingConstructorAccessorImpl.java:27)&#10;    at java.lang.reflect.Constructor.newInstance (Constructor.java:513)&#10;    at org.openqa.selenium.remote.ErrorHandler.createThrowable (ErrorHandler.java:193)&#10;    at org.openqa.selenium.remote.ErrorHandler.throwIfResponseFailed (ErrorHandler.java:145)&#10;    at org.openqa.selenium.remote.RemoteWebDriver.execute (RemoteWebDriver.java:595)&#10;    at org.openqa.selenium.remote.RemoteWebDriver.findElement (RemoteWebDriver.java:348)&#10;    at org.openqa.selenium.remote.RemoteWebDriver.findElementById (RemoteWebDriver.java:389)&#10;    at org.openqa.selenium.By$ById.findElement (By.java:214)&#10;    at org.openqa.selenium.remote.RemoteWebDriver.findElement (RemoteWebDriver.java:340)&#10;    at sun.reflect.NativeMethodAccessorImpl.invoke0 (NativeMethodAccessorImpl.java:-2)&#10;    at sun.reflect.NativeMethodAccessorImpl.invoke (NativeMethodAccessorImpl.java:39)&#10;    at sun.reflect.DelegatingMethodAccessorImpl.invoke (DelegatingMethodAccessorImpl.java:25)&#10;    at java.lang.reflect.Method.invoke (Method.java:597)&#10;    at org.openqa.selenium.support.events.EventFiringWebDriver$2.invoke (EventFiringWebDriver.java:101)&#10;    at com.sun.proxy.$Proxy2.findElement (None:-1)&#10;    at org.openqa.selenium.support.events.EventFiringWebDriver.findElement (EventFiringWebDriver.java:184)&#10;    at org.openqa.selenium.remote.server.handler.FindElement.call (FindElement.java:47)&#10;    at org.openqa.selenium.remote.server.handler.FindElement.call (FindElement.java:1)&#10;    at java.util.concurrent.FutureTask$Sync.innerRun (FutureTask.java:303)&#10;    at java.util.concurrent.FutureTask.run (FutureTask.java:138)&#10;    at org.openqa.selenium.remote.server.DefaultSession$1.run (DefaultSession.java:170)&#10;    at java.util.concurrent.ThreadPoolExecutor$Worker.runTask (ThreadPoolExecutor.java:895)&#10;    at java.util.concurrent.ThreadPoolExecutor$Worker.run (ThreadPoolExecutor.java:918)&#10;    at java.lang.Thread.run (Thread.java:695) &#10;-------------------- &gt;&gt; begin captured logging &lt;&lt; --------------------&#10;selenium.webdriver.remote.remote_connection: DEBUG: POST http://127.0.0.1:4444/wd/hub/session/25e3873e-19ec-4bc9-b2a4-589434d504a1/url {&quot;url&quot;: &quot;https://app-staging.crittercism.com/developers/logout&quot;, &quot;sessionId&quot;: &quot;25e3873e-19ec-4bc9-b2a4-589434d504a1&quot;}&#10;selenium.webdriver.remote.remote_connection: DEBUG: Finished Request&#10;selenium.webdriver.remote.remote_connection: DEBUG: POST http://127.0.0.1:4444/wd/hub/session/25e3873e-19ec-4bc9-b2a4-589434d504a1/url {&quot;url&quot;: &quot;https://app-staging.crittercism.com/developers/logout&quot;, &quot;sessionId&quot;: &quot;25e3873e-19ec-4bc9-b2a4-589434d504a1&quot;}&#10;selenium.webdriver.remote.remote_connection: DEBUG: Finished Request&#10;selenium.webdriver.remote.remote_connection: DEBUG: POST http://127.0.0.1:4444/wd/hub/session/25e3873e-19ec-4bc9-b2a4-589434d504a1/url {&quot;url&quot;: &quot;https://app-staging.crittercism.com/signup?plan=basic&quot;, &quot;sessionId&quot;: &quot;25e3873e-19ec-4bc9-b2a4-589434d504a1&quot;}&#10;selenium.webdriver.remote.remote_connection: DEBUG: Finished Request&#10;selenium.webdriver.remote.remote_connection: DEBUG: POST http://127.0.0.1:4444/wd/hub/session/25e3873e-19ec-4bc9-b2a4-589434d504a1/element {&quot;using&quot;: &quot;id&quot;, &quot;sessionId&quot;: &quot;25e3873e-19ec-4bc9-b2a4-589434d504a1&quot;, &quot;value&quot;: &quot;firstname&quot;}&#10;selenium.webdriver.remote.remote_connection: DEBUG: Finished Request&#10;--------------------- &gt;&gt; end captured logging &lt;&lt; ---------------------"><![CDATA[  File "/Library/Python/2.7/site-packages/unittest2/case.py", line 340, in run
    testMethod()
  File "/Users/egeller/testing/fork/crittercism/tests/wrapping/wrapping.py", line 203, in test_3_create_trial_new_ios
    self.sign_up_new_account(0)
  File "/Users/egeller/testing/fork/crittercism/tests/wrapping/wrapping.py", line 78, in sign_up_new_account
    self.browser.find_element_by_id("firstname").send_keys("test_user_" + account_types[accnt])
  File "/Library/Python/2.7/site-packages/selenium/webdriver/remote/webdriver.py", line 206, in find_element_by_id
    return self.find_element(by=By.ID, value=id_)
  File "/Library/Python/2.7/site-packages/selenium/webdriver/remote/webdriver.py", line 662, in find_element
    {'using': by, 'value': value})['value']
  File "/Library/Python/2.7/site-packages/selenium/webdriver/remote/webdriver.py", line 173, in execute
    self.error_handler.check_response(response)
  File "/Library/Python/2.7/site-packages/selenium/webdriver/remote/errorhandler.py", line 164, in check_response
    raise exception_class(message, screen, stacktrace)
'Message: u\'Unable to locate element: {"method":"id","selector":"firstname"}\\nCommand duration or timeout: 5.51 seconds\\nFor documentation on this error, please visit: http://seleniumhq.org/exceptions/no_such_element.html\\nBuild info: version: \\\'2.41.0\\\', revision: \\\'3192d8a\\\', time: \\\'2014-03-27 17:17:32\\\'\\nSystem info: host: \\\'Ethans-MacBook-Pro.local\\\', ip: \\\'10.0.1.48\\\', os.name: \\\'Mac OS X\\\', os.arch: \\\'x86_64\\\', os.version: \\\'10.9.3\\\', java.version: \\\'1.6.0_65\\\'\\nSession ID: 92e0ad7c-d832-694d-8258-02943985fab4\\nDriver info: org.openqa.selenium.firefox.FirefoxDriver\\nCapabilities [{platform=MAC, acceptSslCerts=true, javascriptEnabled=true, browserName=firefox, rotatable=false, locationContextEnabled=true, version=29.0.1, cssSelectorsEnabled=true, databaseEnabled=true, handlesAlerts=true, browserConnectionEnabled=true, nativeEvents=false, webStorageEnabled=true, applicationCacheEnabled=true, takesScreenshot=true}]\' ; Screenshot: available via screen ; Stacktrace: \n    at sun.reflect.NativeConstructorAccessorImpl.newInstance0 (NativeConstructorAccessorImpl.java:-2)\n    at sun.reflect.NativeConstructorAccessorImpl.newInstance (NativeConstructorAccessorImpl.java:39)\n    at sun.reflect.DelegatingConstructorAccessorImpl.newInstance (DelegatingConstructorAccessorImpl.java:27)\n    at java.lang.reflect.Constructor.newInstance (Constructor.java:513)\n    at org.openqa.selenium.remote.ErrorHandler.createThrowable (ErrorHandler.java:193)\n    at org.openqa.selenium.remote.ErrorHandler.throwIfResponseFailed (ErrorHandler.java:145)\n    at org.openqa.selenium.remote.RemoteWebDriver.execute (RemoteWebDriver.java:595)\n    at org.openqa.selenium.remote.RemoteWebDriver.findElement (RemoteWebDriver.java:348)\n    at org.openqa.selenium.remote.RemoteWebDriver.findElementById (RemoteWebDriver.java:389)\n    at org.openqa.selenium.By$ById.findElement (By.java:214)\n    at org.openqa.selenium.remote.RemoteWebDriver.findElement (RemoteWebDriver.java:340)\n    at sun.reflect.NativeMethodAccessorImpl.invoke0 (NativeMethodAccessorImpl.java:-2)\n    at sun.reflect.NativeMethodAccessorImpl.invoke (NativeMethodAccessorImpl.java:39)\n    at sun.reflect.DelegatingMethodAccessorImpl.invoke (DelegatingMethodAccessorImpl.java:25)\n    at java.lang.reflect.Method.invoke (Method.java:597)\n    at org.openqa.selenium.support.events.EventFiringWebDriver$2.invoke (EventFiringWebDriver.java:101)\n    at com.sun.proxy.$Proxy2.findElement (None:-1)\n    at org.openqa.selenium.support.events.EventFiringWebDriver.findElement (EventFiringWebDriver.java:184)\n    at org.openqa.selenium.remote.server.handler.FindElement.call (FindElement.java:47)\n    at org.openqa.selenium.remote.server.handler.FindElement.call (FindElement.java:1)\n    at java.util.concurrent.FutureTask$Sync.innerRun (FutureTask.java:303)\n    at java.util.concurrent.FutureTask.run (FutureTask.java:138)\n    at org.openqa.selenium.remote.server.DefaultSession$1.run (DefaultSession.java:170)\n    at java.util.concurrent.ThreadPoolExecutor$Worker.runTask (ThreadPoolExecutor.java:895)\n    at java.util.concurrent.ThreadPoolExecutor$Worker.run (ThreadPoolExecutor.java:918)\n    at java.lang.Thread.run (Thread.java:695) \n-------------------- >> begin captured logging << --------------------\nselenium.webdriver.remote.remote_connection: DEBUG: POST http://127.0.0.1:4444/wd/hub/session/25e3873e-19ec-4bc9-b2a4-589434d504a1/url {"url": "https://app-staging.crittercism.com/developers/logout", "sessionId": "25e3873e-19ec-4bc9-b2a4-589434d504a1"}\nselenium.webdriver.remote.remote_connection: DEBUG: Finished Request\nselenium.webdriver.remote.remote_connection: DEBUG: POST http://127.0.0.1:4444/wd/hub/session/25e3873e-19ec-4bc9-b2a4-589434d504a1/url {"url": "https://app-staging.crittercism.com/developers/logout", "sessionId": "25e3873e-19ec-4bc9-b2a4-589434d504a1"}\nselenium.webdriver.remote.remote_connection: DEBUG: Finished Request\nselenium.webdriver.remote.remote_connection: DEBUG: POST http://127.0.0.1:4444/wd/hub/session/25e3873e-19ec-4bc9-b2a4-589434d504a1/url {"url": "https://app-staging.crittercism.com/signup?plan=basic", "sessionId": "25e3873e-19ec-4bc9-b2a4-589434d504a1"}\nselenium.webdriver.remote.remote_connection: DEBUG: Finished Request\nselenium.webdriver.remote.remote_connection: DEBUG: POST http://127.0.0.1:4444/wd/hub/session/25e3873e-19ec-4bc9-b2a4-589434d504a1/element {"using": "id", "sessionId": "25e3873e-19ec-4bc9-b2a4-589434d504a1", "value": "firstname"}\nselenium.webdriver.remote.remote_connection: DEBUG: Finished Request\n--------------------- >> end captured logging << ---------------------']]></error></testcase><testcase classname="wrapping.WrappingTestSuite" name="test_4_create_trial_new_android" time="20.671"></testcase><testcase classname="wrapping.WrappingTestSuite" name="test_5_basic_new_ios" time="8.875"></testcase><testcase classname="wrapping.WrappingTestSuite" name="test_6_basic_new_android" time="12.658"></testcase></testsuite>