<?xml version="1.0" encoding="UTF-8"?><testsuite name="nosetests" tests="6" errors="1" failures="1" skip="0"><testcase classname="wrapping.WrappingTestSuite" name="test_1_ent_new_ios" time="9.893"><error type="selenium.common.exceptions.ElementNotVisibleException" message="Message: u&quot;element not visible\n  (Session info: chrome=35.0.1916.114)\n  (Driver info: chromedriver=2.9.248307,platform=Mac OS X 10.9.3 x86_64) (WARNING: The server did not provide any stacktrace information)\nCommand duration or timeout: 28 milliseconds\nBuild info: version: '2.41.0', revision: '3192d8a', time: '2014-03-27 17:17:32'\nSystem info: host: 'Ethans-MacBook-Pro.local', ip: '10.0.1.48', os.name: 'Mac OS X', os.arch: 'x86_64', os.version: '10.9.3', java.version: '1.6.0_65'\nSession ID: fa94f0184b46563f8ab72afdc9ecaa1a\nDriver info: org.openqa.selenium.chrome.ChromeDriver\nCapabilities [{platform=MAC, acceptSslCerts=true, javascriptEnabled=true, browserName=chrome, chrome={userDataDir=/var/folders/rr/gmcvl_pn2814c17p9vkhjfth0000gn/T/.org.chromium.Chromium.rKVTk6}, rotatable=false, locationContextEnabled=true, version=35.0.1916.114, takesHeapSnapshot=true, cssSelectorsEnabled=true, databaseEnabled=false, handlesAlerts=true, browserConnectionEnabled=false, nativeEvents=true, webStorageEnabled=true, applicationCacheEnabled=false, takesScreenshot=true}]&quot; ; Screenshot: available via screen ; Stacktrace: &#10;    at sun.reflect.NativeConstructorAccessorImpl.newInstance0 (NativeConstructorAccessorImpl.java:-2)&#10;    at sun.reflect.NativeConstructorAccessorImpl.newInstance (NativeConstructorAccessorImpl.java:39)&#10;    at sun.reflect.DelegatingConstructorAccessorImpl.newInstance (DelegatingConstructorAccessorImpl.java:27)&#10;    at java.lang.reflect.Constructor.newInstance (Constructor.java:513)&#10;    at org.openqa.selenium.remote.ErrorHandler.createThrowable (ErrorHandler.java:193)&#10;    at org.openqa.selenium.remote.ErrorHandler.throwIfResponseFailed (ErrorHandler.java:145)&#10;    at org.openqa.selenium.remote.RemoteWebDriver.execute (RemoteWebDriver.java:595)&#10;    at org.openqa.selenium.remote.RemoteWebElement.execute (RemoteWebElement.java:268)&#10;    at org.openqa.selenium.remote.RemoteWebElement.click (RemoteWebElement.java:79)&#10;    at sun.reflect.NativeMethodAccessorImpl.invoke0 (NativeMethodAccessorImpl.java:-2)&#10;    at sun.reflect.NativeMethodAccessorImpl.invoke (NativeMethodAccessorImpl.java:39)&#10;    at sun.reflect.DelegatingMethodAccessorImpl.invoke (DelegatingMethodAccessorImpl.java:25)&#10;    at java.lang.reflect.Method.invoke (Method.java:597)&#10;    at org.openqa.selenium.support.events.EventFiringWebDriver$EventFiringWebElement$1.invoke (EventFiringWebDriver.java:331)&#10;    at com.sun.proxy.$Proxy3.click (None:-1)&#10;    at org.openqa.selenium.support.events.EventFiringWebDriver$EventFiringWebElement.click (EventFiringWebDriver.java:344)&#10;    at sun.reflect.NativeMethodAccessorImpl.invoke0 (NativeMethodAccessorImpl.java:-2)&#10;    at sun.reflect.NativeMethodAccessorImpl.invoke (NativeMethodAccessorImpl.java:39)&#10;    at sun.reflect.DelegatingMethodAccessorImpl.invoke (DelegatingMethodAccessorImpl.java:25)&#10;    at java.lang.reflect.Method.invoke (Method.java:597)&#10;    at org.openqa.selenium.remote.server.KnownElements$1.invoke (KnownElements.java:63)&#10;    at com.sun.proxy.$Proxy4.click (None:-1)&#10;    at org.openqa.selenium.remote.server.handler.ClickElement.call (ClickElement.java:29)&#10;    at org.openqa.selenium.remote.server.handler.ClickElement.call (ClickElement.java:1)&#10;    at java.util.concurrent.FutureTask$Sync.innerRun (FutureTask.java:303)&#10;    at java.util.concurrent.FutureTask.run (FutureTask.java:138)&#10;    at org.openqa.selenium.remote.server.DefaultSession$1.run (DefaultSession.java:170)&#10;    at java.util.concurrent.ThreadPoolExecutor$Worker.runTask (ThreadPoolExecutor.java:895)&#10;    at java.util.concurrent.ThreadPoolExecutor$Worker.run (ThreadPoolExecutor.java:918)&#10;    at java.lang.Thread.run (Thread.java:695) &#10;-------------------- &gt;&gt; begin captured logging &lt;&lt; --------------------&#10;selenium.webdriver.remote.remote_connection: DEBUG: POST http://127.0.0.1:4444/wd/hub/session {&quot;desiredCapabilities&quot;: {&quot;platform&quot;: &quot;ANY&quot;, &quot;browserName&quot;: &quot;chrome&quot;, &quot;version&quot;: &quot;&quot;, &quot;javascriptEnabled&quot;: true}}&#10;selenium.webdriver.remote.remote_connection: DEBUG: Finished Request&#10;selenium.webdriver.remote.remote_connection: DEBUG: POST http://127.0.0.1:4444/wd/hub/session/db2c9da8-7491-43b5-8306-4d36e495b676/timeouts/implicit_wait {&quot;sessionId&quot;: &quot;db2c9da8-7491-43b5-8306-4d36e495b676&quot;, &quot;ms&quot;: 5000.0}&#10;selenium.webdriver.remote.remote_connection: DEBUG: Finished Request&#10;selenium.webdriver.remote.remote_connection: DEBUG: POST http://127.0.0.1:4444/wd/hub/session/db2c9da8-7491-43b5-8306-4d36e495b676/url {&quot;url&quot;: &quot;https://app-staging.crittercism.com/developers/login&quot;, &quot;sessionId&quot;: &quot;db2c9da8-7491-43b5-8306-4d36e495b676&quot;}&#10;selenium.webdriver.remote.remote_connection: DEBUG: Finished Request&#10;selenium.webdriver.remote.remote_connection: DEBUG: POST http://127.0.0.1:4444/wd/hub/session/db2c9da8-7491-43b5-8306-4d36e495b676/element {&quot;using&quot;: &quot;id&quot;, &quot;sessionId&quot;: &quot;db2c9da8-7491-43b5-8306-4d36e495b676&quot;, &quot;value&quot;: &quot;email&quot;}&#10;selenium.webdriver.remote.remote_connection: DEBUG: Finished Request&#10;selenium.webdriver.remote.remote_connection: DEBUG: POST http://127.0.0.1:4444/wd/hub/session/db2c9da8-7491-43b5-8306-4d36e495b676/element/0/value {&quot;sessionId&quot;: &quot;db2c9da8-7491-43b5-8306-4d36e495b676&quot;, &quot;id&quot;: &quot;0&quot;, &quot;value&quot;: [&quot;n&quot;, &quot;s&quot;, &quot;o&quot;, &quot;l&quot;, &quot;a&quot;, &quot;i&quot;, &quot;a&quot;, &quot;p&quot;, &quot;p&quot;, &quot;a&quot;, &quot;n&quot;, &quot;@&quot;, &quot;c&quot;, &quot;r&quot;, &quot;i&quot;, &quot;t&quot;, &quot;t&quot;, &quot;e&quot;, &quot;r&quot;, &quot;c&quot;, &quot;i&quot;, &quot;s&quot;, &quot;m&quot;, &quot;.&quot;, &quot;c&quot;, &quot;o&quot;, &quot;m&quot;]}&#10;selenium.webdriver.remote.remote_connection: DEBUG: Finished Request&#10;selenium.webdriver.remote.remote_connection: DEBUG: POST http://127.0.0.1:4444/wd/hub/session/db2c9da8-7491-43b5-8306-4d36e495b676/element {&quot;using&quot;: &quot;name&quot;, &quot;sessionId&quot;: &quot;db2c9da8-7491-43b5-8306-4d36e495b676&quot;, &quot;value&quot;: &quot;password&quot;}&#10;selenium.webdriver.remote.remote_connection: DEBUG: Finished Request&#10;selenium.webdriver.remote.remote_connection: DEBUG: POST http://127.0.0.1:4444/wd/hub/session/db2c9da8-7491-43b5-8306-4d36e495b676/element/1/value {&quot;sessionId&quot;: &quot;db2c9da8-7491-43b5-8306-4d36e495b676&quot;, &quot;id&quot;: &quot;1&quot;, &quot;value&quot;: [&quot;C&quot;, &quot;r&quot;, &quot;i&quot;, &quot;t&quot;, &quot;P&quot;, &quot;a&quot;, &quot;s&quot;, &quot;s&quot;, &quot;1&quot;, &quot;2&quot;, &quot;3&quot;]}&#10;selenium.webdriver.remote.remote_connection: DEBUG: Finished Request&#10;selenium.webdriver.remote.remote_connection: DEBUG: POST http://127.0.0.1:4444/wd/hub/session/db2c9da8-7491-43b5-8306-4d36e495b676/element {&quot;using&quot;: &quot;id&quot;, &quot;sessionId&quot;: &quot;db2c9da8-7491-43b5-8306-4d36e495b676&quot;, &quot;value&quot;: &quot;commit&quot;}&#10;selenium.webdriver.remote.remote_connection: DEBUG: Finished Request&#10;selenium.webdriver.remote.remote_connection: DEBUG: POST http://127.0.0.1:4444/wd/hub/session/db2c9da8-7491-43b5-8306-4d36e495b676/element/2/submit {&quot;sessionId&quot;: &quot;db2c9da8-7491-43b5-8306-4d36e495b676&quot;, &quot;id&quot;: &quot;2&quot;}&#10;selenium.webdriver.remote.remote_connection: DEBUG: Finished Request&#10;selenium.webdriver.remote.remote_connection: DEBUG: POST http://127.0.0.1:4444/wd/hub/session/db2c9da8-7491-43b5-8306-4d36e495b676/url {&quot;url&quot;: &quot;https://app-staging.crittercism.com/developers/register-application&quot;, &quot;sessionId&quot;: &quot;db2c9da8-7491-43b5-8306-4d36e495b676&quot;}&#10;selenium.webdriver.remote.remote_connection: DEBUG: Finished Request&#10;selenium.webdriver.remote.remote_connection: DEBUG: POST http://127.0.0.1:4444/wd/hub/session/db2c9da8-7491-43b5-8306-4d36e495b676/element {&quot;using&quot;: &quot;id&quot;, &quot;sessionId&quot;: &quot;db2c9da8-7491-43b5-8306-4d36e495b676&quot;, &quot;value&quot;: &quot;app-name&quot;}&#10;selenium.webdriver.remote.remote_connection: DEBUG: Finished Request&#10;selenium.webdriver.remote.remote_connection: DEBUG: POST http://127.0.0.1:4444/wd/hub/session/db2c9da8-7491-43b5-8306-4d36e495b676/element/3/value {&quot;sessionId&quot;: &quot;db2c9da8-7491-43b5-8306-4d36e495b676&quot;, &quot;id&quot;: &quot;3&quot;, &quot;value&quot;: [&quot;I&quot;, &quot;O&quot;, &quot;S&quot;, &quot;-&quot;, &quot;0&quot;, &quot;.&quot;, &quot;5&quot;, &quot;3&quot;, &quot;8&quot;, &quot;8&quot;, &quot;0&quot;, &quot;3&quot;, &quot;5&quot;, &quot;4&quot;, &quot;0&quot;, &quot;0&quot;, &quot;1&quot;, &quot;2&quot;]}&#10;selenium.webdriver.remote.remote_connection: DEBUG: Finished Request&#10;selenium.webdriver.remote.remote_connection: DEBUG: POST http://127.0.0.1:4444/wd/hub/session/db2c9da8-7491-43b5-8306-4d36e495b676/element {&quot;using&quot;: &quot;id&quot;, &quot;sessionId&quot;: &quot;db2c9da8-7491-43b5-8306-4d36e495b676&quot;, &quot;value&quot;: &quot;commit&quot;}&#10;selenium.webdriver.remote.remote_connection: DEBUG: Finished Request&#10;selenium.webdriver.remote.remote_connection: DEBUG: POST http://127.0.0.1:4444/wd/hub/session/db2c9da8-7491-43b5-8306-4d36e495b676/element/4/submit {&quot;sessionId&quot;: &quot;db2c9da8-7491-43b5-8306-4d36e495b676&quot;, &quot;id&quot;: &quot;4&quot;}&#10;selenium.webdriver.remote.remote_connection: DEBUG: Finished Request&#10;selenium.webdriver.remote.remote_connection: DEBUG: GET http://127.0.0.1:4444/wd/hub/session/db2c9da8-7491-43b5-8306-4d36e495b676/url {&quot;sessionId&quot;: &quot;db2c9da8-7491-43b5-8306-4d36e495b676&quot;}&#10;selenium.webdriver.remote.remote_connection: DEBUG: Finished Request&#10;selenium.webdriver.remote.remote_connection: DEBUG: POST http://127.0.0.1:4444/wd/hub/session/db2c9da8-7491-43b5-8306-4d36e495b676/elements {&quot;using&quot;: &quot;xpath&quot;, &quot;sessionId&quot;: &quot;db2c9da8-7491-43b5-8306-4d36e495b676&quot;, &quot;value&quot;: &quot;//*[contains(text(),\&quot;Well, this is embarrassing - you found a broken link.\&quot;)]&quot;}&#10;selenium.webdriver.remote.remote_connection: DEBUG: Finished Request&#10;selenium.webdriver.remote.remote_connection: DEBUG: GET http://127.0.0.1:4444/wd/hub/session/db2c9da8-7491-43b5-8306-4d36e495b676/url {&quot;sessionId&quot;: &quot;db2c9da8-7491-43b5-8306-4d36e495b676&quot;}&#10;selenium.webdriver.remote.remote_connection: DEBUG: Finished Request&#10;selenium.webdriver.remote.remote_connection: DEBUG: POST http://127.0.0.1:4444/wd/hub/session/db2c9da8-7491-43b5-8306-4d36e495b676/url {&quot;url&quot;: &quot;https://app-staging.crittercism.com/developers&quot;, &quot;sessionId&quot;: &quot;db2c9da8-7491-43b5-8306-4d36e495b676&quot;}&#10;selenium.webdriver.remote.remote_connection: DEBUG: Finished Request&#10;selenium.webdriver.remote.remote_connection: DEBUG: POST http://127.0.0.1:4444/wd/hub/session/db2c9da8-7491-43b5-8306-4d36e495b676/element {&quot;using&quot;: &quot;id&quot;, &quot;sessionId&quot;: &quot;db2c9da8-7491-43b5-8306-4d36e495b676&quot;, &quot;value&quot;: &quot;app-table&quot;}&#10;selenium.webdriver.remote.remote_connection: DEBUG: Finished Request&#10;selenium.webdriver.remote.remote_connection: DEBUG: POST http://127.0.0.1:4444/wd/hub/session/db2c9da8-7491-43b5-8306-4d36e495b676/element/5/elements {&quot;using&quot;: &quot;xpath&quot;, &quot;sessionId&quot;: &quot;db2c9da8-7491-43b5-8306-4d36e495b676&quot;, &quot;id&quot;: &quot;5&quot;, &quot;value&quot;: &quot;//*[@id=\&quot;app-table\&quot;]/tbody/*/td[2]/a[contains(text(),\&quot;IOS-0.538803540012\&quot;)]&quot;}&#10;selenium.webdriver.remote.remote_connection: DEBUG: Finished Request&#10;selenium.webdriver.remote.remote_connection: DEBUG: GET http://127.0.0.1:4444/wd/hub/session/db2c9da8-7491-43b5-8306-4d36e495b676/element/6/attribute/href {&quot;sessionId&quot;: &quot;db2c9da8-7491-43b5-8306-4d36e495b676&quot;, &quot;name&quot;: &quot;href&quot;, &quot;id&quot;: &quot;6&quot;}&#10;selenium.webdriver.remote.remote_connection: DEBUG: Finished Request&#10;selenium.webdriver.remote.remote_connection: DEBUG: POST http://127.0.0.1:4444/wd/hub/session/db2c9da8-7491-43b5-8306-4d36e495b676/url {&quot;url&quot;: &quot;https://app-staging.crittercism.com/developers/wrapping/538fa7b534bc127ced000051&quot;, &quot;sessionId&quot;: &quot;db2c9da8-7491-43b5-8306-4d36e495b676&quot;}&#10;selenium.webdriver.remote.remote_connection: DEBUG: Finished Request&#10;selenium.webdriver.remote.remote_connection: DEBUG: POST http://127.0.0.1:4444/wd/hub/session/db2c9da8-7491-43b5-8306-4d36e495b676/timeouts/implicit_wait {&quot;sessionId&quot;: &quot;db2c9da8-7491-43b5-8306-4d36e495b676&quot;, &quot;ms&quot;: 2000.0}&#10;selenium.webdriver.remote.remote_connection: DEBUG: Finished Request&#10;selenium.webdriver.remote.remote_connection: DEBUG: GET http://127.0.0.1:4444/wd/hub/session/db2c9da8-7491-43b5-8306-4d36e495b676/url {&quot;sessionId&quot;: &quot;db2c9da8-7491-43b5-8306-4d36e495b676&quot;}&#10;selenium.webdriver.remote.remote_connection: DEBUG: Finished Request&#10;selenium.webdriver.remote.remote_connection: DEBUG: GET http://127.0.0.1:4444/wd/hub/session/db2c9da8-7491-43b5-8306-4d36e495b676/url {&quot;sessionId&quot;: &quot;db2c9da8-7491-43b5-8306-4d36e495b676&quot;}&#10;selenium.webdriver.remote.remote_connection: DEBUG: Finished Request&#10;selenium.webdriver.remote.remote_connection: DEBUG: POST http://127.0.0.1:4444/wd/hub/session/db2c9da8-7491-43b5-8306-4d36e495b676/element {&quot;using&quot;: &quot;xpath&quot;, &quot;sessionId&quot;: &quot;db2c9da8-7491-43b5-8306-4d36e495b676&quot;, &quot;value&quot;: &quot;//a[@class=\&quot;e-appWrappingStart\&quot;]&quot;}&#10;selenium.webdriver.remote.remote_connection: DEBUG: Finished Request&#10;selenium.webdriver.remote.remote_connection: DEBUG: POST http://127.0.0.1:4444/wd/hub/session/db2c9da8-7491-43b5-8306-4d36e495b676/element/7/click {&quot;sessionId&quot;: &quot;db2c9da8-7491-43b5-8306-4d36e495b676&quot;, &quot;id&quot;: &quot;7&quot;}&#10;selenium.webdriver.remote.remote_connection: DEBUG: Finished Request&#10;--------------------- &gt;&gt; end captured logging &lt;&lt; ---------------------"><![CDATA[  File "/Library/Python/2.7/site-packages/unittest2/case.py", line 340, in run
    testMethod()
  File "/Users/egeller/testing/fork/crittercism/tests/wrapping/wrapping.py", line 166, in test_1_ent_new_ios
    self.upload_file(app_ids)
  File "/Users/egeller/testing/fork/crittercism/tests/wrapping/wrapping.py", line 132, in upload_file
    self.find_element_and_click(value='//a[@class="e-appWrappingStart"]')
  File "/Users/egeller/testing/fork/crittercism/src/baseTest.py", line 147, in find_element_and_click
    self.browser.find_element(by=by, value=value).click()
  File "/Library/Python/2.7/site-packages/selenium/webdriver/remote/webelement.py", line 60, in click
    self._execute(Command.CLICK_ELEMENT)
  File "/Library/Python/2.7/site-packages/selenium/webdriver/remote/webelement.py", line 370, in _execute
    return self._parent.execute(command, params)
  File "/Library/Python/2.7/site-packages/selenium/webdriver/remote/webdriver.py", line 173, in execute
    self.error_handler.check_response(response)
  File "/Library/Python/2.7/site-packages/selenium/webdriver/remote/errorhandler.py", line 164, in check_response
    raise exception_class(message, screen, stacktrace)
'Message: u"element not visible\\n  (Session info: chrome=35.0.1916.114)\\n  (Driver info: chromedriver=2.9.248307,platform=Mac OS X 10.9.3 x86_64) (WARNING: The server did not provide any stacktrace information)\\nCommand duration or timeout: 28 milliseconds\\nBuild info: version: \'2.41.0\', revision: \'3192d8a\', time: \'2014-03-27 17:17:32\'\\nSystem info: host: \'Ethans-MacBook-Pro.local\', ip: \'10.0.1.48\', os.name: \'Mac OS X\', os.arch: \'x86_64\', os.version: \'10.9.3\', java.version: \'1.6.0_65\'\\nSession ID: fa94f0184b46563f8ab72afdc9ecaa1a\\nDriver info: org.openqa.selenium.chrome.ChromeDriver\\nCapabilities [{platform=MAC, acceptSslCerts=true, javascriptEnabled=true, browserName=chrome, chrome={userDataDir=/var/folders/rr/gmcvl_pn2814c17p9vkhjfth0000gn/T/.org.chromium.Chromium.rKVTk6}, rotatable=false, locationContextEnabled=true, version=35.0.1916.114, takesHeapSnapshot=true, cssSelectorsEnabled=true, databaseEnabled=false, handlesAlerts=true, browserConnectionEnabled=false, nativeEvents=true, webStorageEnabled=true, applicationCacheEnabled=false, takesScreenshot=true}]" ; Screenshot: available via screen ; Stacktrace: \n    at sun.reflect.NativeConstructorAccessorImpl.newInstance0 (NativeConstructorAccessorImpl.java:-2)\n    at sun.reflect.NativeConstructorAccessorImpl.newInstance (NativeConstructorAccessorImpl.java:39)\n    at sun.reflect.DelegatingConstructorAccessorImpl.newInstance (DelegatingConstructorAccessorImpl.java:27)\n    at java.lang.reflect.Constructor.newInstance (Constructor.java:513)\n    at org.openqa.selenium.remote.ErrorHandler.createThrowable (ErrorHandler.java:193)\n    at org.openqa.selenium.remote.ErrorHandler.throwIfResponseFailed (ErrorHandler.java:145)\n    at org.openqa.selenium.remote.RemoteWebDriver.execute (RemoteWebDriver.java:595)\n    at org.openqa.selenium.remote.RemoteWebElement.execute (RemoteWebElement.java:268)\n    at org.openqa.selenium.remote.RemoteWebElement.click (RemoteWebElement.java:79)\n    at sun.reflect.NativeMethodAccessorImpl.invoke0 (NativeMethodAccessorImpl.java:-2)\n    at sun.reflect.NativeMethodAccessorImpl.invoke (NativeMethodAccessorImpl.java:39)\n    at sun.reflect.DelegatingMethodAccessorImpl.invoke (DelegatingMethodAccessorImpl.java:25)\n    at java.lang.reflect.Method.invoke (Method.java:597)\n    at org.openqa.selenium.support.events.EventFiringWebDriver$EventFiringWebElement$1.invoke (EventFiringWebDriver.java:331)\n    at com.sun.proxy.$Proxy3.click (None:-1)\n    at org.openqa.selenium.support.events.EventFiringWebDriver$EventFiringWebElement.click (EventFiringWebDriver.java:344)\n    at sun.reflect.NativeMethodAccessorImpl.invoke0 (NativeMethodAccessorImpl.java:-2)\n    at sun.reflect.NativeMethodAccessorImpl.invoke (NativeMethodAccessorImpl.java:39)\n    at sun.reflect.DelegatingMethodAccessorImpl.invoke (DelegatingMethodAccessorImpl.java:25)\n    at java.lang.reflect.Method.invoke (Method.java:597)\n    at org.openqa.selenium.remote.server.KnownElements$1.invoke (KnownElements.java:63)\n    at com.sun.proxy.$Proxy4.click (None:-1)\n    at org.openqa.selenium.remote.server.handler.ClickElement.call (ClickElement.java:29)\n    at org.openqa.selenium.remote.server.handler.ClickElement.call (ClickElement.java:1)\n    at java.util.concurrent.FutureTask$Sync.innerRun (FutureTask.java:303)\n    at java.util.concurrent.FutureTask.run (FutureTask.java:138)\n    at org.openqa.selenium.remote.server.DefaultSession$1.run (DefaultSession.java:170)\n    at java.util.concurrent.ThreadPoolExecutor$Worker.runTask (ThreadPoolExecutor.java:895)\n    at java.util.concurrent.ThreadPoolExecutor$Worker.run (ThreadPoolExecutor.java:918)\n    at java.lang.Thread.run (Thread.java:695) \n-------------------- >> begin captured logging << --------------------\nselenium.webdriver.remote.remote_connection: DEBUG: POST http://127.0.0.1:4444/wd/hub/session {"desiredCapabilities": {"platform": "ANY", "browserName": "chrome", "version": "", "javascriptEnabled": true}}\nselenium.webdriver.remote.remote_connection: DEBUG: Finished Request\nselenium.webdriver.remote.remote_connection: DEBUG: POST http://127.0.0.1:4444/wd/hub/session/db2c9da8-7491-43b5-8306-4d36e495b676/timeouts/implicit_wait {"sessionId": "db2c9da8-7491-43b5-8306-4d36e495b676", "ms": 5000.0}\nselenium.webdriver.remote.remote_connection: DEBUG: Finished Request\nselenium.webdriver.remote.remote_connection: DEBUG: POST http://127.0.0.1:4444/wd/hub/session/db2c9da8-7491-43b5-8306-4d36e495b676/url {"url": "https://app-staging.crittercism.com/developers/login", "sessionId": "db2c9da8-7491-43b5-8306-4d36e495b676"}\nselenium.webdriver.remote.remote_connection: DEBUG: Finished Request\nselenium.webdriver.remote.remote_connection: DEBUG: POST http://127.0.0.1:4444/wd/hub/session/db2c9da8-7491-43b5-8306-4d36e495b676/element {"using": "id", "sessionId": "db2c9da8-7491-43b5-8306-4d36e495b676", "value": "email"}\nselenium.webdriver.remote.remote_connection: DEBUG: Finished Request\nselenium.webdriver.remote.remote_connection: DEBUG: POST http://127.0.0.1:4444/wd/hub/session/db2c9da8-7491-43b5-8306-4d36e495b676/element/0/value {"sessionId": "db2c9da8-7491-43b5-8306-4d36e495b676", "id": "0", "value": ["n", "s", "o", "l", "a", "i", "a", "p", "p", "a", "n", "@", "c", "r", "i", "t", "t", "e", "r", "c", "i", "s", "m", ".", "c", "o", "m"]}\nselenium.webdriver.remote.remote_connection: DEBUG: Finished Request\nselenium.webdriver.remote.remote_connection: DEBUG: POST http://127.0.0.1:4444/wd/hub/session/db2c9da8-7491-43b5-8306-4d36e495b676/element {"using": "name", "sessionId": "db2c9da8-7491-43b5-8306-4d36e495b676", "value": "password"}\nselenium.webdriver.remote.remote_connection: DEBUG: Finished Request\nselenium.webdriver.remote.remote_connection: DEBUG: POST http://127.0.0.1:4444/wd/hub/session/db2c9da8-7491-43b5-8306-4d36e495b676/element/1/value {"sessionId": "db2c9da8-7491-43b5-8306-4d36e495b676", "id": "1", "value": ["C", "r", "i", "t", "P", "a", "s", "s", "1", "2", "3"]}\nselenium.webdriver.remote.remote_connection: DEBUG: Finished Request\nselenium.webdriver.remote.remote_connection: DEBUG: POST http://127.0.0.1:4444/wd/hub/session/db2c9da8-7491-43b5-8306-4d36e495b676/element {"using": "id", "sessionId": "db2c9da8-7491-43b5-8306-4d36e495b676", "value": "commit"}\nselenium.webdriver.remote.remote_connection: DEBUG: Finished Request\nselenium.webdriver.remote.remote_connection: DEBUG: POST http://127.0.0.1:4444/wd/hub/session/db2c9da8-7491-43b5-8306-4d36e495b676/element/2/submit {"sessionId": "db2c9da8-7491-43b5-8306-4d36e495b676", "id": "2"}\nselenium.webdriver.remote.remote_connection: DEBUG: Finished Request\nselenium.webdriver.remote.remote_connection: DEBUG: POST http://127.0.0.1:4444/wd/hub/session/db2c9da8-7491-43b5-8306-4d36e495b676/url {"url": "https://app-staging.crittercism.com/developers/register-application", "sessionId": "db2c9da8-7491-43b5-8306-4d36e495b676"}\nselenium.webdriver.remote.remote_connection: DEBUG: Finished Request\nselenium.webdriver.remote.remote_connection: DEBUG: POST http://127.0.0.1:4444/wd/hub/session/db2c9da8-7491-43b5-8306-4d36e495b676/element {"using": "id", "sessionId": "db2c9da8-7491-43b5-8306-4d36e495b676", "value": "app-name"}\nselenium.webdriver.remote.remote_connection: DEBUG: Finished Request\nselenium.webdriver.remote.remote_connection: DEBUG: POST http://127.0.0.1:4444/wd/hub/session/db2c9da8-7491-43b5-8306-4d36e495b676/element/3/value {"sessionId": "db2c9da8-7491-43b5-8306-4d36e495b676", "id": "3", "value": ["I", "O", "S", "-", "0", ".", "5", "3", "8", "8", "0", "3", "5", "4", "0", "0", "1", "2"]}\nselenium.webdriver.remote.remote_connection: DEBUG: Finished Request\nselenium.webdriver.remote.remote_connection: DEBUG: POST http://127.0.0.1:4444/wd/hub/session/db2c9da8-7491-43b5-8306-4d36e495b676/element {"using": "id", "sessionId": "db2c9da8-7491-43b5-8306-4d36e495b676", "value": "commit"}\nselenium.webdriver.remote.remote_connection: DEBUG: Finished Request\nselenium.webdriver.remote.remote_connection: DEBUG: POST http://127.0.0.1:4444/wd/hub/session/db2c9da8-7491-43b5-8306-4d36e495b676/element/4/submit {"sessionId": "db2c9da8-7491-43b5-8306-4d36e495b676", "id": "4"}\nselenium.webdriver.remote.remote_connection: DEBUG: Finished Request\nselenium.webdriver.remote.remote_connection: DEBUG: GET http://127.0.0.1:4444/wd/hub/session/db2c9da8-7491-43b5-8306-4d36e495b676/url {"sessionId": "db2c9da8-7491-43b5-8306-4d36e495b676"}\nselenium.webdriver.remote.remote_connection: DEBUG: Finished Request\nselenium.webdriver.remote.remote_connection: DEBUG: POST http://127.0.0.1:4444/wd/hub/session/db2c9da8-7491-43b5-8306-4d36e495b676/elements {"using": "xpath", "sessionId": "db2c9da8-7491-43b5-8306-4d36e495b676", "value": "//*[contains(text(),\\"Well, this is embarrassing - you found a broken link.\\")]"}\nselenium.webdriver.remote.remote_connection: DEBUG: Finished Request\nselenium.webdriver.remote.remote_connection: DEBUG: GET http://127.0.0.1:4444/wd/hub/session/db2c9da8-7491-43b5-8306-4d36e495b676/url {"sessionId": "db2c9da8-7491-43b5-8306-4d36e495b676"}\nselenium.webdriver.remote.remote_connection: DEBUG: Finished Request\nselenium.webdriver.remote.remote_connection: DEBUG: POST http://127.0.0.1:4444/wd/hub/session/db2c9da8-7491-43b5-8306-4d36e495b676/url {"url": "https://app-staging.crittercism.com/developers", "sessionId": "db2c9da8-7491-43b5-8306-4d36e495b676"}\nselenium.webdriver.remote.remote_connection: DEBUG: Finished Request\nselenium.webdriver.remote.remote_connection: DEBUG: POST http://127.0.0.1:4444/wd/hub/session/db2c9da8-7491-43b5-8306-4d36e495b676/element {"using": "id", "sessionId": "db2c9da8-7491-43b5-8306-4d36e495b676", "value": "app-table"}\nselenium.webdriver.remote.remote_connection: DEBUG: Finished Request\nselenium.webdriver.remote.remote_connection: DEBUG: POST http://127.0.0.1:4444/wd/hub/session/db2c9da8-7491-43b5-8306-4d36e495b676/element/5/elements {"using": "xpath", "sessionId": "db2c9da8-7491-43b5-8306-4d36e495b676", "id": "5", "value": "//*[@id=\\"app-table\\"]/tbody/*/td[2]/a[contains(text(),\\"IOS-0.538803540012\\")]"}\nselenium.webdriver.remote.remote_connection: DEBUG: Finished Request\nselenium.webdriver.remote.remote_connection: DEBUG: GET http://127.0.0.1:4444/wd/hub/session/db2c9da8-7491-43b5-8306-4d36e495b676/element/6/attribute/href {"sessionId": "db2c9da8-7491-43b5-8306-4d36e495b676", "name": "href", "id": "6"}\nselenium.webdriver.remote.remote_connection: DEBUG: Finished Request\nselenium.webdriver.remote.remote_connection: DEBUG: POST http://127.0.0.1:4444/wd/hub/session/db2c9da8-7491-43b5-8306-4d36e495b676/url {"url": "https://app-staging.crittercism.com/developers/wrapping/538fa7b534bc127ced000051", "sessionId": "db2c9da8-7491-43b5-8306-4d36e495b676"}\nselenium.webdriver.remote.remote_connection: DEBUG: Finished Request\nselenium.webdriver.remote.remote_connection: DEBUG: POST http://127.0.0.1:4444/wd/hub/session/db2c9da8-7491-43b5-8306-4d36e495b676/timeouts/implicit_wait {"sessionId": "db2c9da8-7491-43b5-8306-4d36e495b676", "ms": 2000.0}\nselenium.webdriver.remote.remote_connection: DEBUG: Finished Request\nselenium.webdriver.remote.remote_connection: DEBUG: GET http://127.0.0.1:4444/wd/hub/session/db2c9da8-7491-43b5-8306-4d36e495b676/url {"sessionId": "db2c9da8-7491-43b5-8306-4d36e495b676"}\nselenium.webdriver.remote.remote_connection: DEBUG: Finished Request\nselenium.webdriver.remote.remote_connection: DEBUG: GET http://127.0.0.1:4444/wd/hub/session/db2c9da8-7491-43b5-8306-4d36e495b676/url {"sessionId": "db2c9da8-7491-43b5-8306-4d36e495b676"}\nselenium.webdriver.remote.remote_connection: DEBUG: Finished Request\nselenium.webdriver.remote.remote_connection: DEBUG: POST http://127.0.0.1:4444/wd/hub/session/db2c9da8-7491-43b5-8306-4d36e495b676/element {"using": "xpath", "sessionId": "db2c9da8-7491-43b5-8306-4d36e495b676", "value": "//a[@class=\\"e-appWrappingStart\\"]"}\nselenium.webdriver.remote.remote_connection: DEBUG: Finished Request\nselenium.webdriver.remote.remote_connection: DEBUG: POST http://127.0.0.1:4444/wd/hub/session/db2c9da8-7491-43b5-8306-4d36e495b676/element/7/click {"sessionId": "db2c9da8-7491-43b5-8306-4d36e495b676", "id": "7"}\nselenium.webdriver.remote.remote_connection: DEBUG: Finished Request\n--------------------- >> end captured logging << ---------------------']]></error><system-out><![CDATA[/Users/egeller/testing/fork/crittercism
]]></system-out></testcase><testcase classname="wrapping.WrappingTestSuite" name="test_2_ent_new_android" time="11.396"></testcase><testcase classname="wrapping.WrappingTestSuite" name="test_3_create_trial_new_ios" time="15.903"><failure type="exceptions.AssertionError" message="u'https://app-staging.crittercism.com/developers/upgrade/538fa7d434bc127cef00004 [truncated]... != u'https://app-staging.crittercism.com/developers/wrapping/538fa7d434bc127cef0000 [truncated]...&#10;- https://app-staging.crittercism.com/developers/upgrade/538fa7d434bc127cef000043?                                                ^^^  ^^&#10;+ https://app-staging.crittercism.com/developers/wrapping/538fa7d434bc127cef000043?                                                ^  ^^^^^&#10; : should have received wrapping page for trial account&#10;-------------------- &gt;&gt; begin captured logging &lt;&lt; --------------------&#10;selenium.webdriver.remote.remote_connection: DEBUG: POST http://127.0.0.1:4444/wd/hub/session/db2c9da8-7491-43b5-8306-4d36e495b676/url {&quot;url&quot;: &quot;https://app-staging.crittercism.com/developers/logout&quot;, &quot;sessionId&quot;: &quot;db2c9da8-7491-43b5-8306-4d36e495b676&quot;}&#10;selenium.webdriver.remote.remote_connection: DEBUG: Finished Request&#10;selenium.webdriver.remote.remote_connection: DEBUG: POST http://127.0.0.1:4444/wd/hub/session/db2c9da8-7491-43b5-8306-4d36e495b676/url {&quot;url&quot;: &quot;https://app-staging.crittercism.com/developers/logout&quot;, &quot;sessionId&quot;: &quot;db2c9da8-7491-43b5-8306-4d36e495b676&quot;}&#10;selenium.webdriver.remote.remote_connection: DEBUG: Finished Request&#10;selenium.webdriver.remote.remote_connection: DEBUG: POST http://127.0.0.1:4444/wd/hub/session/db2c9da8-7491-43b5-8306-4d36e495b676/url {&quot;url&quot;: &quot;https://app-staging.crittercism.com/signup?plan=basic&quot;, &quot;sessionId&quot;: &quot;db2c9da8-7491-43b5-8306-4d36e495b676&quot;}&#10;selenium.webdriver.remote.remote_connection: DEBUG: Finished Request&#10;selenium.webdriver.remote.remote_connection: DEBUG: POST http://127.0.0.1:4444/wd/hub/session/db2c9da8-7491-43b5-8306-4d36e495b676/element {&quot;using&quot;: &quot;id&quot;, &quot;sessionId&quot;: &quot;db2c9da8-7491-43b5-8306-4d36e495b676&quot;, &quot;value&quot;: &quot;firstname&quot;}&#10;selenium.webdriver.remote.remote_connection: DEBUG: Finished Request&#10;selenium.webdriver.remote.remote_connection: DEBUG: POST http://127.0.0.1:4444/wd/hub/session/db2c9da8-7491-43b5-8306-4d36e495b676/element/14/value {&quot;sessionId&quot;: &quot;db2c9da8-7491-43b5-8306-4d36e495b676&quot;, &quot;id&quot;: &quot;14&quot;, &quot;value&quot;: [&quot;t&quot;, &quot;e&quot;, &quot;s&quot;, &quot;t&quot;, &quot;_&quot;, &quot;u&quot;, &quot;s&quot;, &quot;e&quot;, &quot;r&quot;, &quot;_&quot;, &quot;b&quot;, &quot;a&quot;, &quot;s&quot;, &quot;i&quot;, &quot;c&quot;]}&#10;selenium.webdriver.remote.remote_connection: DEBUG: Finished Request&#10;selenium.webdriver.remote.remote_connection: DEBUG: POST http://127.0.0.1:4444/wd/hub/session/db2c9da8-7491-43b5-8306-4d36e495b676/element {&quot;using&quot;: &quot;id&quot;, &quot;sessionId&quot;: &quot;db2c9da8-7491-43b5-8306-4d36e495b676&quot;, &quot;value&quot;: &quot;lastname&quot;}&#10;selenium.webdriver.remote.remote_connection: DEBUG: Finished Request&#10;selenium.webdriver.remote.remote_connection: DEBUG: POST http://127.0.0.1:4444/wd/hub/session/db2c9da8-7491-43b5-8306-4d36e495b676/element/15/value {&quot;sessionId&quot;: &quot;db2c9da8-7491-43b5-8306-4d36e495b676&quot;, &quot;id&quot;: &quot;15&quot;, &quot;value&quot;: [&quot;c&quot;, &quot;r&quot;, &quot;i&quot;, &quot;t&quot;, &quot;t&quot;, &quot;e&quot;, &quot;r&quot;, &quot;c&quot;, &quot;i&quot;, &quot;s&quot;, &quot;m&quot;]}&#10;selenium.webdriver.remote.remote_connection: DEBUG: Finished Request&#10;selenium.webdriver.remote.remote_connection: DEBUG: POST http://127.0.0.1:4444/wd/hub/session/db2c9da8-7491-43b5-8306-4d36e495b676/element {&quot;using&quot;: &quot;id&quot;, &quot;sessionId&quot;: &quot;db2c9da8-7491-43b5-8306-4d36e495b676&quot;, &quot;value&quot;: &quot;company&quot;}&#10;selenium.webdriver.remote.remote_connection: DEBUG: Finished Request&#10;selenium.webdriver.remote.remote_connection: DEBUG: POST http://127.0.0.1:4444/wd/hub/session/db2c9da8-7491-43b5-8306-4d36e495b676/element/16/value {&quot;sessionId&quot;: &quot;db2c9da8-7491-43b5-8306-4d36e495b676&quot;, &quot;id&quot;: &quot;16&quot;, &quot;value&quot;: [&quot;c&quot;, &quot;r&quot;, &quot;i&quot;, &quot;t&quot;, &quot;t&quot;, &quot;e&quot;, &quot;r&quot;, &quot;c&quot;, &quot;i&quot;, &quot;s&quot;, &quot;m&quot;]}&#10;selenium.webdriver.remote.remote_connection: DEBUG: Finished Request&#10;selenium.webdriver.remote.remote_connection: DEBUG: POST http://127.0.0.1:4444/wd/hub/session/db2c9da8-7491-43b5-8306-4d36e495b676/element {&quot;using&quot;: &quot;id&quot;, &quot;sessionId&quot;: &quot;db2c9da8-7491-43b5-8306-4d36e495b676&quot;, &quot;value&quot;: &quot;phone&quot;}&#10;selenium.webdriver.remote.remote_connection: DEBUG: Finished Request&#10;selenium.webdriver.remote.remote_connection: DEBUG: POST http://127.0.0.1:4444/wd/hub/session/db2c9da8-7491-43b5-8306-4d36e495b676/element/17/value {&quot;sessionId&quot;: &quot;db2c9da8-7491-43b5-8306-4d36e495b676&quot;, &quot;id&quot;: &quot;17&quot;, &quot;value&quot;: [&quot;1&quot;, &quot;2&quot;, &quot;3&quot;, &quot;-&quot;, &quot;4&quot;, &quot;5&quot;, &quot;6&quot;, &quot;-&quot;, &quot;7&quot;, &quot;8&quot;, &quot;9&quot;, &quot;0&quot;]}&#10;selenium.webdriver.remote.remote_connection: DEBUG: Finished Request&#10;selenium.webdriver.remote.remote_connection: DEBUG: POST http://127.0.0.1:4444/wd/hub/session/db2c9da8-7491-43b5-8306-4d36e495b676/element {&quot;using&quot;: &quot;id&quot;, &quot;sessionId&quot;: &quot;db2c9da8-7491-43b5-8306-4d36e495b676&quot;, &quot;value&quot;: &quot;email&quot;}&#10;selenium.webdriver.remote.remote_connection: DEBUG: Finished Request&#10;selenium.webdriver.remote.remote_connection: DEBUG: POST http://127.0.0.1:4444/wd/hub/session/db2c9da8-7491-43b5-8306-4d36e495b676/element/18/value {&quot;sessionId&quot;: &quot;db2c9da8-7491-43b5-8306-4d36e495b676&quot;, &quot;id&quot;: &quot;18&quot;, &quot;value&quot;: [&quot;c&quot;, &quot;r&quot;, &quot;i&quot;, &quot;t&quot;, &quot;t&quot;, &quot;e&quot;, &quot;r&quot;, &quot;c&quot;, &quot;i&quot;, &quot;s&quot;, &quot;m&quot;, &quot;.&quot;, &quot;e&quot;, &quot;n&quot;, &quot;g&quot;, &quot;g&quot;, &quot;0&quot;, &quot;.&quot;, &quot;7&quot;, &quot;5&quot;, &quot;3&quot;, &quot;5&quot;, &quot;7&quot;, &quot;0&quot;, &quot;2&quot;, &quot;4&quot;, &quot;8&quot;, &quot;5&quot;, &quot;7&quot;, &quot;5&quot;, &quot;@&quot;, &quot;y&quot;, &quot;a&quot;, &quot;h&quot;, &quot;o&quot;, &quot;o&quot;, &quot;.&quot;, &quot;c&quot;, &quot;o&quot;, &quot;m&quot;]}&#10;selenium.webdriver.remote.remote_connection: DEBUG: Finished Request&#10;selenium.webdriver.remote.remote_connection: DEBUG: POST http://127.0.0.1:4444/wd/hub/session/db2c9da8-7491-43b5-8306-4d36e495b676/element {&quot;using&quot;: &quot;id&quot;, &quot;sessionId&quot;: &quot;db2c9da8-7491-43b5-8306-4d36e495b676&quot;, &quot;value&quot;: &quot;password&quot;}&#10;selenium.webdriver.remote.remote_connection: DEBUG: Finished Request&#10;selenium.webdriver.remote.remote_connection: DEBUG: POST http://127.0.0.1:4444/wd/hub/session/db2c9da8-7491-43b5-8306-4d36e495b676/element/19/value {&quot;sessionId&quot;: &quot;db2c9da8-7491-43b5-8306-4d36e495b676&quot;, &quot;id&quot;: &quot;19&quot;, &quot;value&quot;: [&quot;C&quot;, &quot;r&quot;, &quot;i&quot;, &quot;t&quot;, &quot;P&quot;, &quot;a&quot;, &quot;s&quot;, &quot;s&quot;, &quot;1&quot;, &quot;2&quot;, &quot;3&quot;]}&#10;selenium.webdriver.remote.remote_connection: DEBUG: Finished Request&#10;selenium.webdriver.remote.remote_connection: DEBUG: POST http://127.0.0.1:4444/wd/hub/session/db2c9da8-7491-43b5-8306-4d36e495b676/element {&quot;using&quot;: &quot;xpath&quot;, &quot;sessionId&quot;: &quot;db2c9da8-7491-43b5-8306-4d36e495b676&quot;, &quot;value&quot;: &quot;//*[contains(@class,'grid_8 push_2')]&quot;}&#10;selenium.webdriver.remote.remote_connection: DEBUG: Finished Request&#10;selenium.webdriver.remote.remote_connection: DEBUG: POST http://127.0.0.1:4444/wd/hub/session/db2c9da8-7491-43b5-8306-4d36e495b676/element/20/submit {&quot;sessionId&quot;: &quot;db2c9da8-7491-43b5-8306-4d36e495b676&quot;, &quot;id&quot;: &quot;20&quot;}&#10;selenium.webdriver.remote.remote_connection: DEBUG: Finished Request&#10;selenium.webdriver.remote.remote_connection: DEBUG: GET http://127.0.0.1:4444/wd/hub/session/db2c9da8-7491-43b5-8306-4d36e495b676/url {&quot;sessionId&quot;: &quot;db2c9da8-7491-43b5-8306-4d36e495b676&quot;}&#10;selenium.webdriver.remote.remote_connection: DEBUG: Finished Request&#10;selenium.webdriver.remote.remote_connection: DEBUG: POST http://127.0.0.1:4444/wd/hub/session/db2c9da8-7491-43b5-8306-4d36e495b676/elements {&quot;using&quot;: &quot;xpath&quot;, &quot;sessionId&quot;: &quot;db2c9da8-7491-43b5-8306-4d36e495b676&quot;, &quot;value&quot;: &quot;//*[contains(text(),\&quot;Well, this is embarrassing - you found a broken link.\&quot;)]&quot;}&#10;selenium.webdriver.remote.remote_connection: DEBUG: Finished Request&#10;selenium.webdriver.remote.remote_connection: DEBUG: POST http://127.0.0.1:4444/wd/hub/session/db2c9da8-7491-43b5-8306-4d36e495b676/url {&quot;url&quot;: &quot;https://app-staging.crittercism.com/developers/register-application&quot;, &quot;sessionId&quot;: &quot;db2c9da8-7491-43b5-8306-4d36e495b676&quot;}&#10;selenium.webdriver.remote.remote_connection: DEBUG: Finished Request&#10;selenium.webdriver.remote.remote_connection: DEBUG: POST http://127.0.0.1:4444/wd/hub/session/db2c9da8-7491-43b5-8306-4d36e495b676/element {&quot;using&quot;: &quot;id&quot;, &quot;sessionId&quot;: &quot;db2c9da8-7491-43b5-8306-4d36e495b676&quot;, &quot;value&quot;: &quot;app-name&quot;}&#10;selenium.webdriver.remote.remote_connection: DEBUG: Finished Request&#10;selenium.webdriver.remote.remote_connection: DEBUG: POST http://127.0.0.1:4444/wd/hub/session/db2c9da8-7491-43b5-8306-4d36e495b676/element/21/value {&quot;sessionId&quot;: &quot;db2c9da8-7491-43b5-8306-4d36e495b676&quot;, &quot;id&quot;: &quot;21&quot;, &quot;value&quot;: [&quot;I&quot;, &quot;O&quot;, &quot;S&quot;, &quot;-&quot;, &quot;0&quot;, &quot;.&quot;, &quot;5&quot;, &quot;9&quot;, &quot;3&quot;, &quot;2&quot;, &quot;6&quot;, &quot;1&quot;, &quot;0&quot;, &quot;3&quot;, &quot;4&quot;, &quot;7&quot;, &quot;3&quot;, &quot;3&quot;]}&#10;selenium.webdriver.remote.remote_connection: DEBUG: Finished Request&#10;selenium.webdriver.remote.remote_connection: DEBUG: POST http://127.0.0.1:4444/wd/hub/session/db2c9da8-7491-43b5-8306-4d36e495b676/element {&quot;using&quot;: &quot;id&quot;, &quot;sessionId&quot;: &quot;db2c9da8-7491-43b5-8306-4d36e495b676&quot;, &quot;value&quot;: &quot;commit&quot;}&#10;selenium.webdriver.remote.remote_connection: DEBUG: Finished Request&#10;selenium.webdriver.remote.remote_connection: DEBUG: POST http://127.0.0.1:4444/wd/hub/session/db2c9da8-7491-43b5-8306-4d36e495b676/element/22/submit {&quot;sessionId&quot;: &quot;db2c9da8-7491-43b5-8306-4d36e495b676&quot;, &quot;id&quot;: &quot;22&quot;}&#10;selenium.webdriver.remote.remote_connection: DEBUG: Finished Request&#10;selenium.webdriver.remote.remote_connection: DEBUG: GET http://127.0.0.1:4444/wd/hub/session/db2c9da8-7491-43b5-8306-4d36e495b676/url {&quot;sessionId&quot;: &quot;db2c9da8-7491-43b5-8306-4d36e495b676&quot;}&#10;selenium.webdriver.remote.remote_connection: DEBUG: Finished Request&#10;selenium.webdriver.remote.remote_connection: DEBUG: POST http://127.0.0.1:4444/wd/hub/session/db2c9da8-7491-43b5-8306-4d36e495b676/elements {&quot;using&quot;: &quot;xpath&quot;, &quot;sessionId&quot;: &quot;db2c9da8-7491-43b5-8306-4d36e495b676&quot;, &quot;value&quot;: &quot;//*[contains(text(),\&quot;Well, this is embarrassing - you found a broken link.\&quot;)]&quot;}&#10;selenium.webdriver.remote.remote_connection: DEBUG: Finished Request&#10;selenium.webdriver.remote.remote_connection: DEBUG: GET http://127.0.0.1:4444/wd/hub/session/db2c9da8-7491-43b5-8306-4d36e495b676/url {&quot;sessionId&quot;: &quot;db2c9da8-7491-43b5-8306-4d36e495b676&quot;}&#10;selenium.webdriver.remote.remote_connection: DEBUG: Finished Request&#10;selenium.webdriver.remote.remote_connection: DEBUG: POST http://127.0.0.1:4444/wd/hub/session/db2c9da8-7491-43b5-8306-4d36e495b676/url {&quot;url&quot;: &quot;https://app-staging.crittercism.com/developers&quot;, &quot;sessionId&quot;: &quot;db2c9da8-7491-43b5-8306-4d36e495b676&quot;}&#10;selenium.webdriver.remote.remote_connection: DEBUG: Finished Request&#10;selenium.webdriver.remote.remote_connection: DEBUG: POST http://127.0.0.1:4444/wd/hub/session/db2c9da8-7491-43b5-8306-4d36e495b676/element {&quot;using&quot;: &quot;id&quot;, &quot;sessionId&quot;: &quot;db2c9da8-7491-43b5-8306-4d36e495b676&quot;, &quot;value&quot;: &quot;app-table&quot;}&#10;selenium.webdriver.remote.remote_connection: DEBUG: Finished Request&#10;selenium.webdriver.remote.remote_connection: DEBUG: POST http://127.0.0.1:4444/wd/hub/session/db2c9da8-7491-43b5-8306-4d36e495b676/element/23/elements {&quot;using&quot;: &quot;xpath&quot;, &quot;sessionId&quot;: &quot;db2c9da8-7491-43b5-8306-4d36e495b676&quot;, &quot;id&quot;: &quot;23&quot;, &quot;value&quot;: &quot;//*[@id=\&quot;app-table\&quot;]/tbody/*/td[2]/a[contains(text(),\&quot;IOS-0.593261034733\&quot;)]&quot;}&#10;selenium.webdriver.remote.remote_connection: DEBUG: Finished Request&#10;selenium.webdriver.remote.remote_connection: DEBUG: GET http://127.0.0.1:4444/wd/hub/session/db2c9da8-7491-43b5-8306-4d36e495b676/element/24/attribute/href {&quot;sessionId&quot;: &quot;db2c9da8-7491-43b5-8306-4d36e495b676&quot;, &quot;name&quot;: &quot;href&quot;, &quot;id&quot;: &quot;24&quot;}&#10;selenium.webdriver.remote.remote_connection: DEBUG: Finished Request&#10;selenium.webdriver.remote.remote_connection: DEBUG: POST http://127.0.0.1:4444/wd/hub/session/db2c9da8-7491-43b5-8306-4d36e495b676/url {&quot;url&quot;: &quot;https://app-staging.crittercism.com/developers/wrapping/538fa7d434bc127cef000043&quot;, &quot;sessionId&quot;: &quot;db2c9da8-7491-43b5-8306-4d36e495b676&quot;}&#10;selenium.webdriver.remote.remote_connection: DEBUG: Finished Request&#10;selenium.webdriver.remote.remote_connection: DEBUG: POST http://127.0.0.1:4444/wd/hub/session/db2c9da8-7491-43b5-8306-4d36e495b676/timeouts/implicit_wait {&quot;sessionId&quot;: &quot;db2c9da8-7491-43b5-8306-4d36e495b676&quot;, &quot;ms&quot;: 2000.0}&#10;selenium.webdriver.remote.remote_connection: DEBUG: Finished Request&#10;selenium.webdriver.remote.remote_connection: DEBUG: GET http://127.0.0.1:4444/wd/hub/session/db2c9da8-7491-43b5-8306-4d36e495b676/url {&quot;sessionId&quot;: &quot;db2c9da8-7491-43b5-8306-4d36e495b676&quot;}&#10;selenium.webdriver.remote.remote_connection: DEBUG: Finished Request&#10;selenium.webdriver.remote.remote_connection: DEBUG: GET http://127.0.0.1:4444/wd/hub/session/db2c9da8-7491-43b5-8306-4d36e495b676/screenshot {&quot;sessionId&quot;: &quot;db2c9da8-7491-43b5-8306-4d36e495b676&quot;}&#10;selenium.webdriver.remote.remote_connection: DEBUG: Finished Request&#10;selenium.webdriver.remote.remote_connection: DEBUG: GET http://127.0.0.1:4444/wd/hub/session/db2c9da8-7491-43b5-8306-4d36e495b676/url {&quot;sessionId&quot;: &quot;db2c9da8-7491-43b5-8306-4d36e495b676&quot;}&#10;selenium.webdriver.remote.remote_connection: DEBUG: Finished Request&#10;selenium.webdriver.remote.remote_connection: DEBUG: GET http://127.0.0.1:4444/wd/hub/session/db2c9da8-7491-43b5-8306-4d36e495b676/screenshot {&quot;sessionId&quot;: &quot;db2c9da8-7491-43b5-8306-4d36e495b676&quot;}&#10;selenium.webdriver.remote.remote_connection: DEBUG: Finished Request&#10;selenium.webdriver.remote.remote_connection: DEBUG: GET http://127.0.0.1:4444/wd/hub/session/db2c9da8-7491-43b5-8306-4d36e495b676/url {&quot;sessionId&quot;: &quot;db2c9da8-7491-43b5-8306-4d36e495b676&quot;}&#10;selenium.webdriver.remote.remote_connection: DEBUG: Finished Request&#10;selenium.webdriver.remote.remote_connection: DEBUG: GET http://127.0.0.1:4444/wd/hub/session/db2c9da8-7491-43b5-8306-4d36e495b676/screenshot {&quot;sessionId&quot;: &quot;db2c9da8-7491-43b5-8306-4d36e495b676&quot;}&#10;selenium.webdriver.remote.remote_connection: DEBUG: Finished Request&#10;selenium.webdriver.remote.remote_connection: DEBUG: GET http://127.0.0.1:4444/wd/hub/session/db2c9da8-7491-43b5-8306-4d36e495b676/url {&quot;sessionId&quot;: &quot;db2c9da8-7491-43b5-8306-4d36e495b676&quot;}&#10;selenium.webdriver.remote.remote_connection: DEBUG: Finished Request&#10;--------------------- &gt;&gt; end captured logging &lt;&lt; ---------------------"><![CDATA[  File "/Library/Python/2.7/site-packages/unittest2/case.py", line 340, in run
    testMethod()
  File "/Users/egeller/testing/fork/crittercism/tests/wrapping/wrapping.py", line 202, in test_3_create_trial_new_ios
    "should have received wrapping page for trial account")
  File "/Users/egeller/testing/fork/crittercism/src/multiple_assertions.py", line 44, in wrapped
    assertion_method(self, *args, **kwargs)
  File "/Library/Python/2.7/site-packages/unittest2/case.py", line 521, in assertEqual
    assertion_func(first, second, msg=msg)
  File "/Users/egeller/testing/fork/crittercism/src/multiple_assertions.py", line 44, in wrapped
    assertion_method(self, *args, **kwargs)
  File "/Library/Python/2.7/site-packages/unittest2/case.py", line 923, in assertMultiLineEqual
    self.fail(self._formatMessage(msg, standardMsg))
  File "/Users/egeller/testing/fork/crittercism/src/multiple_assertions.py", line 44, in wrapped
    assertion_method(self, *args, **kwargs)
  File "/Library/Python/2.7/site-packages/unittest2/case.py", line 415, in fail
    raise self.failureException(msg)
'u\'https://app-staging.crittercism.com/developers/upgrade/538fa7d434bc127cef00004 [truncated]... != u\'https://app-staging.crittercism.com/developers/wrapping/538fa7d434bc127cef0000 [truncated]...\n- https://app-staging.crittercism.com/developers/upgrade/538fa7d434bc127cef000043?                                                ^^^  ^^\n+ https://app-staging.crittercism.com/developers/wrapping/538fa7d434bc127cef000043?                                                ^  ^^^^^\n : should have received wrapping page for trial account\n-------------------- >> begin captured logging << --------------------\nselenium.webdriver.remote.remote_connection: DEBUG: POST http://127.0.0.1:4444/wd/hub/session/db2c9da8-7491-43b5-8306-4d36e495b676/url {"url": "https://app-staging.crittercism.com/developers/logout", "sessionId": "db2c9da8-7491-43b5-8306-4d36e495b676"}\nselenium.webdriver.remote.remote_connection: DEBUG: Finished Request\nselenium.webdriver.remote.remote_connection: DEBUG: POST http://127.0.0.1:4444/wd/hub/session/db2c9da8-7491-43b5-8306-4d36e495b676/url {"url": "https://app-staging.crittercism.com/developers/logout", "sessionId": "db2c9da8-7491-43b5-8306-4d36e495b676"}\nselenium.webdriver.remote.remote_connection: DEBUG: Finished Request\nselenium.webdriver.remote.remote_connection: DEBUG: POST http://127.0.0.1:4444/wd/hub/session/db2c9da8-7491-43b5-8306-4d36e495b676/url {"url": "https://app-staging.crittercism.com/signup?plan=basic", "sessionId": "db2c9da8-7491-43b5-8306-4d36e495b676"}\nselenium.webdriver.remote.remote_connection: DEBUG: Finished Request\nselenium.webdriver.remote.remote_connection: DEBUG: POST http://127.0.0.1:4444/wd/hub/session/db2c9da8-7491-43b5-8306-4d36e495b676/element {"using": "id", "sessionId": "db2c9da8-7491-43b5-8306-4d36e495b676", "value": "firstname"}\nselenium.webdriver.remote.remote_connection: DEBUG: Finished Request\nselenium.webdriver.remote.remote_connection: DEBUG: POST http://127.0.0.1:4444/wd/hub/session/db2c9da8-7491-43b5-8306-4d36e495b676/element/14/value {"sessionId": "db2c9da8-7491-43b5-8306-4d36e495b676", "id": "14", "value": ["t", "e", "s", "t", "_", "u", "s", "e", "r", "_", "b", "a", "s", "i", "c"]}\nselenium.webdriver.remote.remote_connection: DEBUG: Finished Request\nselenium.webdriver.remote.remote_connection: DEBUG: POST http://127.0.0.1:4444/wd/hub/session/db2c9da8-7491-43b5-8306-4d36e495b676/element {"using": "id", "sessionId": "db2c9da8-7491-43b5-8306-4d36e495b676", "value": "lastname"}\nselenium.webdriver.remote.remote_connection: DEBUG: Finished Request\nselenium.webdriver.remote.remote_connection: DEBUG: POST http://127.0.0.1:4444/wd/hub/session/db2c9da8-7491-43b5-8306-4d36e495b676/element/15/value {"sessionId": "db2c9da8-7491-43b5-8306-4d36e495b676", "id": "15", "value": ["c", "r", "i", "t", "t", "e", "r", "c", "i", "s", "m"]}\nselenium.webdriver.remote.remote_connection: DEBUG: Finished Request\nselenium.webdriver.remote.remote_connection: DEBUG: POST http://127.0.0.1:4444/wd/hub/session/db2c9da8-7491-43b5-8306-4d36e495b676/element {"using": "id", "sessionId": "db2c9da8-7491-43b5-8306-4d36e495b676", "value": "company"}\nselenium.webdriver.remote.remote_connection: DEBUG: Finished Request\nselenium.webdriver.remote.remote_connection: DEBUG: POST http://127.0.0.1:4444/wd/hub/session/db2c9da8-7491-43b5-8306-4d36e495b676/element/16/value {"sessionId": "db2c9da8-7491-43b5-8306-4d36e495b676", "id": "16", "value": ["c", "r", "i", "t", "t", "e", "r", "c", "i", "s", "m"]}\nselenium.webdriver.remote.remote_connection: DEBUG: Finished Request\nselenium.webdriver.remote.remote_connection: DEBUG: POST http://127.0.0.1:4444/wd/hub/session/db2c9da8-7491-43b5-8306-4d36e495b676/element {"using": "id", "sessionId": "db2c9da8-7491-43b5-8306-4d36e495b676", "value": "phone"}\nselenium.webdriver.remote.remote_connection: DEBUG: Finished Request\nselenium.webdriver.remote.remote_connection: DEBUG: POST http://127.0.0.1:4444/wd/hub/session/db2c9da8-7491-43b5-8306-4d36e495b676/element/17/value {"sessionId": "db2c9da8-7491-43b5-8306-4d36e495b676", "id": "17", "value": ["1", "2", "3", "-", "4", "5", "6", "-", "7", "8", "9", "0"]}\nselenium.webdriver.remote.remote_connection: DEBUG: Finished Request\nselenium.webdriver.remote.remote_connection: DEBUG: POST http://127.0.0.1:4444/wd/hub/session/db2c9da8-7491-43b5-8306-4d36e495b676/element {"using": "id", "sessionId": "db2c9da8-7491-43b5-8306-4d36e495b676", "value": "email"}\nselenium.webdriver.remote.remote_connection: DEBUG: Finished Request\nselenium.webdriver.remote.remote_connection: DEBUG: POST http://127.0.0.1:4444/wd/hub/session/db2c9da8-7491-43b5-8306-4d36e495b676/element/18/value {"sessionId": "db2c9da8-7491-43b5-8306-4d36e495b676", "id": "18", "value": ["c", "r", "i", "t", "t", "e", "r", "c", "i", "s", "m", ".", "e", "n", "g", "g", "0", ".", "7", "5", "3", "5", "7", "0", "2", "4", "8", "5", "7", "5", "@", "y", "a", "h", "o", "o", ".", "c", "o", "m"]}\nselenium.webdriver.remote.remote_connection: DEBUG: Finished Request\nselenium.webdriver.remote.remote_connection: DEBUG: POST http://127.0.0.1:4444/wd/hub/session/db2c9da8-7491-43b5-8306-4d36e495b676/element {"using": "id", "sessionId": "db2c9da8-7491-43b5-8306-4d36e495b676", "value": "password"}\nselenium.webdriver.remote.remote_connection: DEBUG: Finished Request\nselenium.webdriver.remote.remote_connection: DEBUG: POST http://127.0.0.1:4444/wd/hub/session/db2c9da8-7491-43b5-8306-4d36e495b676/element/19/value {"sessionId": "db2c9da8-7491-43b5-8306-4d36e495b676", "id": "19", "value": ["C", "r", "i", "t", "P", "a", "s", "s", "1", "2", "3"]}\nselenium.webdriver.remote.remote_connection: DEBUG: Finished Request\nselenium.webdriver.remote.remote_connection: DEBUG: POST http://127.0.0.1:4444/wd/hub/session/db2c9da8-7491-43b5-8306-4d36e495b676/element {"using": "xpath", "sessionId": "db2c9da8-7491-43b5-8306-4d36e495b676", "value": "//*[contains(@class,\'grid_8 push_2\')]"}\nselenium.webdriver.remote.remote_connection: DEBUG: Finished Request\nselenium.webdriver.remote.remote_connection: DEBUG: POST http://127.0.0.1:4444/wd/hub/session/db2c9da8-7491-43b5-8306-4d36e495b676/element/20/submit {"sessionId": "db2c9da8-7491-43b5-8306-4d36e495b676", "id": "20"}\nselenium.webdriver.remote.remote_connection: DEBUG: Finished Request\nselenium.webdriver.remote.remote_connection: DEBUG: GET http://127.0.0.1:4444/wd/hub/session/db2c9da8-7491-43b5-8306-4d36e495b676/url {"sessionId": "db2c9da8-7491-43b5-8306-4d36e495b676"}\nselenium.webdriver.remote.remote_connection: DEBUG: Finished Request\nselenium.webdriver.remote.remote_connection: DEBUG: POST http://127.0.0.1:4444/wd/hub/session/db2c9da8-7491-43b5-8306-4d36e495b676/elements {"using": "xpath", "sessionId": "db2c9da8-7491-43b5-8306-4d36e495b676", "value": "//*[contains(text(),\\"Well, this is embarrassing - you found a broken link.\\")]"}\nselenium.webdriver.remote.remote_connection: DEBUG: Finished Request\nselenium.webdriver.remote.remote_connection: DEBUG: POST http://127.0.0.1:4444/wd/hub/session/db2c9da8-7491-43b5-8306-4d36e495b676/url {"url": "https://app-staging.crittercism.com/developers/register-application", "sessionId": "db2c9da8-7491-43b5-8306-4d36e495b676"}\nselenium.webdriver.remote.remote_connection: DEBUG: Finished Request\nselenium.webdriver.remote.remote_connection: DEBUG: POST http://127.0.0.1:4444/wd/hub/session/db2c9da8-7491-43b5-8306-4d36e495b676/element {"using": "id", "sessionId": "db2c9da8-7491-43b5-8306-4d36e495b676", "value": "app-name"}\nselenium.webdriver.remote.remote_connection: DEBUG: Finished Request\nselenium.webdriver.remote.remote_connection: DEBUG: POST http://127.0.0.1:4444/wd/hub/session/db2c9da8-7491-43b5-8306-4d36e495b676/element/21/value {"sessionId": "db2c9da8-7491-43b5-8306-4d36e495b676", "id": "21", "value": ["I", "O", "S", "-", "0", ".", "5", "9", "3", "2", "6", "1", "0", "3", "4", "7", "3", "3"]}\nselenium.webdriver.remote.remote_connection: DEBUG: Finished Request\nselenium.webdriver.remote.remote_connection: DEBUG: POST http://127.0.0.1:4444/wd/hub/session/db2c9da8-7491-43b5-8306-4d36e495b676/element {"using": "id", "sessionId": "db2c9da8-7491-43b5-8306-4d36e495b676", "value": "commit"}\nselenium.webdriver.remote.remote_connection: DEBUG: Finished Request\nselenium.webdriver.remote.remote_connection: DEBUG: POST http://127.0.0.1:4444/wd/hub/session/db2c9da8-7491-43b5-8306-4d36e495b676/element/22/submit {"sessionId": "db2c9da8-7491-43b5-8306-4d36e495b676", "id": "22"}\nselenium.webdriver.remote.remote_connection: DEBUG: Finished Request\nselenium.webdriver.remote.remote_connection: DEBUG: GET http://127.0.0.1:4444/wd/hub/session/db2c9da8-7491-43b5-8306-4d36e495b676/url {"sessionId": "db2c9da8-7491-43b5-8306-4d36e495b676"}\nselenium.webdriver.remote.remote_connection: DEBUG: Finished Request\nselenium.webdriver.remote.remote_connection: DEBUG: POST http://127.0.0.1:4444/wd/hub/session/db2c9da8-7491-43b5-8306-4d36e495b676/elements {"using": "xpath", "sessionId": "db2c9da8-7491-43b5-8306-4d36e495b676", "value": "//*[contains(text(),\\"Well, this is embarrassing - you found a broken link.\\")]"}\nselenium.webdriver.remote.remote_connection: DEBUG: Finished Request\nselenium.webdriver.remote.remote_connection: DEBUG: GET http://127.0.0.1:4444/wd/hub/session/db2c9da8-7491-43b5-8306-4d36e495b676/url {"sessionId": "db2c9da8-7491-43b5-8306-4d36e495b676"}\nselenium.webdriver.remote.remote_connection: DEBUG: Finished Request\nselenium.webdriver.remote.remote_connection: DEBUG: POST http://127.0.0.1:4444/wd/hub/session/db2c9da8-7491-43b5-8306-4d36e495b676/url {"url": "https://app-staging.crittercism.com/developers", "sessionId": "db2c9da8-7491-43b5-8306-4d36e495b676"}\nselenium.webdriver.remote.remote_connection: DEBUG: Finished Request\nselenium.webdriver.remote.remote_connection: DEBUG: POST http://127.0.0.1:4444/wd/hub/session/db2c9da8-7491-43b5-8306-4d36e495b676/element {"using": "id", "sessionId": "db2c9da8-7491-43b5-8306-4d36e495b676", "value": "app-table"}\nselenium.webdriver.remote.remote_connection: DEBUG: Finished Request\nselenium.webdriver.remote.remote_connection: DEBUG: POST http://127.0.0.1:4444/wd/hub/session/db2c9da8-7491-43b5-8306-4d36e495b676/element/23/elements {"using": "xpath", "sessionId": "db2c9da8-7491-43b5-8306-4d36e495b676", "id": "23", "value": "//*[@id=\\"app-table\\"]/tbody/*/td[2]/a[contains(text(),\\"IOS-0.593261034733\\")]"}\nselenium.webdriver.remote.remote_connection: DEBUG: Finished Request\nselenium.webdriver.remote.remote_connection: DEBUG: GET http://127.0.0.1:4444/wd/hub/session/db2c9da8-7491-43b5-8306-4d36e495b676/element/24/attribute/href {"sessionId": "db2c9da8-7491-43b5-8306-4d36e495b676", "name": "href", "id": "24"}\nselenium.webdriver.remote.remote_connection: DEBUG: Finished Request\nselenium.webdriver.remote.remote_connection: DEBUG: POST http://127.0.0.1:4444/wd/hub/session/db2c9da8-7491-43b5-8306-4d36e495b676/url {"url": "https://app-staging.crittercism.com/developers/wrapping/538fa7d434bc127cef000043", "sessionId": "db2c9da8-7491-43b5-8306-4d36e495b676"}\nselenium.webdriver.remote.remote_connection: DEBUG: Finished Request\nselenium.webdriver.remote.remote_connection: DEBUG: POST http://127.0.0.1:4444/wd/hub/session/db2c9da8-7491-43b5-8306-4d36e495b676/timeouts/implicit_wait {"sessionId": "db2c9da8-7491-43b5-8306-4d36e495b676", "ms": 2000.0}\nselenium.webdriver.remote.remote_connection: DEBUG: Finished Request\nselenium.webdriver.remote.remote_connection: DEBUG: GET http://127.0.0.1:4444/wd/hub/session/db2c9da8-7491-43b5-8306-4d36e495b676/url {"sessionId": "db2c9da8-7491-43b5-8306-4d36e495b676"}\nselenium.webdriver.remote.remote_connection: DEBUG: Finished Request\nselenium.webdriver.remote.remote_connection: DEBUG: GET http://127.0.0.1:4444/wd/hub/session/db2c9da8-7491-43b5-8306-4d36e495b676/screenshot {"sessionId": "db2c9da8-7491-43b5-8306-4d36e495b676"}\nselenium.webdriver.remote.remote_connection: DEBUG: Finished Request\nselenium.webdriver.remote.remote_connection: DEBUG: GET http://127.0.0.1:4444/wd/hub/session/db2c9da8-7491-43b5-8306-4d36e495b676/url {"sessionId": "db2c9da8-7491-43b5-8306-4d36e495b676"}\nselenium.webdriver.remote.remote_connection: DEBUG: Finished Request\nselenium.webdriver.remote.remote_connection: DEBUG: GET http://127.0.0.1:4444/wd/hub/session/db2c9da8-7491-43b5-8306-4d36e495b676/screenshot {"sessionId": "db2c9da8-7491-43b5-8306-4d36e495b676"}\nselenium.webdriver.remote.remote_connection: DEBUG: Finished Request\nselenium.webdriver.remote.remote_connection: DEBUG: GET http://127.0.0.1:4444/wd/hub/session/db2c9da8-7491-43b5-8306-4d36e495b676/url {"sessionId": "db2c9da8-7491-43b5-8306-4d36e495b676"}\nselenium.webdriver.remote.remote_connection: DEBUG: Finished Request\nselenium.webdriver.remote.remote_connection: DEBUG: GET http://127.0.0.1:4444/wd/hub/session/db2c9da8-7491-43b5-8306-4d36e495b676/screenshot {"sessionId": "db2c9da8-7491-43b5-8306-4d36e495b676"}\nselenium.webdriver.remote.remote_connection: DEBUG: Finished Request\nselenium.webdriver.remote.remote_connection: DEBUG: GET http://127.0.0.1:4444/wd/hub/session/db2c9da8-7491-43b5-8306-4d36e495b676/url {"sessionId": "db2c9da8-7491-43b5-8306-4d36e495b676"}\nselenium.webdriver.remote.remote_connection: DEBUG: Finished Request\n--------------------- >> end captured logging << ---------------------']]></failure></testcase><testcase classname="wrapping.WrappingTestSuite" name="test_4_create_trial_new_android" time="16.633"></testcase><testcase classname="wrapping.WrappingTestSuite" name="test_5_basic_new_ios" time="11.134"></testcase><testcase classname="wrapping.WrappingTestSuite" name="test_6_basic_new_android" time="13.004"></testcase></testsuite>