<?xml version="1.0" encoding="UTF-8"?><testsuite name="nosetests" tests="11" errors="1" failures="1" skip="0"><testcase classname="nose.failure.Failure" name="runTest" time="0.000"><error type="exceptions.TypeError" message="data_driven_test() takes exactly 1 argument (0 given)"><![CDATA[Traceback (most recent call last):
  File "/System/Library/Frameworks/Python.framework/Versions/2.7/lib/python2.7/unittest/case.py", line 331, in run
    testMethod()
  File "/Library/Python/2.7/site-packages/nose/loader.py", line 414, in loadTestsFromName
    addr.filename, addr.module)
  File "/Library/Python/2.7/site-packages/nose/importer.py", line 47, in importFromPath
    return self.importFromDir(dir_path, fqname)
  File "/Library/Python/2.7/site-packages/nose/importer.py", line 94, in importFromDir
    mod = load_module(part_fqname, fh, filename, desc)
  File "/Users/egeller/testing/fork/crittercism/tests/signup/new_account_signup.py", line 29, in <module>
    @data_driven_test()
TypeError: data_driven_test() takes exactly 1 argument (0 given)
]]></error></testcase><testcase classname="analytics.AnalyticsTestSuite" name="test_au_version" time="1.649"></testcase><testcase classname="analytics.AnalyticsTestSuite" name="test_todays_affected_users_version" time="1.781"></testcase><testcase classname="analytics.AnalyticsTestSuite" name="test_todays_appload_crashes_device" time="3.891"><failure type="exceptions.AssertionError" message="{u'iPod 4th Gen': u'0.0%', u'4th Gen iPad, WiFi': u'0.0%', u'3rd Gen iPad, WiFi' [truncated]... != {'iPhone 5 CDMA+LTE': '0.0%', '2nd Gen iPad mini Retina, WiFi/Cellular': '0.0%', [truncated]...&#10;- {u'2nd Gen iPad, WiFi': u'0.0%',&#10;?  -                      -  ^&#10;&#10;+ {'2nd Gen iPad mini Retina, WiFi': '0,0%',&#10;?               ++++++++++++           ^&#10;&#10;-  u'3rd Gen iPad, WiFi': u'0.0%',&#10;-  u'4th Gen iPad, WiFi': u'0.0%',&#10;-  u'iPod 4th Gen': u'0.0%',&#10;-  u'iPod 5th Gen': u'0.0%'}&#10;+  '2nd Gen iPad mini Retina, WiFi/Cellular': '0.0%',&#10;+  'iPhone 4 CDMA': '0.0%',&#10;+  'iPhone 4s': '0.0%',&#10;+  'iPhone 5 CDMA+LTE': '0.0%'} : Apploads that crashed by device does not match given data&#10;-------------------- &gt;&gt; begin captured logging &lt;&lt; --------------------&#10;selenium.webdriver.remote.remote_connection: DEBUG: POST http://127.0.0.1:4444/wd/hub/session/f020059b-7a1c-4ba1-a47e-9d4cf680a4cd/url {&quot;url&quot;: &quot;https://app-staging.crittercism.com/developers/analytics/519d53101386202089000007&quot;, &quot;sessionId&quot;: &quot;f020059b-7a1c-4ba1-a47e-9d4cf680a4cd&quot;}&#10;selenium.webdriver.remote.remote_connection: DEBUG: Finished Request&#10;selenium.webdriver.remote.remote_connection: DEBUG: POST http://127.0.0.1:4444/wd/hub/session/f020059b-7a1c-4ba1-a47e-9d4cf680a4cd/element {&quot;using&quot;: &quot;xpath&quot;, &quot;sessionId&quot;: &quot;f020059b-7a1c-4ba1-a47e-9d4cf680a4cd&quot;, &quot;value&quot;: &quot;//*[@id=\&quot;crashes-ratio-device-container\&quot;]/../div[2]/div[2]/strong&quot;}&#10;selenium.webdriver.remote.remote_connection: DEBUG: Finished Request&#10;selenium.webdriver.remote.remote_connection: DEBUG: GET http://127.0.0.1:4444/wd/hub/session/f020059b-7a1c-4ba1-a47e-9d4cf680a4cd/element/9/text {&quot;sessionId&quot;: &quot;f020059b-7a1c-4ba1-a47e-9d4cf680a4cd&quot;, &quot;id&quot;: &quot;9&quot;}&#10;selenium.webdriver.remote.remote_connection: DEBUG: Finished Request&#10;selenium.webdriver.remote.remote_connection: DEBUG: POST http://127.0.0.1:4444/wd/hub/session/f020059b-7a1c-4ba1-a47e-9d4cf680a4cd/element {&quot;using&quot;: &quot;xpath&quot;, &quot;sessionId&quot;: &quot;f020059b-7a1c-4ba1-a47e-9d4cf680a4cd&quot;, &quot;value&quot;: &quot;//*[@id=\&quot;crashes-ratio-device-container\&quot;]/../div[2]/div[3]/strong&quot;}&#10;selenium.webdriver.remote.remote_connection: DEBUG: Finished Request&#10;selenium.webdriver.remote.remote_connection: DEBUG: GET http://127.0.0.1:4444/wd/hub/session/f020059b-7a1c-4ba1-a47e-9d4cf680a4cd/element/10/text {&quot;sessionId&quot;: &quot;f020059b-7a1c-4ba1-a47e-9d4cf680a4cd&quot;, &quot;id&quot;: &quot;10&quot;}&#10;selenium.webdriver.remote.remote_connection: DEBUG: Finished Request&#10;selenium.webdriver.remote.remote_connection: DEBUG: POST http://127.0.0.1:4444/wd/hub/session/f020059b-7a1c-4ba1-a47e-9d4cf680a4cd/element {&quot;using&quot;: &quot;xpath&quot;, &quot;sessionId&quot;: &quot;f020059b-7a1c-4ba1-a47e-9d4cf680a4cd&quot;, &quot;value&quot;: &quot;//*[@id=\&quot;crashes-ratio-device-container\&quot;]/../div[2]/div[4]/strong&quot;}&#10;selenium.webdriver.remote.remote_connection: DEBUG: Finished Request&#10;selenium.webdriver.remote.remote_connection: DEBUG: GET http://127.0.0.1:4444/wd/hub/session/f020059b-7a1c-4ba1-a47e-9d4cf680a4cd/element/11/text {&quot;sessionId&quot;: &quot;f020059b-7a1c-4ba1-a47e-9d4cf680a4cd&quot;, &quot;id&quot;: &quot;11&quot;}&#10;selenium.webdriver.remote.remote_connection: DEBUG: Finished Request&#10;selenium.webdriver.remote.remote_connection: DEBUG: POST http://127.0.0.1:4444/wd/hub/session/f020059b-7a1c-4ba1-a47e-9d4cf680a4cd/element {&quot;using&quot;: &quot;xpath&quot;, &quot;sessionId&quot;: &quot;f020059b-7a1c-4ba1-a47e-9d4cf680a4cd&quot;, &quot;value&quot;: &quot;//*[@id=\&quot;crashes-ratio-device-container\&quot;]/../div[2]/div[5]/strong&quot;}&#10;selenium.webdriver.remote.remote_connection: DEBUG: Finished Request&#10;selenium.webdriver.remote.remote_connection: DEBUG: GET http://127.0.0.1:4444/wd/hub/session/f020059b-7a1c-4ba1-a47e-9d4cf680a4cd/element/12/text {&quot;sessionId&quot;: &quot;f020059b-7a1c-4ba1-a47e-9d4cf680a4cd&quot;, &quot;id&quot;: &quot;12&quot;}&#10;selenium.webdriver.remote.remote_connection: DEBUG: Finished Request&#10;selenium.webdriver.remote.remote_connection: DEBUG: POST http://127.0.0.1:4444/wd/hub/session/f020059b-7a1c-4ba1-a47e-9d4cf680a4cd/element {&quot;using&quot;: &quot;xpath&quot;, &quot;sessionId&quot;: &quot;f020059b-7a1c-4ba1-a47e-9d4cf680a4cd&quot;, &quot;value&quot;: &quot;//*[@id=\&quot;crashes-ratio-device-container\&quot;]/../div[2]/div[6]/strong&quot;}&#10;selenium.webdriver.remote.remote_connection: DEBUG: Finished Request&#10;selenium.webdriver.remote.remote_connection: DEBUG: GET http://127.0.0.1:4444/wd/hub/session/f020059b-7a1c-4ba1-a47e-9d4cf680a4cd/element/13/text {&quot;sessionId&quot;: &quot;f020059b-7a1c-4ba1-a47e-9d4cf680a4cd&quot;, &quot;id&quot;: &quot;13&quot;}&#10;selenium.webdriver.remote.remote_connection: DEBUG: Finished Request&#10;selenium.webdriver.remote.remote_connection: DEBUG: POST http://127.0.0.1:4444/wd/hub/session/f020059b-7a1c-4ba1-a47e-9d4cf680a4cd/element {&quot;using&quot;: &quot;xpath&quot;, &quot;sessionId&quot;: &quot;f020059b-7a1c-4ba1-a47e-9d4cf680a4cd&quot;, &quot;value&quot;: &quot;//*[@id=\&quot;crashes-ratio-device-container\&quot;]/../div[2]/div[2]/span&quot;}&#10;selenium.webdriver.remote.remote_connection: DEBUG: Finished Request&#10;selenium.webdriver.remote.remote_connection: DEBUG: GET http://127.0.0.1:4444/wd/hub/session/f020059b-7a1c-4ba1-a47e-9d4cf680a4cd/element/14/text {&quot;sessionId&quot;: &quot;f020059b-7a1c-4ba1-a47e-9d4cf680a4cd&quot;, &quot;id&quot;: &quot;14&quot;}&#10;selenium.webdriver.remote.remote_connection: DEBUG: Finished Request&#10;selenium.webdriver.remote.remote_connection: DEBUG: POST http://127.0.0.1:4444/wd/hub/session/f020059b-7a1c-4ba1-a47e-9d4cf680a4cd/element {&quot;using&quot;: &quot;xpath&quot;, &quot;sessionId&quot;: &quot;f020059b-7a1c-4ba1-a47e-9d4cf680a4cd&quot;, &quot;value&quot;: &quot;//*[@id=\&quot;crashes-ratio-device-container\&quot;]/../div[2]/div[3]/span&quot;}&#10;selenium.webdriver.remote.remote_connection: DEBUG: Finished Request&#10;selenium.webdriver.remote.remote_connection: DEBUG: GET http://127.0.0.1:4444/wd/hub/session/f020059b-7a1c-4ba1-a47e-9d4cf680a4cd/element/15/text {&quot;sessionId&quot;: &quot;f020059b-7a1c-4ba1-a47e-9d4cf680a4cd&quot;, &quot;id&quot;: &quot;15&quot;}&#10;selenium.webdriver.remote.remote_connection: DEBUG: Finished Request&#10;selenium.webdriver.remote.remote_connection: DEBUG: POST http://127.0.0.1:4444/wd/hub/session/f020059b-7a1c-4ba1-a47e-9d4cf680a4cd/element {&quot;using&quot;: &quot;xpath&quot;, &quot;sessionId&quot;: &quot;f020059b-7a1c-4ba1-a47e-9d4cf680a4cd&quot;, &quot;value&quot;: &quot;//*[@id=\&quot;crashes-ratio-device-container\&quot;]/../div[2]/div[4]/span&quot;}&#10;selenium.webdriver.remote.remote_connection: DEBUG: Finished Request&#10;selenium.webdriver.remote.remote_connection: DEBUG: GET http://127.0.0.1:4444/wd/hub/session/f020059b-7a1c-4ba1-a47e-9d4cf680a4cd/element/16/text {&quot;sessionId&quot;: &quot;f020059b-7a1c-4ba1-a47e-9d4cf680a4cd&quot;, &quot;id&quot;: &quot;16&quot;}&#10;selenium.webdriver.remote.remote_connection: DEBUG: Finished Request&#10;selenium.webdriver.remote.remote_connection: DEBUG: POST http://127.0.0.1:4444/wd/hub/session/f020059b-7a1c-4ba1-a47e-9d4cf680a4cd/element {&quot;using&quot;: &quot;xpath&quot;, &quot;sessionId&quot;: &quot;f020059b-7a1c-4ba1-a47e-9d4cf680a4cd&quot;, &quot;value&quot;: &quot;//*[@id=\&quot;crashes-ratio-device-container\&quot;]/../div[2]/div[5]/span&quot;}&#10;selenium.webdriver.remote.remote_connection: DEBUG: Finished Request&#10;selenium.webdriver.remote.remote_connection: DEBUG: GET http://127.0.0.1:4444/wd/hub/session/f020059b-7a1c-4ba1-a47e-9d4cf680a4cd/element/17/text {&quot;sessionId&quot;: &quot;f020059b-7a1c-4ba1-a47e-9d4cf680a4cd&quot;, &quot;id&quot;: &quot;17&quot;}&#10;selenium.webdriver.remote.remote_connection: DEBUG: Finished Request&#10;selenium.webdriver.remote.remote_connection: DEBUG: POST http://127.0.0.1:4444/wd/hub/session/f020059b-7a1c-4ba1-a47e-9d4cf680a4cd/element {&quot;using&quot;: &quot;xpath&quot;, &quot;sessionId&quot;: &quot;f020059b-7a1c-4ba1-a47e-9d4cf680a4cd&quot;, &quot;value&quot;: &quot;//*[@id=\&quot;crashes-ratio-device-container\&quot;]/../div[2]/div[6]/span&quot;}&#10;selenium.webdriver.remote.remote_connection: DEBUG: Finished Request&#10;selenium.webdriver.remote.remote_connection: DEBUG: GET http://127.0.0.1:4444/wd/hub/session/f020059b-7a1c-4ba1-a47e-9d4cf680a4cd/element/18/text {&quot;sessionId&quot;: &quot;f020059b-7a1c-4ba1-a47e-9d4cf680a4cd&quot;, &quot;id&quot;: &quot;18&quot;}&#10;selenium.webdriver.remote.remote_connection: DEBUG: Finished Request&#10;selenium.webdriver.remote.remote_connection: DEBUG: GET http://127.0.0.1:4444/wd/hub/session/f020059b-7a1c-4ba1-a47e-9d4cf680a4cd/screenshot {&quot;sessionId&quot;: &quot;f020059b-7a1c-4ba1-a47e-9d4cf680a4cd&quot;}&#10;selenium.webdriver.remote.remote_connection: DEBUG: Finished Request&#10;selenium.webdriver.remote.remote_connection: DEBUG: GET http://127.0.0.1:4444/wd/hub/session/f020059b-7a1c-4ba1-a47e-9d4cf680a4cd/url {&quot;sessionId&quot;: &quot;f020059b-7a1c-4ba1-a47e-9d4cf680a4cd&quot;}&#10;selenium.webdriver.remote.remote_connection: DEBUG: Finished Request&#10;selenium.webdriver.remote.remote_connection: DEBUG: GET http://127.0.0.1:4444/wd/hub/session/f020059b-7a1c-4ba1-a47e-9d4cf680a4cd/screenshot {&quot;sessionId&quot;: &quot;f020059b-7a1c-4ba1-a47e-9d4cf680a4cd&quot;}&#10;selenium.webdriver.remote.remote_connection: DEBUG: Finished Request&#10;selenium.webdriver.remote.remote_connection: DEBUG: GET http://127.0.0.1:4444/wd/hub/session/f020059b-7a1c-4ba1-a47e-9d4cf680a4cd/url {&quot;sessionId&quot;: &quot;f020059b-7a1c-4ba1-a47e-9d4cf680a4cd&quot;}&#10;selenium.webdriver.remote.remote_connection: DEBUG: Finished Request&#10;selenium.webdriver.remote.remote_connection: DEBUG: GET http://127.0.0.1:4444/wd/hub/session/f020059b-7a1c-4ba1-a47e-9d4cf680a4cd/screenshot {&quot;sessionId&quot;: &quot;f020059b-7a1c-4ba1-a47e-9d4cf680a4cd&quot;}&#10;selenium.webdriver.remote.remote_connection: DEBUG: Finished Request&#10;selenium.webdriver.remote.remote_connection: DEBUG: GET http://127.0.0.1:4444/wd/hub/session/f020059b-7a1c-4ba1-a47e-9d4cf680a4cd/url {&quot;sessionId&quot;: &quot;f020059b-7a1c-4ba1-a47e-9d4cf680a4cd&quot;}&#10;selenium.webdriver.remote.remote_connection: DEBUG: Finished Request&#10;--------------------- &gt;&gt; end captured logging &lt;&lt; ---------------------"><![CDATA[  File "/Library/Python/2.7/site-packages/unittest2/case.py", line 340, in run
    testMethod()
  File "/Users/egeller/testing/fork/crittercism/tests/trend_analysis/analytics.py", line 326, in test_todays_appload_crashes_device
    self.assertEqual(crash_table, blank_data, "Apploads that crashed by device does not match given data")
  File "/Users/egeller/testing/fork/crittercism/src/multiple_assertions.py", line 44, in wrapped
    assertion_method(self, *args, **kwargs)
  File "/Library/Python/2.7/site-packages/unittest2/case.py", line 521, in assertEqual
    assertion_func(first, second, msg=msg)
  File "/Users/egeller/testing/fork/crittercism/src/multiple_assertions.py", line 44, in wrapped
    assertion_method(self, *args, **kwargs)
  File "/Library/Python/2.7/site-packages/unittest2/case.py", line 844, in assertDictEqual
    self.fail(self._formatMessage(msg, standardMsg))
  File "/Users/egeller/testing/fork/crittercism/src/multiple_assertions.py", line 44, in wrapped
    assertion_method(self, *args, **kwargs)
  File "/Library/Python/2.7/site-packages/unittest2/case.py", line 415, in fail
    raise self.failureException(msg)
'{u\'iPod 4th Gen\': u\'0.0%\', u\'4th Gen iPad, WiFi\': u\'0.0%\', u\'3rd Gen iPad, WiFi\' [truncated]... != {\'iPhone 5 CDMA+LTE\': \'0.0%\', \'2nd Gen iPad mini Retina, WiFi/Cellular\': \'0.0%\', [truncated]...\n- {u\'2nd Gen iPad, WiFi\': u\'0.0%\',\n?  -                      -  ^\n\n+ {\'2nd Gen iPad mini Retina, WiFi\': \'0,0%\',\n?               ++++++++++++           ^\n\n-  u\'3rd Gen iPad, WiFi\': u\'0.0%\',\n-  u\'4th Gen iPad, WiFi\': u\'0.0%\',\n-  u\'iPod 4th Gen\': u\'0.0%\',\n-  u\'iPod 5th Gen\': u\'0.0%\'}\n+  \'2nd Gen iPad mini Retina, WiFi/Cellular\': \'0.0%\',\n+  \'iPhone 4 CDMA\': \'0.0%\',\n+  \'iPhone 4s\': \'0.0%\',\n+  \'iPhone 5 CDMA+LTE\': \'0.0%\'} : Apploads that crashed by device does not match given data\n-------------------- >> begin captured logging << --------------------\nselenium.webdriver.remote.remote_connection: DEBUG: POST http://127.0.0.1:4444/wd/hub/session/f020059b-7a1c-4ba1-a47e-9d4cf680a4cd/url {"url": "https://app-staging.crittercism.com/developers/analytics/519d53101386202089000007", "sessionId": "f020059b-7a1c-4ba1-a47e-9d4cf680a4cd"}\nselenium.webdriver.remote.remote_connection: DEBUG: Finished Request\nselenium.webdriver.remote.remote_connection: DEBUG: POST http://127.0.0.1:4444/wd/hub/session/f020059b-7a1c-4ba1-a47e-9d4cf680a4cd/element {"using": "xpath", "sessionId": "f020059b-7a1c-4ba1-a47e-9d4cf680a4cd", "value": "//*[@id=\\"crashes-ratio-device-container\\"]/../div[2]/div[2]/strong"}\nselenium.webdriver.remote.remote_connection: DEBUG: Finished Request\nselenium.webdriver.remote.remote_connection: DEBUG: GET http://127.0.0.1:4444/wd/hub/session/f020059b-7a1c-4ba1-a47e-9d4cf680a4cd/element/9/text {"sessionId": "f020059b-7a1c-4ba1-a47e-9d4cf680a4cd", "id": "9"}\nselenium.webdriver.remote.remote_connection: DEBUG: Finished Request\nselenium.webdriver.remote.remote_connection: DEBUG: POST http://127.0.0.1:4444/wd/hub/session/f020059b-7a1c-4ba1-a47e-9d4cf680a4cd/element {"using": "xpath", "sessionId": "f020059b-7a1c-4ba1-a47e-9d4cf680a4cd", "value": "//*[@id=\\"crashes-ratio-device-container\\"]/../div[2]/div[3]/strong"}\nselenium.webdriver.remote.remote_connection: DEBUG: Finished Request\nselenium.webdriver.remote.remote_connection: DEBUG: GET http://127.0.0.1:4444/wd/hub/session/f020059b-7a1c-4ba1-a47e-9d4cf680a4cd/element/10/text {"sessionId": "f020059b-7a1c-4ba1-a47e-9d4cf680a4cd", "id": "10"}\nselenium.webdriver.remote.remote_connection: DEBUG: Finished Request\nselenium.webdriver.remote.remote_connection: DEBUG: POST http://127.0.0.1:4444/wd/hub/session/f020059b-7a1c-4ba1-a47e-9d4cf680a4cd/element {"using": "xpath", "sessionId": "f020059b-7a1c-4ba1-a47e-9d4cf680a4cd", "value": "//*[@id=\\"crashes-ratio-device-container\\"]/../div[2]/div[4]/strong"}\nselenium.webdriver.remote.remote_connection: DEBUG: Finished Request\nselenium.webdriver.remote.remote_connection: DEBUG: GET http://127.0.0.1:4444/wd/hub/session/f020059b-7a1c-4ba1-a47e-9d4cf680a4cd/element/11/text {"sessionId": "f020059b-7a1c-4ba1-a47e-9d4cf680a4cd", "id": "11"}\nselenium.webdriver.remote.remote_connection: DEBUG: Finished Request\nselenium.webdriver.remote.remote_connection: DEBUG: POST http://127.0.0.1:4444/wd/hub/session/f020059b-7a1c-4ba1-a47e-9d4cf680a4cd/element {"using": "xpath", "sessionId": "f020059b-7a1c-4ba1-a47e-9d4cf680a4cd", "value": "//*[@id=\\"crashes-ratio-device-container\\"]/../div[2]/div[5]/strong"}\nselenium.webdriver.remote.remote_connection: DEBUG: Finished Request\nselenium.webdriver.remote.remote_connection: DEBUG: GET http://127.0.0.1:4444/wd/hub/session/f020059b-7a1c-4ba1-a47e-9d4cf680a4cd/element/12/text {"sessionId": "f020059b-7a1c-4ba1-a47e-9d4cf680a4cd", "id": "12"}\nselenium.webdriver.remote.remote_connection: DEBUG: Finished Request\nselenium.webdriver.remote.remote_connection: DEBUG: POST http://127.0.0.1:4444/wd/hub/session/f020059b-7a1c-4ba1-a47e-9d4cf680a4cd/element {"using": "xpath", "sessionId": "f020059b-7a1c-4ba1-a47e-9d4cf680a4cd", "value": "//*[@id=\\"crashes-ratio-device-container\\"]/../div[2]/div[6]/strong"}\nselenium.webdriver.remote.remote_connection: DEBUG: Finished Request\nselenium.webdriver.remote.remote_connection: DEBUG: GET http://127.0.0.1:4444/wd/hub/session/f020059b-7a1c-4ba1-a47e-9d4cf680a4cd/element/13/text {"sessionId": "f020059b-7a1c-4ba1-a47e-9d4cf680a4cd", "id": "13"}\nselenium.webdriver.remote.remote_connection: DEBUG: Finished Request\nselenium.webdriver.remote.remote_connection: DEBUG: POST http://127.0.0.1:4444/wd/hub/session/f020059b-7a1c-4ba1-a47e-9d4cf680a4cd/element {"using": "xpath", "sessionId": "f020059b-7a1c-4ba1-a47e-9d4cf680a4cd", "value": "//*[@id=\\"crashes-ratio-device-container\\"]/../div[2]/div[2]/span"}\nselenium.webdriver.remote.remote_connection: DEBUG: Finished Request\nselenium.webdriver.remote.remote_connection: DEBUG: GET http://127.0.0.1:4444/wd/hub/session/f020059b-7a1c-4ba1-a47e-9d4cf680a4cd/element/14/text {"sessionId": "f020059b-7a1c-4ba1-a47e-9d4cf680a4cd", "id": "14"}\nselenium.webdriver.remote.remote_connection: DEBUG: Finished Request\nselenium.webdriver.remote.remote_connection: DEBUG: POST http://127.0.0.1:4444/wd/hub/session/f020059b-7a1c-4ba1-a47e-9d4cf680a4cd/element {"using": "xpath", "sessionId": "f020059b-7a1c-4ba1-a47e-9d4cf680a4cd", "value": "//*[@id=\\"crashes-ratio-device-container\\"]/../div[2]/div[3]/span"}\nselenium.webdriver.remote.remote_connection: DEBUG: Finished Request\nselenium.webdriver.remote.remote_connection: DEBUG: GET http://127.0.0.1:4444/wd/hub/session/f020059b-7a1c-4ba1-a47e-9d4cf680a4cd/element/15/text {"sessionId": "f020059b-7a1c-4ba1-a47e-9d4cf680a4cd", "id": "15"}\nselenium.webdriver.remote.remote_connection: DEBUG: Finished Request\nselenium.webdriver.remote.remote_connection: DEBUG: POST http://127.0.0.1:4444/wd/hub/session/f020059b-7a1c-4ba1-a47e-9d4cf680a4cd/element {"using": "xpath", "sessionId": "f020059b-7a1c-4ba1-a47e-9d4cf680a4cd", "value": "//*[@id=\\"crashes-ratio-device-container\\"]/../div[2]/div[4]/span"}\nselenium.webdriver.remote.remote_connection: DEBUG: Finished Request\nselenium.webdriver.remote.remote_connection: DEBUG: GET http://127.0.0.1:4444/wd/hub/session/f020059b-7a1c-4ba1-a47e-9d4cf680a4cd/element/16/text {"sessionId": "f020059b-7a1c-4ba1-a47e-9d4cf680a4cd", "id": "16"}\nselenium.webdriver.remote.remote_connection: DEBUG: Finished Request\nselenium.webdriver.remote.remote_connection: DEBUG: POST http://127.0.0.1:4444/wd/hub/session/f020059b-7a1c-4ba1-a47e-9d4cf680a4cd/element {"using": "xpath", "sessionId": "f020059b-7a1c-4ba1-a47e-9d4cf680a4cd", "value": "//*[@id=\\"crashes-ratio-device-container\\"]/../div[2]/div[5]/span"}\nselenium.webdriver.remote.remote_connection: DEBUG: Finished Request\nselenium.webdriver.remote.remote_connection: DEBUG: GET http://127.0.0.1:4444/wd/hub/session/f020059b-7a1c-4ba1-a47e-9d4cf680a4cd/element/17/text {"sessionId": "f020059b-7a1c-4ba1-a47e-9d4cf680a4cd", "id": "17"}\nselenium.webdriver.remote.remote_connection: DEBUG: Finished Request\nselenium.webdriver.remote.remote_connection: DEBUG: POST http://127.0.0.1:4444/wd/hub/session/f020059b-7a1c-4ba1-a47e-9d4cf680a4cd/element {"using": "xpath", "sessionId": "f020059b-7a1c-4ba1-a47e-9d4cf680a4cd", "value": "//*[@id=\\"crashes-ratio-device-container\\"]/../div[2]/div[6]/span"}\nselenium.webdriver.remote.remote_connection: DEBUG: Finished Request\nselenium.webdriver.remote.remote_connection: DEBUG: GET http://127.0.0.1:4444/wd/hub/session/f020059b-7a1c-4ba1-a47e-9d4cf680a4cd/element/18/text {"sessionId": "f020059b-7a1c-4ba1-a47e-9d4cf680a4cd", "id": "18"}\nselenium.webdriver.remote.remote_connection: DEBUG: Finished Request\nselenium.webdriver.remote.remote_connection: DEBUG: GET http://127.0.0.1:4444/wd/hub/session/f020059b-7a1c-4ba1-a47e-9d4cf680a4cd/screenshot {"sessionId": "f020059b-7a1c-4ba1-a47e-9d4cf680a4cd"}\nselenium.webdriver.remote.remote_connection: DEBUG: Finished Request\nselenium.webdriver.remote.remote_connection: DEBUG: GET http://127.0.0.1:4444/wd/hub/session/f020059b-7a1c-4ba1-a47e-9d4cf680a4cd/url {"sessionId": "f020059b-7a1c-4ba1-a47e-9d4cf680a4cd"}\nselenium.webdriver.remote.remote_connection: DEBUG: Finished Request\nselenium.webdriver.remote.remote_connection: DEBUG: GET http://127.0.0.1:4444/wd/hub/session/f020059b-7a1c-4ba1-a47e-9d4cf680a4cd/screenshot {"sessionId": "f020059b-7a1c-4ba1-a47e-9d4cf680a4cd"}\nselenium.webdriver.remote.remote_connection: DEBUG: Finished Request\nselenium.webdriver.remote.remote_connection: DEBUG: GET http://127.0.0.1:4444/wd/hub/session/f020059b-7a1c-4ba1-a47e-9d4cf680a4cd/url {"sessionId": "f020059b-7a1c-4ba1-a47e-9d4cf680a4cd"}\nselenium.webdriver.remote.remote_connection: DEBUG: Finished Request\nselenium.webdriver.remote.remote_connection: DEBUG: GET http://127.0.0.1:4444/wd/hub/session/f020059b-7a1c-4ba1-a47e-9d4cf680a4cd/screenshot {"sessionId": "f020059b-7a1c-4ba1-a47e-9d4cf680a4cd"}\nselenium.webdriver.remote.remote_connection: DEBUG: Finished Request\nselenium.webdriver.remote.remote_connection: DEBUG: GET http://127.0.0.1:4444/wd/hub/session/f020059b-7a1c-4ba1-a47e-9d4cf680a4cd/url {"sessionId": "f020059b-7a1c-4ba1-a47e-9d4cf680a4cd"}\nselenium.webdriver.remote.remote_connection: DEBUG: Finished Request\n--------------------- >> end captured logging << ---------------------']]></failure></testcase><testcase classname="analytics.AnalyticsTestSuite" name="test_todays_apploads_crashes_version" time="1.658"></testcase><testcase classname="analytics.AnalyticsTestSuite" name="test_todays_apploads_device" time="1.928"></testcase><testcase classname="analytics.AnalyticsTestSuite" name="test_todays_apploads_version" time="1.783"></testcase><testcase classname="analytics.AnalyticsTestSuite" name="test_todays_crashes_device" time="1.896"></testcase><testcase classname="analytics.AnalyticsTestSuite" name="test_todays_crashes_version" time="1.661"></testcase><testcase classname="analytics.AnalyticsTestSuite" name="test_todays_dau_crashes_version" time="1.694"></testcase><testcase classname="analytics.AnalyticsTestSuite" name="test_todays_dau_version" time="1.753"></testcase></testsuite>