<?xml version="1.0" encoding="UTF-8"?><testsuite name="nosetests" tests="3" errors="1" failures="1" skip="0"><testcase classname="wrapping.WrappingTestSuite" name="test_create_basic_new_ios" time="5.558"><error type="selenium.common.exceptions.NoSuchElementException" message="Message: u'Unable to locate element: {&quot;method&quot;:&quot;id&quot;,&quot;selector&quot;:&quot;firstname&quot;}\nCommand duration or timeout: 3.46 seconds\nFor documentation on this error, please visit: http://seleniumhq.org/exceptions/no_such_element.html\nBuild info: version: \'2.41.0\', revision: \'3192d8a\', time: \'2014-03-27 17:17:32\'\nSystem info: host: \'Ethans-MacBook-Pro.local\', ip: \'10.0.1.48\', os.name: \'Mac OS X\', os.arch: \'x86_64\', os.version: \'10.9.3\', java.version: \'1.6.0_65\'\nSession ID: aac101c9-01d0-da4a-aa7e-649fc4bfb5c3\nDriver info: org.openqa.selenium.firefox.FirefoxDriver\nCapabilities [{platform=MAC, acceptSslCerts=true, javascriptEnabled=true, browserName=firefox, rotatable=false, locationContextEnabled=true, version=29.0.1, cssSelectorsEnabled=true, databaseEnabled=true, handlesAlerts=true, browserConnectionEnabled=true, nativeEvents=false, webStorageEnabled=true, applicationCacheEnabled=true, takesScreenshot=true}]' ; Screenshot: available via screen ; Stacktrace: &#10;    at sun.reflect.NativeConstructorAccessorImpl.newInstance0 (NativeConstructorAccessorImpl.java:-2)&#10;    at sun.reflect.NativeConstructorAccessorImpl.newInstance (NativeConstructorAccessorImpl.java:39)&#10;    at sun.reflect.DelegatingConstructorAccessorImpl.newInstance (DelegatingConstructorAccessorImpl.java:27)&#10;    at java.lang.reflect.Constructor.newInstance (Constructor.java:513)&#10;    at org.openqa.selenium.remote.ErrorHandler.createThrowable (ErrorHandler.java:193)&#10;    at org.openqa.selenium.remote.ErrorHandler.throwIfResponseFailed (ErrorHandler.java:145)&#10;    at org.openqa.selenium.remote.RemoteWebDriver.execute (RemoteWebDriver.java:595)&#10;    at org.openqa.selenium.remote.RemoteWebDriver.findElement (RemoteWebDriver.java:348)&#10;    at org.openqa.selenium.remote.RemoteWebDriver.findElementById (RemoteWebDriver.java:389)&#10;    at org.openqa.selenium.By$ById.findElement (By.java:214)&#10;    at org.openqa.selenium.remote.RemoteWebDriver.findElement (RemoteWebDriver.java:340)&#10;    at sun.reflect.NativeMethodAccessorImpl.invoke0 (NativeMethodAccessorImpl.java:-2)&#10;    at sun.reflect.NativeMethodAccessorImpl.invoke (NativeMethodAccessorImpl.java:39)&#10;    at sun.reflect.DelegatingMethodAccessorImpl.invoke (DelegatingMethodAccessorImpl.java:25)&#10;    at java.lang.reflect.Method.invoke (Method.java:597)&#10;    at org.openqa.selenium.support.events.EventFiringWebDriver$2.invoke (EventFiringWebDriver.java:101)&#10;    at com.sun.proxy.$Proxy2.findElement (None:-1)&#10;    at org.openqa.selenium.support.events.EventFiringWebDriver.findElement (EventFiringWebDriver.java:184)&#10;    at org.openqa.selenium.remote.server.handler.FindElement.call (FindElement.java:47)&#10;    at org.openqa.selenium.remote.server.handler.FindElement.call (FindElement.java:1)&#10;    at java.util.concurrent.FutureTask$Sync.innerRun (FutureTask.java:303)&#10;    at java.util.concurrent.FutureTask.run (FutureTask.java:138)&#10;    at org.openqa.selenium.remote.server.DefaultSession$1.run (DefaultSession.java:170)&#10;    at java.util.concurrent.ThreadPoolExecutor$Worker.runTask (ThreadPoolExecutor.java:895)&#10;    at java.util.concurrent.ThreadPoolExecutor$Worker.run (ThreadPoolExecutor.java:918)&#10;    at java.lang.Thread.run (Thread.java:695) &#10;-------------------- &gt;&gt; begin captured logging &lt;&lt; --------------------&#10;selenium.webdriver.remote.remote_connection: DEBUG: POST http://127.0.0.1:4444/wd/hub/session {&quot;desiredCapabilities&quot;: {&quot;platform&quot;: &quot;ANY&quot;, &quot;browserName&quot;: &quot;firefox&quot;, &quot;version&quot;: &quot;&quot;, &quot;javascriptEnabled&quot;: true}}&#10;selenium.webdriver.remote.remote_connection: DEBUG: Finished Request&#10;selenium.webdriver.remote.remote_connection: DEBUG: POST http://127.0.0.1:4444/wd/hub/session/53e5d642-7ba1-45da-a041-2f5072ac88ed/timeouts/implicit_wait {&quot;sessionId&quot;: &quot;53e5d642-7ba1-45da-a041-2f5072ac88ed&quot;, &quot;ms&quot;: 5000.0}&#10;selenium.webdriver.remote.remote_connection: DEBUG: Finished Request&#10;selenium.webdriver.remote.remote_connection: DEBUG: POST http://127.0.0.1:4444/wd/hub/session/53e5d642-7ba1-45da-a041-2f5072ac88ed/url {&quot;url&quot;: &quot;https://app-staging.crittercism.com/developers/login&quot;, &quot;sessionId&quot;: &quot;53e5d642-7ba1-45da-a041-2f5072ac88ed&quot;}&#10;selenium.webdriver.remote.remote_connection: DEBUG: Finished Request&#10;selenium.webdriver.remote.remote_connection: DEBUG: POST http://127.0.0.1:4444/wd/hub/session/53e5d642-7ba1-45da-a041-2f5072ac88ed/element {&quot;using&quot;: &quot;id&quot;, &quot;sessionId&quot;: &quot;53e5d642-7ba1-45da-a041-2f5072ac88ed&quot;, &quot;value&quot;: &quot;email&quot;}&#10;selenium.webdriver.remote.remote_connection: DEBUG: Finished Request&#10;selenium.webdriver.remote.remote_connection: DEBUG: POST http://127.0.0.1:4444/wd/hub/session/53e5d642-7ba1-45da-a041-2f5072ac88ed/element/0/value {&quot;sessionId&quot;: &quot;53e5d642-7ba1-45da-a041-2f5072ac88ed&quot;, &quot;id&quot;: &quot;0&quot;, &quot;value&quot;: [&quot;n&quot;, &quot;s&quot;, &quot;o&quot;, &quot;l&quot;, &quot;a&quot;, &quot;i&quot;, &quot;a&quot;, &quot;p&quot;, &quot;p&quot;, &quot;a&quot;, &quot;n&quot;, &quot;@&quot;, &quot;c&quot;, &quot;r&quot;, &quot;i&quot;, &quot;t&quot;, &quot;t&quot;, &quot;e&quot;, &quot;r&quot;, &quot;c&quot;, &quot;i&quot;, &quot;s&quot;, &quot;m&quot;, &quot;.&quot;, &quot;c&quot;, &quot;o&quot;, &quot;m&quot;]}&#10;selenium.webdriver.remote.remote_connection: DEBUG: Finished Request&#10;selenium.webdriver.remote.remote_connection: DEBUG: POST http://127.0.0.1:4444/wd/hub/session/53e5d642-7ba1-45da-a041-2f5072ac88ed/element {&quot;using&quot;: &quot;name&quot;, &quot;sessionId&quot;: &quot;53e5d642-7ba1-45da-a041-2f5072ac88ed&quot;, &quot;value&quot;: &quot;password&quot;}&#10;selenium.webdriver.remote.remote_connection: DEBUG: Finished Request&#10;selenium.webdriver.remote.remote_connection: DEBUG: POST http://127.0.0.1:4444/wd/hub/session/53e5d642-7ba1-45da-a041-2f5072ac88ed/element/1/value {&quot;sessionId&quot;: &quot;53e5d642-7ba1-45da-a041-2f5072ac88ed&quot;, &quot;id&quot;: &quot;1&quot;, &quot;value&quot;: [&quot;C&quot;, &quot;r&quot;, &quot;i&quot;, &quot;t&quot;, &quot;P&quot;, &quot;a&quot;, &quot;s&quot;, &quot;s&quot;, &quot;1&quot;, &quot;2&quot;, &quot;3&quot;]}&#10;selenium.webdriver.remote.remote_connection: DEBUG: Finished Request&#10;selenium.webdriver.remote.remote_connection: DEBUG: POST http://127.0.0.1:4444/wd/hub/session/53e5d642-7ba1-45da-a041-2f5072ac88ed/element {&quot;using&quot;: &quot;id&quot;, &quot;sessionId&quot;: &quot;53e5d642-7ba1-45da-a041-2f5072ac88ed&quot;, &quot;value&quot;: &quot;commit&quot;}&#10;selenium.webdriver.remote.remote_connection: DEBUG: Finished Request&#10;selenium.webdriver.remote.remote_connection: DEBUG: POST http://127.0.0.1:4444/wd/hub/session/53e5d642-7ba1-45da-a041-2f5072ac88ed/element/2/submit {&quot;sessionId&quot;: &quot;53e5d642-7ba1-45da-a041-2f5072ac88ed&quot;, &quot;id&quot;: &quot;2&quot;}&#10;selenium.webdriver.remote.remote_connection: DEBUG: Finished Request&#10;selenium.webdriver.remote.remote_connection: DEBUG: POST http://127.0.0.1:4444/wd/hub/session/53e5d642-7ba1-45da-a041-2f5072ac88ed/url {&quot;url&quot;: &quot;https://app-staging.crittercism.com/developers/logout&quot;, &quot;sessionId&quot;: &quot;53e5d642-7ba1-45da-a041-2f5072ac88ed&quot;}&#10;selenium.webdriver.remote.remote_connection: DEBUG: Finished Request&#10;selenium.webdriver.remote.remote_connection: DEBUG: POST http://127.0.0.1:4444/wd/hub/session/53e5d642-7ba1-45da-a041-2f5072ac88ed/url {&quot;url&quot;: &quot;https://app-staging.crittercism.com/developers/logout&quot;, &quot;sessionId&quot;: &quot;53e5d642-7ba1-45da-a041-2f5072ac88ed&quot;}&#10;selenium.webdriver.remote.remote_connection: DEBUG: Finished Request&#10;selenium.webdriver.remote.remote_connection: DEBUG: POST http://127.0.0.1:4444/wd/hub/session/53e5d642-7ba1-45da-a041-2f5072ac88ed/timeouts/implicit_wait {&quot;sessionId&quot;: &quot;53e5d642-7ba1-45da-a041-2f5072ac88ed&quot;, &quot;ms&quot;: 3000.0}&#10;selenium.webdriver.remote.remote_connection: DEBUG: Finished Request&#10;selenium.webdriver.remote.remote_connection: DEBUG: POST http://127.0.0.1:4444/wd/hub/session/53e5d642-7ba1-45da-a041-2f5072ac88ed/url {&quot;url&quot;: &quot;https://app-staging.crittercism.com/signup?plan=basic&quot;, &quot;sessionId&quot;: &quot;53e5d642-7ba1-45da-a041-2f5072ac88ed&quot;}&#10;selenium.webdriver.remote.remote_connection: DEBUG: Finished Request&#10;selenium.webdriver.remote.remote_connection: DEBUG: POST http://127.0.0.1:4444/wd/hub/session/53e5d642-7ba1-45da-a041-2f5072ac88ed/element {&quot;using&quot;: &quot;id&quot;, &quot;sessionId&quot;: &quot;53e5d642-7ba1-45da-a041-2f5072ac88ed&quot;, &quot;value&quot;: &quot;firstname&quot;}&#10;selenium.webdriver.remote.remote_connection: DEBUG: Finished Request&#10;--------------------- &gt;&gt; end captured logging &lt;&lt; ---------------------"><![CDATA[  File "/Library/Python/2.7/site-packages/unittest2/case.py", line 340, in run
    testMethod()
  File "/Users/egeller/testing/fork/crittercism/tests/wrapping/wrapping.py", line 158, in test_create_basic_new_ios
    self.sign_up_new_account(0)
  File "/Users/egeller/testing/fork/crittercism/tests/wrapping/wrapping.py", line 71, in sign_up_new_account
    self.browser.find_element_by_id("firstname").send_keys("test_user_" + account_types[accnt])
  File "/Library/Python/2.7/site-packages/selenium/webdriver/remote/webdriver.py", line 206, in find_element_by_id
    return self.find_element(by=By.ID, value=id_)
  File "/Library/Python/2.7/site-packages/selenium/webdriver/remote/webdriver.py", line 662, in find_element
    {'using': by, 'value': value})['value']
  File "/Library/Python/2.7/site-packages/selenium/webdriver/remote/webdriver.py", line 173, in execute
    self.error_handler.check_response(response)
  File "/Library/Python/2.7/site-packages/selenium/webdriver/remote/errorhandler.py", line 164, in check_response
    raise exception_class(message, screen, stacktrace)
'Message: u\'Unable to locate element: {"method":"id","selector":"firstname"}\\nCommand duration or timeout: 3.46 seconds\\nFor documentation on this error, please visit: http://seleniumhq.org/exceptions/no_such_element.html\\nBuild info: version: \\\'2.41.0\\\', revision: \\\'3192d8a\\\', time: \\\'2014-03-27 17:17:32\\\'\\nSystem info: host: \\\'Ethans-MacBook-Pro.local\\\', ip: \\\'10.0.1.48\\\', os.name: \\\'Mac OS X\\\', os.arch: \\\'x86_64\\\', os.version: \\\'10.9.3\\\', java.version: \\\'1.6.0_65\\\'\\nSession ID: aac101c9-01d0-da4a-aa7e-649fc4bfb5c3\\nDriver info: org.openqa.selenium.firefox.FirefoxDriver\\nCapabilities [{platform=MAC, acceptSslCerts=true, javascriptEnabled=true, browserName=firefox, rotatable=false, locationContextEnabled=true, version=29.0.1, cssSelectorsEnabled=true, databaseEnabled=true, handlesAlerts=true, browserConnectionEnabled=true, nativeEvents=false, webStorageEnabled=true, applicationCacheEnabled=true, takesScreenshot=true}]\' ; Screenshot: available via screen ; Stacktrace: \n    at sun.reflect.NativeConstructorAccessorImpl.newInstance0 (NativeConstructorAccessorImpl.java:-2)\n    at sun.reflect.NativeConstructorAccessorImpl.newInstance (NativeConstructorAccessorImpl.java:39)\n    at sun.reflect.DelegatingConstructorAccessorImpl.newInstance (DelegatingConstructorAccessorImpl.java:27)\n    at java.lang.reflect.Constructor.newInstance (Constructor.java:513)\n    at org.openqa.selenium.remote.ErrorHandler.createThrowable (ErrorHandler.java:193)\n    at org.openqa.selenium.remote.ErrorHandler.throwIfResponseFailed (ErrorHandler.java:145)\n    at org.openqa.selenium.remote.RemoteWebDriver.execute (RemoteWebDriver.java:595)\n    at org.openqa.selenium.remote.RemoteWebDriver.findElement (RemoteWebDriver.java:348)\n    at org.openqa.selenium.remote.RemoteWebDriver.findElementById (RemoteWebDriver.java:389)\n    at org.openqa.selenium.By$ById.findElement (By.java:214)\n    at org.openqa.selenium.remote.RemoteWebDriver.findElement (RemoteWebDriver.java:340)\n    at sun.reflect.NativeMethodAccessorImpl.invoke0 (NativeMethodAccessorImpl.java:-2)\n    at sun.reflect.NativeMethodAccessorImpl.invoke (NativeMethodAccessorImpl.java:39)\n    at sun.reflect.DelegatingMethodAccessorImpl.invoke (DelegatingMethodAccessorImpl.java:25)\n    at java.lang.reflect.Method.invoke (Method.java:597)\n    at org.openqa.selenium.support.events.EventFiringWebDriver$2.invoke (EventFiringWebDriver.java:101)\n    at com.sun.proxy.$Proxy2.findElement (None:-1)\n    at org.openqa.selenium.support.events.EventFiringWebDriver.findElement (EventFiringWebDriver.java:184)\n    at org.openqa.selenium.remote.server.handler.FindElement.call (FindElement.java:47)\n    at org.openqa.selenium.remote.server.handler.FindElement.call (FindElement.java:1)\n    at java.util.concurrent.FutureTask$Sync.innerRun (FutureTask.java:303)\n    at java.util.concurrent.FutureTask.run (FutureTask.java:138)\n    at org.openqa.selenium.remote.server.DefaultSession$1.run (DefaultSession.java:170)\n    at java.util.concurrent.ThreadPoolExecutor$Worker.runTask (ThreadPoolExecutor.java:895)\n    at java.util.concurrent.ThreadPoolExecutor$Worker.run (ThreadPoolExecutor.java:918)\n    at java.lang.Thread.run (Thread.java:695) \n-------------------- >> begin captured logging << --------------------\nselenium.webdriver.remote.remote_connection: DEBUG: POST http://127.0.0.1:4444/wd/hub/session {"desiredCapabilities": {"platform": "ANY", "browserName": "firefox", "version": "", "javascriptEnabled": true}}\nselenium.webdriver.remote.remote_connection: DEBUG: Finished Request\nselenium.webdriver.remote.remote_connection: DEBUG: POST http://127.0.0.1:4444/wd/hub/session/53e5d642-7ba1-45da-a041-2f5072ac88ed/timeouts/implicit_wait {"sessionId": "53e5d642-7ba1-45da-a041-2f5072ac88ed", "ms": 5000.0}\nselenium.webdriver.remote.remote_connection: DEBUG: Finished Request\nselenium.webdriver.remote.remote_connection: DEBUG: POST http://127.0.0.1:4444/wd/hub/session/53e5d642-7ba1-45da-a041-2f5072ac88ed/url {"url": "https://app-staging.crittercism.com/developers/login", "sessionId": "53e5d642-7ba1-45da-a041-2f5072ac88ed"}\nselenium.webdriver.remote.remote_connection: DEBUG: Finished Request\nselenium.webdriver.remote.remote_connection: DEBUG: POST http://127.0.0.1:4444/wd/hub/session/53e5d642-7ba1-45da-a041-2f5072ac88ed/element {"using": "id", "sessionId": "53e5d642-7ba1-45da-a041-2f5072ac88ed", "value": "email"}\nselenium.webdriver.remote.remote_connection: DEBUG: Finished Request\nselenium.webdriver.remote.remote_connection: DEBUG: POST http://127.0.0.1:4444/wd/hub/session/53e5d642-7ba1-45da-a041-2f5072ac88ed/element/0/value {"sessionId": "53e5d642-7ba1-45da-a041-2f5072ac88ed", "id": "0", "value": ["n", "s", "o", "l", "a", "i", "a", "p", "p", "a", "n", "@", "c", "r", "i", "t", "t", "e", "r", "c", "i", "s", "m", ".", "c", "o", "m"]}\nselenium.webdriver.remote.remote_connection: DEBUG: Finished Request\nselenium.webdriver.remote.remote_connection: DEBUG: POST http://127.0.0.1:4444/wd/hub/session/53e5d642-7ba1-45da-a041-2f5072ac88ed/element {"using": "name", "sessionId": "53e5d642-7ba1-45da-a041-2f5072ac88ed", "value": "password"}\nselenium.webdriver.remote.remote_connection: DEBUG: Finished Request\nselenium.webdriver.remote.remote_connection: DEBUG: POST http://127.0.0.1:4444/wd/hub/session/53e5d642-7ba1-45da-a041-2f5072ac88ed/element/1/value {"sessionId": "53e5d642-7ba1-45da-a041-2f5072ac88ed", "id": "1", "value": ["C", "r", "i", "t", "P", "a", "s", "s", "1", "2", "3"]}\nselenium.webdriver.remote.remote_connection: DEBUG: Finished Request\nselenium.webdriver.remote.remote_connection: DEBUG: POST http://127.0.0.1:4444/wd/hub/session/53e5d642-7ba1-45da-a041-2f5072ac88ed/element {"using": "id", "sessionId": "53e5d642-7ba1-45da-a041-2f5072ac88ed", "value": "commit"}\nselenium.webdriver.remote.remote_connection: DEBUG: Finished Request\nselenium.webdriver.remote.remote_connection: DEBUG: POST http://127.0.0.1:4444/wd/hub/session/53e5d642-7ba1-45da-a041-2f5072ac88ed/element/2/submit {"sessionId": "53e5d642-7ba1-45da-a041-2f5072ac88ed", "id": "2"}\nselenium.webdriver.remote.remote_connection: DEBUG: Finished Request\nselenium.webdriver.remote.remote_connection: DEBUG: POST http://127.0.0.1:4444/wd/hub/session/53e5d642-7ba1-45da-a041-2f5072ac88ed/url {"url": "https://app-staging.crittercism.com/developers/logout", "sessionId": "53e5d642-7ba1-45da-a041-2f5072ac88ed"}\nselenium.webdriver.remote.remote_connection: DEBUG: Finished Request\nselenium.webdriver.remote.remote_connection: DEBUG: POST http://127.0.0.1:4444/wd/hub/session/53e5d642-7ba1-45da-a041-2f5072ac88ed/url {"url": "https://app-staging.crittercism.com/developers/logout", "sessionId": "53e5d642-7ba1-45da-a041-2f5072ac88ed"}\nselenium.webdriver.remote.remote_connection: DEBUG: Finished Request\nselenium.webdriver.remote.remote_connection: DEBUG: POST http://127.0.0.1:4444/wd/hub/session/53e5d642-7ba1-45da-a041-2f5072ac88ed/timeouts/implicit_wait {"sessionId": "53e5d642-7ba1-45da-a041-2f5072ac88ed", "ms": 3000.0}\nselenium.webdriver.remote.remote_connection: DEBUG: Finished Request\nselenium.webdriver.remote.remote_connection: DEBUG: POST http://127.0.0.1:4444/wd/hub/session/53e5d642-7ba1-45da-a041-2f5072ac88ed/url {"url": "https://app-staging.crittercism.com/signup?plan=basic", "sessionId": "53e5d642-7ba1-45da-a041-2f5072ac88ed"}\nselenium.webdriver.remote.remote_connection: DEBUG: Finished Request\nselenium.webdriver.remote.remote_connection: DEBUG: POST http://127.0.0.1:4444/wd/hub/session/53e5d642-7ba1-45da-a041-2f5072ac88ed/element {"using": "id", "sessionId": "53e5d642-7ba1-45da-a041-2f5072ac88ed", "value": "firstname"}\nselenium.webdriver.remote.remote_connection: DEBUG: Finished Request\n--------------------- >> end captured logging << ---------------------']]></error></testcase><testcase classname="wrapping.WrappingTestSuite" name="test_ent_new_android" time="25.422"></testcase><testcase classname="wrapping.WrappingTestSuite" name="test_ent_new_ios" time="7.243"><failure type="exceptions.AssertionError" message="u'https://app-staging.crittercism.com/developers/upgrade/538f668934bc127ced00002 [truncated]... != u'https://app-staging.crittercism.com/developers/wrapping/538f668934bc127ced0000 [truncated]...&#10;- https://app-staging.crittercism.com/developers/upgrade/538f668934bc127ced000025?                                                ^^^  ^^&#10;+ https://app-staging.crittercism.com/developers/wrapping/538f668934bc127ced000025?                                                ^  ^^^^^&#10; : Expected wrapping page, and instead got https://app-staging.crittercism.com/developers/upgrade/538f668934bc127ced000025&#10;-------------------- &gt;&gt; begin captured logging &lt;&lt; --------------------&#10;selenium.webdriver.remote.remote_connection: DEBUG: POST http://127.0.0.1:4444/wd/hub/session/53e5d642-7ba1-45da-a041-2f5072ac88ed/url {&quot;url&quot;: &quot;https://app-staging.crittercism.com/developers/logout&quot;, &quot;sessionId&quot;: &quot;53e5d642-7ba1-45da-a041-2f5072ac88ed&quot;}&#10;selenium.webdriver.remote.remote_connection: DEBUG: Finished Request&#10;selenium.webdriver.remote.remote_connection: DEBUG: POST http://127.0.0.1:4444/wd/hub/session/53e5d642-7ba1-45da-a041-2f5072ac88ed/element {&quot;using&quot;: &quot;id&quot;, &quot;sessionId&quot;: &quot;53e5d642-7ba1-45da-a041-2f5072ac88ed&quot;, &quot;value&quot;: &quot;email&quot;}&#10;selenium.webdriver.remote.remote_connection: DEBUG: Finished Request&#10;selenium.webdriver.remote.remote_connection: DEBUG: POST http://127.0.0.1:4444/wd/hub/session/53e5d642-7ba1-45da-a041-2f5072ac88ed/element/16/value {&quot;sessionId&quot;: &quot;53e5d642-7ba1-45da-a041-2f5072ac88ed&quot;, &quot;id&quot;: &quot;16&quot;, &quot;value&quot;: [&quot;n&quot;, &quot;s&quot;, &quot;o&quot;, &quot;l&quot;, &quot;a&quot;, &quot;i&quot;, &quot;a&quot;, &quot;p&quot;, &quot;p&quot;, &quot;a&quot;, &quot;n&quot;, &quot;@&quot;, &quot;c&quot;, &quot;r&quot;, &quot;i&quot;, &quot;t&quot;, &quot;t&quot;, &quot;e&quot;, &quot;r&quot;, &quot;c&quot;, &quot;i&quot;, &quot;s&quot;, &quot;m&quot;, &quot;.&quot;, &quot;c&quot;, &quot;o&quot;, &quot;m&quot;]}&#10;selenium.webdriver.remote.remote_connection: DEBUG: Finished Request&#10;selenium.webdriver.remote.remote_connection: DEBUG: POST http://127.0.0.1:4444/wd/hub/session/53e5d642-7ba1-45da-a041-2f5072ac88ed/element {&quot;using&quot;: &quot;name&quot;, &quot;sessionId&quot;: &quot;53e5d642-7ba1-45da-a041-2f5072ac88ed&quot;, &quot;value&quot;: &quot;password&quot;}&#10;selenium.webdriver.remote.remote_connection: DEBUG: Finished Request&#10;selenium.webdriver.remote.remote_connection: DEBUG: POST http://127.0.0.1:4444/wd/hub/session/53e5d642-7ba1-45da-a041-2f5072ac88ed/element/17/value {&quot;sessionId&quot;: &quot;53e5d642-7ba1-45da-a041-2f5072ac88ed&quot;, &quot;id&quot;: &quot;17&quot;, &quot;value&quot;: [&quot;C&quot;, &quot;r&quot;, &quot;i&quot;, &quot;t&quot;, &quot;P&quot;, &quot;a&quot;, &quot;s&quot;, &quot;s&quot;, &quot;1&quot;, &quot;2&quot;, &quot;3&quot;]}&#10;selenium.webdriver.remote.remote_connection: DEBUG: Finished Request&#10;selenium.webdriver.remote.remote_connection: DEBUG: POST http://127.0.0.1:4444/wd/hub/session/53e5d642-7ba1-45da-a041-2f5072ac88ed/element {&quot;using&quot;: &quot;id&quot;, &quot;sessionId&quot;: &quot;53e5d642-7ba1-45da-a041-2f5072ac88ed&quot;, &quot;value&quot;: &quot;commit&quot;}&#10;selenium.webdriver.remote.remote_connection: DEBUG: Finished Request&#10;selenium.webdriver.remote.remote_connection: DEBUG: POST http://127.0.0.1:4444/wd/hub/session/53e5d642-7ba1-45da-a041-2f5072ac88ed/element/18/submit {&quot;sessionId&quot;: &quot;53e5d642-7ba1-45da-a041-2f5072ac88ed&quot;, &quot;id&quot;: &quot;18&quot;}&#10;selenium.webdriver.remote.remote_connection: DEBUG: Finished Request&#10;selenium.webdriver.remote.remote_connection: DEBUG: POST http://127.0.0.1:4444/wd/hub/session/53e5d642-7ba1-45da-a041-2f5072ac88ed/url {&quot;url&quot;: &quot;https://app-staging.crittercism.com/developers/register-application&quot;, &quot;sessionId&quot;: &quot;53e5d642-7ba1-45da-a041-2f5072ac88ed&quot;}&#10;selenium.webdriver.remote.remote_connection: DEBUG: Finished Request&#10;selenium.webdriver.remote.remote_connection: DEBUG: POST http://127.0.0.1:4444/wd/hub/session/53e5d642-7ba1-45da-a041-2f5072ac88ed/element {&quot;using&quot;: &quot;id&quot;, &quot;sessionId&quot;: &quot;53e5d642-7ba1-45da-a041-2f5072ac88ed&quot;, &quot;value&quot;: &quot;app-name&quot;}&#10;selenium.webdriver.remote.remote_connection: DEBUG: Finished Request&#10;selenium.webdriver.remote.remote_connection: DEBUG: POST http://127.0.0.1:4444/wd/hub/session/53e5d642-7ba1-45da-a041-2f5072ac88ed/element/19/value {&quot;sessionId&quot;: &quot;53e5d642-7ba1-45da-a041-2f5072ac88ed&quot;, &quot;id&quot;: &quot;19&quot;, &quot;value&quot;: [&quot;I&quot;, &quot;O&quot;, &quot;S&quot;, &quot;-&quot;, &quot;0&quot;, &quot;.&quot;, &quot;4&quot;, &quot;5&quot;, &quot;6&quot;, &quot;8&quot;, &quot;4&quot;, &quot;8&quot;, &quot;0&quot;, &quot;2&quot;, &quot;8&quot;, &quot;7&quot;, &quot;9&quot;, &quot;9&quot;]}&#10;selenium.webdriver.remote.remote_connection: DEBUG: Finished Request&#10;selenium.webdriver.remote.remote_connection: DEBUG: POST http://127.0.0.1:4444/wd/hub/session/53e5d642-7ba1-45da-a041-2f5072ac88ed/element {&quot;using&quot;: &quot;id&quot;, &quot;sessionId&quot;: &quot;53e5d642-7ba1-45da-a041-2f5072ac88ed&quot;, &quot;value&quot;: &quot;commit&quot;}&#10;selenium.webdriver.remote.remote_connection: DEBUG: Finished Request&#10;selenium.webdriver.remote.remote_connection: DEBUG: POST http://127.0.0.1:4444/wd/hub/session/53e5d642-7ba1-45da-a041-2f5072ac88ed/element/20/submit {&quot;sessionId&quot;: &quot;53e5d642-7ba1-45da-a041-2f5072ac88ed&quot;, &quot;id&quot;: &quot;20&quot;}&#10;selenium.webdriver.remote.remote_connection: DEBUG: Finished Request&#10;selenium.webdriver.remote.remote_connection: DEBUG: GET http://127.0.0.1:4444/wd/hub/session/53e5d642-7ba1-45da-a041-2f5072ac88ed/url {&quot;sessionId&quot;: &quot;53e5d642-7ba1-45da-a041-2f5072ac88ed&quot;}&#10;selenium.webdriver.remote.remote_connection: DEBUG: Finished Request&#10;selenium.webdriver.remote.remote_connection: DEBUG: POST http://127.0.0.1:4444/wd/hub/session/53e5d642-7ba1-45da-a041-2f5072ac88ed/elements {&quot;using&quot;: &quot;xpath&quot;, &quot;sessionId&quot;: &quot;53e5d642-7ba1-45da-a041-2f5072ac88ed&quot;, &quot;value&quot;: &quot;//*[contains(text(),\&quot;Well, this is embarrassing - you found a broken link.\&quot;)]&quot;}&#10;selenium.webdriver.remote.remote_connection: DEBUG: Finished Request&#10;selenium.webdriver.remote.remote_connection: DEBUG: GET http://127.0.0.1:4444/wd/hub/session/53e5d642-7ba1-45da-a041-2f5072ac88ed/url {&quot;sessionId&quot;: &quot;53e5d642-7ba1-45da-a041-2f5072ac88ed&quot;}&#10;selenium.webdriver.remote.remote_connection: DEBUG: Finished Request&#10;selenium.webdriver.remote.remote_connection: DEBUG: POST http://127.0.0.1:4444/wd/hub/session/53e5d642-7ba1-45da-a041-2f5072ac88ed/url {&quot;url&quot;: &quot;https://app-staging.crittercism.com/developers&quot;, &quot;sessionId&quot;: &quot;53e5d642-7ba1-45da-a041-2f5072ac88ed&quot;}&#10;selenium.webdriver.remote.remote_connection: DEBUG: Finished Request&#10;selenium.webdriver.remote.remote_connection: DEBUG: POST http://127.0.0.1:4444/wd/hub/session/53e5d642-7ba1-45da-a041-2f5072ac88ed/element {&quot;using&quot;: &quot;id&quot;, &quot;sessionId&quot;: &quot;53e5d642-7ba1-45da-a041-2f5072ac88ed&quot;, &quot;value&quot;: &quot;app-table&quot;}&#10;selenium.webdriver.remote.remote_connection: DEBUG: Finished Request&#10;selenium.webdriver.remote.remote_connection: DEBUG: POST http://127.0.0.1:4444/wd/hub/session/53e5d642-7ba1-45da-a041-2f5072ac88ed/element/21/elements {&quot;using&quot;: &quot;xpath&quot;, &quot;sessionId&quot;: &quot;53e5d642-7ba1-45da-a041-2f5072ac88ed&quot;, &quot;id&quot;: &quot;21&quot;, &quot;value&quot;: &quot;//*[@id=\&quot;app-table\&quot;]/tbody/*/td[2]/a[contains(text(),\&quot;IOS-0.456848028799\&quot;)]&quot;}&#10;selenium.webdriver.remote.remote_connection: DEBUG: Finished Request&#10;selenium.webdriver.remote.remote_connection: DEBUG: GET http://127.0.0.1:4444/wd/hub/session/53e5d642-7ba1-45da-a041-2f5072ac88ed/element/22/attribute/href {&quot;sessionId&quot;: &quot;53e5d642-7ba1-45da-a041-2f5072ac88ed&quot;, &quot;name&quot;: &quot;href&quot;, &quot;id&quot;: &quot;22&quot;}&#10;selenium.webdriver.remote.remote_connection: DEBUG: Finished Request&#10;selenium.webdriver.remote.remote_connection: DEBUG: POST http://127.0.0.1:4444/wd/hub/session/53e5d642-7ba1-45da-a041-2f5072ac88ed/url {&quot;url&quot;: &quot;https://app-staging.crittercism.com/developers/wrapping/538f668934bc127ced000025&quot;, &quot;sessionId&quot;: &quot;53e5d642-7ba1-45da-a041-2f5072ac88ed&quot;}&#10;selenium.webdriver.remote.remote_connection: DEBUG: Finished Request&#10;selenium.webdriver.remote.remote_connection: DEBUG: POST http://127.0.0.1:4444/wd/hub/session/53e5d642-7ba1-45da-a041-2f5072ac88ed/timeouts/implicit_wait {&quot;sessionId&quot;: &quot;53e5d642-7ba1-45da-a041-2f5072ac88ed&quot;, &quot;ms&quot;: 2000.0}&#10;selenium.webdriver.remote.remote_connection: DEBUG: Finished Request&#10;selenium.webdriver.remote.remote_connection: DEBUG: GET http://127.0.0.1:4444/wd/hub/session/53e5d642-7ba1-45da-a041-2f5072ac88ed/url {&quot;sessionId&quot;: &quot;53e5d642-7ba1-45da-a041-2f5072ac88ed&quot;}&#10;selenium.webdriver.remote.remote_connection: DEBUG: Finished Request&#10;selenium.webdriver.remote.remote_connection: DEBUG: GET http://127.0.0.1:4444/wd/hub/session/53e5d642-7ba1-45da-a041-2f5072ac88ed/url {&quot;sessionId&quot;: &quot;53e5d642-7ba1-45da-a041-2f5072ac88ed&quot;}&#10;selenium.webdriver.remote.remote_connection: DEBUG: Finished Request&#10;selenium.webdriver.remote.remote_connection: DEBUG: GET http://127.0.0.1:4444/wd/hub/session/53e5d642-7ba1-45da-a041-2f5072ac88ed/screenshot {&quot;sessionId&quot;: &quot;53e5d642-7ba1-45da-a041-2f5072ac88ed&quot;}&#10;selenium.webdriver.remote.remote_connection: DEBUG: Finished Request&#10;selenium.webdriver.remote.remote_connection: DEBUG: GET http://127.0.0.1:4444/wd/hub/session/53e5d642-7ba1-45da-a041-2f5072ac88ed/url {&quot;sessionId&quot;: &quot;53e5d642-7ba1-45da-a041-2f5072ac88ed&quot;}&#10;selenium.webdriver.remote.remote_connection: DEBUG: Finished Request&#10;selenium.webdriver.remote.remote_connection: DEBUG: GET http://127.0.0.1:4444/wd/hub/session/53e5d642-7ba1-45da-a041-2f5072ac88ed/screenshot {&quot;sessionId&quot;: &quot;53e5d642-7ba1-45da-a041-2f5072ac88ed&quot;}&#10;selenium.webdriver.remote.remote_connection: DEBUG: Finished Request&#10;selenium.webdriver.remote.remote_connection: DEBUG: GET http://127.0.0.1:4444/wd/hub/session/53e5d642-7ba1-45da-a041-2f5072ac88ed/url {&quot;sessionId&quot;: &quot;53e5d642-7ba1-45da-a041-2f5072ac88ed&quot;}&#10;selenium.webdriver.remote.remote_connection: DEBUG: Finished Request&#10;selenium.webdriver.remote.remote_connection: DEBUG: GET http://127.0.0.1:4444/wd/hub/session/53e5d642-7ba1-45da-a041-2f5072ac88ed/screenshot {&quot;sessionId&quot;: &quot;53e5d642-7ba1-45da-a041-2f5072ac88ed&quot;}&#10;selenium.webdriver.remote.remote_connection: DEBUG: Finished Request&#10;selenium.webdriver.remote.remote_connection: DEBUG: GET http://127.0.0.1:4444/wd/hub/session/53e5d642-7ba1-45da-a041-2f5072ac88ed/url {&quot;sessionId&quot;: &quot;53e5d642-7ba1-45da-a041-2f5072ac88ed&quot;}&#10;selenium.webdriver.remote.remote_connection: DEBUG: Finished Request&#10;--------------------- &gt;&gt; end captured logging &lt;&lt; ---------------------"><![CDATA[  File "/Library/Python/2.7/site-packages/unittest2/case.py", line 340, in run
    testMethod()
  File "/Users/egeller/testing/fork/crittercism/tests/wrapping/wrapping.py", line 129, in test_ent_new_ios
    "Expected wrapping page, and instead got %s" % self.browser.current_url)
  File "/Users/egeller/testing/fork/crittercism/src/multiple_assertions.py", line 44, in wrapped
    assertion_method(self, *args, **kwargs)
  File "/Library/Python/2.7/site-packages/unittest2/case.py", line 521, in assertEqual
    assertion_func(first, second, msg=msg)
  File "/Users/egeller/testing/fork/crittercism/src/multiple_assertions.py", line 44, in wrapped
    assertion_method(self, *args, **kwargs)
  File "/Library/Python/2.7/site-packages/unittest2/case.py", line 923, in assertMultiLineEqual
    self.fail(self._formatMessage(msg, standardMsg))
  File "/Users/egeller/testing/fork/crittercism/src/multiple_assertions.py", line 44, in wrapped
    assertion_method(self, *args, **kwargs)
  File "/Library/Python/2.7/site-packages/unittest2/case.py", line 415, in fail
    raise self.failureException(msg)
'u\'https://app-staging.crittercism.com/developers/upgrade/538f668934bc127ced00002 [truncated]... != u\'https://app-staging.crittercism.com/developers/wrapping/538f668934bc127ced0000 [truncated]...\n- https://app-staging.crittercism.com/developers/upgrade/538f668934bc127ced000025?                                                ^^^  ^^\n+ https://app-staging.crittercism.com/developers/wrapping/538f668934bc127ced000025?                                                ^  ^^^^^\n : Expected wrapping page, and instead got https://app-staging.crittercism.com/developers/upgrade/538f668934bc127ced000025\n-------------------- >> begin captured logging << --------------------\nselenium.webdriver.remote.remote_connection: DEBUG: POST http://127.0.0.1:4444/wd/hub/session/53e5d642-7ba1-45da-a041-2f5072ac88ed/url {"url": "https://app-staging.crittercism.com/developers/logout", "sessionId": "53e5d642-7ba1-45da-a041-2f5072ac88ed"}\nselenium.webdriver.remote.remote_connection: DEBUG: Finished Request\nselenium.webdriver.remote.remote_connection: DEBUG: POST http://127.0.0.1:4444/wd/hub/session/53e5d642-7ba1-45da-a041-2f5072ac88ed/element {"using": "id", "sessionId": "53e5d642-7ba1-45da-a041-2f5072ac88ed", "value": "email"}\nselenium.webdriver.remote.remote_connection: DEBUG: Finished Request\nselenium.webdriver.remote.remote_connection: DEBUG: POST http://127.0.0.1:4444/wd/hub/session/53e5d642-7ba1-45da-a041-2f5072ac88ed/element/16/value {"sessionId": "53e5d642-7ba1-45da-a041-2f5072ac88ed", "id": "16", "value": ["n", "s", "o", "l", "a", "i", "a", "p", "p", "a", "n", "@", "c", "r", "i", "t", "t", "e", "r", "c", "i", "s", "m", ".", "c", "o", "m"]}\nselenium.webdriver.remote.remote_connection: DEBUG: Finished Request\nselenium.webdriver.remote.remote_connection: DEBUG: POST http://127.0.0.1:4444/wd/hub/session/53e5d642-7ba1-45da-a041-2f5072ac88ed/element {"using": "name", "sessionId": "53e5d642-7ba1-45da-a041-2f5072ac88ed", "value": "password"}\nselenium.webdriver.remote.remote_connection: DEBUG: Finished Request\nselenium.webdriver.remote.remote_connection: DEBUG: POST http://127.0.0.1:4444/wd/hub/session/53e5d642-7ba1-45da-a041-2f5072ac88ed/element/17/value {"sessionId": "53e5d642-7ba1-45da-a041-2f5072ac88ed", "id": "17", "value": ["C", "r", "i", "t", "P", "a", "s", "s", "1", "2", "3"]}\nselenium.webdriver.remote.remote_connection: DEBUG: Finished Request\nselenium.webdriver.remote.remote_connection: DEBUG: POST http://127.0.0.1:4444/wd/hub/session/53e5d642-7ba1-45da-a041-2f5072ac88ed/element {"using": "id", "sessionId": "53e5d642-7ba1-45da-a041-2f5072ac88ed", "value": "commit"}\nselenium.webdriver.remote.remote_connection: DEBUG: Finished Request\nselenium.webdriver.remote.remote_connection: DEBUG: POST http://127.0.0.1:4444/wd/hub/session/53e5d642-7ba1-45da-a041-2f5072ac88ed/element/18/submit {"sessionId": "53e5d642-7ba1-45da-a041-2f5072ac88ed", "id": "18"}\nselenium.webdriver.remote.remote_connection: DEBUG: Finished Request\nselenium.webdriver.remote.remote_connection: DEBUG: POST http://127.0.0.1:4444/wd/hub/session/53e5d642-7ba1-45da-a041-2f5072ac88ed/url {"url": "https://app-staging.crittercism.com/developers/register-application", "sessionId": "53e5d642-7ba1-45da-a041-2f5072ac88ed"}\nselenium.webdriver.remote.remote_connection: DEBUG: Finished Request\nselenium.webdriver.remote.remote_connection: DEBUG: POST http://127.0.0.1:4444/wd/hub/session/53e5d642-7ba1-45da-a041-2f5072ac88ed/element {"using": "id", "sessionId": "53e5d642-7ba1-45da-a041-2f5072ac88ed", "value": "app-name"}\nselenium.webdriver.remote.remote_connection: DEBUG: Finished Request\nselenium.webdriver.remote.remote_connection: DEBUG: POST http://127.0.0.1:4444/wd/hub/session/53e5d642-7ba1-45da-a041-2f5072ac88ed/element/19/value {"sessionId": "53e5d642-7ba1-45da-a041-2f5072ac88ed", "id": "19", "value": ["I", "O", "S", "-", "0", ".", "4", "5", "6", "8", "4", "8", "0", "2", "8", "7", "9", "9"]}\nselenium.webdriver.remote.remote_connection: DEBUG: Finished Request\nselenium.webdriver.remote.remote_connection: DEBUG: POST http://127.0.0.1:4444/wd/hub/session/53e5d642-7ba1-45da-a041-2f5072ac88ed/element {"using": "id", "sessionId": "53e5d642-7ba1-45da-a041-2f5072ac88ed", "value": "commit"}\nselenium.webdriver.remote.remote_connection: DEBUG: Finished Request\nselenium.webdriver.remote.remote_connection: DEBUG: POST http://127.0.0.1:4444/wd/hub/session/53e5d642-7ba1-45da-a041-2f5072ac88ed/element/20/submit {"sessionId": "53e5d642-7ba1-45da-a041-2f5072ac88ed", "id": "20"}\nselenium.webdriver.remote.remote_connection: DEBUG: Finished Request\nselenium.webdriver.remote.remote_connection: DEBUG: GET http://127.0.0.1:4444/wd/hub/session/53e5d642-7ba1-45da-a041-2f5072ac88ed/url {"sessionId": "53e5d642-7ba1-45da-a041-2f5072ac88ed"}\nselenium.webdriver.remote.remote_connection: DEBUG: Finished Request\nselenium.webdriver.remote.remote_connection: DEBUG: POST http://127.0.0.1:4444/wd/hub/session/53e5d642-7ba1-45da-a041-2f5072ac88ed/elements {"using": "xpath", "sessionId": "53e5d642-7ba1-45da-a041-2f5072ac88ed", "value": "//*[contains(text(),\\"Well, this is embarrassing - you found a broken link.\\")]"}\nselenium.webdriver.remote.remote_connection: DEBUG: Finished Request\nselenium.webdriver.remote.remote_connection: DEBUG: GET http://127.0.0.1:4444/wd/hub/session/53e5d642-7ba1-45da-a041-2f5072ac88ed/url {"sessionId": "53e5d642-7ba1-45da-a041-2f5072ac88ed"}\nselenium.webdriver.remote.remote_connection: DEBUG: Finished Request\nselenium.webdriver.remote.remote_connection: DEBUG: POST http://127.0.0.1:4444/wd/hub/session/53e5d642-7ba1-45da-a041-2f5072ac88ed/url {"url": "https://app-staging.crittercism.com/developers", "sessionId": "53e5d642-7ba1-45da-a041-2f5072ac88ed"}\nselenium.webdriver.remote.remote_connection: DEBUG: Finished Request\nselenium.webdriver.remote.remote_connection: DEBUG: POST http://127.0.0.1:4444/wd/hub/session/53e5d642-7ba1-45da-a041-2f5072ac88ed/element {"using": "id", "sessionId": "53e5d642-7ba1-45da-a041-2f5072ac88ed", "value": "app-table"}\nselenium.webdriver.remote.remote_connection: DEBUG: Finished Request\nselenium.webdriver.remote.remote_connection: DEBUG: POST http://127.0.0.1:4444/wd/hub/session/53e5d642-7ba1-45da-a041-2f5072ac88ed/element/21/elements {"using": "xpath", "sessionId": "53e5d642-7ba1-45da-a041-2f5072ac88ed", "id": "21", "value": "//*[@id=\\"app-table\\"]/tbody/*/td[2]/a[contains(text(),\\"IOS-0.456848028799\\")]"}\nselenium.webdriver.remote.remote_connection: DEBUG: Finished Request\nselenium.webdriver.remote.remote_connection: DEBUG: GET http://127.0.0.1:4444/wd/hub/session/53e5d642-7ba1-45da-a041-2f5072ac88ed/element/22/attribute/href {"sessionId": "53e5d642-7ba1-45da-a041-2f5072ac88ed", "name": "href", "id": "22"}\nselenium.webdriver.remote.remote_connection: DEBUG: Finished Request\nselenium.webdriver.remote.remote_connection: DEBUG: POST http://127.0.0.1:4444/wd/hub/session/53e5d642-7ba1-45da-a041-2f5072ac88ed/url {"url": "https://app-staging.crittercism.com/developers/wrapping/538f668934bc127ced000025", "sessionId": "53e5d642-7ba1-45da-a041-2f5072ac88ed"}\nselenium.webdriver.remote.remote_connection: DEBUG: Finished Request\nselenium.webdriver.remote.remote_connection: DEBUG: POST http://127.0.0.1:4444/wd/hub/session/53e5d642-7ba1-45da-a041-2f5072ac88ed/timeouts/implicit_wait {"sessionId": "53e5d642-7ba1-45da-a041-2f5072ac88ed", "ms": 2000.0}\nselenium.webdriver.remote.remote_connection: DEBUG: Finished Request\nselenium.webdriver.remote.remote_connection: DEBUG: GET http://127.0.0.1:4444/wd/hub/session/53e5d642-7ba1-45da-a041-2f5072ac88ed/url {"sessionId": "53e5d642-7ba1-45da-a041-2f5072ac88ed"}\nselenium.webdriver.remote.remote_connection: DEBUG: Finished Request\nselenium.webdriver.remote.remote_connection: DEBUG: GET http://127.0.0.1:4444/wd/hub/session/53e5d642-7ba1-45da-a041-2f5072ac88ed/url {"sessionId": "53e5d642-7ba1-45da-a041-2f5072ac88ed"}\nselenium.webdriver.remote.remote_connection: DEBUG: Finished Request\nselenium.webdriver.remote.remote_connection: DEBUG: GET http://127.0.0.1:4444/wd/hub/session/53e5d642-7ba1-45da-a041-2f5072ac88ed/screenshot {"sessionId": "53e5d642-7ba1-45da-a041-2f5072ac88ed"}\nselenium.webdriver.remote.remote_connection: DEBUG: Finished Request\nselenium.webdriver.remote.remote_connection: DEBUG: GET http://127.0.0.1:4444/wd/hub/session/53e5d642-7ba1-45da-a041-2f5072ac88ed/url {"sessionId": "53e5d642-7ba1-45da-a041-2f5072ac88ed"}\nselenium.webdriver.remote.remote_connection: DEBUG: Finished Request\nselenium.webdriver.remote.remote_connection: DEBUG: GET http://127.0.0.1:4444/wd/hub/session/53e5d642-7ba1-45da-a041-2f5072ac88ed/screenshot {"sessionId": "53e5d642-7ba1-45da-a041-2f5072ac88ed"}\nselenium.webdriver.remote.remote_connection: DEBUG: Finished Request\nselenium.webdriver.remote.remote_connection: DEBUG: GET http://127.0.0.1:4444/wd/hub/session/53e5d642-7ba1-45da-a041-2f5072ac88ed/url {"sessionId": "53e5d642-7ba1-45da-a041-2f5072ac88ed"}\nselenium.webdriver.remote.remote_connection: DEBUG: Finished Request\nselenium.webdriver.remote.remote_connection: DEBUG: GET http://127.0.0.1:4444/wd/hub/session/53e5d642-7ba1-45da-a041-2f5072ac88ed/screenshot {"sessionId": "53e5d642-7ba1-45da-a041-2f5072ac88ed"}\nselenium.webdriver.remote.remote_connection: DEBUG: Finished Request\nselenium.webdriver.remote.remote_connection: DEBUG: GET http://127.0.0.1:4444/wd/hub/session/53e5d642-7ba1-45da-a041-2f5072ac88ed/url {"sessionId": "53e5d642-7ba1-45da-a041-2f5072ac88ed"}\nselenium.webdriver.remote.remote_connection: DEBUG: Finished Request\n--------------------- >> end captured logging << ---------------------']]></failure></testcase></testsuite>