<?xml version="1.0" encoding="UTF-8"?><testsuite name="nosetests" tests="3" errors="2" failures="1" skip="0"><testcase classname="wrapping.WrappingTestSuite" name="test_create_basic_new_ios" time="4.787"><error type="selenium.common.exceptions.NoSuchElementException" message="Message: u'Unable to locate element: {&quot;method&quot;:&quot;id&quot;,&quot;selector&quot;:&quot;firstname&quot;}\nCommand duration or timeout: 3.44 seconds\nFor documentation on this error, please visit: http://seleniumhq.org/exceptions/no_such_element.html\nBuild info: version: \'2.41.0\', revision: \'3192d8a\', time: \'2014-03-27 17:17:32\'\nSystem info: host: \'Ethans-MacBook-Pro.local\', ip: \'10.0.1.48\', os.name: \'Mac OS X\', os.arch: \'x86_64\', os.version: \'10.9.3\', java.version: \'1.6.0_65\'\nSession ID: 9856568f-660e-b24b-bf7e-ce630c971722\nDriver info: org.openqa.selenium.firefox.FirefoxDriver\nCapabilities [{platform=MAC, acceptSslCerts=true, javascriptEnabled=true, browserName=firefox, rotatable=false, locationContextEnabled=true, version=29.0.1, cssSelectorsEnabled=true, databaseEnabled=true, handlesAlerts=true, browserConnectionEnabled=true, nativeEvents=false, webStorageEnabled=true, applicationCacheEnabled=true, takesScreenshot=true}]' ; Screenshot: available via screen ; Stacktrace: &#10;    at sun.reflect.NativeConstructorAccessorImpl.newInstance0 (NativeConstructorAccessorImpl.java:-2)&#10;    at sun.reflect.NativeConstructorAccessorImpl.newInstance (NativeConstructorAccessorImpl.java:39)&#10;    at sun.reflect.DelegatingConstructorAccessorImpl.newInstance (DelegatingConstructorAccessorImpl.java:27)&#10;    at java.lang.reflect.Constructor.newInstance (Constructor.java:513)&#10;    at org.openqa.selenium.remote.ErrorHandler.createThrowable (ErrorHandler.java:193)&#10;    at org.openqa.selenium.remote.ErrorHandler.throwIfResponseFailed (ErrorHandler.java:145)&#10;    at org.openqa.selenium.remote.RemoteWebDriver.execute (RemoteWebDriver.java:595)&#10;    at org.openqa.selenium.remote.RemoteWebDriver.findElement (RemoteWebDriver.java:348)&#10;    at org.openqa.selenium.remote.RemoteWebDriver.findElementById (RemoteWebDriver.java:389)&#10;    at org.openqa.selenium.By$ById.findElement (By.java:214)&#10;    at org.openqa.selenium.remote.RemoteWebDriver.findElement (RemoteWebDriver.java:340)&#10;    at sun.reflect.NativeMethodAccessorImpl.invoke0 (NativeMethodAccessorImpl.java:-2)&#10;    at sun.reflect.NativeMethodAccessorImpl.invoke (NativeMethodAccessorImpl.java:39)&#10;    at sun.reflect.DelegatingMethodAccessorImpl.invoke (DelegatingMethodAccessorImpl.java:25)&#10;    at java.lang.reflect.Method.invoke (Method.java:597)&#10;    at org.openqa.selenium.support.events.EventFiringWebDriver$2.invoke (EventFiringWebDriver.java:101)&#10;    at com.sun.proxy.$Proxy2.findElement (None:-1)&#10;    at org.openqa.selenium.support.events.EventFiringWebDriver.findElement (EventFiringWebDriver.java:184)&#10;    at org.openqa.selenium.remote.server.handler.FindElement.call (FindElement.java:47)&#10;    at org.openqa.selenium.remote.server.handler.FindElement.call (FindElement.java:1)&#10;    at java.util.concurrent.FutureTask$Sync.innerRun (FutureTask.java:303)&#10;    at java.util.concurrent.FutureTask.run (FutureTask.java:138)&#10;    at org.openqa.selenium.remote.server.DefaultSession$1.run (DefaultSession.java:170)&#10;    at java.util.concurrent.ThreadPoolExecutor$Worker.runTask (ThreadPoolExecutor.java:895)&#10;    at java.util.concurrent.ThreadPoolExecutor$Worker.run (ThreadPoolExecutor.java:918)&#10;    at java.lang.Thread.run (Thread.java:695) &#10;-------------------- &gt;&gt; begin captured logging &lt;&lt; --------------------&#10;selenium.webdriver.remote.remote_connection: DEBUG: POST http://127.0.0.1:4444/wd/hub/session {&quot;desiredCapabilities&quot;: {&quot;platform&quot;: &quot;ANY&quot;, &quot;browserName&quot;: &quot;firefox&quot;, &quot;version&quot;: &quot;&quot;, &quot;javascriptEnabled&quot;: true}}&#10;selenium.webdriver.remote.remote_connection: DEBUG: Finished Request&#10;selenium.webdriver.remote.remote_connection: DEBUG: POST http://127.0.0.1:4444/wd/hub/session/168ff30f-fde6-4c33-bd45-654dabcd2678/timeouts/implicit_wait {&quot;sessionId&quot;: &quot;168ff30f-fde6-4c33-bd45-654dabcd2678&quot;, &quot;ms&quot;: 5000.0}&#10;selenium.webdriver.remote.remote_connection: DEBUG: Finished Request&#10;selenium.webdriver.remote.remote_connection: DEBUG: POST http://127.0.0.1:4444/wd/hub/session/168ff30f-fde6-4c33-bd45-654dabcd2678/url {&quot;url&quot;: &quot;https://app-staging.crittercism.com/developers/login&quot;, &quot;sessionId&quot;: &quot;168ff30f-fde6-4c33-bd45-654dabcd2678&quot;}&#10;selenium.webdriver.remote.remote_connection: DEBUG: Finished Request&#10;selenium.webdriver.remote.remote_connection: DEBUG: POST http://127.0.0.1:4444/wd/hub/session/168ff30f-fde6-4c33-bd45-654dabcd2678/element {&quot;using&quot;: &quot;id&quot;, &quot;sessionId&quot;: &quot;168ff30f-fde6-4c33-bd45-654dabcd2678&quot;, &quot;value&quot;: &quot;email&quot;}&#10;selenium.webdriver.remote.remote_connection: DEBUG: Finished Request&#10;selenium.webdriver.remote.remote_connection: DEBUG: POST http://127.0.0.1:4444/wd/hub/session/168ff30f-fde6-4c33-bd45-654dabcd2678/element/0/value {&quot;sessionId&quot;: &quot;168ff30f-fde6-4c33-bd45-654dabcd2678&quot;, &quot;id&quot;: &quot;0&quot;, &quot;value&quot;: [&quot;n&quot;, &quot;s&quot;, &quot;o&quot;, &quot;l&quot;, &quot;a&quot;, &quot;i&quot;, &quot;a&quot;, &quot;p&quot;, &quot;p&quot;, &quot;a&quot;, &quot;n&quot;, &quot;@&quot;, &quot;c&quot;, &quot;r&quot;, &quot;i&quot;, &quot;t&quot;, &quot;t&quot;, &quot;e&quot;, &quot;r&quot;, &quot;c&quot;, &quot;i&quot;, &quot;s&quot;, &quot;m&quot;, &quot;.&quot;, &quot;c&quot;, &quot;o&quot;, &quot;m&quot;]}&#10;selenium.webdriver.remote.remote_connection: DEBUG: Finished Request&#10;selenium.webdriver.remote.remote_connection: DEBUG: POST http://127.0.0.1:4444/wd/hub/session/168ff30f-fde6-4c33-bd45-654dabcd2678/element {&quot;using&quot;: &quot;name&quot;, &quot;sessionId&quot;: &quot;168ff30f-fde6-4c33-bd45-654dabcd2678&quot;, &quot;value&quot;: &quot;password&quot;}&#10;selenium.webdriver.remote.remote_connection: DEBUG: Finished Request&#10;selenium.webdriver.remote.remote_connection: DEBUG: POST http://127.0.0.1:4444/wd/hub/session/168ff30f-fde6-4c33-bd45-654dabcd2678/element/1/value {&quot;sessionId&quot;: &quot;168ff30f-fde6-4c33-bd45-654dabcd2678&quot;, &quot;id&quot;: &quot;1&quot;, &quot;value&quot;: [&quot;C&quot;, &quot;r&quot;, &quot;i&quot;, &quot;t&quot;, &quot;P&quot;, &quot;a&quot;, &quot;s&quot;, &quot;s&quot;, &quot;1&quot;, &quot;2&quot;, &quot;3&quot;]}&#10;selenium.webdriver.remote.remote_connection: DEBUG: Finished Request&#10;selenium.webdriver.remote.remote_connection: DEBUG: POST http://127.0.0.1:4444/wd/hub/session/168ff30f-fde6-4c33-bd45-654dabcd2678/element {&quot;using&quot;: &quot;id&quot;, &quot;sessionId&quot;: &quot;168ff30f-fde6-4c33-bd45-654dabcd2678&quot;, &quot;value&quot;: &quot;commit&quot;}&#10;selenium.webdriver.remote.remote_connection: DEBUG: Finished Request&#10;selenium.webdriver.remote.remote_connection: DEBUG: POST http://127.0.0.1:4444/wd/hub/session/168ff30f-fde6-4c33-bd45-654dabcd2678/element/2/submit {&quot;sessionId&quot;: &quot;168ff30f-fde6-4c33-bd45-654dabcd2678&quot;, &quot;id&quot;: &quot;2&quot;}&#10;selenium.webdriver.remote.remote_connection: DEBUG: Finished Request&#10;selenium.webdriver.remote.remote_connection: DEBUG: POST http://127.0.0.1:4444/wd/hub/session/168ff30f-fde6-4c33-bd45-654dabcd2678/url {&quot;url&quot;: &quot;https://app-staging.crittercism.com/developers/logout&quot;, &quot;sessionId&quot;: &quot;168ff30f-fde6-4c33-bd45-654dabcd2678&quot;}&#10;selenium.webdriver.remote.remote_connection: DEBUG: Finished Request&#10;selenium.webdriver.remote.remote_connection: DEBUG: POST http://127.0.0.1:4444/wd/hub/session/168ff30f-fde6-4c33-bd45-654dabcd2678/url {&quot;url&quot;: &quot;https://app-staging.crittercism.com/developers/logout&quot;, &quot;sessionId&quot;: &quot;168ff30f-fde6-4c33-bd45-654dabcd2678&quot;}&#10;selenium.webdriver.remote.remote_connection: DEBUG: Finished Request&#10;selenium.webdriver.remote.remote_connection: DEBUG: POST http://127.0.0.1:4444/wd/hub/session/168ff30f-fde6-4c33-bd45-654dabcd2678/timeouts/implicit_wait {&quot;sessionId&quot;: &quot;168ff30f-fde6-4c33-bd45-654dabcd2678&quot;, &quot;ms&quot;: 3000.0}&#10;selenium.webdriver.remote.remote_connection: DEBUG: Finished Request&#10;selenium.webdriver.remote.remote_connection: DEBUG: POST http://127.0.0.1:4444/wd/hub/session/168ff30f-fde6-4c33-bd45-654dabcd2678/url {&quot;url&quot;: &quot;https://app-staging.crittercism.com/signup?plan=ent&quot;, &quot;sessionId&quot;: &quot;168ff30f-fde6-4c33-bd45-654dabcd2678&quot;}&#10;selenium.webdriver.remote.remote_connection: DEBUG: Finished Request&#10;selenium.webdriver.remote.remote_connection: DEBUG: POST http://127.0.0.1:4444/wd/hub/session/168ff30f-fde6-4c33-bd45-654dabcd2678/element {&quot;using&quot;: &quot;id&quot;, &quot;sessionId&quot;: &quot;168ff30f-fde6-4c33-bd45-654dabcd2678&quot;, &quot;value&quot;: &quot;firstname&quot;}&#10;selenium.webdriver.remote.remote_connection: DEBUG: Finished Request&#10;--------------------- &gt;&gt; end captured logging &lt;&lt; ---------------------"><![CDATA[  File "/Library/Python/2.7/site-packages/unittest2/case.py", line 340, in run
    testMethod()
  File "/Users/egeller/testing/fork/crittercism/tests/wrapping/wrapping.py", line 152, in test_create_basic_new_ios
    self.sign_up_new_account(2)
  File "/Users/egeller/testing/fork/crittercism/tests/wrapping/wrapping.py", line 71, in sign_up_new_account
    self.browser.find_element_by_id("firstname").send_keys("test_user_" + account_types[accnt])
  File "/Library/Python/2.7/site-packages/selenium/webdriver/remote/webdriver.py", line 206, in find_element_by_id
    return self.find_element(by=By.ID, value=id_)
  File "/Library/Python/2.7/site-packages/selenium/webdriver/remote/webdriver.py", line 662, in find_element
    {'using': by, 'value': value})['value']
  File "/Library/Python/2.7/site-packages/selenium/webdriver/remote/webdriver.py", line 173, in execute
    self.error_handler.check_response(response)
  File "/Library/Python/2.7/site-packages/selenium/webdriver/remote/errorhandler.py", line 164, in check_response
    raise exception_class(message, screen, stacktrace)
'Message: u\'Unable to locate element: {"method":"id","selector":"firstname"}\\nCommand duration or timeout: 3.44 seconds\\nFor documentation on this error, please visit: http://seleniumhq.org/exceptions/no_such_element.html\\nBuild info: version: \\\'2.41.0\\\', revision: \\\'3192d8a\\\', time: \\\'2014-03-27 17:17:32\\\'\\nSystem info: host: \\\'Ethans-MacBook-Pro.local\\\', ip: \\\'10.0.1.48\\\', os.name: \\\'Mac OS X\\\', os.arch: \\\'x86_64\\\', os.version: \\\'10.9.3\\\', java.version: \\\'1.6.0_65\\\'\\nSession ID: 9856568f-660e-b24b-bf7e-ce630c971722\\nDriver info: org.openqa.selenium.firefox.FirefoxDriver\\nCapabilities [{platform=MAC, acceptSslCerts=true, javascriptEnabled=true, browserName=firefox, rotatable=false, locationContextEnabled=true, version=29.0.1, cssSelectorsEnabled=true, databaseEnabled=true, handlesAlerts=true, browserConnectionEnabled=true, nativeEvents=false, webStorageEnabled=true, applicationCacheEnabled=true, takesScreenshot=true}]\' ; Screenshot: available via screen ; Stacktrace: \n    at sun.reflect.NativeConstructorAccessorImpl.newInstance0 (NativeConstructorAccessorImpl.java:-2)\n    at sun.reflect.NativeConstructorAccessorImpl.newInstance (NativeConstructorAccessorImpl.java:39)\n    at sun.reflect.DelegatingConstructorAccessorImpl.newInstance (DelegatingConstructorAccessorImpl.java:27)\n    at java.lang.reflect.Constructor.newInstance (Constructor.java:513)\n    at org.openqa.selenium.remote.ErrorHandler.createThrowable (ErrorHandler.java:193)\n    at org.openqa.selenium.remote.ErrorHandler.throwIfResponseFailed (ErrorHandler.java:145)\n    at org.openqa.selenium.remote.RemoteWebDriver.execute (RemoteWebDriver.java:595)\n    at org.openqa.selenium.remote.RemoteWebDriver.findElement (RemoteWebDriver.java:348)\n    at org.openqa.selenium.remote.RemoteWebDriver.findElementById (RemoteWebDriver.java:389)\n    at org.openqa.selenium.By$ById.findElement (By.java:214)\n    at org.openqa.selenium.remote.RemoteWebDriver.findElement (RemoteWebDriver.java:340)\n    at sun.reflect.NativeMethodAccessorImpl.invoke0 (NativeMethodAccessorImpl.java:-2)\n    at sun.reflect.NativeMethodAccessorImpl.invoke (NativeMethodAccessorImpl.java:39)\n    at sun.reflect.DelegatingMethodAccessorImpl.invoke (DelegatingMethodAccessorImpl.java:25)\n    at java.lang.reflect.Method.invoke (Method.java:597)\n    at org.openqa.selenium.support.events.EventFiringWebDriver$2.invoke (EventFiringWebDriver.java:101)\n    at com.sun.proxy.$Proxy2.findElement (None:-1)\n    at org.openqa.selenium.support.events.EventFiringWebDriver.findElement (EventFiringWebDriver.java:184)\n    at org.openqa.selenium.remote.server.handler.FindElement.call (FindElement.java:47)\n    at org.openqa.selenium.remote.server.handler.FindElement.call (FindElement.java:1)\n    at java.util.concurrent.FutureTask$Sync.innerRun (FutureTask.java:303)\n    at java.util.concurrent.FutureTask.run (FutureTask.java:138)\n    at org.openqa.selenium.remote.server.DefaultSession$1.run (DefaultSession.java:170)\n    at java.util.concurrent.ThreadPoolExecutor$Worker.runTask (ThreadPoolExecutor.java:895)\n    at java.util.concurrent.ThreadPoolExecutor$Worker.run (ThreadPoolExecutor.java:918)\n    at java.lang.Thread.run (Thread.java:695) \n-------------------- >> begin captured logging << --------------------\nselenium.webdriver.remote.remote_connection: DEBUG: POST http://127.0.0.1:4444/wd/hub/session {"desiredCapabilities": {"platform": "ANY", "browserName": "firefox", "version": "", "javascriptEnabled": true}}\nselenium.webdriver.remote.remote_connection: DEBUG: Finished Request\nselenium.webdriver.remote.remote_connection: DEBUG: POST http://127.0.0.1:4444/wd/hub/session/168ff30f-fde6-4c33-bd45-654dabcd2678/timeouts/implicit_wait {"sessionId": "168ff30f-fde6-4c33-bd45-654dabcd2678", "ms": 5000.0}\nselenium.webdriver.remote.remote_connection: DEBUG: Finished Request\nselenium.webdriver.remote.remote_connection: DEBUG: POST http://127.0.0.1:4444/wd/hub/session/168ff30f-fde6-4c33-bd45-654dabcd2678/url {"url": "https://app-staging.crittercism.com/developers/login", "sessionId": "168ff30f-fde6-4c33-bd45-654dabcd2678"}\nselenium.webdriver.remote.remote_connection: DEBUG: Finished Request\nselenium.webdriver.remote.remote_connection: DEBUG: POST http://127.0.0.1:4444/wd/hub/session/168ff30f-fde6-4c33-bd45-654dabcd2678/element {"using": "id", "sessionId": "168ff30f-fde6-4c33-bd45-654dabcd2678", "value": "email"}\nselenium.webdriver.remote.remote_connection: DEBUG: Finished Request\nselenium.webdriver.remote.remote_connection: DEBUG: POST http://127.0.0.1:4444/wd/hub/session/168ff30f-fde6-4c33-bd45-654dabcd2678/element/0/value {"sessionId": "168ff30f-fde6-4c33-bd45-654dabcd2678", "id": "0", "value": ["n", "s", "o", "l", "a", "i", "a", "p", "p", "a", "n", "@", "c", "r", "i", "t", "t", "e", "r", "c", "i", "s", "m", ".", "c", "o", "m"]}\nselenium.webdriver.remote.remote_connection: DEBUG: Finished Request\nselenium.webdriver.remote.remote_connection: DEBUG: POST http://127.0.0.1:4444/wd/hub/session/168ff30f-fde6-4c33-bd45-654dabcd2678/element {"using": "name", "sessionId": "168ff30f-fde6-4c33-bd45-654dabcd2678", "value": "password"}\nselenium.webdriver.remote.remote_connection: DEBUG: Finished Request\nselenium.webdriver.remote.remote_connection: DEBUG: POST http://127.0.0.1:4444/wd/hub/session/168ff30f-fde6-4c33-bd45-654dabcd2678/element/1/value {"sessionId": "168ff30f-fde6-4c33-bd45-654dabcd2678", "id": "1", "value": ["C", "r", "i", "t", "P", "a", "s", "s", "1", "2", "3"]}\nselenium.webdriver.remote.remote_connection: DEBUG: Finished Request\nselenium.webdriver.remote.remote_connection: DEBUG: POST http://127.0.0.1:4444/wd/hub/session/168ff30f-fde6-4c33-bd45-654dabcd2678/element {"using": "id", "sessionId": "168ff30f-fde6-4c33-bd45-654dabcd2678", "value": "commit"}\nselenium.webdriver.remote.remote_connection: DEBUG: Finished Request\nselenium.webdriver.remote.remote_connection: DEBUG: POST http://127.0.0.1:4444/wd/hub/session/168ff30f-fde6-4c33-bd45-654dabcd2678/element/2/submit {"sessionId": "168ff30f-fde6-4c33-bd45-654dabcd2678", "id": "2"}\nselenium.webdriver.remote.remote_connection: DEBUG: Finished Request\nselenium.webdriver.remote.remote_connection: DEBUG: POST http://127.0.0.1:4444/wd/hub/session/168ff30f-fde6-4c33-bd45-654dabcd2678/url {"url": "https://app-staging.crittercism.com/developers/logout", "sessionId": "168ff30f-fde6-4c33-bd45-654dabcd2678"}\nselenium.webdriver.remote.remote_connection: DEBUG: Finished Request\nselenium.webdriver.remote.remote_connection: DEBUG: POST http://127.0.0.1:4444/wd/hub/session/168ff30f-fde6-4c33-bd45-654dabcd2678/url {"url": "https://app-staging.crittercism.com/developers/logout", "sessionId": "168ff30f-fde6-4c33-bd45-654dabcd2678"}\nselenium.webdriver.remote.remote_connection: DEBUG: Finished Request\nselenium.webdriver.remote.remote_connection: DEBUG: POST http://127.0.0.1:4444/wd/hub/session/168ff30f-fde6-4c33-bd45-654dabcd2678/timeouts/implicit_wait {"sessionId": "168ff30f-fde6-4c33-bd45-654dabcd2678", "ms": 3000.0}\nselenium.webdriver.remote.remote_connection: DEBUG: Finished Request\nselenium.webdriver.remote.remote_connection: DEBUG: POST http://127.0.0.1:4444/wd/hub/session/168ff30f-fde6-4c33-bd45-654dabcd2678/url {"url": "https://app-staging.crittercism.com/signup?plan=ent", "sessionId": "168ff30f-fde6-4c33-bd45-654dabcd2678"}\nselenium.webdriver.remote.remote_connection: DEBUG: Finished Request\nselenium.webdriver.remote.remote_connection: DEBUG: POST http://127.0.0.1:4444/wd/hub/session/168ff30f-fde6-4c33-bd45-654dabcd2678/element {"using": "id", "sessionId": "168ff30f-fde6-4c33-bd45-654dabcd2678", "value": "firstname"}\nselenium.webdriver.remote.remote_connection: DEBUG: Finished Request\n--------------------- >> end captured logging << ---------------------']]></error></testcase><testcase classname="wrapping.WrappingTestSuite" name="test_ent_new_android" time="23.691"><error type="exceptions.AttributeError" message="'WrappingTestSuite' object has no attribute 'app_ids'&#10;-------------------- &gt;&gt; begin captured logging &lt;&lt; --------------------&#10;selenium.webdriver.remote.remote_connection: DEBUG: POST http://127.0.0.1:4444/wd/hub/session/168ff30f-fde6-4c33-bd45-654dabcd2678/url {&quot;url&quot;: &quot;https://app-staging.crittercism.com/developers/logout&quot;, &quot;sessionId&quot;: &quot;168ff30f-fde6-4c33-bd45-654dabcd2678&quot;}&#10;selenium.webdriver.remote.remote_connection: DEBUG: Finished Request&#10;selenium.webdriver.remote.remote_connection: DEBUG: POST http://127.0.0.1:4444/wd/hub/session/168ff30f-fde6-4c33-bd45-654dabcd2678/url {&quot;url&quot;: &quot;https://app-staging.crittercism.com/developers/logout&quot;, &quot;sessionId&quot;: &quot;168ff30f-fde6-4c33-bd45-654dabcd2678&quot;}&#10;selenium.webdriver.remote.remote_connection: DEBUG: Finished Request&#10;selenium.webdriver.remote.remote_connection: DEBUG: POST http://127.0.0.1:4444/wd/hub/session/168ff30f-fde6-4c33-bd45-654dabcd2678/timeouts/implicit_wait {&quot;sessionId&quot;: &quot;168ff30f-fde6-4c33-bd45-654dabcd2678&quot;, &quot;ms&quot;: 3000.0}&#10;selenium.webdriver.remote.remote_connection: DEBUG: Finished Request&#10;selenium.webdriver.remote.remote_connection: DEBUG: POST http://127.0.0.1:4444/wd/hub/session/168ff30f-fde6-4c33-bd45-654dabcd2678/url {&quot;url&quot;: &quot;https://app-staging.crittercism.com/signup?plan=ent&quot;, &quot;sessionId&quot;: &quot;168ff30f-fde6-4c33-bd45-654dabcd2678&quot;}&#10;selenium.webdriver.remote.remote_connection: DEBUG: Finished Request&#10;selenium.webdriver.remote.remote_connection: DEBUG: POST http://127.0.0.1:4444/wd/hub/session/168ff30f-fde6-4c33-bd45-654dabcd2678/element {&quot;using&quot;: &quot;id&quot;, &quot;sessionId&quot;: &quot;168ff30f-fde6-4c33-bd45-654dabcd2678&quot;, &quot;value&quot;: &quot;firstname&quot;}&#10;selenium.webdriver.remote.remote_connection: DEBUG: Finished Request&#10;selenium.webdriver.remote.remote_connection: DEBUG: POST http://127.0.0.1:4444/wd/hub/session/168ff30f-fde6-4c33-bd45-654dabcd2678/element/3/value {&quot;sessionId&quot;: &quot;168ff30f-fde6-4c33-bd45-654dabcd2678&quot;, &quot;id&quot;: &quot;3&quot;, &quot;value&quot;: [&quot;t&quot;, &quot;e&quot;, &quot;s&quot;, &quot;t&quot;, &quot;_&quot;, &quot;u&quot;, &quot;s&quot;, &quot;e&quot;, &quot;r&quot;, &quot;_&quot;, &quot;e&quot;, &quot;n&quot;, &quot;t&quot;]}&#10;selenium.webdriver.remote.remote_connection: DEBUG: Finished Request&#10;selenium.webdriver.remote.remote_connection: DEBUG: POST http://127.0.0.1:4444/wd/hub/session/168ff30f-fde6-4c33-bd45-654dabcd2678/element {&quot;using&quot;: &quot;id&quot;, &quot;sessionId&quot;: &quot;168ff30f-fde6-4c33-bd45-654dabcd2678&quot;, &quot;value&quot;: &quot;lastname&quot;}&#10;selenium.webdriver.remote.remote_connection: DEBUG: Finished Request&#10;selenium.webdriver.remote.remote_connection: DEBUG: POST http://127.0.0.1:4444/wd/hub/session/168ff30f-fde6-4c33-bd45-654dabcd2678/element/4/value {&quot;sessionId&quot;: &quot;168ff30f-fde6-4c33-bd45-654dabcd2678&quot;, &quot;id&quot;: &quot;4&quot;, &quot;value&quot;: [&quot;c&quot;, &quot;r&quot;, &quot;i&quot;, &quot;t&quot;, &quot;t&quot;, &quot;e&quot;, &quot;r&quot;, &quot;c&quot;, &quot;i&quot;, &quot;s&quot;, &quot;m&quot;]}&#10;selenium.webdriver.remote.remote_connection: DEBUG: Finished Request&#10;selenium.webdriver.remote.remote_connection: DEBUG: POST http://127.0.0.1:4444/wd/hub/session/168ff30f-fde6-4c33-bd45-654dabcd2678/element {&quot;using&quot;: &quot;id&quot;, &quot;sessionId&quot;: &quot;168ff30f-fde6-4c33-bd45-654dabcd2678&quot;, &quot;value&quot;: &quot;company&quot;}&#10;selenium.webdriver.remote.remote_connection: DEBUG: Finished Request&#10;selenium.webdriver.remote.remote_connection: DEBUG: POST http://127.0.0.1:4444/wd/hub/session/168ff30f-fde6-4c33-bd45-654dabcd2678/element/5/value {&quot;sessionId&quot;: &quot;168ff30f-fde6-4c33-bd45-654dabcd2678&quot;, &quot;id&quot;: &quot;5&quot;, &quot;value&quot;: [&quot;c&quot;, &quot;r&quot;, &quot;i&quot;, &quot;t&quot;, &quot;t&quot;, &quot;e&quot;, &quot;r&quot;, &quot;c&quot;, &quot;i&quot;, &quot;s&quot;, &quot;m&quot;]}&#10;selenium.webdriver.remote.remote_connection: DEBUG: Finished Request&#10;selenium.webdriver.remote.remote_connection: DEBUG: POST http://127.0.0.1:4444/wd/hub/session/168ff30f-fde6-4c33-bd45-654dabcd2678/element {&quot;using&quot;: &quot;id&quot;, &quot;sessionId&quot;: &quot;168ff30f-fde6-4c33-bd45-654dabcd2678&quot;, &quot;value&quot;: &quot;phone&quot;}&#10;selenium.webdriver.remote.remote_connection: DEBUG: Finished Request&#10;selenium.webdriver.remote.remote_connection: DEBUG: POST http://127.0.0.1:4444/wd/hub/session/168ff30f-fde6-4c33-bd45-654dabcd2678/element/6/value {&quot;sessionId&quot;: &quot;168ff30f-fde6-4c33-bd45-654dabcd2678&quot;, &quot;id&quot;: &quot;6&quot;, &quot;value&quot;: [&quot;1&quot;, &quot;2&quot;, &quot;3&quot;, &quot;-&quot;, &quot;4&quot;, &quot;5&quot;, &quot;6&quot;, &quot;-&quot;, &quot;7&quot;, &quot;8&quot;, &quot;9&quot;, &quot;0&quot;]}&#10;selenium.webdriver.remote.remote_connection: DEBUG: Finished Request&#10;selenium.webdriver.remote.remote_connection: DEBUG: POST http://127.0.0.1:4444/wd/hub/session/168ff30f-fde6-4c33-bd45-654dabcd2678/element {&quot;using&quot;: &quot;id&quot;, &quot;sessionId&quot;: &quot;168ff30f-fde6-4c33-bd45-654dabcd2678&quot;, &quot;value&quot;: &quot;email&quot;}&#10;selenium.webdriver.remote.remote_connection: DEBUG: Finished Request&#10;selenium.webdriver.remote.remote_connection: DEBUG: POST http://127.0.0.1:4444/wd/hub/session/168ff30f-fde6-4c33-bd45-654dabcd2678/element/7/value {&quot;sessionId&quot;: &quot;168ff30f-fde6-4c33-bd45-654dabcd2678&quot;, &quot;id&quot;: &quot;7&quot;, &quot;value&quot;: [&quot;c&quot;, &quot;r&quot;, &quot;i&quot;, &quot;t&quot;, &quot;t&quot;, &quot;e&quot;, &quot;r&quot;, &quot;c&quot;, &quot;i&quot;, &quot;s&quot;, &quot;m&quot;, &quot;.&quot;, &quot;e&quot;, &quot;n&quot;, &quot;g&quot;, &quot;g&quot;, &quot;0&quot;, &quot;.&quot;, &quot;1&quot;, &quot;7&quot;, &quot;1&quot;, &quot;7&quot;, &quot;0&quot;, &quot;7&quot;, &quot;1&quot;, &quot;4&quot;, &quot;2&quot;, &quot;4&quot;, &quot;8&quot;, &quot;7&quot;, &quot;@&quot;, &quot;y&quot;, &quot;a&quot;, &quot;h&quot;, &quot;o&quot;, &quot;o&quot;, &quot;.&quot;, &quot;c&quot;, &quot;o&quot;, &quot;m&quot;]}&#10;selenium.webdriver.remote.remote_connection: DEBUG: Finished Request&#10;selenium.webdriver.remote.remote_connection: DEBUG: POST http://127.0.0.1:4444/wd/hub/session/168ff30f-fde6-4c33-bd45-654dabcd2678/element {&quot;using&quot;: &quot;id&quot;, &quot;sessionId&quot;: &quot;168ff30f-fde6-4c33-bd45-654dabcd2678&quot;, &quot;value&quot;: &quot;password&quot;}&#10;selenium.webdriver.remote.remote_connection: DEBUG: Finished Request&#10;selenium.webdriver.remote.remote_connection: DEBUG: POST http://127.0.0.1:4444/wd/hub/session/168ff30f-fde6-4c33-bd45-654dabcd2678/element/8/value {&quot;sessionId&quot;: &quot;168ff30f-fde6-4c33-bd45-654dabcd2678&quot;, &quot;id&quot;: &quot;8&quot;, &quot;value&quot;: [&quot;C&quot;, &quot;r&quot;, &quot;i&quot;, &quot;t&quot;, &quot;P&quot;, &quot;a&quot;, &quot;s&quot;, &quot;s&quot;, &quot;1&quot;, &quot;2&quot;, &quot;3&quot;]}&#10;selenium.webdriver.remote.remote_connection: DEBUG: Finished Request&#10;selenium.webdriver.remote.remote_connection: DEBUG: POST http://127.0.0.1:4444/wd/hub/session/168ff30f-fde6-4c33-bd45-654dabcd2678/element {&quot;using&quot;: &quot;xpath&quot;, &quot;sessionId&quot;: &quot;168ff30f-fde6-4c33-bd45-654dabcd2678&quot;, &quot;value&quot;: &quot;//*[contains(@class,'grid_8 push_2')]&quot;}&#10;selenium.webdriver.remote.remote_connection: DEBUG: Finished Request&#10;selenium.webdriver.remote.remote_connection: DEBUG: POST http://127.0.0.1:4444/wd/hub/session/168ff30f-fde6-4c33-bd45-654dabcd2678/element/9/submit {&quot;sessionId&quot;: &quot;168ff30f-fde6-4c33-bd45-654dabcd2678&quot;, &quot;id&quot;: &quot;9&quot;}&#10;selenium.webdriver.remote.remote_connection: DEBUG: Finished Request&#10;selenium.webdriver.remote.remote_connection: DEBUG: GET http://127.0.0.1:4444/wd/hub/session/168ff30f-fde6-4c33-bd45-654dabcd2678/url {&quot;sessionId&quot;: &quot;168ff30f-fde6-4c33-bd45-654dabcd2678&quot;}&#10;selenium.webdriver.remote.remote_connection: DEBUG: Finished Request&#10;selenium.webdriver.remote.remote_connection: DEBUG: POST http://127.0.0.1:4444/wd/hub/session/168ff30f-fde6-4c33-bd45-654dabcd2678/elements {&quot;using&quot;: &quot;xpath&quot;, &quot;sessionId&quot;: &quot;168ff30f-fde6-4c33-bd45-654dabcd2678&quot;, &quot;value&quot;: &quot;//*[contains(text(),\&quot;Well, this is embarrassing - you found a broken link.\&quot;)]&quot;}&#10;selenium.webdriver.remote.remote_connection: DEBUG: Finished Request&#10;selenium.webdriver.remote.remote_connection: DEBUG: POST http://127.0.0.1:4444/wd/hub/session/168ff30f-fde6-4c33-bd45-654dabcd2678/url {&quot;url&quot;: &quot;https://app-staging.crittercism.com/developers/register-application&quot;, &quot;sessionId&quot;: &quot;168ff30f-fde6-4c33-bd45-654dabcd2678&quot;}&#10;selenium.webdriver.remote.remote_connection: DEBUG: Finished Request&#10;selenium.webdriver.remote.remote_connection: DEBUG: POST http://127.0.0.1:4444/wd/hub/session/168ff30f-fde6-4c33-bd45-654dabcd2678/element {&quot;using&quot;: &quot;xpath&quot;, &quot;sessionId&quot;: &quot;168ff30f-fde6-4c33-bd45-654dabcd2678&quot;, &quot;value&quot;: &quot;//label[@for=\&quot;platform-android\&quot;]&quot;}&#10;selenium.webdriver.remote.remote_connection: DEBUG: Finished Request&#10;selenium.webdriver.remote.remote_connection: DEBUG: POST http://127.0.0.1:4444/wd/hub/session/168ff30f-fde6-4c33-bd45-654dabcd2678/element/10/click {&quot;sessionId&quot;: &quot;168ff30f-fde6-4c33-bd45-654dabcd2678&quot;, &quot;id&quot;: &quot;10&quot;}&#10;selenium.webdriver.remote.remote_connection: DEBUG: Finished Request&#10;selenium.webdriver.remote.remote_connection: DEBUG: GET http://127.0.0.1:4444/wd/hub/session/168ff30f-fde6-4c33-bd45-654dabcd2678/url {&quot;sessionId&quot;: &quot;168ff30f-fde6-4c33-bd45-654dabcd2678&quot;}&#10;selenium.webdriver.remote.remote_connection: DEBUG: Finished Request&#10;selenium.webdriver.remote.remote_connection: DEBUG: POST http://127.0.0.1:4444/wd/hub/session/168ff30f-fde6-4c33-bd45-654dabcd2678/elements {&quot;using&quot;: &quot;xpath&quot;, &quot;sessionId&quot;: &quot;168ff30f-fde6-4c33-bd45-654dabcd2678&quot;, &quot;value&quot;: &quot;//*[contains(text(),\&quot;Well, this is embarrassing - you found a broken link.\&quot;)]&quot;}&#10;selenium.webdriver.remote.remote_connection: DEBUG: Finished Request&#10;selenium.webdriver.remote.remote_connection: DEBUG: POST http://127.0.0.1:4444/wd/hub/session/168ff30f-fde6-4c33-bd45-654dabcd2678/element {&quot;using&quot;: &quot;xpath&quot;, &quot;sessionId&quot;: &quot;168ff30f-fde6-4c33-bd45-654dabcd2678&quot;, &quot;value&quot;: &quot;//label[@for=\&quot;platform-android\&quot;]&quot;}&#10;selenium.webdriver.remote.remote_connection: DEBUG: Finished Request&#10;selenium.webdriver.remote.remote_connection: DEBUG: POST http://127.0.0.1:4444/wd/hub/session/168ff30f-fde6-4c33-bd45-654dabcd2678/element/10/click {&quot;sessionId&quot;: &quot;168ff30f-fde6-4c33-bd45-654dabcd2678&quot;, &quot;id&quot;: &quot;10&quot;}&#10;selenium.webdriver.remote.remote_connection: DEBUG: Finished Request&#10;selenium.webdriver.remote.remote_connection: DEBUG: GET http://127.0.0.1:4444/wd/hub/session/168ff30f-fde6-4c33-bd45-654dabcd2678/url {&quot;sessionId&quot;: &quot;168ff30f-fde6-4c33-bd45-654dabcd2678&quot;}&#10;selenium.webdriver.remote.remote_connection: DEBUG: Finished Request&#10;selenium.webdriver.remote.remote_connection: DEBUG: POST http://127.0.0.1:4444/wd/hub/session/168ff30f-fde6-4c33-bd45-654dabcd2678/elements {&quot;using&quot;: &quot;xpath&quot;, &quot;sessionId&quot;: &quot;168ff30f-fde6-4c33-bd45-654dabcd2678&quot;, &quot;value&quot;: &quot;//*[contains(text(),\&quot;Well, this is embarrassing - you found a broken link.\&quot;)]&quot;}&#10;selenium.webdriver.remote.remote_connection: DEBUG: Finished Request&#10;selenium.webdriver.remote.remote_connection: DEBUG: POST http://127.0.0.1:4444/wd/hub/session/168ff30f-fde6-4c33-bd45-654dabcd2678/element {&quot;using&quot;: &quot;id&quot;, &quot;sessionId&quot;: &quot;168ff30f-fde6-4c33-bd45-654dabcd2678&quot;, &quot;value&quot;: &quot;app-name&quot;}&#10;selenium.webdriver.remote.remote_connection: DEBUG: Finished Request&#10;selenium.webdriver.remote.remote_connection: DEBUG: POST http://127.0.0.1:4444/wd/hub/session/168ff30f-fde6-4c33-bd45-654dabcd2678/element/11/value {&quot;sessionId&quot;: &quot;168ff30f-fde6-4c33-bd45-654dabcd2678&quot;, &quot;id&quot;: &quot;11&quot;, &quot;value&quot;: [&quot;A&quot;, &quot;N&quot;, &quot;D&quot;, &quot;R&quot;, &quot;D&quot;, &quot;-&quot;, &quot;0&quot;, &quot;.&quot;, &quot;2&quot;, &quot;8&quot;, &quot;4&quot;, &quot;5&quot;, &quot;2&quot;, &quot;7&quot;, &quot;4&quot;, &quot;5&quot;, &quot;9&quot;, &quot;6&quot;, &quot;3&quot;, &quot;6&quot;]}&#10;selenium.webdriver.remote.remote_connection: DEBUG: Finished Request&#10;selenium.webdriver.remote.remote_connection: DEBUG: POST http://127.0.0.1:4444/wd/hub/session/168ff30f-fde6-4c33-bd45-654dabcd2678/element {&quot;using&quot;: &quot;id&quot;, &quot;sessionId&quot;: &quot;168ff30f-fde6-4c33-bd45-654dabcd2678&quot;, &quot;value&quot;: &quot;commit&quot;}&#10;selenium.webdriver.remote.remote_connection: DEBUG: Finished Request&#10;selenium.webdriver.remote.remote_connection: DEBUG: POST http://127.0.0.1:4444/wd/hub/session/168ff30f-fde6-4c33-bd45-654dabcd2678/element/12/submit {&quot;sessionId&quot;: &quot;168ff30f-fde6-4c33-bd45-654dabcd2678&quot;, &quot;id&quot;: &quot;12&quot;}&#10;selenium.webdriver.remote.remote_connection: DEBUG: Finished Request&#10;selenium.webdriver.remote.remote_connection: DEBUG: GET http://127.0.0.1:4444/wd/hub/session/168ff30f-fde6-4c33-bd45-654dabcd2678/url {&quot;sessionId&quot;: &quot;168ff30f-fde6-4c33-bd45-654dabcd2678&quot;}&#10;selenium.webdriver.remote.remote_connection: DEBUG: Finished Request&#10;selenium.webdriver.remote.remote_connection: DEBUG: POST http://127.0.0.1:4444/wd/hub/session/168ff30f-fde6-4c33-bd45-654dabcd2678/elements {&quot;using&quot;: &quot;xpath&quot;, &quot;sessionId&quot;: &quot;168ff30f-fde6-4c33-bd45-654dabcd2678&quot;, &quot;value&quot;: &quot;//*[contains(text(),\&quot;Well, this is embarrassing - you found a broken link.\&quot;)]&quot;}&#10;selenium.webdriver.remote.remote_connection: DEBUG: Finished Request&#10;selenium.webdriver.remote.remote_connection: DEBUG: GET http://127.0.0.1:4444/wd/hub/session/168ff30f-fde6-4c33-bd45-654dabcd2678/url {&quot;sessionId&quot;: &quot;168ff30f-fde6-4c33-bd45-654dabcd2678&quot;}&#10;selenium.webdriver.remote.remote_connection: DEBUG: Finished Request&#10;selenium.webdriver.remote.remote_connection: DEBUG: POST http://127.0.0.1:4444/wd/hub/session/168ff30f-fde6-4c33-bd45-654dabcd2678/url {&quot;url&quot;: &quot;https://app-staging.crittercism.com/developers&quot;, &quot;sessionId&quot;: &quot;168ff30f-fde6-4c33-bd45-654dabcd2678&quot;}&#10;selenium.webdriver.remote.remote_connection: DEBUG: Finished Request&#10;selenium.webdriver.remote.remote_connection: DEBUG: POST http://127.0.0.1:4444/wd/hub/session/168ff30f-fde6-4c33-bd45-654dabcd2678/element {&quot;using&quot;: &quot;id&quot;, &quot;sessionId&quot;: &quot;168ff30f-fde6-4c33-bd45-654dabcd2678&quot;, &quot;value&quot;: &quot;app-table&quot;}&#10;selenium.webdriver.remote.remote_connection: DEBUG: Finished Request&#10;selenium.webdriver.remote.remote_connection: DEBUG: POST http://127.0.0.1:4444/wd/hub/session/168ff30f-fde6-4c33-bd45-654dabcd2678/element/13/elements {&quot;using&quot;: &quot;xpath&quot;, &quot;sessionId&quot;: &quot;168ff30f-fde6-4c33-bd45-654dabcd2678&quot;, &quot;id&quot;: &quot;13&quot;, &quot;value&quot;: &quot;//*[@id=\&quot;app-table\&quot;]/tbody/*/td[2]/a[contains(text(),\&quot;ANDRD-0.284527459636\&quot;)]&quot;}&#10;selenium.webdriver.remote.remote_connection: DEBUG: Finished Request&#10;selenium.webdriver.remote.remote_connection: DEBUG: GET http://127.0.0.1:4444/wd/hub/session/168ff30f-fde6-4c33-bd45-654dabcd2678/element/14/attribute/href {&quot;sessionId&quot;: &quot;168ff30f-fde6-4c33-bd45-654dabcd2678&quot;, &quot;name&quot;: &quot;href&quot;, &quot;id&quot;: &quot;14&quot;}&#10;selenium.webdriver.remote.remote_connection: DEBUG: Finished Request&#10;selenium.webdriver.remote.remote_connection: DEBUG: POST http://127.0.0.1:4444/wd/hub/session/168ff30f-fde6-4c33-bd45-654dabcd2678/url {&quot;url&quot;: &quot;https://app-staging.crittercism.com/developers/wrapping/538f5e3734bc127cf1000012&quot;, &quot;sessionId&quot;: &quot;168ff30f-fde6-4c33-bd45-654dabcd2678&quot;}&#10;selenium.webdriver.remote.remote_connection: DEBUG: Finished Request&#10;selenium.webdriver.remote.remote_connection: DEBUG: POST http://127.0.0.1:4444/wd/hub/session/168ff30f-fde6-4c33-bd45-654dabcd2678/timeouts/implicit_wait {&quot;sessionId&quot;: &quot;168ff30f-fde6-4c33-bd45-654dabcd2678&quot;, &quot;ms&quot;: 2000.0}&#10;selenium.webdriver.remote.remote_connection: DEBUG: Finished Request&#10;selenium.webdriver.remote.remote_connection: DEBUG: GET http://127.0.0.1:4444/wd/hub/session/168ff30f-fde6-4c33-bd45-654dabcd2678/url {&quot;sessionId&quot;: &quot;168ff30f-fde6-4c33-bd45-654dabcd2678&quot;}&#10;selenium.webdriver.remote.remote_connection: DEBUG: Finished Request&#10;--------------------- &gt;&gt; end captured logging &lt;&lt; ---------------------"><![CDATA[  File "/Library/Python/2.7/site-packages/unittest2/case.py", line 340, in run
    testMethod()
  File "/Users/egeller/testing/fork/crittercism/tests/wrapping/wrapping.py", line 177, in test_ent_new_android
    team.delete_app_given_ids(browser=self.browser, app_ids=self.app_ids)
'\'WrappingTestSuite\' object has no attribute \'app_ids\'\n-------------------- >> begin captured logging << --------------------\nselenium.webdriver.remote.remote_connection: DEBUG: POST http://127.0.0.1:4444/wd/hub/session/168ff30f-fde6-4c33-bd45-654dabcd2678/url {"url": "https://app-staging.crittercism.com/developers/logout", "sessionId": "168ff30f-fde6-4c33-bd45-654dabcd2678"}\nselenium.webdriver.remote.remote_connection: DEBUG: Finished Request\nselenium.webdriver.remote.remote_connection: DEBUG: POST http://127.0.0.1:4444/wd/hub/session/168ff30f-fde6-4c33-bd45-654dabcd2678/url {"url": "https://app-staging.crittercism.com/developers/logout", "sessionId": "168ff30f-fde6-4c33-bd45-654dabcd2678"}\nselenium.webdriver.remote.remote_connection: DEBUG: Finished Request\nselenium.webdriver.remote.remote_connection: DEBUG: POST http://127.0.0.1:4444/wd/hub/session/168ff30f-fde6-4c33-bd45-654dabcd2678/timeouts/implicit_wait {"sessionId": "168ff30f-fde6-4c33-bd45-654dabcd2678", "ms": 3000.0}\nselenium.webdriver.remote.remote_connection: DEBUG: Finished Request\nselenium.webdriver.remote.remote_connection: DEBUG: POST http://127.0.0.1:4444/wd/hub/session/168ff30f-fde6-4c33-bd45-654dabcd2678/url {"url": "https://app-staging.crittercism.com/signup?plan=ent", "sessionId": "168ff30f-fde6-4c33-bd45-654dabcd2678"}\nselenium.webdriver.remote.remote_connection: DEBUG: Finished Request\nselenium.webdriver.remote.remote_connection: DEBUG: POST http://127.0.0.1:4444/wd/hub/session/168ff30f-fde6-4c33-bd45-654dabcd2678/element {"using": "id", "sessionId": "168ff30f-fde6-4c33-bd45-654dabcd2678", "value": "firstname"}\nselenium.webdriver.remote.remote_connection: DEBUG: Finished Request\nselenium.webdriver.remote.remote_connection: DEBUG: POST http://127.0.0.1:4444/wd/hub/session/168ff30f-fde6-4c33-bd45-654dabcd2678/element/3/value {"sessionId": "168ff30f-fde6-4c33-bd45-654dabcd2678", "id": "3", "value": ["t", "e", "s", "t", "_", "u", "s", "e", "r", "_", "e", "n", "t"]}\nselenium.webdriver.remote.remote_connection: DEBUG: Finished Request\nselenium.webdriver.remote.remote_connection: DEBUG: POST http://127.0.0.1:4444/wd/hub/session/168ff30f-fde6-4c33-bd45-654dabcd2678/element {"using": "id", "sessionId": "168ff30f-fde6-4c33-bd45-654dabcd2678", "value": "lastname"}\nselenium.webdriver.remote.remote_connection: DEBUG: Finished Request\nselenium.webdriver.remote.remote_connection: DEBUG: POST http://127.0.0.1:4444/wd/hub/session/168ff30f-fde6-4c33-bd45-654dabcd2678/element/4/value {"sessionId": "168ff30f-fde6-4c33-bd45-654dabcd2678", "id": "4", "value": ["c", "r", "i", "t", "t", "e", "r", "c", "i", "s", "m"]}\nselenium.webdriver.remote.remote_connection: DEBUG: Finished Request\nselenium.webdriver.remote.remote_connection: DEBUG: POST http://127.0.0.1:4444/wd/hub/session/168ff30f-fde6-4c33-bd45-654dabcd2678/element {"using": "id", "sessionId": "168ff30f-fde6-4c33-bd45-654dabcd2678", "value": "company"}\nselenium.webdriver.remote.remote_connection: DEBUG: Finished Request\nselenium.webdriver.remote.remote_connection: DEBUG: POST http://127.0.0.1:4444/wd/hub/session/168ff30f-fde6-4c33-bd45-654dabcd2678/element/5/value {"sessionId": "168ff30f-fde6-4c33-bd45-654dabcd2678", "id": "5", "value": ["c", "r", "i", "t", "t", "e", "r", "c", "i", "s", "m"]}\nselenium.webdriver.remote.remote_connection: DEBUG: Finished Request\nselenium.webdriver.remote.remote_connection: DEBUG: POST http://127.0.0.1:4444/wd/hub/session/168ff30f-fde6-4c33-bd45-654dabcd2678/element {"using": "id", "sessionId": "168ff30f-fde6-4c33-bd45-654dabcd2678", "value": "phone"}\nselenium.webdriver.remote.remote_connection: DEBUG: Finished Request\nselenium.webdriver.remote.remote_connection: DEBUG: POST http://127.0.0.1:4444/wd/hub/session/168ff30f-fde6-4c33-bd45-654dabcd2678/element/6/value {"sessionId": "168ff30f-fde6-4c33-bd45-654dabcd2678", "id": "6", "value": ["1", "2", "3", "-", "4", "5", "6", "-", "7", "8", "9", "0"]}\nselenium.webdriver.remote.remote_connection: DEBUG: Finished Request\nselenium.webdriver.remote.remote_connection: DEBUG: POST http://127.0.0.1:4444/wd/hub/session/168ff30f-fde6-4c33-bd45-654dabcd2678/element {"using": "id", "sessionId": "168ff30f-fde6-4c33-bd45-654dabcd2678", "value": "email"}\nselenium.webdriver.remote.remote_connection: DEBUG: Finished Request\nselenium.webdriver.remote.remote_connection: DEBUG: POST http://127.0.0.1:4444/wd/hub/session/168ff30f-fde6-4c33-bd45-654dabcd2678/element/7/value {"sessionId": "168ff30f-fde6-4c33-bd45-654dabcd2678", "id": "7", "value": ["c", "r", "i", "t", "t", "e", "r", "c", "i", "s", "m", ".", "e", "n", "g", "g", "0", ".", "1", "7", "1", "7", "0", "7", "1", "4", "2", "4", "8", "7", "@", "y", "a", "h", "o", "o", ".", "c", "o", "m"]}\nselenium.webdriver.remote.remote_connection: DEBUG: Finished Request\nselenium.webdriver.remote.remote_connection: DEBUG: POST http://127.0.0.1:4444/wd/hub/session/168ff30f-fde6-4c33-bd45-654dabcd2678/element {"using": "id", "sessionId": "168ff30f-fde6-4c33-bd45-654dabcd2678", "value": "password"}\nselenium.webdriver.remote.remote_connection: DEBUG: Finished Request\nselenium.webdriver.remote.remote_connection: DEBUG: POST http://127.0.0.1:4444/wd/hub/session/168ff30f-fde6-4c33-bd45-654dabcd2678/element/8/value {"sessionId": "168ff30f-fde6-4c33-bd45-654dabcd2678", "id": "8", "value": ["C", "r", "i", "t", "P", "a", "s", "s", "1", "2", "3"]}\nselenium.webdriver.remote.remote_connection: DEBUG: Finished Request\nselenium.webdriver.remote.remote_connection: DEBUG: POST http://127.0.0.1:4444/wd/hub/session/168ff30f-fde6-4c33-bd45-654dabcd2678/element {"using": "xpath", "sessionId": "168ff30f-fde6-4c33-bd45-654dabcd2678", "value": "//*[contains(@class,\'grid_8 push_2\')]"}\nselenium.webdriver.remote.remote_connection: DEBUG: Finished Request\nselenium.webdriver.remote.remote_connection: DEBUG: POST http://127.0.0.1:4444/wd/hub/session/168ff30f-fde6-4c33-bd45-654dabcd2678/element/9/submit {"sessionId": "168ff30f-fde6-4c33-bd45-654dabcd2678", "id": "9"}\nselenium.webdriver.remote.remote_connection: DEBUG: Finished Request\nselenium.webdriver.remote.remote_connection: DEBUG: GET http://127.0.0.1:4444/wd/hub/session/168ff30f-fde6-4c33-bd45-654dabcd2678/url {"sessionId": "168ff30f-fde6-4c33-bd45-654dabcd2678"}\nselenium.webdriver.remote.remote_connection: DEBUG: Finished Request\nselenium.webdriver.remote.remote_connection: DEBUG: POST http://127.0.0.1:4444/wd/hub/session/168ff30f-fde6-4c33-bd45-654dabcd2678/elements {"using": "xpath", "sessionId": "168ff30f-fde6-4c33-bd45-654dabcd2678", "value": "//*[contains(text(),\\"Well, this is embarrassing - you found a broken link.\\")]"}\nselenium.webdriver.remote.remote_connection: DEBUG: Finished Request\nselenium.webdriver.remote.remote_connection: DEBUG: POST http://127.0.0.1:4444/wd/hub/session/168ff30f-fde6-4c33-bd45-654dabcd2678/url {"url": "https://app-staging.crittercism.com/developers/register-application", "sessionId": "168ff30f-fde6-4c33-bd45-654dabcd2678"}\nselenium.webdriver.remote.remote_connection: DEBUG: Finished Request\nselenium.webdriver.remote.remote_connection: DEBUG: POST http://127.0.0.1:4444/wd/hub/session/168ff30f-fde6-4c33-bd45-654dabcd2678/element {"using": "xpath", "sessionId": "168ff30f-fde6-4c33-bd45-654dabcd2678", "value": "//label[@for=\\"platform-android\\"]"}\nselenium.webdriver.remote.remote_connection: DEBUG: Finished Request\nselenium.webdriver.remote.remote_connection: DEBUG: POST http://127.0.0.1:4444/wd/hub/session/168ff30f-fde6-4c33-bd45-654dabcd2678/element/10/click {"sessionId": "168ff30f-fde6-4c33-bd45-654dabcd2678", "id": "10"}\nselenium.webdriver.remote.remote_connection: DEBUG: Finished Request\nselenium.webdriver.remote.remote_connection: DEBUG: GET http://127.0.0.1:4444/wd/hub/session/168ff30f-fde6-4c33-bd45-654dabcd2678/url {"sessionId": "168ff30f-fde6-4c33-bd45-654dabcd2678"}\nselenium.webdriver.remote.remote_connection: DEBUG: Finished Request\nselenium.webdriver.remote.remote_connection: DEBUG: POST http://127.0.0.1:4444/wd/hub/session/168ff30f-fde6-4c33-bd45-654dabcd2678/elements {"using": "xpath", "sessionId": "168ff30f-fde6-4c33-bd45-654dabcd2678", "value": "//*[contains(text(),\\"Well, this is embarrassing - you found a broken link.\\")]"}\nselenium.webdriver.remote.remote_connection: DEBUG: Finished Request\nselenium.webdriver.remote.remote_connection: DEBUG: POST http://127.0.0.1:4444/wd/hub/session/168ff30f-fde6-4c33-bd45-654dabcd2678/element {"using": "xpath", "sessionId": "168ff30f-fde6-4c33-bd45-654dabcd2678", "value": "//label[@for=\\"platform-android\\"]"}\nselenium.webdriver.remote.remote_connection: DEBUG: Finished Request\nselenium.webdriver.remote.remote_connection: DEBUG: POST http://127.0.0.1:4444/wd/hub/session/168ff30f-fde6-4c33-bd45-654dabcd2678/element/10/click {"sessionId": "168ff30f-fde6-4c33-bd45-654dabcd2678", "id": "10"}\nselenium.webdriver.remote.remote_connection: DEBUG: Finished Request\nselenium.webdriver.remote.remote_connection: DEBUG: GET http://127.0.0.1:4444/wd/hub/session/168ff30f-fde6-4c33-bd45-654dabcd2678/url {"sessionId": "168ff30f-fde6-4c33-bd45-654dabcd2678"}\nselenium.webdriver.remote.remote_connection: DEBUG: Finished Request\nselenium.webdriver.remote.remote_connection: DEBUG: POST http://127.0.0.1:4444/wd/hub/session/168ff30f-fde6-4c33-bd45-654dabcd2678/elements {"using": "xpath", "sessionId": "168ff30f-fde6-4c33-bd45-654dabcd2678", "value": "//*[contains(text(),\\"Well, this is embarrassing - you found a broken link.\\")]"}\nselenium.webdriver.remote.remote_connection: DEBUG: Finished Request\nselenium.webdriver.remote.remote_connection: DEBUG: POST http://127.0.0.1:4444/wd/hub/session/168ff30f-fde6-4c33-bd45-654dabcd2678/element {"using": "id", "sessionId": "168ff30f-fde6-4c33-bd45-654dabcd2678", "value": "app-name"}\nselenium.webdriver.remote.remote_connection: DEBUG: Finished Request\nselenium.webdriver.remote.remote_connection: DEBUG: POST http://127.0.0.1:4444/wd/hub/session/168ff30f-fde6-4c33-bd45-654dabcd2678/element/11/value {"sessionId": "168ff30f-fde6-4c33-bd45-654dabcd2678", "id": "11", "value": ["A", "N", "D", "R", "D", "-", "0", ".", "2", "8", "4", "5", "2", "7", "4", "5", "9", "6", "3", "6"]}\nselenium.webdriver.remote.remote_connection: DEBUG: Finished Request\nselenium.webdriver.remote.remote_connection: DEBUG: POST http://127.0.0.1:4444/wd/hub/session/168ff30f-fde6-4c33-bd45-654dabcd2678/element {"using": "id", "sessionId": "168ff30f-fde6-4c33-bd45-654dabcd2678", "value": "commit"}\nselenium.webdriver.remote.remote_connection: DEBUG: Finished Request\nselenium.webdriver.remote.remote_connection: DEBUG: POST http://127.0.0.1:4444/wd/hub/session/168ff30f-fde6-4c33-bd45-654dabcd2678/element/12/submit {"sessionId": "168ff30f-fde6-4c33-bd45-654dabcd2678", "id": "12"}\nselenium.webdriver.remote.remote_connection: DEBUG: Finished Request\nselenium.webdriver.remote.remote_connection: DEBUG: GET http://127.0.0.1:4444/wd/hub/session/168ff30f-fde6-4c33-bd45-654dabcd2678/url {"sessionId": "168ff30f-fde6-4c33-bd45-654dabcd2678"}\nselenium.webdriver.remote.remote_connection: DEBUG: Finished Request\nselenium.webdriver.remote.remote_connection: DEBUG: POST http://127.0.0.1:4444/wd/hub/session/168ff30f-fde6-4c33-bd45-654dabcd2678/elements {"using": "xpath", "sessionId": "168ff30f-fde6-4c33-bd45-654dabcd2678", "value": "//*[contains(text(),\\"Well, this is embarrassing - you found a broken link.\\")]"}\nselenium.webdriver.remote.remote_connection: DEBUG: Finished Request\nselenium.webdriver.remote.remote_connection: DEBUG: GET http://127.0.0.1:4444/wd/hub/session/168ff30f-fde6-4c33-bd45-654dabcd2678/url {"sessionId": "168ff30f-fde6-4c33-bd45-654dabcd2678"}\nselenium.webdriver.remote.remote_connection: DEBUG: Finished Request\nselenium.webdriver.remote.remote_connection: DEBUG: POST http://127.0.0.1:4444/wd/hub/session/168ff30f-fde6-4c33-bd45-654dabcd2678/url {"url": "https://app-staging.crittercism.com/developers", "sessionId": "168ff30f-fde6-4c33-bd45-654dabcd2678"}\nselenium.webdriver.remote.remote_connection: DEBUG: Finished Request\nselenium.webdriver.remote.remote_connection: DEBUG: POST http://127.0.0.1:4444/wd/hub/session/168ff30f-fde6-4c33-bd45-654dabcd2678/element {"using": "id", "sessionId": "168ff30f-fde6-4c33-bd45-654dabcd2678", "value": "app-table"}\nselenium.webdriver.remote.remote_connection: DEBUG: Finished Request\nselenium.webdriver.remote.remote_connection: DEBUG: POST http://127.0.0.1:4444/wd/hub/session/168ff30f-fde6-4c33-bd45-654dabcd2678/element/13/elements {"using": "xpath", "sessionId": "168ff30f-fde6-4c33-bd45-654dabcd2678", "id": "13", "value": "//*[@id=\\"app-table\\"]/tbody/*/td[2]/a[contains(text(),\\"ANDRD-0.284527459636\\")]"}\nselenium.webdriver.remote.remote_connection: DEBUG: Finished Request\nselenium.webdriver.remote.remote_connection: DEBUG: GET http://127.0.0.1:4444/wd/hub/session/168ff30f-fde6-4c33-bd45-654dabcd2678/element/14/attribute/href {"sessionId": "168ff30f-fde6-4c33-bd45-654dabcd2678", "name": "href", "id": "14"}\nselenium.webdriver.remote.remote_connection: DEBUG: Finished Request\nselenium.webdriver.remote.remote_connection: DEBUG: POST http://127.0.0.1:4444/wd/hub/session/168ff30f-fde6-4c33-bd45-654dabcd2678/url {"url": "https://app-staging.crittercism.com/developers/wrapping/538f5e3734bc127cf1000012", "sessionId": "168ff30f-fde6-4c33-bd45-654dabcd2678"}\nselenium.webdriver.remote.remote_connection: DEBUG: Finished Request\nselenium.webdriver.remote.remote_connection: DEBUG: POST http://127.0.0.1:4444/wd/hub/session/168ff30f-fde6-4c33-bd45-654dabcd2678/timeouts/implicit_wait {"sessionId": "168ff30f-fde6-4c33-bd45-654dabcd2678", "ms": 2000.0}\nselenium.webdriver.remote.remote_connection: DEBUG: Finished Request\nselenium.webdriver.remote.remote_connection: DEBUG: GET http://127.0.0.1:4444/wd/hub/session/168ff30f-fde6-4c33-bd45-654dabcd2678/url {"sessionId": "168ff30f-fde6-4c33-bd45-654dabcd2678"}\nselenium.webdriver.remote.remote_connection: DEBUG: Finished Request\n--------------------- >> end captured logging << ---------------------']]></error></testcase><testcase classname="wrapping.WrappingTestSuite" name="test_ent_new_ios" time="6.927"><failure type="exceptions.AssertionError" message="u'https://app-staging.crittercism.com/developers/upgrade/538f5e3e34bc127cf100001 [truncated]... != u'https://app-staging.crittercism.com/developers/wrapping/538f5e3e34bc127cf10000 [truncated]...&#10;- https://app-staging.crittercism.com/developers/upgrade/538f5e3e34bc127cf1000013?                                                ^^^  ^^&#10;+ https://app-staging.crittercism.com/developers/wrapping/538f5e3e34bc127cf1000013?                                                ^  ^^^^^&#10; : Expected wrapping page, and instead got https://app-staging.crittercism.com/developers/upgrade/538f5e3e34bc127cf1000013&#10;-------------------- &gt;&gt; begin captured logging &lt;&lt; --------------------&#10;selenium.webdriver.remote.remote_connection: DEBUG: POST http://127.0.0.1:4444/wd/hub/session/168ff30f-fde6-4c33-bd45-654dabcd2678/url {&quot;url&quot;: &quot;https://app-staging.crittercism.com/developers/register-application&quot;, &quot;sessionId&quot;: &quot;168ff30f-fde6-4c33-bd45-654dabcd2678&quot;}&#10;selenium.webdriver.remote.remote_connection: DEBUG: Finished Request&#10;selenium.webdriver.remote.remote_connection: DEBUG: POST http://127.0.0.1:4444/wd/hub/session/168ff30f-fde6-4c33-bd45-654dabcd2678/element {&quot;using&quot;: &quot;id&quot;, &quot;sessionId&quot;: &quot;168ff30f-fde6-4c33-bd45-654dabcd2678&quot;, &quot;value&quot;: &quot;app-name&quot;}&#10;selenium.webdriver.remote.remote_connection: DEBUG: Finished Request&#10;selenium.webdriver.remote.remote_connection: DEBUG: POST http://127.0.0.1:4444/wd/hub/session/168ff30f-fde6-4c33-bd45-654dabcd2678/element/15/value {&quot;sessionId&quot;: &quot;168ff30f-fde6-4c33-bd45-654dabcd2678&quot;, &quot;id&quot;: &quot;15&quot;, &quot;value&quot;: [&quot;I&quot;, &quot;O&quot;, &quot;S&quot;, &quot;-&quot;, &quot;0&quot;, &quot;.&quot;, &quot;5&quot;, &quot;7&quot;, &quot;4&quot;, &quot;9&quot;, &quot;4&quot;, &quot;8&quot;, &quot;0&quot;, &quot;8&quot;, &quot;1&quot;, &quot;5&quot;, &quot;0&quot;, &quot;9&quot;]}&#10;selenium.webdriver.remote.remote_connection: DEBUG: Finished Request&#10;selenium.webdriver.remote.remote_connection: DEBUG: POST http://127.0.0.1:4444/wd/hub/session/168ff30f-fde6-4c33-bd45-654dabcd2678/element {&quot;using&quot;: &quot;id&quot;, &quot;sessionId&quot;: &quot;168ff30f-fde6-4c33-bd45-654dabcd2678&quot;, &quot;value&quot;: &quot;commit&quot;}&#10;selenium.webdriver.remote.remote_connection: DEBUG: Finished Request&#10;selenium.webdriver.remote.remote_connection: DEBUG: POST http://127.0.0.1:4444/wd/hub/session/168ff30f-fde6-4c33-bd45-654dabcd2678/element/16/submit {&quot;sessionId&quot;: &quot;168ff30f-fde6-4c33-bd45-654dabcd2678&quot;, &quot;id&quot;: &quot;16&quot;}&#10;selenium.webdriver.remote.remote_connection: DEBUG: Finished Request&#10;selenium.webdriver.remote.remote_connection: DEBUG: GET http://127.0.0.1:4444/wd/hub/session/168ff30f-fde6-4c33-bd45-654dabcd2678/url {&quot;sessionId&quot;: &quot;168ff30f-fde6-4c33-bd45-654dabcd2678&quot;}&#10;selenium.webdriver.remote.remote_connection: DEBUG: Finished Request&#10;selenium.webdriver.remote.remote_connection: DEBUG: POST http://127.0.0.1:4444/wd/hub/session/168ff30f-fde6-4c33-bd45-654dabcd2678/elements {&quot;using&quot;: &quot;xpath&quot;, &quot;sessionId&quot;: &quot;168ff30f-fde6-4c33-bd45-654dabcd2678&quot;, &quot;value&quot;: &quot;//*[contains(text(),\&quot;Well, this is embarrassing - you found a broken link.\&quot;)]&quot;}&#10;selenium.webdriver.remote.remote_connection: DEBUG: Finished Request&#10;selenium.webdriver.remote.remote_connection: DEBUG: GET http://127.0.0.1:4444/wd/hub/session/168ff30f-fde6-4c33-bd45-654dabcd2678/url {&quot;sessionId&quot;: &quot;168ff30f-fde6-4c33-bd45-654dabcd2678&quot;}&#10;selenium.webdriver.remote.remote_connection: DEBUG: Finished Request&#10;selenium.webdriver.remote.remote_connection: DEBUG: POST http://127.0.0.1:4444/wd/hub/session/168ff30f-fde6-4c33-bd45-654dabcd2678/url {&quot;url&quot;: &quot;https://app-staging.crittercism.com/developers&quot;, &quot;sessionId&quot;: &quot;168ff30f-fde6-4c33-bd45-654dabcd2678&quot;}&#10;selenium.webdriver.remote.remote_connection: DEBUG: Finished Request&#10;selenium.webdriver.remote.remote_connection: DEBUG: POST http://127.0.0.1:4444/wd/hub/session/168ff30f-fde6-4c33-bd45-654dabcd2678/element {&quot;using&quot;: &quot;id&quot;, &quot;sessionId&quot;: &quot;168ff30f-fde6-4c33-bd45-654dabcd2678&quot;, &quot;value&quot;: &quot;app-table&quot;}&#10;selenium.webdriver.remote.remote_connection: DEBUG: Finished Request&#10;selenium.webdriver.remote.remote_connection: DEBUG: POST http://127.0.0.1:4444/wd/hub/session/168ff30f-fde6-4c33-bd45-654dabcd2678/element/17/elements {&quot;using&quot;: &quot;xpath&quot;, &quot;sessionId&quot;: &quot;168ff30f-fde6-4c33-bd45-654dabcd2678&quot;, &quot;id&quot;: &quot;17&quot;, &quot;value&quot;: &quot;//*[@id=\&quot;app-table\&quot;]/tbody/*/td[2]/a[contains(text(),\&quot;IOS-0.574948081509\&quot;)]&quot;}&#10;selenium.webdriver.remote.remote_connection: DEBUG: Finished Request&#10;selenium.webdriver.remote.remote_connection: DEBUG: GET http://127.0.0.1:4444/wd/hub/session/168ff30f-fde6-4c33-bd45-654dabcd2678/element/18/attribute/href {&quot;sessionId&quot;: &quot;168ff30f-fde6-4c33-bd45-654dabcd2678&quot;, &quot;name&quot;: &quot;href&quot;, &quot;id&quot;: &quot;18&quot;}&#10;selenium.webdriver.remote.remote_connection: DEBUG: Finished Request&#10;selenium.webdriver.remote.remote_connection: DEBUG: POST http://127.0.0.1:4444/wd/hub/session/168ff30f-fde6-4c33-bd45-654dabcd2678/url {&quot;url&quot;: &quot;https://app-staging.crittercism.com/developers/wrapping/538f5e3e34bc127cf1000013&quot;, &quot;sessionId&quot;: &quot;168ff30f-fde6-4c33-bd45-654dabcd2678&quot;}&#10;selenium.webdriver.remote.remote_connection: DEBUG: Finished Request&#10;selenium.webdriver.remote.remote_connection: DEBUG: POST http://127.0.0.1:4444/wd/hub/session/168ff30f-fde6-4c33-bd45-654dabcd2678/timeouts/implicit_wait {&quot;sessionId&quot;: &quot;168ff30f-fde6-4c33-bd45-654dabcd2678&quot;, &quot;ms&quot;: 2000.0}&#10;selenium.webdriver.remote.remote_connection: DEBUG: Finished Request&#10;selenium.webdriver.remote.remote_connection: DEBUG: GET http://127.0.0.1:4444/wd/hub/session/168ff30f-fde6-4c33-bd45-654dabcd2678/url {&quot;sessionId&quot;: &quot;168ff30f-fde6-4c33-bd45-654dabcd2678&quot;}&#10;selenium.webdriver.remote.remote_connection: DEBUG: Finished Request&#10;selenium.webdriver.remote.remote_connection: DEBUG: GET http://127.0.0.1:4444/wd/hub/session/168ff30f-fde6-4c33-bd45-654dabcd2678/url {&quot;sessionId&quot;: &quot;168ff30f-fde6-4c33-bd45-654dabcd2678&quot;}&#10;selenium.webdriver.remote.remote_connection: DEBUG: Finished Request&#10;selenium.webdriver.remote.remote_connection: DEBUG: GET http://127.0.0.1:4444/wd/hub/session/168ff30f-fde6-4c33-bd45-654dabcd2678/screenshot {&quot;sessionId&quot;: &quot;168ff30f-fde6-4c33-bd45-654dabcd2678&quot;}&#10;selenium.webdriver.remote.remote_connection: DEBUG: Finished Request&#10;selenium.webdriver.remote.remote_connection: DEBUG: GET http://127.0.0.1:4444/wd/hub/session/168ff30f-fde6-4c33-bd45-654dabcd2678/url {&quot;sessionId&quot;: &quot;168ff30f-fde6-4c33-bd45-654dabcd2678&quot;}&#10;selenium.webdriver.remote.remote_connection: DEBUG: Finished Request&#10;selenium.webdriver.remote.remote_connection: DEBUG: GET http://127.0.0.1:4444/wd/hub/session/168ff30f-fde6-4c33-bd45-654dabcd2678/screenshot {&quot;sessionId&quot;: &quot;168ff30f-fde6-4c33-bd45-654dabcd2678&quot;}&#10;selenium.webdriver.remote.remote_connection: DEBUG: Finished Request&#10;selenium.webdriver.remote.remote_connection: DEBUG: GET http://127.0.0.1:4444/wd/hub/session/168ff30f-fde6-4c33-bd45-654dabcd2678/url {&quot;sessionId&quot;: &quot;168ff30f-fde6-4c33-bd45-654dabcd2678&quot;}&#10;selenium.webdriver.remote.remote_connection: DEBUG: Finished Request&#10;selenium.webdriver.remote.remote_connection: DEBUG: GET http://127.0.0.1:4444/wd/hub/session/168ff30f-fde6-4c33-bd45-654dabcd2678/screenshot {&quot;sessionId&quot;: &quot;168ff30f-fde6-4c33-bd45-654dabcd2678&quot;}&#10;selenium.webdriver.remote.remote_connection: DEBUG: Finished Request&#10;selenium.webdriver.remote.remote_connection: DEBUG: GET http://127.0.0.1:4444/wd/hub/session/168ff30f-fde6-4c33-bd45-654dabcd2678/url {&quot;sessionId&quot;: &quot;168ff30f-fde6-4c33-bd45-654dabcd2678&quot;}&#10;selenium.webdriver.remote.remote_connection: DEBUG: Finished Request&#10;--------------------- &gt;&gt; end captured logging &lt;&lt; ---------------------"><![CDATA[  File "/Library/Python/2.7/site-packages/unittest2/case.py", line 340, in run
    testMethod()
  File "/Users/egeller/testing/fork/crittercism/tests/wrapping/wrapping.py", line 123, in test_ent_new_ios
    "Expected wrapping page, and instead got %s" % self.browser.current_url)
  File "/Users/egeller/testing/fork/crittercism/src/multiple_assertions.py", line 44, in wrapped
    assertion_method(self, *args, **kwargs)
  File "/Library/Python/2.7/site-packages/unittest2/case.py", line 521, in assertEqual
    assertion_func(first, second, msg=msg)
  File "/Users/egeller/testing/fork/crittercism/src/multiple_assertions.py", line 44, in wrapped
    assertion_method(self, *args, **kwargs)
  File "/Library/Python/2.7/site-packages/unittest2/case.py", line 923, in assertMultiLineEqual
    self.fail(self._formatMessage(msg, standardMsg))
  File "/Users/egeller/testing/fork/crittercism/src/multiple_assertions.py", line 44, in wrapped
    assertion_method(self, *args, **kwargs)
  File "/Library/Python/2.7/site-packages/unittest2/case.py", line 415, in fail
    raise self.failureException(msg)
'u\'https://app-staging.crittercism.com/developers/upgrade/538f5e3e34bc127cf100001 [truncated]... != u\'https://app-staging.crittercism.com/developers/wrapping/538f5e3e34bc127cf10000 [truncated]...\n- https://app-staging.crittercism.com/developers/upgrade/538f5e3e34bc127cf1000013?                                                ^^^  ^^\n+ https://app-staging.crittercism.com/developers/wrapping/538f5e3e34bc127cf1000013?                                                ^  ^^^^^\n : Expected wrapping page, and instead got https://app-staging.crittercism.com/developers/upgrade/538f5e3e34bc127cf1000013\n-------------------- >> begin captured logging << --------------------\nselenium.webdriver.remote.remote_connection: DEBUG: POST http://127.0.0.1:4444/wd/hub/session/168ff30f-fde6-4c33-bd45-654dabcd2678/url {"url": "https://app-staging.crittercism.com/developers/register-application", "sessionId": "168ff30f-fde6-4c33-bd45-654dabcd2678"}\nselenium.webdriver.remote.remote_connection: DEBUG: Finished Request\nselenium.webdriver.remote.remote_connection: DEBUG: POST http://127.0.0.1:4444/wd/hub/session/168ff30f-fde6-4c33-bd45-654dabcd2678/element {"using": "id", "sessionId": "168ff30f-fde6-4c33-bd45-654dabcd2678", "value": "app-name"}\nselenium.webdriver.remote.remote_connection: DEBUG: Finished Request\nselenium.webdriver.remote.remote_connection: DEBUG: POST http://127.0.0.1:4444/wd/hub/session/168ff30f-fde6-4c33-bd45-654dabcd2678/element/15/value {"sessionId": "168ff30f-fde6-4c33-bd45-654dabcd2678", "id": "15", "value": ["I", "O", "S", "-", "0", ".", "5", "7", "4", "9", "4", "8", "0", "8", "1", "5", "0", "9"]}\nselenium.webdriver.remote.remote_connection: DEBUG: Finished Request\nselenium.webdriver.remote.remote_connection: DEBUG: POST http://127.0.0.1:4444/wd/hub/session/168ff30f-fde6-4c33-bd45-654dabcd2678/element {"using": "id", "sessionId": "168ff30f-fde6-4c33-bd45-654dabcd2678", "value": "commit"}\nselenium.webdriver.remote.remote_connection: DEBUG: Finished Request\nselenium.webdriver.remote.remote_connection: DEBUG: POST http://127.0.0.1:4444/wd/hub/session/168ff30f-fde6-4c33-bd45-654dabcd2678/element/16/submit {"sessionId": "168ff30f-fde6-4c33-bd45-654dabcd2678", "id": "16"}\nselenium.webdriver.remote.remote_connection: DEBUG: Finished Request\nselenium.webdriver.remote.remote_connection: DEBUG: GET http://127.0.0.1:4444/wd/hub/session/168ff30f-fde6-4c33-bd45-654dabcd2678/url {"sessionId": "168ff30f-fde6-4c33-bd45-654dabcd2678"}\nselenium.webdriver.remote.remote_connection: DEBUG: Finished Request\nselenium.webdriver.remote.remote_connection: DEBUG: POST http://127.0.0.1:4444/wd/hub/session/168ff30f-fde6-4c33-bd45-654dabcd2678/elements {"using": "xpath", "sessionId": "168ff30f-fde6-4c33-bd45-654dabcd2678", "value": "//*[contains(text(),\\"Well, this is embarrassing - you found a broken link.\\")]"}\nselenium.webdriver.remote.remote_connection: DEBUG: Finished Request\nselenium.webdriver.remote.remote_connection: DEBUG: GET http://127.0.0.1:4444/wd/hub/session/168ff30f-fde6-4c33-bd45-654dabcd2678/url {"sessionId": "168ff30f-fde6-4c33-bd45-654dabcd2678"}\nselenium.webdriver.remote.remote_connection: DEBUG: Finished Request\nselenium.webdriver.remote.remote_connection: DEBUG: POST http://127.0.0.1:4444/wd/hub/session/168ff30f-fde6-4c33-bd45-654dabcd2678/url {"url": "https://app-staging.crittercism.com/developers", "sessionId": "168ff30f-fde6-4c33-bd45-654dabcd2678"}\nselenium.webdriver.remote.remote_connection: DEBUG: Finished Request\nselenium.webdriver.remote.remote_connection: DEBUG: POST http://127.0.0.1:4444/wd/hub/session/168ff30f-fde6-4c33-bd45-654dabcd2678/element {"using": "id", "sessionId": "168ff30f-fde6-4c33-bd45-654dabcd2678", "value": "app-table"}\nselenium.webdriver.remote.remote_connection: DEBUG: Finished Request\nselenium.webdriver.remote.remote_connection: DEBUG: POST http://127.0.0.1:4444/wd/hub/session/168ff30f-fde6-4c33-bd45-654dabcd2678/element/17/elements {"using": "xpath", "sessionId": "168ff30f-fde6-4c33-bd45-654dabcd2678", "id": "17", "value": "//*[@id=\\"app-table\\"]/tbody/*/td[2]/a[contains(text(),\\"IOS-0.574948081509\\")]"}\nselenium.webdriver.remote.remote_connection: DEBUG: Finished Request\nselenium.webdriver.remote.remote_connection: DEBUG: GET http://127.0.0.1:4444/wd/hub/session/168ff30f-fde6-4c33-bd45-654dabcd2678/element/18/attribute/href {"sessionId": "168ff30f-fde6-4c33-bd45-654dabcd2678", "name": "href", "id": "18"}\nselenium.webdriver.remote.remote_connection: DEBUG: Finished Request\nselenium.webdriver.remote.remote_connection: DEBUG: POST http://127.0.0.1:4444/wd/hub/session/168ff30f-fde6-4c33-bd45-654dabcd2678/url {"url": "https://app-staging.crittercism.com/developers/wrapping/538f5e3e34bc127cf1000013", "sessionId": "168ff30f-fde6-4c33-bd45-654dabcd2678"}\nselenium.webdriver.remote.remote_connection: DEBUG: Finished Request\nselenium.webdriver.remote.remote_connection: DEBUG: POST http://127.0.0.1:4444/wd/hub/session/168ff30f-fde6-4c33-bd45-654dabcd2678/timeouts/implicit_wait {"sessionId": "168ff30f-fde6-4c33-bd45-654dabcd2678", "ms": 2000.0}\nselenium.webdriver.remote.remote_connection: DEBUG: Finished Request\nselenium.webdriver.remote.remote_connection: DEBUG: GET http://127.0.0.1:4444/wd/hub/session/168ff30f-fde6-4c33-bd45-654dabcd2678/url {"sessionId": "168ff30f-fde6-4c33-bd45-654dabcd2678"}\nselenium.webdriver.remote.remote_connection: DEBUG: Finished Request\nselenium.webdriver.remote.remote_connection: DEBUG: GET http://127.0.0.1:4444/wd/hub/session/168ff30f-fde6-4c33-bd45-654dabcd2678/url {"sessionId": "168ff30f-fde6-4c33-bd45-654dabcd2678"}\nselenium.webdriver.remote.remote_connection: DEBUG: Finished Request\nselenium.webdriver.remote.remote_connection: DEBUG: GET http://127.0.0.1:4444/wd/hub/session/168ff30f-fde6-4c33-bd45-654dabcd2678/screenshot {"sessionId": "168ff30f-fde6-4c33-bd45-654dabcd2678"}\nselenium.webdriver.remote.remote_connection: DEBUG: Finished Request\nselenium.webdriver.remote.remote_connection: DEBUG: GET http://127.0.0.1:4444/wd/hub/session/168ff30f-fde6-4c33-bd45-654dabcd2678/url {"sessionId": "168ff30f-fde6-4c33-bd45-654dabcd2678"}\nselenium.webdriver.remote.remote_connection: DEBUG: Finished Request\nselenium.webdriver.remote.remote_connection: DEBUG: GET http://127.0.0.1:4444/wd/hub/session/168ff30f-fde6-4c33-bd45-654dabcd2678/screenshot {"sessionId": "168ff30f-fde6-4c33-bd45-654dabcd2678"}\nselenium.webdriver.remote.remote_connection: DEBUG: Finished Request\nselenium.webdriver.remote.remote_connection: DEBUG: GET http://127.0.0.1:4444/wd/hub/session/168ff30f-fde6-4c33-bd45-654dabcd2678/url {"sessionId": "168ff30f-fde6-4c33-bd45-654dabcd2678"}\nselenium.webdriver.remote.remote_connection: DEBUG: Finished Request\nselenium.webdriver.remote.remote_connection: DEBUG: GET http://127.0.0.1:4444/wd/hub/session/168ff30f-fde6-4c33-bd45-654dabcd2678/screenshot {"sessionId": "168ff30f-fde6-4c33-bd45-654dabcd2678"}\nselenium.webdriver.remote.remote_connection: DEBUG: Finished Request\nselenium.webdriver.remote.remote_connection: DEBUG: GET http://127.0.0.1:4444/wd/hub/session/168ff30f-fde6-4c33-bd45-654dabcd2678/url {"sessionId": "168ff30f-fde6-4c33-bd45-654dabcd2678"}\nselenium.webdriver.remote.remote_connection: DEBUG: Finished Request\n--------------------- >> end captured logging << ---------------------']]></failure></testcase></testsuite>