<?xml version="1.0" encoding="UTF-8"?><testsuite name="nosetests" tests="14" errors="0" failures="0" skip="0"><testcase classname="analytics.AnalyticsTestSuite" name="test_1_au_version" time="1.944"></testcase><testcase classname="analytics.AnalyticsTestSuite" name="test_2_todays_apploads_crashes_version" time="1.963"></testcase><testcase classname="analytics.AnalyticsTestSuite" name="test_3_todays_dau_crashes_version" time="1.941"></testcase><testcase classname="analytics.AnalyticsTestSuite" name="test_4_todays_apploads_version" time="1.854"></testcase><testcase classname="analytics.AnalyticsTestSuite" name="test_5_todays_dau_version" time="2.144"></testcase><testcase classname="analytics.AnalyticsTestSuite" name="test_6_todays_crashes_version" time="1.904"></testcase><testcase classname="analytics.AnalyticsTestSuite" name="test_7_todays_affected_users_version" time="1.853"></testcase><testcase classname="analytics.AnalyticsTestSuite" name="test_8_todays_apploads_device" time="2.007"></testcase><testcase classname="analytics.AnalyticsTestSuite" name="test_9_todays_crashes_device" time="2.115"></testcase><testcase classname="analytics.AnalyticsTestSuite" name="test__10_todays_appload_crashes_device" time="2.281"></testcase><testcase classname="analytics.AnalyticsTestSuite" name="test__11_todays_apploads_os" time="2.097"></testcase><testcase classname="analytics.AnalyticsTestSuite" name="test__12_todays_crashes_os" time="2.083"></testcase><testcase classname="analytics.AnalyticsTestSuite" name="test__13_todays_appload_crashes_os" time="2.057"></testcase><testcase classname="analytics.AnalyticsTestSuite" name="test__14_date_filter" time="9.017"></testcase></testsuite>