<?xml version="1.0" encoding="UTF-8"?><testsuite name="nosetests" tests="1" errors="1" failures="0" skip="0"><testcase classname="wrapping.WrappingTestSuite" name="test_ent_new_ios" time="6.023"><error type="selenium.common.exceptions.NoSuchElementException" message="Message: u'Unable to locate element: {&quot;method&quot;:&quot;id&quot;,&quot;selector&quot;:&quot;firstname&quot;}\nCommand duration or timeout: 5.25 seconds\nFor documentation on this error, please visit: http://seleniumhq.org/exceptions/no_such_element.html\nBuild info: version: \'2.41.0\', revision: \'3192d8a\', time: \'2014-03-27 17:17:32\'\nSystem info: host: \'Ethans-MacBook-Pro.local\', ip: \'10.0.1.48\', os.name: \'Mac OS X\', os.arch: \'x86_64\', os.version: \'10.9.3\', java.version: \'1.6.0_65\'\nSession ID: eafe5b05-d443-e346-9f10-3a360f809684\nDriver info: org.openqa.selenium.firefox.FirefoxDriver\nCapabilities [{platform=MAC, acceptSslCerts=true, javascriptEnabled=true, browserName=firefox, rotatable=false, locationContextEnabled=true, version=29.0.1, cssSelectorsEnabled=true, databaseEnabled=true, handlesAlerts=true, browserConnectionEnabled=true, nativeEvents=false, webStorageEnabled=true, applicationCacheEnabled=true, takesScreenshot=true}]' ; Screenshot: available via screen ; Stacktrace: &#10;    at sun.reflect.NativeConstructorAccessorImpl.newInstance0 (NativeConstructorAccessorImpl.java:-2)&#10;    at sun.reflect.NativeConstructorAccessorImpl.newInstance (NativeConstructorAccessorImpl.java:39)&#10;    at sun.reflect.DelegatingConstructorAccessorImpl.newInstance (DelegatingConstructorAccessorImpl.java:27)&#10;    at java.lang.reflect.Constructor.newInstance (Constructor.java:513)&#10;    at org.openqa.selenium.remote.ErrorHandler.createThrowable (ErrorHandler.java:193)&#10;    at org.openqa.selenium.remote.ErrorHandler.throwIfResponseFailed (ErrorHandler.java:145)&#10;    at org.openqa.selenium.remote.RemoteWebDriver.execute (RemoteWebDriver.java:595)&#10;    at org.openqa.selenium.remote.RemoteWebDriver.findElement (RemoteWebDriver.java:348)&#10;    at org.openqa.selenium.remote.RemoteWebDriver.findElementById (RemoteWebDriver.java:389)&#10;    at org.openqa.selenium.By$ById.findElement (By.java:214)&#10;    at org.openqa.selenium.remote.RemoteWebDriver.findElement (RemoteWebDriver.java:340)&#10;    at sun.reflect.NativeMethodAccessorImpl.invoke0 (NativeMethodAccessorImpl.java:-2)&#10;    at sun.reflect.NativeMethodAccessorImpl.invoke (NativeMethodAccessorImpl.java:39)&#10;    at sun.reflect.DelegatingMethodAccessorImpl.invoke (DelegatingMethodAccessorImpl.java:25)&#10;    at java.lang.reflect.Method.invoke (Method.java:597)&#10;    at org.openqa.selenium.support.events.EventFiringWebDriver$2.invoke (EventFiringWebDriver.java:101)&#10;    at com.sun.proxy.$Proxy2.findElement (None:-1)&#10;    at org.openqa.selenium.support.events.EventFiringWebDriver.findElement (EventFiringWebDriver.java:184)&#10;    at org.openqa.selenium.remote.server.handler.FindElement.call (FindElement.java:47)&#10;    at org.openqa.selenium.remote.server.handler.FindElement.call (FindElement.java:1)&#10;    at java.util.concurrent.FutureTask$Sync.innerRun (FutureTask.java:303)&#10;    at java.util.concurrent.FutureTask.run (FutureTask.java:138)&#10;    at org.openqa.selenium.remote.server.DefaultSession$1.run (DefaultSession.java:170)&#10;    at java.util.concurrent.ThreadPoolExecutor$Worker.runTask (ThreadPoolExecutor.java:895)&#10;    at java.util.concurrent.ThreadPoolExecutor$Worker.run (ThreadPoolExecutor.java:918)&#10;    at java.lang.Thread.run (Thread.java:695) &#10;-------------------- &gt;&gt; begin captured logging &lt;&lt; --------------------&#10;selenium.webdriver.remote.remote_connection: DEBUG: POST http://127.0.0.1:4444/wd/hub/session {&quot;desiredCapabilities&quot;: {&quot;platform&quot;: &quot;ANY&quot;, &quot;browserName&quot;: &quot;firefox&quot;, &quot;version&quot;: &quot;&quot;, &quot;javascriptEnabled&quot;: true}}&#10;selenium.webdriver.remote.remote_connection: DEBUG: Finished Request&#10;selenium.webdriver.remote.remote_connection: DEBUG: POST http://127.0.0.1:4444/wd/hub/session/b0448046-7ab0-4887-9c04-f8058e10cac5/timeouts/implicit_wait {&quot;sessionId&quot;: &quot;b0448046-7ab0-4887-9c04-f8058e10cac5&quot;, &quot;ms&quot;: 5000.0}&#10;selenium.webdriver.remote.remote_connection: DEBUG: Finished Request&#10;selenium.webdriver.remote.remote_connection: DEBUG: POST http://127.0.0.1:4444/wd/hub/session/b0448046-7ab0-4887-9c04-f8058e10cac5/url {&quot;url&quot;: &quot;https://app-staging.crittercism.com/developers/login&quot;, &quot;sessionId&quot;: &quot;b0448046-7ab0-4887-9c04-f8058e10cac5&quot;}&#10;selenium.webdriver.remote.remote_connection: DEBUG: Finished Request&#10;selenium.webdriver.remote.remote_connection: DEBUG: POST http://127.0.0.1:4444/wd/hub/session/b0448046-7ab0-4887-9c04-f8058e10cac5/element {&quot;using&quot;: &quot;id&quot;, &quot;sessionId&quot;: &quot;b0448046-7ab0-4887-9c04-f8058e10cac5&quot;, &quot;value&quot;: &quot;email&quot;}&#10;selenium.webdriver.remote.remote_connection: DEBUG: Finished Request&#10;selenium.webdriver.remote.remote_connection: DEBUG: POST http://127.0.0.1:4444/wd/hub/session/b0448046-7ab0-4887-9c04-f8058e10cac5/element/0/value {&quot;sessionId&quot;: &quot;b0448046-7ab0-4887-9c04-f8058e10cac5&quot;, &quot;id&quot;: &quot;0&quot;, &quot;value&quot;: [&quot;n&quot;, &quot;s&quot;, &quot;o&quot;, &quot;l&quot;, &quot;a&quot;, &quot;i&quot;, &quot;a&quot;, &quot;p&quot;, &quot;p&quot;, &quot;a&quot;, &quot;n&quot;, &quot;@&quot;, &quot;c&quot;, &quot;r&quot;, &quot;i&quot;, &quot;t&quot;, &quot;t&quot;, &quot;e&quot;, &quot;r&quot;, &quot;c&quot;, &quot;i&quot;, &quot;s&quot;, &quot;m&quot;, &quot;.&quot;, &quot;c&quot;, &quot;o&quot;, &quot;m&quot;]}&#10;selenium.webdriver.remote.remote_connection: DEBUG: Finished Request&#10;selenium.webdriver.remote.remote_connection: DEBUG: POST http://127.0.0.1:4444/wd/hub/session/b0448046-7ab0-4887-9c04-f8058e10cac5/element {&quot;using&quot;: &quot;name&quot;, &quot;sessionId&quot;: &quot;b0448046-7ab0-4887-9c04-f8058e10cac5&quot;, &quot;value&quot;: &quot;password&quot;}&#10;selenium.webdriver.remote.remote_connection: DEBUG: Finished Request&#10;selenium.webdriver.remote.remote_connection: DEBUG: POST http://127.0.0.1:4444/wd/hub/session/b0448046-7ab0-4887-9c04-f8058e10cac5/element/1/value {&quot;sessionId&quot;: &quot;b0448046-7ab0-4887-9c04-f8058e10cac5&quot;, &quot;id&quot;: &quot;1&quot;, &quot;value&quot;: [&quot;C&quot;, &quot;r&quot;, &quot;i&quot;, &quot;t&quot;, &quot;P&quot;, &quot;a&quot;, &quot;s&quot;, &quot;s&quot;, &quot;1&quot;, &quot;2&quot;, &quot;3&quot;]}&#10;selenium.webdriver.remote.remote_connection: DEBUG: Finished Request&#10;selenium.webdriver.remote.remote_connection: DEBUG: POST http://127.0.0.1:4444/wd/hub/session/b0448046-7ab0-4887-9c04-f8058e10cac5/element {&quot;using&quot;: &quot;id&quot;, &quot;sessionId&quot;: &quot;b0448046-7ab0-4887-9c04-f8058e10cac5&quot;, &quot;value&quot;: &quot;commit&quot;}&#10;selenium.webdriver.remote.remote_connection: DEBUG: Finished Request&#10;selenium.webdriver.remote.remote_connection: DEBUG: POST http://127.0.0.1:4444/wd/hub/session/b0448046-7ab0-4887-9c04-f8058e10cac5/element/2/submit {&quot;sessionId&quot;: &quot;b0448046-7ab0-4887-9c04-f8058e10cac5&quot;, &quot;id&quot;: &quot;2&quot;}&#10;selenium.webdriver.remote.remote_connection: DEBUG: Finished Request&#10;selenium.webdriver.remote.remote_connection: DEBUG: POST http://127.0.0.1:4444/wd/hub/session/b0448046-7ab0-4887-9c04-f8058e10cac5/url {&quot;url&quot;: &quot;https://app-staging.crittercism.com/developers/logout&quot;, &quot;sessionId&quot;: &quot;b0448046-7ab0-4887-9c04-f8058e10cac5&quot;}&#10;selenium.webdriver.remote.remote_connection: DEBUG: Finished Request&#10;selenium.webdriver.remote.remote_connection: DEBUG: POST http://127.0.0.1:4444/wd/hub/session/b0448046-7ab0-4887-9c04-f8058e10cac5/url {&quot;url&quot;: &quot;https://app-staging.crittercism.com/developers/logout&quot;, &quot;sessionId&quot;: &quot;b0448046-7ab0-4887-9c04-f8058e10cac5&quot;}&#10;selenium.webdriver.remote.remote_connection: DEBUG: Finished Request&#10;selenium.webdriver.remote.remote_connection: DEBUG: POST http://127.0.0.1:4444/wd/hub/session/b0448046-7ab0-4887-9c04-f8058e10cac5/url {&quot;url&quot;: &quot;https://app-staging.crittercism.com/signup?plan=ent&quot;, &quot;sessionId&quot;: &quot;b0448046-7ab0-4887-9c04-f8058e10cac5&quot;}&#10;selenium.webdriver.remote.remote_connection: DEBUG: Finished Request&#10;selenium.webdriver.remote.remote_connection: DEBUG: POST http://127.0.0.1:4444/wd/hub/session/b0448046-7ab0-4887-9c04-f8058e10cac5/element {&quot;using&quot;: &quot;id&quot;, &quot;sessionId&quot;: &quot;b0448046-7ab0-4887-9c04-f8058e10cac5&quot;, &quot;value&quot;: &quot;firstname&quot;}&#10;selenium.webdriver.remote.remote_connection: DEBUG: Finished Request&#10;--------------------- &gt;&gt; end captured logging &lt;&lt; ---------------------"><![CDATA[  File "/Library/Python/2.7/site-packages/unittest2/case.py", line 340, in run
    testMethod()
  File "/Users/egeller/testing/fork/crittercism/tests/wrapping/wrapping.py", line 117, in test_ent_new_ios
    self.sign_up_new_account(2)
  File "/Users/egeller/testing/fork/crittercism/tests/wrapping/wrapping.py", line 70, in sign_up_new_account
    self.browser.find_element_by_id("firstname").send_keys("test_user_" + "ent")
  File "/Library/Python/2.7/site-packages/selenium/webdriver/remote/webdriver.py", line 206, in find_element_by_id
    return self.find_element(by=By.ID, value=id_)
  File "/Library/Python/2.7/site-packages/selenium/webdriver/remote/webdriver.py", line 662, in find_element
    {'using': by, 'value': value})['value']
  File "/Library/Python/2.7/site-packages/selenium/webdriver/remote/webdriver.py", line 173, in execute
    self.error_handler.check_response(response)
  File "/Library/Python/2.7/site-packages/selenium/webdriver/remote/errorhandler.py", line 164, in check_response
    raise exception_class(message, screen, stacktrace)
'Message: u\'Unable to locate element: {"method":"id","selector":"firstname"}\\nCommand duration or timeout: 5.25 seconds\\nFor documentation on this error, please visit: http://seleniumhq.org/exceptions/no_such_element.html\\nBuild info: version: \\\'2.41.0\\\', revision: \\\'3192d8a\\\', time: \\\'2014-03-27 17:17:32\\\'\\nSystem info: host: \\\'Ethans-MacBook-Pro.local\\\', ip: \\\'10.0.1.48\\\', os.name: \\\'Mac OS X\\\', os.arch: \\\'x86_64\\\', os.version: \\\'10.9.3\\\', java.version: \\\'1.6.0_65\\\'\\nSession ID: eafe5b05-d443-e346-9f10-3a360f809684\\nDriver info: org.openqa.selenium.firefox.FirefoxDriver\\nCapabilities [{platform=MAC, acceptSslCerts=true, javascriptEnabled=true, browserName=firefox, rotatable=false, locationContextEnabled=true, version=29.0.1, cssSelectorsEnabled=true, databaseEnabled=true, handlesAlerts=true, browserConnectionEnabled=true, nativeEvents=false, webStorageEnabled=true, applicationCacheEnabled=true, takesScreenshot=true}]\' ; Screenshot: available via screen ; Stacktrace: \n    at sun.reflect.NativeConstructorAccessorImpl.newInstance0 (NativeConstructorAccessorImpl.java:-2)\n    at sun.reflect.NativeConstructorAccessorImpl.newInstance (NativeConstructorAccessorImpl.java:39)\n    at sun.reflect.DelegatingConstructorAccessorImpl.newInstance (DelegatingConstructorAccessorImpl.java:27)\n    at java.lang.reflect.Constructor.newInstance (Constructor.java:513)\n    at org.openqa.selenium.remote.ErrorHandler.createThrowable (ErrorHandler.java:193)\n    at org.openqa.selenium.remote.ErrorHandler.throwIfResponseFailed (ErrorHandler.java:145)\n    at org.openqa.selenium.remote.RemoteWebDriver.execute (RemoteWebDriver.java:595)\n    at org.openqa.selenium.remote.RemoteWebDriver.findElement (RemoteWebDriver.java:348)\n    at org.openqa.selenium.remote.RemoteWebDriver.findElementById (RemoteWebDriver.java:389)\n    at org.openqa.selenium.By$ById.findElement (By.java:214)\n    at org.openqa.selenium.remote.RemoteWebDriver.findElement (RemoteWebDriver.java:340)\n    at sun.reflect.NativeMethodAccessorImpl.invoke0 (NativeMethodAccessorImpl.java:-2)\n    at sun.reflect.NativeMethodAccessorImpl.invoke (NativeMethodAccessorImpl.java:39)\n    at sun.reflect.DelegatingMethodAccessorImpl.invoke (DelegatingMethodAccessorImpl.java:25)\n    at java.lang.reflect.Method.invoke (Method.java:597)\n    at org.openqa.selenium.support.events.EventFiringWebDriver$2.invoke (EventFiringWebDriver.java:101)\n    at com.sun.proxy.$Proxy2.findElement (None:-1)\n    at org.openqa.selenium.support.events.EventFiringWebDriver.findElement (EventFiringWebDriver.java:184)\n    at org.openqa.selenium.remote.server.handler.FindElement.call (FindElement.java:47)\n    at org.openqa.selenium.remote.server.handler.FindElement.call (FindElement.java:1)\n    at java.util.concurrent.FutureTask$Sync.innerRun (FutureTask.java:303)\n    at java.util.concurrent.FutureTask.run (FutureTask.java:138)\n    at org.openqa.selenium.remote.server.DefaultSession$1.run (DefaultSession.java:170)\n    at java.util.concurrent.ThreadPoolExecutor$Worker.runTask (ThreadPoolExecutor.java:895)\n    at java.util.concurrent.ThreadPoolExecutor$Worker.run (ThreadPoolExecutor.java:918)\n    at java.lang.Thread.run (Thread.java:695) \n-------------------- >> begin captured logging << --------------------\nselenium.webdriver.remote.remote_connection: DEBUG: POST http://127.0.0.1:4444/wd/hub/session {"desiredCapabilities": {"platform": "ANY", "browserName": "firefox", "version": "", "javascriptEnabled": true}}\nselenium.webdriver.remote.remote_connection: DEBUG: Finished Request\nselenium.webdriver.remote.remote_connection: DEBUG: POST http://127.0.0.1:4444/wd/hub/session/b0448046-7ab0-4887-9c04-f8058e10cac5/timeouts/implicit_wait {"sessionId": "b0448046-7ab0-4887-9c04-f8058e10cac5", "ms": 5000.0}\nselenium.webdriver.remote.remote_connection: DEBUG: Finished Request\nselenium.webdriver.remote.remote_connection: DEBUG: POST http://127.0.0.1:4444/wd/hub/session/b0448046-7ab0-4887-9c04-f8058e10cac5/url {"url": "https://app-staging.crittercism.com/developers/login", "sessionId": "b0448046-7ab0-4887-9c04-f8058e10cac5"}\nselenium.webdriver.remote.remote_connection: DEBUG: Finished Request\nselenium.webdriver.remote.remote_connection: DEBUG: POST http://127.0.0.1:4444/wd/hub/session/b0448046-7ab0-4887-9c04-f8058e10cac5/element {"using": "id", "sessionId": "b0448046-7ab0-4887-9c04-f8058e10cac5", "value": "email"}\nselenium.webdriver.remote.remote_connection: DEBUG: Finished Request\nselenium.webdriver.remote.remote_connection: DEBUG: POST http://127.0.0.1:4444/wd/hub/session/b0448046-7ab0-4887-9c04-f8058e10cac5/element/0/value {"sessionId": "b0448046-7ab0-4887-9c04-f8058e10cac5", "id": "0", "value": ["n", "s", "o", "l", "a", "i", "a", "p", "p", "a", "n", "@", "c", "r", "i", "t", "t", "e", "r", "c", "i", "s", "m", ".", "c", "o", "m"]}\nselenium.webdriver.remote.remote_connection: DEBUG: Finished Request\nselenium.webdriver.remote.remote_connection: DEBUG: POST http://127.0.0.1:4444/wd/hub/session/b0448046-7ab0-4887-9c04-f8058e10cac5/element {"using": "name", "sessionId": "b0448046-7ab0-4887-9c04-f8058e10cac5", "value": "password"}\nselenium.webdriver.remote.remote_connection: DEBUG: Finished Request\nselenium.webdriver.remote.remote_connection: DEBUG: POST http://127.0.0.1:4444/wd/hub/session/b0448046-7ab0-4887-9c04-f8058e10cac5/element/1/value {"sessionId": "b0448046-7ab0-4887-9c04-f8058e10cac5", "id": "1", "value": ["C", "r", "i", "t", "P", "a", "s", "s", "1", "2", "3"]}\nselenium.webdriver.remote.remote_connection: DEBUG: Finished Request\nselenium.webdriver.remote.remote_connection: DEBUG: POST http://127.0.0.1:4444/wd/hub/session/b0448046-7ab0-4887-9c04-f8058e10cac5/element {"using": "id", "sessionId": "b0448046-7ab0-4887-9c04-f8058e10cac5", "value": "commit"}\nselenium.webdriver.remote.remote_connection: DEBUG: Finished Request\nselenium.webdriver.remote.remote_connection: DEBUG: POST http://127.0.0.1:4444/wd/hub/session/b0448046-7ab0-4887-9c04-f8058e10cac5/element/2/submit {"sessionId": "b0448046-7ab0-4887-9c04-f8058e10cac5", "id": "2"}\nselenium.webdriver.remote.remote_connection: DEBUG: Finished Request\nselenium.webdriver.remote.remote_connection: DEBUG: POST http://127.0.0.1:4444/wd/hub/session/b0448046-7ab0-4887-9c04-f8058e10cac5/url {"url": "https://app-staging.crittercism.com/developers/logout", "sessionId": "b0448046-7ab0-4887-9c04-f8058e10cac5"}\nselenium.webdriver.remote.remote_connection: DEBUG: Finished Request\nselenium.webdriver.remote.remote_connection: DEBUG: POST http://127.0.0.1:4444/wd/hub/session/b0448046-7ab0-4887-9c04-f8058e10cac5/url {"url": "https://app-staging.crittercism.com/developers/logout", "sessionId": "b0448046-7ab0-4887-9c04-f8058e10cac5"}\nselenium.webdriver.remote.remote_connection: DEBUG: Finished Request\nselenium.webdriver.remote.remote_connection: DEBUG: POST http://127.0.0.1:4444/wd/hub/session/b0448046-7ab0-4887-9c04-f8058e10cac5/url {"url": "https://app-staging.crittercism.com/signup?plan=ent", "sessionId": "b0448046-7ab0-4887-9c04-f8058e10cac5"}\nselenium.webdriver.remote.remote_connection: DEBUG: Finished Request\nselenium.webdriver.remote.remote_connection: DEBUG: POST http://127.0.0.1:4444/wd/hub/session/b0448046-7ab0-4887-9c04-f8058e10cac5/element {"using": "id", "sessionId": "b0448046-7ab0-4887-9c04-f8058e10cac5", "value": "firstname"}\nselenium.webdriver.remote.remote_connection: DEBUG: Finished Request\n--------------------- >> end captured logging << ---------------------']]></error></testcase></testsuite>