<?xml version="1.0" encoding="UTF-8"?><testsuite name="nosetests" tests="7" errors="0" failures="2" skip="0"><testcase classname="analytics.AnalyticsTestSuite" name="test_au_text" time="1.661"></testcase><testcase classname="analytics.AnalyticsTestSuite" name="test_todays_affected_users" time="1.701"></testcase><testcase classname="analytics.AnalyticsTestSuite" name="test_todays_apploads" time="3.815"><failure type="exceptions.AssertionError" message="{u'1.0.0.0': u'89', u'0.4.2': u'5186'} != {'1.0.0.0': '89', '0.4.2': '5090'}&#10;- {u'0.4.2': u'5186', u'1.0.0.0': u'89'}&#10;?  -         -  ^^^   -           -&#10;&#10;+ {'0.4.2': '5090', '1.0.0.0': '89'}&#10;?             ^^^&#10; : App loads by version does not match given data&#10;-------------------- &gt;&gt; begin captured logging &lt;&lt; --------------------&#10;selenium.webdriver.remote.remote_connection: DEBUG: POST http://127.0.0.1:4444/wd/hub/session/dc2ee265-d18b-4688-b418-23de47b20da6/url {&quot;url&quot;: &quot;https://app-staging.crittercism.com/developers/analytics/519d53101386202089000007&quot;, &quot;sessionId&quot;: &quot;dc2ee265-d18b-4688-b418-23de47b20da6&quot;}&#10;selenium.webdriver.remote.remote_connection: DEBUG: Finished Request&#10;selenium.webdriver.remote.remote_connection: DEBUG: POST http://127.0.0.1:4444/wd/hub/session/dc2ee265-d18b-4688-b418-23de47b20da6/element {&quot;using&quot;: &quot;xpath&quot;, &quot;sessionId&quot;: &quot;dc2ee265-d18b-4688-b418-23de47b20da6&quot;, &quot;value&quot;: &quot;/html/body/div[3]/div/div[4]/div[2]/div/div/div[2]/div[2]/strong&quot;}&#10;selenium.webdriver.remote.remote_connection: DEBUG: Finished Request&#10;selenium.webdriver.remote.remote_connection: DEBUG: GET http://127.0.0.1:4444/wd/hub/session/dc2ee265-d18b-4688-b418-23de47b20da6/element/11/text {&quot;sessionId&quot;: &quot;dc2ee265-d18b-4688-b418-23de47b20da6&quot;, &quot;id&quot;: &quot;11&quot;}&#10;selenium.webdriver.remote.remote_connection: DEBUG: Finished Request&#10;selenium.webdriver.remote.remote_connection: DEBUG: POST http://127.0.0.1:4444/wd/hub/session/dc2ee265-d18b-4688-b418-23de47b20da6/element {&quot;using&quot;: &quot;xpath&quot;, &quot;sessionId&quot;: &quot;dc2ee265-d18b-4688-b418-23de47b20da6&quot;, &quot;value&quot;: &quot;/html/body/div[3]/div/div[4]/div[2]/div/div/div[2]/div[3]/strong&quot;}&#10;selenium.webdriver.remote.remote_connection: DEBUG: Finished Request&#10;selenium.webdriver.remote.remote_connection: DEBUG: GET http://127.0.0.1:4444/wd/hub/session/dc2ee265-d18b-4688-b418-23de47b20da6/element/12/text {&quot;sessionId&quot;: &quot;dc2ee265-d18b-4688-b418-23de47b20da6&quot;, &quot;id&quot;: &quot;12&quot;}&#10;selenium.webdriver.remote.remote_connection: DEBUG: Finished Request&#10;selenium.webdriver.remote.remote_connection: DEBUG: POST http://127.0.0.1:4444/wd/hub/session/dc2ee265-d18b-4688-b418-23de47b20da6/element {&quot;using&quot;: &quot;xpath&quot;, &quot;sessionId&quot;: &quot;dc2ee265-d18b-4688-b418-23de47b20da6&quot;, &quot;value&quot;: &quot;/html/body/div[3]/div/div[4]/div[2]/div/div/div[2]/div[2]/span&quot;}&#10;selenium.webdriver.remote.remote_connection: DEBUG: Finished Request&#10;selenium.webdriver.remote.remote_connection: DEBUG: GET http://127.0.0.1:4444/wd/hub/session/dc2ee265-d18b-4688-b418-23de47b20da6/element/13/text {&quot;sessionId&quot;: &quot;dc2ee265-d18b-4688-b418-23de47b20da6&quot;, &quot;id&quot;: &quot;13&quot;}&#10;selenium.webdriver.remote.remote_connection: DEBUG: Finished Request&#10;selenium.webdriver.remote.remote_connection: DEBUG: POST http://127.0.0.1:4444/wd/hub/session/dc2ee265-d18b-4688-b418-23de47b20da6/element {&quot;using&quot;: &quot;xpath&quot;, &quot;sessionId&quot;: &quot;dc2ee265-d18b-4688-b418-23de47b20da6&quot;, &quot;value&quot;: &quot;/html/body/div[3]/div/div[4]/div[2]/div/div/div[2]/div[3]/span&quot;}&#10;selenium.webdriver.remote.remote_connection: DEBUG: Finished Request&#10;selenium.webdriver.remote.remote_connection: DEBUG: GET http://127.0.0.1:4444/wd/hub/session/dc2ee265-d18b-4688-b418-23de47b20da6/element/14/text {&quot;sessionId&quot;: &quot;dc2ee265-d18b-4688-b418-23de47b20da6&quot;, &quot;id&quot;: &quot;14&quot;}&#10;selenium.webdriver.remote.remote_connection: DEBUG: Finished Request&#10;selenium.webdriver.remote.remote_connection: DEBUG: GET http://127.0.0.1:4444/wd/hub/session/dc2ee265-d18b-4688-b418-23de47b20da6/screenshot {&quot;sessionId&quot;: &quot;dc2ee265-d18b-4688-b418-23de47b20da6&quot;}&#10;selenium.webdriver.remote.remote_connection: DEBUG: Finished Request&#10;selenium.webdriver.remote.remote_connection: DEBUG: GET http://127.0.0.1:4444/wd/hub/session/dc2ee265-d18b-4688-b418-23de47b20da6/url {&quot;sessionId&quot;: &quot;dc2ee265-d18b-4688-b418-23de47b20da6&quot;}&#10;selenium.webdriver.remote.remote_connection: DEBUG: Finished Request&#10;selenium.webdriver.remote.remote_connection: DEBUG: GET http://127.0.0.1:4444/wd/hub/session/dc2ee265-d18b-4688-b418-23de47b20da6/screenshot {&quot;sessionId&quot;: &quot;dc2ee265-d18b-4688-b418-23de47b20da6&quot;}&#10;selenium.webdriver.remote.remote_connection: DEBUG: Finished Request&#10;selenium.webdriver.remote.remote_connection: DEBUG: GET http://127.0.0.1:4444/wd/hub/session/dc2ee265-d18b-4688-b418-23de47b20da6/url {&quot;sessionId&quot;: &quot;dc2ee265-d18b-4688-b418-23de47b20da6&quot;}&#10;selenium.webdriver.remote.remote_connection: DEBUG: Finished Request&#10;selenium.webdriver.remote.remote_connection: DEBUG: GET http://127.0.0.1:4444/wd/hub/session/dc2ee265-d18b-4688-b418-23de47b20da6/screenshot {&quot;sessionId&quot;: &quot;dc2ee265-d18b-4688-b418-23de47b20da6&quot;}&#10;selenium.webdriver.remote.remote_connection: DEBUG: Finished Request&#10;selenium.webdriver.remote.remote_connection: DEBUG: GET http://127.0.0.1:4444/wd/hub/session/dc2ee265-d18b-4688-b418-23de47b20da6/url {&quot;sessionId&quot;: &quot;dc2ee265-d18b-4688-b418-23de47b20da6&quot;}&#10;selenium.webdriver.remote.remote_connection: DEBUG: Finished Request&#10;--------------------- &gt;&gt; end captured logging &lt;&lt; ---------------------"><![CDATA[  File "/Library/Python/2.7/site-packages/unittest2/case.py", line 340, in run
    testMethod()
  File "/Users/egeller/testing/fork/crittercism/tests/trend_analysis/analytics.py", line 146, in test_todays_apploads
    self.assertEqual(crash_table, blank_data, "App loads by version does not match given data")
  File "/Users/egeller/testing/fork/crittercism/src/multiple_assertions.py", line 47, in wrapped
    assertion_method(self, *args, **kwargs)
  File "/Library/Python/2.7/site-packages/unittest2/case.py", line 521, in assertEqual
    assertion_func(first, second, msg=msg)
  File "/Users/egeller/testing/fork/crittercism/src/multiple_assertions.py", line 47, in wrapped
    assertion_method(self, *args, **kwargs)
  File "/Library/Python/2.7/site-packages/unittest2/case.py", line 844, in assertDictEqual
    self.fail(self._formatMessage(msg, standardMsg))
  File "/Users/egeller/testing/fork/crittercism/src/multiple_assertions.py", line 47, in wrapped
    assertion_method(self, *args, **kwargs)
  File "/Library/Python/2.7/site-packages/unittest2/case.py", line 415, in fail
    raise self.failureException(msg)
'{u\'1.0.0.0\': u\'89\', u\'0.4.2\': u\'5186\'} != {\'1.0.0.0\': \'89\', \'0.4.2\': \'5090\'}\n- {u\'0.4.2\': u\'5186\', u\'1.0.0.0\': u\'89\'}\n?  -         -  ^^^   -           -\n\n+ {\'0.4.2\': \'5090\', \'1.0.0.0\': \'89\'}\n?             ^^^\n : App loads by version does not match given data\n-------------------- >> begin captured logging << --------------------\nselenium.webdriver.remote.remote_connection: DEBUG: POST http://127.0.0.1:4444/wd/hub/session/dc2ee265-d18b-4688-b418-23de47b20da6/url {"url": "https://app-staging.crittercism.com/developers/analytics/519d53101386202089000007", "sessionId": "dc2ee265-d18b-4688-b418-23de47b20da6"}\nselenium.webdriver.remote.remote_connection: DEBUG: Finished Request\nselenium.webdriver.remote.remote_connection: DEBUG: POST http://127.0.0.1:4444/wd/hub/session/dc2ee265-d18b-4688-b418-23de47b20da6/element {"using": "xpath", "sessionId": "dc2ee265-d18b-4688-b418-23de47b20da6", "value": "/html/body/div[3]/div/div[4]/div[2]/div/div/div[2]/div[2]/strong"}\nselenium.webdriver.remote.remote_connection: DEBUG: Finished Request\nselenium.webdriver.remote.remote_connection: DEBUG: GET http://127.0.0.1:4444/wd/hub/session/dc2ee265-d18b-4688-b418-23de47b20da6/element/11/text {"sessionId": "dc2ee265-d18b-4688-b418-23de47b20da6", "id": "11"}\nselenium.webdriver.remote.remote_connection: DEBUG: Finished Request\nselenium.webdriver.remote.remote_connection: DEBUG: POST http://127.0.0.1:4444/wd/hub/session/dc2ee265-d18b-4688-b418-23de47b20da6/element {"using": "xpath", "sessionId": "dc2ee265-d18b-4688-b418-23de47b20da6", "value": "/html/body/div[3]/div/div[4]/div[2]/div/div/div[2]/div[3]/strong"}\nselenium.webdriver.remote.remote_connection: DEBUG: Finished Request\nselenium.webdriver.remote.remote_connection: DEBUG: GET http://127.0.0.1:4444/wd/hub/session/dc2ee265-d18b-4688-b418-23de47b20da6/element/12/text {"sessionId": "dc2ee265-d18b-4688-b418-23de47b20da6", "id": "12"}\nselenium.webdriver.remote.remote_connection: DEBUG: Finished Request\nselenium.webdriver.remote.remote_connection: DEBUG: POST http://127.0.0.1:4444/wd/hub/session/dc2ee265-d18b-4688-b418-23de47b20da6/element {"using": "xpath", "sessionId": "dc2ee265-d18b-4688-b418-23de47b20da6", "value": "/html/body/div[3]/div/div[4]/div[2]/div/div/div[2]/div[2]/span"}\nselenium.webdriver.remote.remote_connection: DEBUG: Finished Request\nselenium.webdriver.remote.remote_connection: DEBUG: GET http://127.0.0.1:4444/wd/hub/session/dc2ee265-d18b-4688-b418-23de47b20da6/element/13/text {"sessionId": "dc2ee265-d18b-4688-b418-23de47b20da6", "id": "13"}\nselenium.webdriver.remote.remote_connection: DEBUG: Finished Request\nselenium.webdriver.remote.remote_connection: DEBUG: POST http://127.0.0.1:4444/wd/hub/session/dc2ee265-d18b-4688-b418-23de47b20da6/element {"using": "xpath", "sessionId": "dc2ee265-d18b-4688-b418-23de47b20da6", "value": "/html/body/div[3]/div/div[4]/div[2]/div/div/div[2]/div[3]/span"}\nselenium.webdriver.remote.remote_connection: DEBUG: Finished Request\nselenium.webdriver.remote.remote_connection: DEBUG: GET http://127.0.0.1:4444/wd/hub/session/dc2ee265-d18b-4688-b418-23de47b20da6/element/14/text {"sessionId": "dc2ee265-d18b-4688-b418-23de47b20da6", "id": "14"}\nselenium.webdriver.remote.remote_connection: DEBUG: Finished Request\nselenium.webdriver.remote.remote_connection: DEBUG: GET http://127.0.0.1:4444/wd/hub/session/dc2ee265-d18b-4688-b418-23de47b20da6/screenshot {"sessionId": "dc2ee265-d18b-4688-b418-23de47b20da6"}\nselenium.webdriver.remote.remote_connection: DEBUG: Finished Request\nselenium.webdriver.remote.remote_connection: DEBUG: GET http://127.0.0.1:4444/wd/hub/session/dc2ee265-d18b-4688-b418-23de47b20da6/url {"sessionId": "dc2ee265-d18b-4688-b418-23de47b20da6"}\nselenium.webdriver.remote.remote_connection: DEBUG: Finished Request\nselenium.webdriver.remote.remote_connection: DEBUG: GET http://127.0.0.1:4444/wd/hub/session/dc2ee265-d18b-4688-b418-23de47b20da6/screenshot {"sessionId": "dc2ee265-d18b-4688-b418-23de47b20da6"}\nselenium.webdriver.remote.remote_connection: DEBUG: Finished Request\nselenium.webdriver.remote.remote_connection: DEBUG: GET http://127.0.0.1:4444/wd/hub/session/dc2ee265-d18b-4688-b418-23de47b20da6/url {"sessionId": "dc2ee265-d18b-4688-b418-23de47b20da6"}\nselenium.webdriver.remote.remote_connection: DEBUG: Finished Request\nselenium.webdriver.remote.remote_connection: DEBUG: GET http://127.0.0.1:4444/wd/hub/session/dc2ee265-d18b-4688-b418-23de47b20da6/screenshot {"sessionId": "dc2ee265-d18b-4688-b418-23de47b20da6"}\nselenium.webdriver.remote.remote_connection: DEBUG: Finished Request\nselenium.webdriver.remote.remote_connection: DEBUG: GET http://127.0.0.1:4444/wd/hub/session/dc2ee265-d18b-4688-b418-23de47b20da6/url {"sessionId": "dc2ee265-d18b-4688-b418-23de47b20da6"}\nselenium.webdriver.remote.remote_connection: DEBUG: Finished Request\n--------------------- >> end captured logging << ---------------------']]></failure></testcase><testcase classname="analytics.AnalyticsTestSuite" name="test_todays_apploads_crashes" time="1.722"></testcase><testcase classname="analytics.AnalyticsTestSuite" name="test_todays_crashes" time="3.875"><failure type="exceptions.AssertionError" message="{u'1.0.0.0': u'0', u'0.4.2': u'375'} != {'1.0.0.0': '0', '0.4.2': '0'}&#10;- {u'0.4.2': u'375', u'1.0.0.0': u'0'}&#10;?  -         - ^^^   -           -&#10;&#10;+ {'0.4.2': '0', '1.0.0.0': '0'}&#10;?            ^&#10; : Crashes by version does not match given data&#10;-------------------- &gt;&gt; begin captured logging &lt;&lt; --------------------&#10;selenium.webdriver.remote.remote_connection: DEBUG: POST http://127.0.0.1:4444/wd/hub/session/dc2ee265-d18b-4688-b418-23de47b20da6/url {&quot;url&quot;: &quot;https://app-staging.crittercism.com/developers/analytics/519d53101386202089000007&quot;, &quot;sessionId&quot;: &quot;dc2ee265-d18b-4688-b418-23de47b20da6&quot;}&#10;selenium.webdriver.remote.remote_connection: DEBUG: Finished Request&#10;selenium.webdriver.remote.remote_connection: DEBUG: POST http://127.0.0.1:4444/wd/hub/session/dc2ee265-d18b-4688-b418-23de47b20da6/element {&quot;using&quot;: &quot;xpath&quot;, &quot;sessionId&quot;: &quot;dc2ee265-d18b-4688-b418-23de47b20da6&quot;, &quot;value&quot;: &quot;/html/body/div[3]/div/div[4]/div[3]/div/div/div[2]/div[2]/strong&quot;}&#10;selenium.webdriver.remote.remote_connection: DEBUG: Finished Request&#10;selenium.webdriver.remote.remote_connection: DEBUG: GET http://127.0.0.1:4444/wd/hub/session/dc2ee265-d18b-4688-b418-23de47b20da6/element/19/text {&quot;sessionId&quot;: &quot;dc2ee265-d18b-4688-b418-23de47b20da6&quot;, &quot;id&quot;: &quot;19&quot;}&#10;selenium.webdriver.remote.remote_connection: DEBUG: Finished Request&#10;selenium.webdriver.remote.remote_connection: DEBUG: POST http://127.0.0.1:4444/wd/hub/session/dc2ee265-d18b-4688-b418-23de47b20da6/element {&quot;using&quot;: &quot;xpath&quot;, &quot;sessionId&quot;: &quot;dc2ee265-d18b-4688-b418-23de47b20da6&quot;, &quot;value&quot;: &quot;/html/body/div[3]/div/div[4]/div[3]/div/div/div[2]/div[3]/strong&quot;}&#10;selenium.webdriver.remote.remote_connection: DEBUG: Finished Request&#10;selenium.webdriver.remote.remote_connection: DEBUG: GET http://127.0.0.1:4444/wd/hub/session/dc2ee265-d18b-4688-b418-23de47b20da6/element/20/text {&quot;sessionId&quot;: &quot;dc2ee265-d18b-4688-b418-23de47b20da6&quot;, &quot;id&quot;: &quot;20&quot;}&#10;selenium.webdriver.remote.remote_connection: DEBUG: Finished Request&#10;selenium.webdriver.remote.remote_connection: DEBUG: POST http://127.0.0.1:4444/wd/hub/session/dc2ee265-d18b-4688-b418-23de47b20da6/element {&quot;using&quot;: &quot;xpath&quot;, &quot;sessionId&quot;: &quot;dc2ee265-d18b-4688-b418-23de47b20da6&quot;, &quot;value&quot;: &quot;/html/body/div[3]/div/div[4]/div[3]/div/div/div[2]/div[2]/span&quot;}&#10;selenium.webdriver.remote.remote_connection: DEBUG: Finished Request&#10;selenium.webdriver.remote.remote_connection: DEBUG: GET http://127.0.0.1:4444/wd/hub/session/dc2ee265-d18b-4688-b418-23de47b20da6/element/21/text {&quot;sessionId&quot;: &quot;dc2ee265-d18b-4688-b418-23de47b20da6&quot;, &quot;id&quot;: &quot;21&quot;}&#10;selenium.webdriver.remote.remote_connection: DEBUG: Finished Request&#10;selenium.webdriver.remote.remote_connection: DEBUG: POST http://127.0.0.1:4444/wd/hub/session/dc2ee265-d18b-4688-b418-23de47b20da6/element {&quot;using&quot;: &quot;xpath&quot;, &quot;sessionId&quot;: &quot;dc2ee265-d18b-4688-b418-23de47b20da6&quot;, &quot;value&quot;: &quot;/html/body/div[3]/div/div[4]/div[3]/div/div/div[2]/div[3]/span&quot;}&#10;selenium.webdriver.remote.remote_connection: DEBUG: Finished Request&#10;selenium.webdriver.remote.remote_connection: DEBUG: GET http://127.0.0.1:4444/wd/hub/session/dc2ee265-d18b-4688-b418-23de47b20da6/element/22/text {&quot;sessionId&quot;: &quot;dc2ee265-d18b-4688-b418-23de47b20da6&quot;, &quot;id&quot;: &quot;22&quot;}&#10;selenium.webdriver.remote.remote_connection: DEBUG: Finished Request&#10;selenium.webdriver.remote.remote_connection: DEBUG: GET http://127.0.0.1:4444/wd/hub/session/dc2ee265-d18b-4688-b418-23de47b20da6/screenshot {&quot;sessionId&quot;: &quot;dc2ee265-d18b-4688-b418-23de47b20da6&quot;}&#10;selenium.webdriver.remote.remote_connection: DEBUG: Finished Request&#10;selenium.webdriver.remote.remote_connection: DEBUG: GET http://127.0.0.1:4444/wd/hub/session/dc2ee265-d18b-4688-b418-23de47b20da6/url {&quot;sessionId&quot;: &quot;dc2ee265-d18b-4688-b418-23de47b20da6&quot;}&#10;selenium.webdriver.remote.remote_connection: DEBUG: Finished Request&#10;selenium.webdriver.remote.remote_connection: DEBUG: GET http://127.0.0.1:4444/wd/hub/session/dc2ee265-d18b-4688-b418-23de47b20da6/screenshot {&quot;sessionId&quot;: &quot;dc2ee265-d18b-4688-b418-23de47b20da6&quot;}&#10;selenium.webdriver.remote.remote_connection: DEBUG: Finished Request&#10;selenium.webdriver.remote.remote_connection: DEBUG: GET http://127.0.0.1:4444/wd/hub/session/dc2ee265-d18b-4688-b418-23de47b20da6/url {&quot;sessionId&quot;: &quot;dc2ee265-d18b-4688-b418-23de47b20da6&quot;}&#10;selenium.webdriver.remote.remote_connection: DEBUG: Finished Request&#10;selenium.webdriver.remote.remote_connection: DEBUG: GET http://127.0.0.1:4444/wd/hub/session/dc2ee265-d18b-4688-b418-23de47b20da6/screenshot {&quot;sessionId&quot;: &quot;dc2ee265-d18b-4688-b418-23de47b20da6&quot;}&#10;selenium.webdriver.remote.remote_connection: DEBUG: Finished Request&#10;selenium.webdriver.remote.remote_connection: DEBUG: GET http://127.0.0.1:4444/wd/hub/session/dc2ee265-d18b-4688-b418-23de47b20da6/url {&quot;sessionId&quot;: &quot;dc2ee265-d18b-4688-b418-23de47b20da6&quot;}&#10;selenium.webdriver.remote.remote_connection: DEBUG: Finished Request&#10;--------------------- &gt;&gt; end captured logging &lt;&lt; ---------------------"><![CDATA[  File "/Library/Python/2.7/site-packages/unittest2/case.py", line 340, in run
    testMethod()
  File "/Users/egeller/testing/fork/crittercism/tests/trend_analysis/analytics.py", line 189, in test_todays_crashes
    self.assertEqual(crash_table, blank_data, "Crashes by version does not match given data")
  File "/Users/egeller/testing/fork/crittercism/src/multiple_assertions.py", line 47, in wrapped
    assertion_method(self, *args, **kwargs)
  File "/Library/Python/2.7/site-packages/unittest2/case.py", line 521, in assertEqual
    assertion_func(first, second, msg=msg)
  File "/Users/egeller/testing/fork/crittercism/src/multiple_assertions.py", line 47, in wrapped
    assertion_method(self, *args, **kwargs)
  File "/Library/Python/2.7/site-packages/unittest2/case.py", line 844, in assertDictEqual
    self.fail(self._formatMessage(msg, standardMsg))
  File "/Users/egeller/testing/fork/crittercism/src/multiple_assertions.py", line 47, in wrapped
    assertion_method(self, *args, **kwargs)
  File "/Library/Python/2.7/site-packages/unittest2/case.py", line 415, in fail
    raise self.failureException(msg)
'{u\'1.0.0.0\': u\'0\', u\'0.4.2\': u\'375\'} != {\'1.0.0.0\': \'0\', \'0.4.2\': \'0\'}\n- {u\'0.4.2\': u\'375\', u\'1.0.0.0\': u\'0\'}\n?  -         - ^^^   -           -\n\n+ {\'0.4.2\': \'0\', \'1.0.0.0\': \'0\'}\n?            ^\n : Crashes by version does not match given data\n-------------------- >> begin captured logging << --------------------\nselenium.webdriver.remote.remote_connection: DEBUG: POST http://127.0.0.1:4444/wd/hub/session/dc2ee265-d18b-4688-b418-23de47b20da6/url {"url": "https://app-staging.crittercism.com/developers/analytics/519d53101386202089000007", "sessionId": "dc2ee265-d18b-4688-b418-23de47b20da6"}\nselenium.webdriver.remote.remote_connection: DEBUG: Finished Request\nselenium.webdriver.remote.remote_connection: DEBUG: POST http://127.0.0.1:4444/wd/hub/session/dc2ee265-d18b-4688-b418-23de47b20da6/element {"using": "xpath", "sessionId": "dc2ee265-d18b-4688-b418-23de47b20da6", "value": "/html/body/div[3]/div/div[4]/div[3]/div/div/div[2]/div[2]/strong"}\nselenium.webdriver.remote.remote_connection: DEBUG: Finished Request\nselenium.webdriver.remote.remote_connection: DEBUG: GET http://127.0.0.1:4444/wd/hub/session/dc2ee265-d18b-4688-b418-23de47b20da6/element/19/text {"sessionId": "dc2ee265-d18b-4688-b418-23de47b20da6", "id": "19"}\nselenium.webdriver.remote.remote_connection: DEBUG: Finished Request\nselenium.webdriver.remote.remote_connection: DEBUG: POST http://127.0.0.1:4444/wd/hub/session/dc2ee265-d18b-4688-b418-23de47b20da6/element {"using": "xpath", "sessionId": "dc2ee265-d18b-4688-b418-23de47b20da6", "value": "/html/body/div[3]/div/div[4]/div[3]/div/div/div[2]/div[3]/strong"}\nselenium.webdriver.remote.remote_connection: DEBUG: Finished Request\nselenium.webdriver.remote.remote_connection: DEBUG: GET http://127.0.0.1:4444/wd/hub/session/dc2ee265-d18b-4688-b418-23de47b20da6/element/20/text {"sessionId": "dc2ee265-d18b-4688-b418-23de47b20da6", "id": "20"}\nselenium.webdriver.remote.remote_connection: DEBUG: Finished Request\nselenium.webdriver.remote.remote_connection: DEBUG: POST http://127.0.0.1:4444/wd/hub/session/dc2ee265-d18b-4688-b418-23de47b20da6/element {"using": "xpath", "sessionId": "dc2ee265-d18b-4688-b418-23de47b20da6", "value": "/html/body/div[3]/div/div[4]/div[3]/div/div/div[2]/div[2]/span"}\nselenium.webdriver.remote.remote_connection: DEBUG: Finished Request\nselenium.webdriver.remote.remote_connection: DEBUG: GET http://127.0.0.1:4444/wd/hub/session/dc2ee265-d18b-4688-b418-23de47b20da6/element/21/text {"sessionId": "dc2ee265-d18b-4688-b418-23de47b20da6", "id": "21"}\nselenium.webdriver.remote.remote_connection: DEBUG: Finished Request\nselenium.webdriver.remote.remote_connection: DEBUG: POST http://127.0.0.1:4444/wd/hub/session/dc2ee265-d18b-4688-b418-23de47b20da6/element {"using": "xpath", "sessionId": "dc2ee265-d18b-4688-b418-23de47b20da6", "value": "/html/body/div[3]/div/div[4]/div[3]/div/div/div[2]/div[3]/span"}\nselenium.webdriver.remote.remote_connection: DEBUG: Finished Request\nselenium.webdriver.remote.remote_connection: DEBUG: GET http://127.0.0.1:4444/wd/hub/session/dc2ee265-d18b-4688-b418-23de47b20da6/element/22/text {"sessionId": "dc2ee265-d18b-4688-b418-23de47b20da6", "id": "22"}\nselenium.webdriver.remote.remote_connection: DEBUG: Finished Request\nselenium.webdriver.remote.remote_connection: DEBUG: GET http://127.0.0.1:4444/wd/hub/session/dc2ee265-d18b-4688-b418-23de47b20da6/screenshot {"sessionId": "dc2ee265-d18b-4688-b418-23de47b20da6"}\nselenium.webdriver.remote.remote_connection: DEBUG: Finished Request\nselenium.webdriver.remote.remote_connection: DEBUG: GET http://127.0.0.1:4444/wd/hub/session/dc2ee265-d18b-4688-b418-23de47b20da6/url {"sessionId": "dc2ee265-d18b-4688-b418-23de47b20da6"}\nselenium.webdriver.remote.remote_connection: DEBUG: Finished Request\nselenium.webdriver.remote.remote_connection: DEBUG: GET http://127.0.0.1:4444/wd/hub/session/dc2ee265-d18b-4688-b418-23de47b20da6/screenshot {"sessionId": "dc2ee265-d18b-4688-b418-23de47b20da6"}\nselenium.webdriver.remote.remote_connection: DEBUG: Finished Request\nselenium.webdriver.remote.remote_connection: DEBUG: GET http://127.0.0.1:4444/wd/hub/session/dc2ee265-d18b-4688-b418-23de47b20da6/url {"sessionId": "dc2ee265-d18b-4688-b418-23de47b20da6"}\nselenium.webdriver.remote.remote_connection: DEBUG: Finished Request\nselenium.webdriver.remote.remote_connection: DEBUG: GET http://127.0.0.1:4444/wd/hub/session/dc2ee265-d18b-4688-b418-23de47b20da6/screenshot {"sessionId": "dc2ee265-d18b-4688-b418-23de47b20da6"}\nselenium.webdriver.remote.remote_connection: DEBUG: Finished Request\nselenium.webdriver.remote.remote_connection: DEBUG: GET http://127.0.0.1:4444/wd/hub/session/dc2ee265-d18b-4688-b418-23de47b20da6/url {"sessionId": "dc2ee265-d18b-4688-b418-23de47b20da6"}\nselenium.webdriver.remote.remote_connection: DEBUG: Finished Request\n--------------------- >> end captured logging << ---------------------']]></failure></testcase><testcase classname="analytics.AnalyticsTestSuite" name="test_todays_dau" time="1.842"></testcase><testcase classname="analytics.AnalyticsTestSuite" name="test_todays_dau_crashes" time="1.640"></testcase></testsuite>