<?xml version="1.0" encoding="UTF-8"?><testsuite name="nosetests" tests="6" errors="2" failures="1" skip="0"><testcase classname="wrapping.WrappingTestSuite" name="test_basic_new_android" time="7.646"><error type="selenium.common.exceptions.NoSuchElementException" message="Message: u'Unable to locate element: {&quot;method&quot;:&quot;id&quot;,&quot;selector&quot;:&quot;app-name&quot;}\nCommand duration or timeout: 5.55 seconds\nFor documentation on this error, please visit: http://seleniumhq.org/exceptions/no_such_element.html\nBuild info: version: \'2.41.0\', revision: \'3192d8a\', time: \'2014-03-27 17:17:32\'\nSystem info: host: \'Ethans-MacBook-Pro.local\', ip: \'10.0.1.48\', os.name: \'Mac OS X\', os.arch: \'x86_64\', os.version: \'10.9.3\', java.version: \'1.6.0_65\'\nSession ID: 2c74497a-85b2-ab4c-9892-d6245cb7ba2c\nDriver info: org.openqa.selenium.firefox.FirefoxDriver\nCapabilities [{platform=MAC, acceptSslCerts=true, javascriptEnabled=true, browserName=firefox, rotatable=false, locationContextEnabled=true, version=29.0.1, cssSelectorsEnabled=true, databaseEnabled=true, handlesAlerts=true, browserConnectionEnabled=true, nativeEvents=false, webStorageEnabled=true, applicationCacheEnabled=true, takesScreenshot=true}]' ; Screenshot: available via screen ; Stacktrace: &#10;    at sun.reflect.NativeConstructorAccessorImpl.newInstance0 (NativeConstructorAccessorImpl.java:-2)&#10;    at sun.reflect.NativeConstructorAccessorImpl.newInstance (NativeConstructorAccessorImpl.java:39)&#10;    at sun.reflect.DelegatingConstructorAccessorImpl.newInstance (DelegatingConstructorAccessorImpl.java:27)&#10;    at java.lang.reflect.Constructor.newInstance (Constructor.java:513)&#10;    at org.openqa.selenium.remote.ErrorHandler.createThrowable (ErrorHandler.java:193)&#10;    at org.openqa.selenium.remote.ErrorHandler.throwIfResponseFailed (ErrorHandler.java:145)&#10;    at org.openqa.selenium.remote.RemoteWebDriver.execute (RemoteWebDriver.java:595)&#10;    at org.openqa.selenium.remote.RemoteWebDriver.findElement (RemoteWebDriver.java:348)&#10;    at org.openqa.selenium.remote.RemoteWebDriver.findElementById (RemoteWebDriver.java:389)&#10;    at org.openqa.selenium.By$ById.findElement (By.java:214)&#10;    at org.openqa.selenium.remote.RemoteWebDriver.findElement (RemoteWebDriver.java:340)&#10;    at sun.reflect.NativeMethodAccessorImpl.invoke0 (NativeMethodAccessorImpl.java:-2)&#10;    at sun.reflect.NativeMethodAccessorImpl.invoke (NativeMethodAccessorImpl.java:39)&#10;    at sun.reflect.DelegatingMethodAccessorImpl.invoke (DelegatingMethodAccessorImpl.java:25)&#10;    at java.lang.reflect.Method.invoke (Method.java:597)&#10;    at org.openqa.selenium.support.events.EventFiringWebDriver$2.invoke (EventFiringWebDriver.java:101)&#10;    at com.sun.proxy.$Proxy2.findElement (None:-1)&#10;    at org.openqa.selenium.support.events.EventFiringWebDriver.findElement (EventFiringWebDriver.java:184)&#10;    at org.openqa.selenium.remote.server.handler.FindElement.call (FindElement.java:47)&#10;    at org.openqa.selenium.remote.server.handler.FindElement.call (FindElement.java:1)&#10;    at java.util.concurrent.FutureTask$Sync.innerRun (FutureTask.java:303)&#10;    at java.util.concurrent.FutureTask.run (FutureTask.java:138)&#10;    at org.openqa.selenium.remote.server.DefaultSession$1.run (DefaultSession.java:170)&#10;    at java.util.concurrent.ThreadPoolExecutor$Worker.runTask (ThreadPoolExecutor.java:895)&#10;    at java.util.concurrent.ThreadPoolExecutor$Worker.run (ThreadPoolExecutor.java:918)&#10;    at java.lang.Thread.run (Thread.java:695) &#10;-------------------- &gt;&gt; begin captured logging &lt;&lt; --------------------&#10;selenium.webdriver.remote.remote_connection: DEBUG: POST http://127.0.0.1:4444/wd/hub/session {&quot;desiredCapabilities&quot;: {&quot;platform&quot;: &quot;ANY&quot;, &quot;browserName&quot;: &quot;firefox&quot;, &quot;version&quot;: &quot;&quot;, &quot;javascriptEnabled&quot;: true}}&#10;selenium.webdriver.remote.remote_connection: DEBUG: Finished Request&#10;selenium.webdriver.remote.remote_connection: DEBUG: POST http://127.0.0.1:4444/wd/hub/session/fbc9ae77-46a3-41a3-8a2b-88088633beb1/timeouts/implicit_wait {&quot;sessionId&quot;: &quot;fbc9ae77-46a3-41a3-8a2b-88088633beb1&quot;, &quot;ms&quot;: 5000.0}&#10;selenium.webdriver.remote.remote_connection: DEBUG: Finished Request&#10;selenium.webdriver.remote.remote_connection: DEBUG: POST http://127.0.0.1:4444/wd/hub/session/fbc9ae77-46a3-41a3-8a2b-88088633beb1/url {&quot;url&quot;: &quot;https://app-staging.crittercism.com/developers/login&quot;, &quot;sessionId&quot;: &quot;fbc9ae77-46a3-41a3-8a2b-88088633beb1&quot;}&#10;selenium.webdriver.remote.remote_connection: DEBUG: Finished Request&#10;selenium.webdriver.remote.remote_connection: DEBUG: POST http://127.0.0.1:4444/wd/hub/session/fbc9ae77-46a3-41a3-8a2b-88088633beb1/element {&quot;using&quot;: &quot;id&quot;, &quot;sessionId&quot;: &quot;fbc9ae77-46a3-41a3-8a2b-88088633beb1&quot;, &quot;value&quot;: &quot;email&quot;}&#10;selenium.webdriver.remote.remote_connection: DEBUG: Finished Request&#10;selenium.webdriver.remote.remote_connection: DEBUG: POST http://127.0.0.1:4444/wd/hub/session/fbc9ae77-46a3-41a3-8a2b-88088633beb1/element/0/value {&quot;sessionId&quot;: &quot;fbc9ae77-46a3-41a3-8a2b-88088633beb1&quot;, &quot;id&quot;: &quot;0&quot;, &quot;value&quot;: [&quot;n&quot;, &quot;s&quot;, &quot;o&quot;, &quot;l&quot;, &quot;a&quot;, &quot;i&quot;, &quot;a&quot;, &quot;p&quot;, &quot;p&quot;, &quot;a&quot;, &quot;n&quot;, &quot;@&quot;, &quot;c&quot;, &quot;r&quot;, &quot;i&quot;, &quot;t&quot;, &quot;t&quot;, &quot;e&quot;, &quot;r&quot;, &quot;c&quot;, &quot;i&quot;, &quot;s&quot;, &quot;m&quot;, &quot;.&quot;, &quot;c&quot;, &quot;o&quot;, &quot;m&quot;]}&#10;selenium.webdriver.remote.remote_connection: DEBUG: Finished Request&#10;selenium.webdriver.remote.remote_connection: DEBUG: POST http://127.0.0.1:4444/wd/hub/session/fbc9ae77-46a3-41a3-8a2b-88088633beb1/element {&quot;using&quot;: &quot;name&quot;, &quot;sessionId&quot;: &quot;fbc9ae77-46a3-41a3-8a2b-88088633beb1&quot;, &quot;value&quot;: &quot;password&quot;}&#10;selenium.webdriver.remote.remote_connection: DEBUG: Finished Request&#10;selenium.webdriver.remote.remote_connection: DEBUG: POST http://127.0.0.1:4444/wd/hub/session/fbc9ae77-46a3-41a3-8a2b-88088633beb1/element/1/value {&quot;sessionId&quot;: &quot;fbc9ae77-46a3-41a3-8a2b-88088633beb1&quot;, &quot;id&quot;: &quot;1&quot;, &quot;value&quot;: [&quot;C&quot;, &quot;r&quot;, &quot;i&quot;, &quot;t&quot;, &quot;P&quot;, &quot;a&quot;, &quot;s&quot;, &quot;s&quot;, &quot;1&quot;, &quot;2&quot;, &quot;3&quot;]}&#10;selenium.webdriver.remote.remote_connection: DEBUG: Finished Request&#10;selenium.webdriver.remote.remote_connection: DEBUG: POST http://127.0.0.1:4444/wd/hub/session/fbc9ae77-46a3-41a3-8a2b-88088633beb1/element {&quot;using&quot;: &quot;id&quot;, &quot;sessionId&quot;: &quot;fbc9ae77-46a3-41a3-8a2b-88088633beb1&quot;, &quot;value&quot;: &quot;commit&quot;}&#10;selenium.webdriver.remote.remote_connection: DEBUG: Finished Request&#10;selenium.webdriver.remote.remote_connection: DEBUG: POST http://127.0.0.1:4444/wd/hub/session/fbc9ae77-46a3-41a3-8a2b-88088633beb1/element/2/submit {&quot;sessionId&quot;: &quot;fbc9ae77-46a3-41a3-8a2b-88088633beb1&quot;, &quot;id&quot;: &quot;2&quot;}&#10;selenium.webdriver.remote.remote_connection: DEBUG: Finished Request&#10;selenium.webdriver.remote.remote_connection: DEBUG: POST http://127.0.0.1:4444/wd/hub/session/fbc9ae77-46a3-41a3-8a2b-88088633beb1/url {&quot;url&quot;: &quot;https://app-staging.crittercism.com/developers/logout&quot;, &quot;sessionId&quot;: &quot;fbc9ae77-46a3-41a3-8a2b-88088633beb1&quot;}&#10;selenium.webdriver.remote.remote_connection: DEBUG: Finished Request&#10;selenium.webdriver.remote.remote_connection: DEBUG: POST http://127.0.0.1:4444/wd/hub/session/fbc9ae77-46a3-41a3-8a2b-88088633beb1/url {&quot;url&quot;: &quot;https://app-staging.crittercism.com/developers/logout&quot;, &quot;sessionId&quot;: &quot;fbc9ae77-46a3-41a3-8a2b-88088633beb1&quot;}&#10;selenium.webdriver.remote.remote_connection: DEBUG: Finished Request&#10;selenium.webdriver.remote.remote_connection: DEBUG: POST http://127.0.0.1:4444/wd/hub/session/fbc9ae77-46a3-41a3-8a2b-88088633beb1/url {&quot;url&quot;: &quot;https://app-staging.crittercism.com/developers/login&quot;, &quot;sessionId&quot;: &quot;fbc9ae77-46a3-41a3-8a2b-88088633beb1&quot;}&#10;selenium.webdriver.remote.remote_connection: DEBUG: Finished Request&#10;selenium.webdriver.remote.remote_connection: DEBUG: POST http://127.0.0.1:4444/wd/hub/session/fbc9ae77-46a3-41a3-8a2b-88088633beb1/element {&quot;using&quot;: &quot;id&quot;, &quot;sessionId&quot;: &quot;fbc9ae77-46a3-41a3-8a2b-88088633beb1&quot;, &quot;value&quot;: &quot;email&quot;}&#10;selenium.webdriver.remote.remote_connection: DEBUG: Finished Request&#10;selenium.webdriver.remote.remote_connection: DEBUG: POST http://127.0.0.1:4444/wd/hub/session/fbc9ae77-46a3-41a3-8a2b-88088633beb1/element/3/value {&quot;sessionId&quot;: &quot;fbc9ae77-46a3-41a3-8a2b-88088633beb1&quot;, &quot;id&quot;: &quot;3&quot;, &quot;value&quot;: [&quot;e&quot;, &quot;j&quot;, &quot;g&quot;, &quot;e&quot;, &quot;l&quot;, &quot;l&quot;, &quot;e&quot;, &quot;r&quot;, &quot;@&quot;, &quot;s&quot;, &quot;t&quot;, &quot;a&quot;, &quot;n&quot;, &quot;f&quot;, &quot;o&quot;, &quot;r&quot;, &quot;d&quot;, &quot;.&quot;, &quot;e&quot;, &quot;d&quot;, &quot;u&quot;]}&#10;selenium.webdriver.remote.remote_connection: DEBUG: Finished Request&#10;selenium.webdriver.remote.remote_connection: DEBUG: POST http://127.0.0.1:4444/wd/hub/session/fbc9ae77-46a3-41a3-8a2b-88088633beb1/element {&quot;using&quot;: &quot;name&quot;, &quot;sessionId&quot;: &quot;fbc9ae77-46a3-41a3-8a2b-88088633beb1&quot;, &quot;value&quot;: &quot;password&quot;}&#10;selenium.webdriver.remote.remote_connection: DEBUG: Finished Request&#10;selenium.webdriver.remote.remote_connection: DEBUG: POST http://127.0.0.1:4444/wd/hub/session/fbc9ae77-46a3-41a3-8a2b-88088633beb1/element/4/value {&quot;sessionId&quot;: &quot;fbc9ae77-46a3-41a3-8a2b-88088633beb1&quot;, &quot;id&quot;: &quot;4&quot;, &quot;value&quot;: [&quot;C&quot;, &quot;r&quot;, &quot;i&quot;, &quot;t&quot;, &quot;T&quot;, &quot;e&quot;, &quot;s&quot;, &quot;t&quot;, &quot;1&quot;, &quot;2&quot;, &quot;3&quot;]}&#10;selenium.webdriver.remote.remote_connection: DEBUG: Finished Request&#10;selenium.webdriver.remote.remote_connection: DEBUG: POST http://127.0.0.1:4444/wd/hub/session/fbc9ae77-46a3-41a3-8a2b-88088633beb1/element {&quot;using&quot;: &quot;id&quot;, &quot;sessionId&quot;: &quot;fbc9ae77-46a3-41a3-8a2b-88088633beb1&quot;, &quot;value&quot;: &quot;commit&quot;}&#10;selenium.webdriver.remote.remote_connection: DEBUG: Finished Request&#10;selenium.webdriver.remote.remote_connection: DEBUG: POST http://127.0.0.1:4444/wd/hub/session/fbc9ae77-46a3-41a3-8a2b-88088633beb1/element/5/submit {&quot;sessionId&quot;: &quot;fbc9ae77-46a3-41a3-8a2b-88088633beb1&quot;, &quot;id&quot;: &quot;5&quot;}&#10;selenium.webdriver.remote.remote_connection: DEBUG: Finished Request&#10;selenium.webdriver.remote.remote_connection: DEBUG: POST http://127.0.0.1:4444/wd/hub/session/fbc9ae77-46a3-41a3-8a2b-88088633beb1/url {&quot;url&quot;: &quot;https://app-staging.crittercism.com/developers/register-application&quot;, &quot;sessionId&quot;: &quot;fbc9ae77-46a3-41a3-8a2b-88088633beb1&quot;}&#10;selenium.webdriver.remote.remote_connection: DEBUG: Finished Request&#10;selenium.webdriver.remote.remote_connection: DEBUG: POST http://127.0.0.1:4444/wd/hub/session/fbc9ae77-46a3-41a3-8a2b-88088633beb1/element {&quot;using&quot;: &quot;id&quot;, &quot;sessionId&quot;: &quot;fbc9ae77-46a3-41a3-8a2b-88088633beb1&quot;, &quot;value&quot;: &quot;app-name&quot;}&#10;selenium.webdriver.remote.remote_connection: DEBUG: Finished Request&#10;--------------------- &gt;&gt; end captured logging &lt;&lt; ---------------------"><![CDATA[  File "/Library/Python/2.7/site-packages/unittest2/case.py", line 340, in run
    testMethod()
  File "/Users/egeller/testing/fork/crittercism/tests/wrapping/wrapping.py", line 225, in test_basic_new_android
    app_name = self.create_new_app(0)
  File "/Users/egeller/testing/fork/crittercism/tests/wrapping/wrapping.py", line 108, in create_new_app
    self.browser.find_element_by_id("app-name").send_keys(app_name)
  File "/Library/Python/2.7/site-packages/selenium/webdriver/remote/webdriver.py", line 206, in find_element_by_id
    return self.find_element(by=By.ID, value=id_)
  File "/Library/Python/2.7/site-packages/selenium/webdriver/remote/webdriver.py", line 662, in find_element
    {'using': by, 'value': value})['value']
  File "/Library/Python/2.7/site-packages/selenium/webdriver/remote/webdriver.py", line 173, in execute
    self.error_handler.check_response(response)
  File "/Library/Python/2.7/site-packages/selenium/webdriver/remote/errorhandler.py", line 164, in check_response
    raise exception_class(message, screen, stacktrace)
'Message: u\'Unable to locate element: {"method":"id","selector":"app-name"}\\nCommand duration or timeout: 5.55 seconds\\nFor documentation on this error, please visit: http://seleniumhq.org/exceptions/no_such_element.html\\nBuild info: version: \\\'2.41.0\\\', revision: \\\'3192d8a\\\', time: \\\'2014-03-27 17:17:32\\\'\\nSystem info: host: \\\'Ethans-MacBook-Pro.local\\\', ip: \\\'10.0.1.48\\\', os.name: \\\'Mac OS X\\\', os.arch: \\\'x86_64\\\', os.version: \\\'10.9.3\\\', java.version: \\\'1.6.0_65\\\'\\nSession ID: 2c74497a-85b2-ab4c-9892-d6245cb7ba2c\\nDriver info: org.openqa.selenium.firefox.FirefoxDriver\\nCapabilities [{platform=MAC, acceptSslCerts=true, javascriptEnabled=true, browserName=firefox, rotatable=false, locationContextEnabled=true, version=29.0.1, cssSelectorsEnabled=true, databaseEnabled=true, handlesAlerts=true, browserConnectionEnabled=true, nativeEvents=false, webStorageEnabled=true, applicationCacheEnabled=true, takesScreenshot=true}]\' ; Screenshot: available via screen ; Stacktrace: \n    at sun.reflect.NativeConstructorAccessorImpl.newInstance0 (NativeConstructorAccessorImpl.java:-2)\n    at sun.reflect.NativeConstructorAccessorImpl.newInstance (NativeConstructorAccessorImpl.java:39)\n    at sun.reflect.DelegatingConstructorAccessorImpl.newInstance (DelegatingConstructorAccessorImpl.java:27)\n    at java.lang.reflect.Constructor.newInstance (Constructor.java:513)\n    at org.openqa.selenium.remote.ErrorHandler.createThrowable (ErrorHandler.java:193)\n    at org.openqa.selenium.remote.ErrorHandler.throwIfResponseFailed (ErrorHandler.java:145)\n    at org.openqa.selenium.remote.RemoteWebDriver.execute (RemoteWebDriver.java:595)\n    at org.openqa.selenium.remote.RemoteWebDriver.findElement (RemoteWebDriver.java:348)\n    at org.openqa.selenium.remote.RemoteWebDriver.findElementById (RemoteWebDriver.java:389)\n    at org.openqa.selenium.By$ById.findElement (By.java:214)\n    at org.openqa.selenium.remote.RemoteWebDriver.findElement (RemoteWebDriver.java:340)\n    at sun.reflect.NativeMethodAccessorImpl.invoke0 (NativeMethodAccessorImpl.java:-2)\n    at sun.reflect.NativeMethodAccessorImpl.invoke (NativeMethodAccessorImpl.java:39)\n    at sun.reflect.DelegatingMethodAccessorImpl.invoke (DelegatingMethodAccessorImpl.java:25)\n    at java.lang.reflect.Method.invoke (Method.java:597)\n    at org.openqa.selenium.support.events.EventFiringWebDriver$2.invoke (EventFiringWebDriver.java:101)\n    at com.sun.proxy.$Proxy2.findElement (None:-1)\n    at org.openqa.selenium.support.events.EventFiringWebDriver.findElement (EventFiringWebDriver.java:184)\n    at org.openqa.selenium.remote.server.handler.FindElement.call (FindElement.java:47)\n    at org.openqa.selenium.remote.server.handler.FindElement.call (FindElement.java:1)\n    at java.util.concurrent.FutureTask$Sync.innerRun (FutureTask.java:303)\n    at java.util.concurrent.FutureTask.run (FutureTask.java:138)\n    at org.openqa.selenium.remote.server.DefaultSession$1.run (DefaultSession.java:170)\n    at java.util.concurrent.ThreadPoolExecutor$Worker.runTask (ThreadPoolExecutor.java:895)\n    at java.util.concurrent.ThreadPoolExecutor$Worker.run (ThreadPoolExecutor.java:918)\n    at java.lang.Thread.run (Thread.java:695) \n-------------------- >> begin captured logging << --------------------\nselenium.webdriver.remote.remote_connection: DEBUG: POST http://127.0.0.1:4444/wd/hub/session {"desiredCapabilities": {"platform": "ANY", "browserName": "firefox", "version": "", "javascriptEnabled": true}}\nselenium.webdriver.remote.remote_connection: DEBUG: Finished Request\nselenium.webdriver.remote.remote_connection: DEBUG: POST http://127.0.0.1:4444/wd/hub/session/fbc9ae77-46a3-41a3-8a2b-88088633beb1/timeouts/implicit_wait {"sessionId": "fbc9ae77-46a3-41a3-8a2b-88088633beb1", "ms": 5000.0}\nselenium.webdriver.remote.remote_connection: DEBUG: Finished Request\nselenium.webdriver.remote.remote_connection: DEBUG: POST http://127.0.0.1:4444/wd/hub/session/fbc9ae77-46a3-41a3-8a2b-88088633beb1/url {"url": "https://app-staging.crittercism.com/developers/login", "sessionId": "fbc9ae77-46a3-41a3-8a2b-88088633beb1"}\nselenium.webdriver.remote.remote_connection: DEBUG: Finished Request\nselenium.webdriver.remote.remote_connection: DEBUG: POST http://127.0.0.1:4444/wd/hub/session/fbc9ae77-46a3-41a3-8a2b-88088633beb1/element {"using": "id", "sessionId": "fbc9ae77-46a3-41a3-8a2b-88088633beb1", "value": "email"}\nselenium.webdriver.remote.remote_connection: DEBUG: Finished Request\nselenium.webdriver.remote.remote_connection: DEBUG: POST http://127.0.0.1:4444/wd/hub/session/fbc9ae77-46a3-41a3-8a2b-88088633beb1/element/0/value {"sessionId": "fbc9ae77-46a3-41a3-8a2b-88088633beb1", "id": "0", "value": ["n", "s", "o", "l", "a", "i", "a", "p", "p", "a", "n", "@", "c", "r", "i", "t", "t", "e", "r", "c", "i", "s", "m", ".", "c", "o", "m"]}\nselenium.webdriver.remote.remote_connection: DEBUG: Finished Request\nselenium.webdriver.remote.remote_connection: DEBUG: POST http://127.0.0.1:4444/wd/hub/session/fbc9ae77-46a3-41a3-8a2b-88088633beb1/element {"using": "name", "sessionId": "fbc9ae77-46a3-41a3-8a2b-88088633beb1", "value": "password"}\nselenium.webdriver.remote.remote_connection: DEBUG: Finished Request\nselenium.webdriver.remote.remote_connection: DEBUG: POST http://127.0.0.1:4444/wd/hub/session/fbc9ae77-46a3-41a3-8a2b-88088633beb1/element/1/value {"sessionId": "fbc9ae77-46a3-41a3-8a2b-88088633beb1", "id": "1", "value": ["C", "r", "i", "t", "P", "a", "s", "s", "1", "2", "3"]}\nselenium.webdriver.remote.remote_connection: DEBUG: Finished Request\nselenium.webdriver.remote.remote_connection: DEBUG: POST http://127.0.0.1:4444/wd/hub/session/fbc9ae77-46a3-41a3-8a2b-88088633beb1/element {"using": "id", "sessionId": "fbc9ae77-46a3-41a3-8a2b-88088633beb1", "value": "commit"}\nselenium.webdriver.remote.remote_connection: DEBUG: Finished Request\nselenium.webdriver.remote.remote_connection: DEBUG: POST http://127.0.0.1:4444/wd/hub/session/fbc9ae77-46a3-41a3-8a2b-88088633beb1/element/2/submit {"sessionId": "fbc9ae77-46a3-41a3-8a2b-88088633beb1", "id": "2"}\nselenium.webdriver.remote.remote_connection: DEBUG: Finished Request\nselenium.webdriver.remote.remote_connection: DEBUG: POST http://127.0.0.1:4444/wd/hub/session/fbc9ae77-46a3-41a3-8a2b-88088633beb1/url {"url": "https://app-staging.crittercism.com/developers/logout", "sessionId": "fbc9ae77-46a3-41a3-8a2b-88088633beb1"}\nselenium.webdriver.remote.remote_connection: DEBUG: Finished Request\nselenium.webdriver.remote.remote_connection: DEBUG: POST http://127.0.0.1:4444/wd/hub/session/fbc9ae77-46a3-41a3-8a2b-88088633beb1/url {"url": "https://app-staging.crittercism.com/developers/logout", "sessionId": "fbc9ae77-46a3-41a3-8a2b-88088633beb1"}\nselenium.webdriver.remote.remote_connection: DEBUG: Finished Request\nselenium.webdriver.remote.remote_connection: DEBUG: POST http://127.0.0.1:4444/wd/hub/session/fbc9ae77-46a3-41a3-8a2b-88088633beb1/url {"url": "https://app-staging.crittercism.com/developers/login", "sessionId": "fbc9ae77-46a3-41a3-8a2b-88088633beb1"}\nselenium.webdriver.remote.remote_connection: DEBUG: Finished Request\nselenium.webdriver.remote.remote_connection: DEBUG: POST http://127.0.0.1:4444/wd/hub/session/fbc9ae77-46a3-41a3-8a2b-88088633beb1/element {"using": "id", "sessionId": "fbc9ae77-46a3-41a3-8a2b-88088633beb1", "value": "email"}\nselenium.webdriver.remote.remote_connection: DEBUG: Finished Request\nselenium.webdriver.remote.remote_connection: DEBUG: POST http://127.0.0.1:4444/wd/hub/session/fbc9ae77-46a3-41a3-8a2b-88088633beb1/element/3/value {"sessionId": "fbc9ae77-46a3-41a3-8a2b-88088633beb1", "id": "3", "value": ["e", "j", "g", "e", "l", "l", "e", "r", "@", "s", "t", "a", "n", "f", "o", "r", "d", ".", "e", "d", "u"]}\nselenium.webdriver.remote.remote_connection: DEBUG: Finished Request\nselenium.webdriver.remote.remote_connection: DEBUG: POST http://127.0.0.1:4444/wd/hub/session/fbc9ae77-46a3-41a3-8a2b-88088633beb1/element {"using": "name", "sessionId": "fbc9ae77-46a3-41a3-8a2b-88088633beb1", "value": "password"}\nselenium.webdriver.remote.remote_connection: DEBUG: Finished Request\nselenium.webdriver.remote.remote_connection: DEBUG: POST http://127.0.0.1:4444/wd/hub/session/fbc9ae77-46a3-41a3-8a2b-88088633beb1/element/4/value {"sessionId": "fbc9ae77-46a3-41a3-8a2b-88088633beb1", "id": "4", "value": ["C", "r", "i", "t", "T", "e", "s", "t", "1", "2", "3"]}\nselenium.webdriver.remote.remote_connection: DEBUG: Finished Request\nselenium.webdriver.remote.remote_connection: DEBUG: POST http://127.0.0.1:4444/wd/hub/session/fbc9ae77-46a3-41a3-8a2b-88088633beb1/element {"using": "id", "sessionId": "fbc9ae77-46a3-41a3-8a2b-88088633beb1", "value": "commit"}\nselenium.webdriver.remote.remote_connection: DEBUG: Finished Request\nselenium.webdriver.remote.remote_connection: DEBUG: POST http://127.0.0.1:4444/wd/hub/session/fbc9ae77-46a3-41a3-8a2b-88088633beb1/element/5/submit {"sessionId": "fbc9ae77-46a3-41a3-8a2b-88088633beb1", "id": "5"}\nselenium.webdriver.remote.remote_connection: DEBUG: Finished Request\nselenium.webdriver.remote.remote_connection: DEBUG: POST http://127.0.0.1:4444/wd/hub/session/fbc9ae77-46a3-41a3-8a2b-88088633beb1/url {"url": "https://app-staging.crittercism.com/developers/register-application", "sessionId": "fbc9ae77-46a3-41a3-8a2b-88088633beb1"}\nselenium.webdriver.remote.remote_connection: DEBUG: Finished Request\nselenium.webdriver.remote.remote_connection: DEBUG: POST http://127.0.0.1:4444/wd/hub/session/fbc9ae77-46a3-41a3-8a2b-88088633beb1/element {"using": "id", "sessionId": "fbc9ae77-46a3-41a3-8a2b-88088633beb1", "value": "app-name"}\nselenium.webdriver.remote.remote_connection: DEBUG: Finished Request\n--------------------- >> end captured logging << ---------------------']]></error></testcase><testcase classname="wrapping.WrappingTestSuite" name="test_basic_new_ios" time="8.020"><error type="selenium.common.exceptions.NoSuchElementException" message="Message: u'Unable to locate element: {&quot;method&quot;:&quot;id&quot;,&quot;selector&quot;:&quot;app-name&quot;}\nCommand duration or timeout: 5.58 seconds\nFor documentation on this error, please visit: http://seleniumhq.org/exceptions/no_such_element.html\nBuild info: version: \'2.41.0\', revision: \'3192d8a\', time: \'2014-03-27 17:17:32\'\nSystem info: host: \'Ethans-MacBook-Pro.local\', ip: \'10.0.1.48\', os.name: \'Mac OS X\', os.arch: \'x86_64\', os.version: \'10.9.3\', java.version: \'1.6.0_65\'\nSession ID: 2c74497a-85b2-ab4c-9892-d6245cb7ba2c\nDriver info: org.openqa.selenium.firefox.FirefoxDriver\nCapabilities [{platform=MAC, acceptSslCerts=true, javascriptEnabled=true, browserName=firefox, rotatable=false, locationContextEnabled=true, version=29.0.1, cssSelectorsEnabled=true, databaseEnabled=true, handlesAlerts=true, browserConnectionEnabled=true, nativeEvents=false, webStorageEnabled=true, applicationCacheEnabled=true, takesScreenshot=true}]' ; Screenshot: available via screen ; Stacktrace: &#10;    at sun.reflect.NativeConstructorAccessorImpl.newInstance0 (NativeConstructorAccessorImpl.java:-2)&#10;    at sun.reflect.NativeConstructorAccessorImpl.newInstance (NativeConstructorAccessorImpl.java:39)&#10;    at sun.reflect.DelegatingConstructorAccessorImpl.newInstance (DelegatingConstructorAccessorImpl.java:27)&#10;    at java.lang.reflect.Constructor.newInstance (Constructor.java:513)&#10;    at org.openqa.selenium.remote.ErrorHandler.createThrowable (ErrorHandler.java:193)&#10;    at org.openqa.selenium.remote.ErrorHandler.throwIfResponseFailed (ErrorHandler.java:145)&#10;    at org.openqa.selenium.remote.RemoteWebDriver.execute (RemoteWebDriver.java:595)&#10;    at org.openqa.selenium.remote.RemoteWebDriver.findElement (RemoteWebDriver.java:348)&#10;    at org.openqa.selenium.remote.RemoteWebDriver.findElementById (RemoteWebDriver.java:389)&#10;    at org.openqa.selenium.By$ById.findElement (By.java:214)&#10;    at org.openqa.selenium.remote.RemoteWebDriver.findElement (RemoteWebDriver.java:340)&#10;    at sun.reflect.NativeMethodAccessorImpl.invoke0 (NativeMethodAccessorImpl.java:-2)&#10;    at sun.reflect.NativeMethodAccessorImpl.invoke (NativeMethodAccessorImpl.java:39)&#10;    at sun.reflect.DelegatingMethodAccessorImpl.invoke (DelegatingMethodAccessorImpl.java:25)&#10;    at java.lang.reflect.Method.invoke (Method.java:597)&#10;    at org.openqa.selenium.support.events.EventFiringWebDriver$2.invoke (EventFiringWebDriver.java:101)&#10;    at com.sun.proxy.$Proxy2.findElement (None:-1)&#10;    at org.openqa.selenium.support.events.EventFiringWebDriver.findElement (EventFiringWebDriver.java:184)&#10;    at org.openqa.selenium.remote.server.handler.FindElement.call (FindElement.java:47)&#10;    at org.openqa.selenium.remote.server.handler.FindElement.call (FindElement.java:1)&#10;    at java.util.concurrent.FutureTask$Sync.innerRun (FutureTask.java:303)&#10;    at java.util.concurrent.FutureTask.run (FutureTask.java:138)&#10;    at org.openqa.selenium.remote.server.DefaultSession$1.run (DefaultSession.java:170)&#10;    at java.util.concurrent.ThreadPoolExecutor$Worker.runTask (ThreadPoolExecutor.java:895)&#10;    at java.util.concurrent.ThreadPoolExecutor$Worker.run (ThreadPoolExecutor.java:918)&#10;    at java.lang.Thread.run (Thread.java:695) &#10;-------------------- &gt;&gt; begin captured logging &lt;&lt; --------------------&#10;selenium.webdriver.remote.remote_connection: DEBUG: POST http://127.0.0.1:4444/wd/hub/session/fbc9ae77-46a3-41a3-8a2b-88088633beb1/url {&quot;url&quot;: &quot;https://app-staging.crittercism.com/developers/logout&quot;, &quot;sessionId&quot;: &quot;fbc9ae77-46a3-41a3-8a2b-88088633beb1&quot;}&#10;selenium.webdriver.remote.remote_connection: DEBUG: Finished Request&#10;selenium.webdriver.remote.remote_connection: DEBUG: POST http://127.0.0.1:4444/wd/hub/session/fbc9ae77-46a3-41a3-8a2b-88088633beb1/url {&quot;url&quot;: &quot;https://app-staging.crittercism.com/developers/logout&quot;, &quot;sessionId&quot;: &quot;fbc9ae77-46a3-41a3-8a2b-88088633beb1&quot;}&#10;selenium.webdriver.remote.remote_connection: DEBUG: Finished Request&#10;selenium.webdriver.remote.remote_connection: DEBUG: POST http://127.0.0.1:4444/wd/hub/session/fbc9ae77-46a3-41a3-8a2b-88088633beb1/url {&quot;url&quot;: &quot;https://app-staging.crittercism.com/developers/login&quot;, &quot;sessionId&quot;: &quot;fbc9ae77-46a3-41a3-8a2b-88088633beb1&quot;}&#10;selenium.webdriver.remote.remote_connection: DEBUG: Finished Request&#10;selenium.webdriver.remote.remote_connection: DEBUG: POST http://127.0.0.1:4444/wd/hub/session/fbc9ae77-46a3-41a3-8a2b-88088633beb1/element {&quot;using&quot;: &quot;id&quot;, &quot;sessionId&quot;: &quot;fbc9ae77-46a3-41a3-8a2b-88088633beb1&quot;, &quot;value&quot;: &quot;email&quot;}&#10;selenium.webdriver.remote.remote_connection: DEBUG: Finished Request&#10;selenium.webdriver.remote.remote_connection: DEBUG: POST http://127.0.0.1:4444/wd/hub/session/fbc9ae77-46a3-41a3-8a2b-88088633beb1/element/6/value {&quot;sessionId&quot;: &quot;fbc9ae77-46a3-41a3-8a2b-88088633beb1&quot;, &quot;id&quot;: &quot;6&quot;, &quot;value&quot;: [&quot;e&quot;, &quot;j&quot;, &quot;g&quot;, &quot;e&quot;, &quot;l&quot;, &quot;l&quot;, &quot;e&quot;, &quot;r&quot;, &quot;@&quot;, &quot;s&quot;, &quot;t&quot;, &quot;a&quot;, &quot;n&quot;, &quot;f&quot;, &quot;o&quot;, &quot;r&quot;, &quot;d&quot;, &quot;.&quot;, &quot;e&quot;, &quot;d&quot;, &quot;u&quot;]}&#10;selenium.webdriver.remote.remote_connection: DEBUG: Finished Request&#10;selenium.webdriver.remote.remote_connection: DEBUG: POST http://127.0.0.1:4444/wd/hub/session/fbc9ae77-46a3-41a3-8a2b-88088633beb1/element {&quot;using&quot;: &quot;name&quot;, &quot;sessionId&quot;: &quot;fbc9ae77-46a3-41a3-8a2b-88088633beb1&quot;, &quot;value&quot;: &quot;password&quot;}&#10;selenium.webdriver.remote.remote_connection: DEBUG: Finished Request&#10;selenium.webdriver.remote.remote_connection: DEBUG: POST http://127.0.0.1:4444/wd/hub/session/fbc9ae77-46a3-41a3-8a2b-88088633beb1/element/7/value {&quot;sessionId&quot;: &quot;fbc9ae77-46a3-41a3-8a2b-88088633beb1&quot;, &quot;id&quot;: &quot;7&quot;, &quot;value&quot;: [&quot;C&quot;, &quot;r&quot;, &quot;i&quot;, &quot;t&quot;, &quot;T&quot;, &quot;e&quot;, &quot;s&quot;, &quot;t&quot;, &quot;1&quot;, &quot;2&quot;, &quot;3&quot;]}&#10;selenium.webdriver.remote.remote_connection: DEBUG: Finished Request&#10;selenium.webdriver.remote.remote_connection: DEBUG: POST http://127.0.0.1:4444/wd/hub/session/fbc9ae77-46a3-41a3-8a2b-88088633beb1/element {&quot;using&quot;: &quot;id&quot;, &quot;sessionId&quot;: &quot;fbc9ae77-46a3-41a3-8a2b-88088633beb1&quot;, &quot;value&quot;: &quot;commit&quot;}&#10;selenium.webdriver.remote.remote_connection: DEBUG: Finished Request&#10;selenium.webdriver.remote.remote_connection: DEBUG: POST http://127.0.0.1:4444/wd/hub/session/fbc9ae77-46a3-41a3-8a2b-88088633beb1/element/8/submit {&quot;sessionId&quot;: &quot;fbc9ae77-46a3-41a3-8a2b-88088633beb1&quot;, &quot;id&quot;: &quot;8&quot;}&#10;selenium.webdriver.remote.remote_connection: DEBUG: Finished Request&#10;selenium.webdriver.remote.remote_connection: DEBUG: POST http://127.0.0.1:4444/wd/hub/session/fbc9ae77-46a3-41a3-8a2b-88088633beb1/url {&quot;url&quot;: &quot;https://app-staging.crittercism.com/developers/register-application&quot;, &quot;sessionId&quot;: &quot;fbc9ae77-46a3-41a3-8a2b-88088633beb1&quot;}&#10;selenium.webdriver.remote.remote_connection: DEBUG: Finished Request&#10;selenium.webdriver.remote.remote_connection: DEBUG: POST http://127.0.0.1:4444/wd/hub/session/fbc9ae77-46a3-41a3-8a2b-88088633beb1/element {&quot;using&quot;: &quot;id&quot;, &quot;sessionId&quot;: &quot;fbc9ae77-46a3-41a3-8a2b-88088633beb1&quot;, &quot;value&quot;: &quot;app-name&quot;}&#10;selenium.webdriver.remote.remote_connection: DEBUG: Finished Request&#10;--------------------- &gt;&gt; end captured logging &lt;&lt; ---------------------"><![CDATA[  File "/Library/Python/2.7/site-packages/unittest2/case.py", line 340, in run
    testMethod()
  File "/Users/egeller/testing/fork/crittercism/tests/wrapping/wrapping.py", line 208, in test_basic_new_ios
    app_name = self.create_new_app(0)
  File "/Users/egeller/testing/fork/crittercism/tests/wrapping/wrapping.py", line 108, in create_new_app
    self.browser.find_element_by_id("app-name").send_keys(app_name)
  File "/Library/Python/2.7/site-packages/selenium/webdriver/remote/webdriver.py", line 206, in find_element_by_id
    return self.find_element(by=By.ID, value=id_)
  File "/Library/Python/2.7/site-packages/selenium/webdriver/remote/webdriver.py", line 662, in find_element
    {'using': by, 'value': value})['value']
  File "/Library/Python/2.7/site-packages/selenium/webdriver/remote/webdriver.py", line 173, in execute
    self.error_handler.check_response(response)
  File "/Library/Python/2.7/site-packages/selenium/webdriver/remote/errorhandler.py", line 164, in check_response
    raise exception_class(message, screen, stacktrace)
'Message: u\'Unable to locate element: {"method":"id","selector":"app-name"}\\nCommand duration or timeout: 5.58 seconds\\nFor documentation on this error, please visit: http://seleniumhq.org/exceptions/no_such_element.html\\nBuild info: version: \\\'2.41.0\\\', revision: \\\'3192d8a\\\', time: \\\'2014-03-27 17:17:32\\\'\\nSystem info: host: \\\'Ethans-MacBook-Pro.local\\\', ip: \\\'10.0.1.48\\\', os.name: \\\'Mac OS X\\\', os.arch: \\\'x86_64\\\', os.version: \\\'10.9.3\\\', java.version: \\\'1.6.0_65\\\'\\nSession ID: 2c74497a-85b2-ab4c-9892-d6245cb7ba2c\\nDriver info: org.openqa.selenium.firefox.FirefoxDriver\\nCapabilities [{platform=MAC, acceptSslCerts=true, javascriptEnabled=true, browserName=firefox, rotatable=false, locationContextEnabled=true, version=29.0.1, cssSelectorsEnabled=true, databaseEnabled=true, handlesAlerts=true, browserConnectionEnabled=true, nativeEvents=false, webStorageEnabled=true, applicationCacheEnabled=true, takesScreenshot=true}]\' ; Screenshot: available via screen ; Stacktrace: \n    at sun.reflect.NativeConstructorAccessorImpl.newInstance0 (NativeConstructorAccessorImpl.java:-2)\n    at sun.reflect.NativeConstructorAccessorImpl.newInstance (NativeConstructorAccessorImpl.java:39)\n    at sun.reflect.DelegatingConstructorAccessorImpl.newInstance (DelegatingConstructorAccessorImpl.java:27)\n    at java.lang.reflect.Constructor.newInstance (Constructor.java:513)\n    at org.openqa.selenium.remote.ErrorHandler.createThrowable (ErrorHandler.java:193)\n    at org.openqa.selenium.remote.ErrorHandler.throwIfResponseFailed (ErrorHandler.java:145)\n    at org.openqa.selenium.remote.RemoteWebDriver.execute (RemoteWebDriver.java:595)\n    at org.openqa.selenium.remote.RemoteWebDriver.findElement (RemoteWebDriver.java:348)\n    at org.openqa.selenium.remote.RemoteWebDriver.findElementById (RemoteWebDriver.java:389)\n    at org.openqa.selenium.By$ById.findElement (By.java:214)\n    at org.openqa.selenium.remote.RemoteWebDriver.findElement (RemoteWebDriver.java:340)\n    at sun.reflect.NativeMethodAccessorImpl.invoke0 (NativeMethodAccessorImpl.java:-2)\n    at sun.reflect.NativeMethodAccessorImpl.invoke (NativeMethodAccessorImpl.java:39)\n    at sun.reflect.DelegatingMethodAccessorImpl.invoke (DelegatingMethodAccessorImpl.java:25)\n    at java.lang.reflect.Method.invoke (Method.java:597)\n    at org.openqa.selenium.support.events.EventFiringWebDriver$2.invoke (EventFiringWebDriver.java:101)\n    at com.sun.proxy.$Proxy2.findElement (None:-1)\n    at org.openqa.selenium.support.events.EventFiringWebDriver.findElement (EventFiringWebDriver.java:184)\n    at org.openqa.selenium.remote.server.handler.FindElement.call (FindElement.java:47)\n    at org.openqa.selenium.remote.server.handler.FindElement.call (FindElement.java:1)\n    at java.util.concurrent.FutureTask$Sync.innerRun (FutureTask.java:303)\n    at java.util.concurrent.FutureTask.run (FutureTask.java:138)\n    at org.openqa.selenium.remote.server.DefaultSession$1.run (DefaultSession.java:170)\n    at java.util.concurrent.ThreadPoolExecutor$Worker.runTask (ThreadPoolExecutor.java:895)\n    at java.util.concurrent.ThreadPoolExecutor$Worker.run (ThreadPoolExecutor.java:918)\n    at java.lang.Thread.run (Thread.java:695) \n-------------------- >> begin captured logging << --------------------\nselenium.webdriver.remote.remote_connection: DEBUG: POST http://127.0.0.1:4444/wd/hub/session/fbc9ae77-46a3-41a3-8a2b-88088633beb1/url {"url": "https://app-staging.crittercism.com/developers/logout", "sessionId": "fbc9ae77-46a3-41a3-8a2b-88088633beb1"}\nselenium.webdriver.remote.remote_connection: DEBUG: Finished Request\nselenium.webdriver.remote.remote_connection: DEBUG: POST http://127.0.0.1:4444/wd/hub/session/fbc9ae77-46a3-41a3-8a2b-88088633beb1/url {"url": "https://app-staging.crittercism.com/developers/logout", "sessionId": "fbc9ae77-46a3-41a3-8a2b-88088633beb1"}\nselenium.webdriver.remote.remote_connection: DEBUG: Finished Request\nselenium.webdriver.remote.remote_connection: DEBUG: POST http://127.0.0.1:4444/wd/hub/session/fbc9ae77-46a3-41a3-8a2b-88088633beb1/url {"url": "https://app-staging.crittercism.com/developers/login", "sessionId": "fbc9ae77-46a3-41a3-8a2b-88088633beb1"}\nselenium.webdriver.remote.remote_connection: DEBUG: Finished Request\nselenium.webdriver.remote.remote_connection: DEBUG: POST http://127.0.0.1:4444/wd/hub/session/fbc9ae77-46a3-41a3-8a2b-88088633beb1/element {"using": "id", "sessionId": "fbc9ae77-46a3-41a3-8a2b-88088633beb1", "value": "email"}\nselenium.webdriver.remote.remote_connection: DEBUG: Finished Request\nselenium.webdriver.remote.remote_connection: DEBUG: POST http://127.0.0.1:4444/wd/hub/session/fbc9ae77-46a3-41a3-8a2b-88088633beb1/element/6/value {"sessionId": "fbc9ae77-46a3-41a3-8a2b-88088633beb1", "id": "6", "value": ["e", "j", "g", "e", "l", "l", "e", "r", "@", "s", "t", "a", "n", "f", "o", "r", "d", ".", "e", "d", "u"]}\nselenium.webdriver.remote.remote_connection: DEBUG: Finished Request\nselenium.webdriver.remote.remote_connection: DEBUG: POST http://127.0.0.1:4444/wd/hub/session/fbc9ae77-46a3-41a3-8a2b-88088633beb1/element {"using": "name", "sessionId": "fbc9ae77-46a3-41a3-8a2b-88088633beb1", "value": "password"}\nselenium.webdriver.remote.remote_connection: DEBUG: Finished Request\nselenium.webdriver.remote.remote_connection: DEBUG: POST http://127.0.0.1:4444/wd/hub/session/fbc9ae77-46a3-41a3-8a2b-88088633beb1/element/7/value {"sessionId": "fbc9ae77-46a3-41a3-8a2b-88088633beb1", "id": "7", "value": ["C", "r", "i", "t", "T", "e", "s", "t", "1", "2", "3"]}\nselenium.webdriver.remote.remote_connection: DEBUG: Finished Request\nselenium.webdriver.remote.remote_connection: DEBUG: POST http://127.0.0.1:4444/wd/hub/session/fbc9ae77-46a3-41a3-8a2b-88088633beb1/element {"using": "id", "sessionId": "fbc9ae77-46a3-41a3-8a2b-88088633beb1", "value": "commit"}\nselenium.webdriver.remote.remote_connection: DEBUG: Finished Request\nselenium.webdriver.remote.remote_connection: DEBUG: POST http://127.0.0.1:4444/wd/hub/session/fbc9ae77-46a3-41a3-8a2b-88088633beb1/element/8/submit {"sessionId": "fbc9ae77-46a3-41a3-8a2b-88088633beb1", "id": "8"}\nselenium.webdriver.remote.remote_connection: DEBUG: Finished Request\nselenium.webdriver.remote.remote_connection: DEBUG: POST http://127.0.0.1:4444/wd/hub/session/fbc9ae77-46a3-41a3-8a2b-88088633beb1/url {"url": "https://app-staging.crittercism.com/developers/register-application", "sessionId": "fbc9ae77-46a3-41a3-8a2b-88088633beb1"}\nselenium.webdriver.remote.remote_connection: DEBUG: Finished Request\nselenium.webdriver.remote.remote_connection: DEBUG: POST http://127.0.0.1:4444/wd/hub/session/fbc9ae77-46a3-41a3-8a2b-88088633beb1/element {"using": "id", "sessionId": "fbc9ae77-46a3-41a3-8a2b-88088633beb1", "value": "app-name"}\nselenium.webdriver.remote.remote_connection: DEBUG: Finished Request\n--------------------- >> end captured logging << ---------------------']]></error></testcase><testcase classname="wrapping.WrappingTestSuite" name="test_create_trial_new_android" time="31.921"></testcase><testcase classname="wrapping.WrappingTestSuite" name="test_create_trial_new_ios" time="13.585"><failure type="exceptions.AssertionError" message="u'https://app-staging.crittercism.com/developers/upgrade/538f793934bc127cf000002 [truncated]... != u'https://app-staging.crittercism.com/developers/wrapping/538f793934bc127cf00000 [truncated]...&#10;- https://app-staging.crittercism.com/developers/upgrade/538f793934bc127cf000002a?                                                ^^^  ^^&#10;+ https://app-staging.crittercism.com/developers/wrapping/538f793934bc127cf000002a?                                                ^  ^^^^^&#10; : got wrapping page for basic account&#10;-------------------- &gt;&gt; begin captured logging &lt;&lt; --------------------&#10;selenium.webdriver.remote.remote_connection: DEBUG: POST http://127.0.0.1:4444/wd/hub/session/fbc9ae77-46a3-41a3-8a2b-88088633beb1/url {&quot;url&quot;: &quot;https://app-staging.crittercism.com/developers/logout&quot;, &quot;sessionId&quot;: &quot;fbc9ae77-46a3-41a3-8a2b-88088633beb1&quot;}&#10;selenium.webdriver.remote.remote_connection: DEBUG: Finished Request&#10;selenium.webdriver.remote.remote_connection: DEBUG: POST http://127.0.0.1:4444/wd/hub/session/fbc9ae77-46a3-41a3-8a2b-88088633beb1/url {&quot;url&quot;: &quot;https://app-staging.crittercism.com/developers/logout&quot;, &quot;sessionId&quot;: &quot;fbc9ae77-46a3-41a3-8a2b-88088633beb1&quot;}&#10;selenium.webdriver.remote.remote_connection: DEBUG: Finished Request&#10;selenium.webdriver.remote.remote_connection: DEBUG: POST http://127.0.0.1:4444/wd/hub/session/fbc9ae77-46a3-41a3-8a2b-88088633beb1/url {&quot;url&quot;: &quot;https://app-staging.crittercism.com/developers/logout&quot;, &quot;sessionId&quot;: &quot;fbc9ae77-46a3-41a3-8a2b-88088633beb1&quot;}&#10;selenium.webdriver.remote.remote_connection: DEBUG: Finished Request&#10;selenium.webdriver.remote.remote_connection: DEBUG: POST http://127.0.0.1:4444/wd/hub/session/fbc9ae77-46a3-41a3-8a2b-88088633beb1/url {&quot;url&quot;: &quot;https://app-staging.crittercism.com/signup?plan=basic&quot;, &quot;sessionId&quot;: &quot;fbc9ae77-46a3-41a3-8a2b-88088633beb1&quot;}&#10;selenium.webdriver.remote.remote_connection: DEBUG: Finished Request&#10;selenium.webdriver.remote.remote_connection: DEBUG: POST http://127.0.0.1:4444/wd/hub/session/fbc9ae77-46a3-41a3-8a2b-88088633beb1/element {&quot;using&quot;: &quot;id&quot;, &quot;sessionId&quot;: &quot;fbc9ae77-46a3-41a3-8a2b-88088633beb1&quot;, &quot;value&quot;: &quot;firstname&quot;}&#10;selenium.webdriver.remote.remote_connection: DEBUG: Finished Request&#10;selenium.webdriver.remote.remote_connection: DEBUG: POST http://127.0.0.1:4444/wd/hub/session/fbc9ae77-46a3-41a3-8a2b-88088633beb1/element/22/value {&quot;sessionId&quot;: &quot;fbc9ae77-46a3-41a3-8a2b-88088633beb1&quot;, &quot;id&quot;: &quot;22&quot;, &quot;value&quot;: [&quot;t&quot;, &quot;e&quot;, &quot;s&quot;, &quot;t&quot;, &quot;_&quot;, &quot;u&quot;, &quot;s&quot;, &quot;e&quot;, &quot;r&quot;, &quot;_&quot;, &quot;b&quot;, &quot;a&quot;, &quot;s&quot;, &quot;i&quot;, &quot;c&quot;]}&#10;selenium.webdriver.remote.remote_connection: DEBUG: Finished Request&#10;selenium.webdriver.remote.remote_connection: DEBUG: POST http://127.0.0.1:4444/wd/hub/session/fbc9ae77-46a3-41a3-8a2b-88088633beb1/element {&quot;using&quot;: &quot;id&quot;, &quot;sessionId&quot;: &quot;fbc9ae77-46a3-41a3-8a2b-88088633beb1&quot;, &quot;value&quot;: &quot;lastname&quot;}&#10;selenium.webdriver.remote.remote_connection: DEBUG: Finished Request&#10;selenium.webdriver.remote.remote_connection: DEBUG: POST http://127.0.0.1:4444/wd/hub/session/fbc9ae77-46a3-41a3-8a2b-88088633beb1/element/23/value {&quot;sessionId&quot;: &quot;fbc9ae77-46a3-41a3-8a2b-88088633beb1&quot;, &quot;id&quot;: &quot;23&quot;, &quot;value&quot;: [&quot;c&quot;, &quot;r&quot;, &quot;i&quot;, &quot;t&quot;, &quot;t&quot;, &quot;e&quot;, &quot;r&quot;, &quot;c&quot;, &quot;i&quot;, &quot;s&quot;, &quot;m&quot;]}&#10;selenium.webdriver.remote.remote_connection: DEBUG: Finished Request&#10;selenium.webdriver.remote.remote_connection: DEBUG: POST http://127.0.0.1:4444/wd/hub/session/fbc9ae77-46a3-41a3-8a2b-88088633beb1/element {&quot;using&quot;: &quot;id&quot;, &quot;sessionId&quot;: &quot;fbc9ae77-46a3-41a3-8a2b-88088633beb1&quot;, &quot;value&quot;: &quot;company&quot;}&#10;selenium.webdriver.remote.remote_connection: DEBUG: Finished Request&#10;selenium.webdriver.remote.remote_connection: DEBUG: POST http://127.0.0.1:4444/wd/hub/session/fbc9ae77-46a3-41a3-8a2b-88088633beb1/element/24/value {&quot;sessionId&quot;: &quot;fbc9ae77-46a3-41a3-8a2b-88088633beb1&quot;, &quot;id&quot;: &quot;24&quot;, &quot;value&quot;: [&quot;c&quot;, &quot;r&quot;, &quot;i&quot;, &quot;t&quot;, &quot;t&quot;, &quot;e&quot;, &quot;r&quot;, &quot;c&quot;, &quot;i&quot;, &quot;s&quot;, &quot;m&quot;]}&#10;selenium.webdriver.remote.remote_connection: DEBUG: Finished Request&#10;selenium.webdriver.remote.remote_connection: DEBUG: POST http://127.0.0.1:4444/wd/hub/session/fbc9ae77-46a3-41a3-8a2b-88088633beb1/element {&quot;using&quot;: &quot;id&quot;, &quot;sessionId&quot;: &quot;fbc9ae77-46a3-41a3-8a2b-88088633beb1&quot;, &quot;value&quot;: &quot;phone&quot;}&#10;selenium.webdriver.remote.remote_connection: DEBUG: Finished Request&#10;selenium.webdriver.remote.remote_connection: DEBUG: POST http://127.0.0.1:4444/wd/hub/session/fbc9ae77-46a3-41a3-8a2b-88088633beb1/element/25/value {&quot;sessionId&quot;: &quot;fbc9ae77-46a3-41a3-8a2b-88088633beb1&quot;, &quot;id&quot;: &quot;25&quot;, &quot;value&quot;: [&quot;1&quot;, &quot;2&quot;, &quot;3&quot;, &quot;-&quot;, &quot;4&quot;, &quot;5&quot;, &quot;6&quot;, &quot;-&quot;, &quot;7&quot;, &quot;8&quot;, &quot;9&quot;, &quot;0&quot;]}&#10;selenium.webdriver.remote.remote_connection: DEBUG: Finished Request&#10;selenium.webdriver.remote.remote_connection: DEBUG: POST http://127.0.0.1:4444/wd/hub/session/fbc9ae77-46a3-41a3-8a2b-88088633beb1/element {&quot;using&quot;: &quot;id&quot;, &quot;sessionId&quot;: &quot;fbc9ae77-46a3-41a3-8a2b-88088633beb1&quot;, &quot;value&quot;: &quot;email&quot;}&#10;selenium.webdriver.remote.remote_connection: DEBUG: Finished Request&#10;selenium.webdriver.remote.remote_connection: DEBUG: POST http://127.0.0.1:4444/wd/hub/session/fbc9ae77-46a3-41a3-8a2b-88088633beb1/element/26/value {&quot;sessionId&quot;: &quot;fbc9ae77-46a3-41a3-8a2b-88088633beb1&quot;, &quot;id&quot;: &quot;26&quot;, &quot;value&quot;: [&quot;c&quot;, &quot;r&quot;, &quot;i&quot;, &quot;t&quot;, &quot;t&quot;, &quot;e&quot;, &quot;r&quot;, &quot;c&quot;, &quot;i&quot;, &quot;s&quot;, &quot;m&quot;, &quot;.&quot;, &quot;e&quot;, &quot;n&quot;, &quot;g&quot;, &quot;g&quot;, &quot;0&quot;, &quot;.&quot;, &quot;1&quot;, &quot;0&quot;, &quot;0&quot;, &quot;0&quot;, &quot;2&quot;, &quot;5&quot;, &quot;3&quot;, &quot;0&quot;, &quot;5&quot;, &quot;7&quot;, &quot;9&quot;, &quot;9&quot;, &quot;@&quot;, &quot;y&quot;, &quot;a&quot;, &quot;h&quot;, &quot;o&quot;, &quot;o&quot;, &quot;.&quot;, &quot;c&quot;, &quot;o&quot;, &quot;m&quot;]}&#10;selenium.webdriver.remote.remote_connection: DEBUG: Finished Request&#10;selenium.webdriver.remote.remote_connection: DEBUG: POST http://127.0.0.1:4444/wd/hub/session/fbc9ae77-46a3-41a3-8a2b-88088633beb1/element {&quot;using&quot;: &quot;id&quot;, &quot;sessionId&quot;: &quot;fbc9ae77-46a3-41a3-8a2b-88088633beb1&quot;, &quot;value&quot;: &quot;password&quot;}&#10;selenium.webdriver.remote.remote_connection: DEBUG: Finished Request&#10;selenium.webdriver.remote.remote_connection: DEBUG: POST http://127.0.0.1:4444/wd/hub/session/fbc9ae77-46a3-41a3-8a2b-88088633beb1/element/27/value {&quot;sessionId&quot;: &quot;fbc9ae77-46a3-41a3-8a2b-88088633beb1&quot;, &quot;id&quot;: &quot;27&quot;, &quot;value&quot;: [&quot;C&quot;, &quot;r&quot;, &quot;i&quot;, &quot;t&quot;, &quot;P&quot;, &quot;a&quot;, &quot;s&quot;, &quot;s&quot;, &quot;1&quot;, &quot;2&quot;, &quot;3&quot;]}&#10;selenium.webdriver.remote.remote_connection: DEBUG: Finished Request&#10;selenium.webdriver.remote.remote_connection: DEBUG: POST http://127.0.0.1:4444/wd/hub/session/fbc9ae77-46a3-41a3-8a2b-88088633beb1/element {&quot;using&quot;: &quot;xpath&quot;, &quot;sessionId&quot;: &quot;fbc9ae77-46a3-41a3-8a2b-88088633beb1&quot;, &quot;value&quot;: &quot;//*[contains(@class,'grid_8 push_2')]&quot;}&#10;selenium.webdriver.remote.remote_connection: DEBUG: Finished Request&#10;selenium.webdriver.remote.remote_connection: DEBUG: POST http://127.0.0.1:4444/wd/hub/session/fbc9ae77-46a3-41a3-8a2b-88088633beb1/element/28/submit {&quot;sessionId&quot;: &quot;fbc9ae77-46a3-41a3-8a2b-88088633beb1&quot;, &quot;id&quot;: &quot;28&quot;}&#10;selenium.webdriver.remote.remote_connection: DEBUG: Finished Request&#10;selenium.webdriver.remote.remote_connection: DEBUG: GET http://127.0.0.1:4444/wd/hub/session/fbc9ae77-46a3-41a3-8a2b-88088633beb1/url {&quot;sessionId&quot;: &quot;fbc9ae77-46a3-41a3-8a2b-88088633beb1&quot;}&#10;selenium.webdriver.remote.remote_connection: DEBUG: Finished Request&#10;selenium.webdriver.remote.remote_connection: DEBUG: POST http://127.0.0.1:4444/wd/hub/session/fbc9ae77-46a3-41a3-8a2b-88088633beb1/elements {&quot;using&quot;: &quot;xpath&quot;, &quot;sessionId&quot;: &quot;fbc9ae77-46a3-41a3-8a2b-88088633beb1&quot;, &quot;value&quot;: &quot;//*[contains(text(),\&quot;Well, this is embarrassing - you found a broken link.\&quot;)]&quot;}&#10;selenium.webdriver.remote.remote_connection: DEBUG: Finished Request&#10;selenium.webdriver.remote.remote_connection: DEBUG: POST http://127.0.0.1:4444/wd/hub/session/fbc9ae77-46a3-41a3-8a2b-88088633beb1/url {&quot;url&quot;: &quot;https://app-staging.crittercism.com/developers/register-application&quot;, &quot;sessionId&quot;: &quot;fbc9ae77-46a3-41a3-8a2b-88088633beb1&quot;}&#10;selenium.webdriver.remote.remote_connection: DEBUG: Finished Request&#10;selenium.webdriver.remote.remote_connection: DEBUG: POST http://127.0.0.1:4444/wd/hub/session/fbc9ae77-46a3-41a3-8a2b-88088633beb1/element {&quot;using&quot;: &quot;id&quot;, &quot;sessionId&quot;: &quot;fbc9ae77-46a3-41a3-8a2b-88088633beb1&quot;, &quot;value&quot;: &quot;app-name&quot;}&#10;selenium.webdriver.remote.remote_connection: DEBUG: Finished Request&#10;selenium.webdriver.remote.remote_connection: DEBUG: POST http://127.0.0.1:4444/wd/hub/session/fbc9ae77-46a3-41a3-8a2b-88088633beb1/element/29/value {&quot;sessionId&quot;: &quot;fbc9ae77-46a3-41a3-8a2b-88088633beb1&quot;, &quot;id&quot;: &quot;29&quot;, &quot;value&quot;: [&quot;I&quot;, &quot;O&quot;, &quot;S&quot;, &quot;-&quot;, &quot;0&quot;, &quot;.&quot;, &quot;1&quot;, &quot;2&quot;, &quot;1&quot;, &quot;2&quot;, &quot;8&quot;, &quot;0&quot;, &quot;8&quot;, &quot;9&quot;, &quot;1&quot;, &quot;2&quot;, &quot;2&quot;, &quot;2&quot;]}&#10;selenium.webdriver.remote.remote_connection: DEBUG: Finished Request&#10;selenium.webdriver.remote.remote_connection: DEBUG: POST http://127.0.0.1:4444/wd/hub/session/fbc9ae77-46a3-41a3-8a2b-88088633beb1/element {&quot;using&quot;: &quot;id&quot;, &quot;sessionId&quot;: &quot;fbc9ae77-46a3-41a3-8a2b-88088633beb1&quot;, &quot;value&quot;: &quot;commit&quot;}&#10;selenium.webdriver.remote.remote_connection: DEBUG: Finished Request&#10;selenium.webdriver.remote.remote_connection: DEBUG: POST http://127.0.0.1:4444/wd/hub/session/fbc9ae77-46a3-41a3-8a2b-88088633beb1/element/30/submit {&quot;sessionId&quot;: &quot;fbc9ae77-46a3-41a3-8a2b-88088633beb1&quot;, &quot;id&quot;: &quot;30&quot;}&#10;selenium.webdriver.remote.remote_connection: DEBUG: Finished Request&#10;selenium.webdriver.remote.remote_connection: DEBUG: GET http://127.0.0.1:4444/wd/hub/session/fbc9ae77-46a3-41a3-8a2b-88088633beb1/url {&quot;sessionId&quot;: &quot;fbc9ae77-46a3-41a3-8a2b-88088633beb1&quot;}&#10;selenium.webdriver.remote.remote_connection: DEBUG: Finished Request&#10;selenium.webdriver.remote.remote_connection: DEBUG: POST http://127.0.0.1:4444/wd/hub/session/fbc9ae77-46a3-41a3-8a2b-88088633beb1/elements {&quot;using&quot;: &quot;xpath&quot;, &quot;sessionId&quot;: &quot;fbc9ae77-46a3-41a3-8a2b-88088633beb1&quot;, &quot;value&quot;: &quot;//*[contains(text(),\&quot;Well, this is embarrassing - you found a broken link.\&quot;)]&quot;}&#10;selenium.webdriver.remote.remote_connection: DEBUG: Finished Request&#10;selenium.webdriver.remote.remote_connection: DEBUG: GET http://127.0.0.1:4444/wd/hub/session/fbc9ae77-46a3-41a3-8a2b-88088633beb1/url {&quot;sessionId&quot;: &quot;fbc9ae77-46a3-41a3-8a2b-88088633beb1&quot;}&#10;selenium.webdriver.remote.remote_connection: DEBUG: Finished Request&#10;selenium.webdriver.remote.remote_connection: DEBUG: POST http://127.0.0.1:4444/wd/hub/session/fbc9ae77-46a3-41a3-8a2b-88088633beb1/url {&quot;url&quot;: &quot;https://app-staging.crittercism.com/developers&quot;, &quot;sessionId&quot;: &quot;fbc9ae77-46a3-41a3-8a2b-88088633beb1&quot;}&#10;selenium.webdriver.remote.remote_connection: DEBUG: Finished Request&#10;selenium.webdriver.remote.remote_connection: DEBUG: POST http://127.0.0.1:4444/wd/hub/session/fbc9ae77-46a3-41a3-8a2b-88088633beb1/element {&quot;using&quot;: &quot;id&quot;, &quot;sessionId&quot;: &quot;fbc9ae77-46a3-41a3-8a2b-88088633beb1&quot;, &quot;value&quot;: &quot;app-table&quot;}&#10;selenium.webdriver.remote.remote_connection: DEBUG: Finished Request&#10;selenium.webdriver.remote.remote_connection: DEBUG: POST http://127.0.0.1:4444/wd/hub/session/fbc9ae77-46a3-41a3-8a2b-88088633beb1/element/31/elements {&quot;using&quot;: &quot;xpath&quot;, &quot;sessionId&quot;: &quot;fbc9ae77-46a3-41a3-8a2b-88088633beb1&quot;, &quot;id&quot;: &quot;31&quot;, &quot;value&quot;: &quot;//*[@id=\&quot;app-table\&quot;]/tbody/*/td[2]/a[contains(text(),\&quot;IOS-0.121280891222\&quot;)]&quot;}&#10;selenium.webdriver.remote.remote_connection: DEBUG: Finished Request&#10;selenium.webdriver.remote.remote_connection: DEBUG: GET http://127.0.0.1:4444/wd/hub/session/fbc9ae77-46a3-41a3-8a2b-88088633beb1/element/32/attribute/href {&quot;sessionId&quot;: &quot;fbc9ae77-46a3-41a3-8a2b-88088633beb1&quot;, &quot;name&quot;: &quot;href&quot;, &quot;id&quot;: &quot;32&quot;}&#10;selenium.webdriver.remote.remote_connection: DEBUG: Finished Request&#10;selenium.webdriver.remote.remote_connection: DEBUG: POST http://127.0.0.1:4444/wd/hub/session/fbc9ae77-46a3-41a3-8a2b-88088633beb1/url {&quot;url&quot;: &quot;https://app-staging.crittercism.com/developers/wrapping/538f793934bc127cf000002a&quot;, &quot;sessionId&quot;: &quot;fbc9ae77-46a3-41a3-8a2b-88088633beb1&quot;}&#10;selenium.webdriver.remote.remote_connection: DEBUG: Finished Request&#10;selenium.webdriver.remote.remote_connection: DEBUG: POST http://127.0.0.1:4444/wd/hub/session/fbc9ae77-46a3-41a3-8a2b-88088633beb1/timeouts/implicit_wait {&quot;sessionId&quot;: &quot;fbc9ae77-46a3-41a3-8a2b-88088633beb1&quot;, &quot;ms&quot;: 2000.0}&#10;selenium.webdriver.remote.remote_connection: DEBUG: Finished Request&#10;selenium.webdriver.remote.remote_connection: DEBUG: GET http://127.0.0.1:4444/wd/hub/session/fbc9ae77-46a3-41a3-8a2b-88088633beb1/url {&quot;sessionId&quot;: &quot;fbc9ae77-46a3-41a3-8a2b-88088633beb1&quot;}&#10;selenium.webdriver.remote.remote_connection: DEBUG: Finished Request&#10;selenium.webdriver.remote.remote_connection: DEBUG: GET http://127.0.0.1:4444/wd/hub/session/fbc9ae77-46a3-41a3-8a2b-88088633beb1/screenshot {&quot;sessionId&quot;: &quot;fbc9ae77-46a3-41a3-8a2b-88088633beb1&quot;}&#10;selenium.webdriver.remote.remote_connection: DEBUG: Finished Request&#10;selenium.webdriver.remote.remote_connection: DEBUG: GET http://127.0.0.1:4444/wd/hub/session/fbc9ae77-46a3-41a3-8a2b-88088633beb1/url {&quot;sessionId&quot;: &quot;fbc9ae77-46a3-41a3-8a2b-88088633beb1&quot;}&#10;selenium.webdriver.remote.remote_connection: DEBUG: Finished Request&#10;selenium.webdriver.remote.remote_connection: DEBUG: GET http://127.0.0.1:4444/wd/hub/session/fbc9ae77-46a3-41a3-8a2b-88088633beb1/screenshot {&quot;sessionId&quot;: &quot;fbc9ae77-46a3-41a3-8a2b-88088633beb1&quot;}&#10;selenium.webdriver.remote.remote_connection: DEBUG: Finished Request&#10;selenium.webdriver.remote.remote_connection: DEBUG: GET http://127.0.0.1:4444/wd/hub/session/fbc9ae77-46a3-41a3-8a2b-88088633beb1/url {&quot;sessionId&quot;: &quot;fbc9ae77-46a3-41a3-8a2b-88088633beb1&quot;}&#10;selenium.webdriver.remote.remote_connection: DEBUG: Finished Request&#10;selenium.webdriver.remote.remote_connection: DEBUG: GET http://127.0.0.1:4444/wd/hub/session/fbc9ae77-46a3-41a3-8a2b-88088633beb1/screenshot {&quot;sessionId&quot;: &quot;fbc9ae77-46a3-41a3-8a2b-88088633beb1&quot;}&#10;selenium.webdriver.remote.remote_connection: DEBUG: Finished Request&#10;selenium.webdriver.remote.remote_connection: DEBUG: GET http://127.0.0.1:4444/wd/hub/session/fbc9ae77-46a3-41a3-8a2b-88088633beb1/url {&quot;sessionId&quot;: &quot;fbc9ae77-46a3-41a3-8a2b-88088633beb1&quot;}&#10;selenium.webdriver.remote.remote_connection: DEBUG: Finished Request&#10;--------------------- &gt;&gt; end captured logging &lt;&lt; ---------------------"><![CDATA[  File "/Library/Python/2.7/site-packages/unittest2/case.py", line 340, in run
    testMethod()
  File "/Users/egeller/testing/fork/crittercism/tests/wrapping/wrapping.py", line 178, in test_create_trial_new_ios
    "got wrapping page for basic account")
  File "/Users/egeller/testing/fork/crittercism/src/multiple_assertions.py", line 44, in wrapped
    assertion_method(self, *args, **kwargs)
  File "/Library/Python/2.7/site-packages/unittest2/case.py", line 521, in assertEqual
    assertion_func(first, second, msg=msg)
  File "/Users/egeller/testing/fork/crittercism/src/multiple_assertions.py", line 44, in wrapped
    assertion_method(self, *args, **kwargs)
  File "/Library/Python/2.7/site-packages/unittest2/case.py", line 923, in assertMultiLineEqual
    self.fail(self._formatMessage(msg, standardMsg))
  File "/Users/egeller/testing/fork/crittercism/src/multiple_assertions.py", line 44, in wrapped
    assertion_method(self, *args, **kwargs)
  File "/Library/Python/2.7/site-packages/unittest2/case.py", line 415, in fail
    raise self.failureException(msg)
'u\'https://app-staging.crittercism.com/developers/upgrade/538f793934bc127cf000002 [truncated]... != u\'https://app-staging.crittercism.com/developers/wrapping/538f793934bc127cf00000 [truncated]...\n- https://app-staging.crittercism.com/developers/upgrade/538f793934bc127cf000002a?                                                ^^^  ^^\n+ https://app-staging.crittercism.com/developers/wrapping/538f793934bc127cf000002a?                                                ^  ^^^^^\n : got wrapping page for basic account\n-------------------- >> begin captured logging << --------------------\nselenium.webdriver.remote.remote_connection: DEBUG: POST http://127.0.0.1:4444/wd/hub/session/fbc9ae77-46a3-41a3-8a2b-88088633beb1/url {"url": "https://app-staging.crittercism.com/developers/logout", "sessionId": "fbc9ae77-46a3-41a3-8a2b-88088633beb1"}\nselenium.webdriver.remote.remote_connection: DEBUG: Finished Request\nselenium.webdriver.remote.remote_connection: DEBUG: POST http://127.0.0.1:4444/wd/hub/session/fbc9ae77-46a3-41a3-8a2b-88088633beb1/url {"url": "https://app-staging.crittercism.com/developers/logout", "sessionId": "fbc9ae77-46a3-41a3-8a2b-88088633beb1"}\nselenium.webdriver.remote.remote_connection: DEBUG: Finished Request\nselenium.webdriver.remote.remote_connection: DEBUG: POST http://127.0.0.1:4444/wd/hub/session/fbc9ae77-46a3-41a3-8a2b-88088633beb1/url {"url": "https://app-staging.crittercism.com/developers/logout", "sessionId": "fbc9ae77-46a3-41a3-8a2b-88088633beb1"}\nselenium.webdriver.remote.remote_connection: DEBUG: Finished Request\nselenium.webdriver.remote.remote_connection: DEBUG: POST http://127.0.0.1:4444/wd/hub/session/fbc9ae77-46a3-41a3-8a2b-88088633beb1/url {"url": "https://app-staging.crittercism.com/signup?plan=basic", "sessionId": "fbc9ae77-46a3-41a3-8a2b-88088633beb1"}\nselenium.webdriver.remote.remote_connection: DEBUG: Finished Request\nselenium.webdriver.remote.remote_connection: DEBUG: POST http://127.0.0.1:4444/wd/hub/session/fbc9ae77-46a3-41a3-8a2b-88088633beb1/element {"using": "id", "sessionId": "fbc9ae77-46a3-41a3-8a2b-88088633beb1", "value": "firstname"}\nselenium.webdriver.remote.remote_connection: DEBUG: Finished Request\nselenium.webdriver.remote.remote_connection: DEBUG: POST http://127.0.0.1:4444/wd/hub/session/fbc9ae77-46a3-41a3-8a2b-88088633beb1/element/22/value {"sessionId": "fbc9ae77-46a3-41a3-8a2b-88088633beb1", "id": "22", "value": ["t", "e", "s", "t", "_", "u", "s", "e", "r", "_", "b", "a", "s", "i", "c"]}\nselenium.webdriver.remote.remote_connection: DEBUG: Finished Request\nselenium.webdriver.remote.remote_connection: DEBUG: POST http://127.0.0.1:4444/wd/hub/session/fbc9ae77-46a3-41a3-8a2b-88088633beb1/element {"using": "id", "sessionId": "fbc9ae77-46a3-41a3-8a2b-88088633beb1", "value": "lastname"}\nselenium.webdriver.remote.remote_connection: DEBUG: Finished Request\nselenium.webdriver.remote.remote_connection: DEBUG: POST http://127.0.0.1:4444/wd/hub/session/fbc9ae77-46a3-41a3-8a2b-88088633beb1/element/23/value {"sessionId": "fbc9ae77-46a3-41a3-8a2b-88088633beb1", "id": "23", "value": ["c", "r", "i", "t", "t", "e", "r", "c", "i", "s", "m"]}\nselenium.webdriver.remote.remote_connection: DEBUG: Finished Request\nselenium.webdriver.remote.remote_connection: DEBUG: POST http://127.0.0.1:4444/wd/hub/session/fbc9ae77-46a3-41a3-8a2b-88088633beb1/element {"using": "id", "sessionId": "fbc9ae77-46a3-41a3-8a2b-88088633beb1", "value": "company"}\nselenium.webdriver.remote.remote_connection: DEBUG: Finished Request\nselenium.webdriver.remote.remote_connection: DEBUG: POST http://127.0.0.1:4444/wd/hub/session/fbc9ae77-46a3-41a3-8a2b-88088633beb1/element/24/value {"sessionId": "fbc9ae77-46a3-41a3-8a2b-88088633beb1", "id": "24", "value": ["c", "r", "i", "t", "t", "e", "r", "c", "i", "s", "m"]}\nselenium.webdriver.remote.remote_connection: DEBUG: Finished Request\nselenium.webdriver.remote.remote_connection: DEBUG: POST http://127.0.0.1:4444/wd/hub/session/fbc9ae77-46a3-41a3-8a2b-88088633beb1/element {"using": "id", "sessionId": "fbc9ae77-46a3-41a3-8a2b-88088633beb1", "value": "phone"}\nselenium.webdriver.remote.remote_connection: DEBUG: Finished Request\nselenium.webdriver.remote.remote_connection: DEBUG: POST http://127.0.0.1:4444/wd/hub/session/fbc9ae77-46a3-41a3-8a2b-88088633beb1/element/25/value {"sessionId": "fbc9ae77-46a3-41a3-8a2b-88088633beb1", "id": "25", "value": ["1", "2", "3", "-", "4", "5", "6", "-", "7", "8", "9", "0"]}\nselenium.webdriver.remote.remote_connection: DEBUG: Finished Request\nselenium.webdriver.remote.remote_connection: DEBUG: POST http://127.0.0.1:4444/wd/hub/session/fbc9ae77-46a3-41a3-8a2b-88088633beb1/element {"using": "id", "sessionId": "fbc9ae77-46a3-41a3-8a2b-88088633beb1", "value": "email"}\nselenium.webdriver.remote.remote_connection: DEBUG: Finished Request\nselenium.webdriver.remote.remote_connection: DEBUG: POST http://127.0.0.1:4444/wd/hub/session/fbc9ae77-46a3-41a3-8a2b-88088633beb1/element/26/value {"sessionId": "fbc9ae77-46a3-41a3-8a2b-88088633beb1", "id": "26", "value": ["c", "r", "i", "t", "t", "e", "r", "c", "i", "s", "m", ".", "e", "n", "g", "g", "0", ".", "1", "0", "0", "0", "2", "5", "3", "0", "5", "7", "9", "9", "@", "y", "a", "h", "o", "o", ".", "c", "o", "m"]}\nselenium.webdriver.remote.remote_connection: DEBUG: Finished Request\nselenium.webdriver.remote.remote_connection: DEBUG: POST http://127.0.0.1:4444/wd/hub/session/fbc9ae77-46a3-41a3-8a2b-88088633beb1/element {"using": "id", "sessionId": "fbc9ae77-46a3-41a3-8a2b-88088633beb1", "value": "password"}\nselenium.webdriver.remote.remote_connection: DEBUG: Finished Request\nselenium.webdriver.remote.remote_connection: DEBUG: POST http://127.0.0.1:4444/wd/hub/session/fbc9ae77-46a3-41a3-8a2b-88088633beb1/element/27/value {"sessionId": "fbc9ae77-46a3-41a3-8a2b-88088633beb1", "id": "27", "value": ["C", "r", "i", "t", "P", "a", "s", "s", "1", "2", "3"]}\nselenium.webdriver.remote.remote_connection: DEBUG: Finished Request\nselenium.webdriver.remote.remote_connection: DEBUG: POST http://127.0.0.1:4444/wd/hub/session/fbc9ae77-46a3-41a3-8a2b-88088633beb1/element {"using": "xpath", "sessionId": "fbc9ae77-46a3-41a3-8a2b-88088633beb1", "value": "//*[contains(@class,\'grid_8 push_2\')]"}\nselenium.webdriver.remote.remote_connection: DEBUG: Finished Request\nselenium.webdriver.remote.remote_connection: DEBUG: POST http://127.0.0.1:4444/wd/hub/session/fbc9ae77-46a3-41a3-8a2b-88088633beb1/element/28/submit {"sessionId": "fbc9ae77-46a3-41a3-8a2b-88088633beb1", "id": "28"}\nselenium.webdriver.remote.remote_connection: DEBUG: Finished Request\nselenium.webdriver.remote.remote_connection: DEBUG: GET http://127.0.0.1:4444/wd/hub/session/fbc9ae77-46a3-41a3-8a2b-88088633beb1/url {"sessionId": "fbc9ae77-46a3-41a3-8a2b-88088633beb1"}\nselenium.webdriver.remote.remote_connection: DEBUG: Finished Request\nselenium.webdriver.remote.remote_connection: DEBUG: POST http://127.0.0.1:4444/wd/hub/session/fbc9ae77-46a3-41a3-8a2b-88088633beb1/elements {"using": "xpath", "sessionId": "fbc9ae77-46a3-41a3-8a2b-88088633beb1", "value": "//*[contains(text(),\\"Well, this is embarrassing - you found a broken link.\\")]"}\nselenium.webdriver.remote.remote_connection: DEBUG: Finished Request\nselenium.webdriver.remote.remote_connection: DEBUG: POST http://127.0.0.1:4444/wd/hub/session/fbc9ae77-46a3-41a3-8a2b-88088633beb1/url {"url": "https://app-staging.crittercism.com/developers/register-application", "sessionId": "fbc9ae77-46a3-41a3-8a2b-88088633beb1"}\nselenium.webdriver.remote.remote_connection: DEBUG: Finished Request\nselenium.webdriver.remote.remote_connection: DEBUG: POST http://127.0.0.1:4444/wd/hub/session/fbc9ae77-46a3-41a3-8a2b-88088633beb1/element {"using": "id", "sessionId": "fbc9ae77-46a3-41a3-8a2b-88088633beb1", "value": "app-name"}\nselenium.webdriver.remote.remote_connection: DEBUG: Finished Request\nselenium.webdriver.remote.remote_connection: DEBUG: POST http://127.0.0.1:4444/wd/hub/session/fbc9ae77-46a3-41a3-8a2b-88088633beb1/element/29/value {"sessionId": "fbc9ae77-46a3-41a3-8a2b-88088633beb1", "id": "29", "value": ["I", "O", "S", "-", "0", ".", "1", "2", "1", "2", "8", "0", "8", "9", "1", "2", "2", "2"]}\nselenium.webdriver.remote.remote_connection: DEBUG: Finished Request\nselenium.webdriver.remote.remote_connection: DEBUG: POST http://127.0.0.1:4444/wd/hub/session/fbc9ae77-46a3-41a3-8a2b-88088633beb1/element {"using": "id", "sessionId": "fbc9ae77-46a3-41a3-8a2b-88088633beb1", "value": "commit"}\nselenium.webdriver.remote.remote_connection: DEBUG: Finished Request\nselenium.webdriver.remote.remote_connection: DEBUG: POST http://127.0.0.1:4444/wd/hub/session/fbc9ae77-46a3-41a3-8a2b-88088633beb1/element/30/submit {"sessionId": "fbc9ae77-46a3-41a3-8a2b-88088633beb1", "id": "30"}\nselenium.webdriver.remote.remote_connection: DEBUG: Finished Request\nselenium.webdriver.remote.remote_connection: DEBUG: GET http://127.0.0.1:4444/wd/hub/session/fbc9ae77-46a3-41a3-8a2b-88088633beb1/url {"sessionId": "fbc9ae77-46a3-41a3-8a2b-88088633beb1"}\nselenium.webdriver.remote.remote_connection: DEBUG: Finished Request\nselenium.webdriver.remote.remote_connection: DEBUG: POST http://127.0.0.1:4444/wd/hub/session/fbc9ae77-46a3-41a3-8a2b-88088633beb1/elements {"using": "xpath", "sessionId": "fbc9ae77-46a3-41a3-8a2b-88088633beb1", "value": "//*[contains(text(),\\"Well, this is embarrassing - you found a broken link.\\")]"}\nselenium.webdriver.remote.remote_connection: DEBUG: Finished Request\nselenium.webdriver.remote.remote_connection: DEBUG: GET http://127.0.0.1:4444/wd/hub/session/fbc9ae77-46a3-41a3-8a2b-88088633beb1/url {"sessionId": "fbc9ae77-46a3-41a3-8a2b-88088633beb1"}\nselenium.webdriver.remote.remote_connection: DEBUG: Finished Request\nselenium.webdriver.remote.remote_connection: DEBUG: POST http://127.0.0.1:4444/wd/hub/session/fbc9ae77-46a3-41a3-8a2b-88088633beb1/url {"url": "https://app-staging.crittercism.com/developers", "sessionId": "fbc9ae77-46a3-41a3-8a2b-88088633beb1"}\nselenium.webdriver.remote.remote_connection: DEBUG: Finished Request\nselenium.webdriver.remote.remote_connection: DEBUG: POST http://127.0.0.1:4444/wd/hub/session/fbc9ae77-46a3-41a3-8a2b-88088633beb1/element {"using": "id", "sessionId": "fbc9ae77-46a3-41a3-8a2b-88088633beb1", "value": "app-table"}\nselenium.webdriver.remote.remote_connection: DEBUG: Finished Request\nselenium.webdriver.remote.remote_connection: DEBUG: POST http://127.0.0.1:4444/wd/hub/session/fbc9ae77-46a3-41a3-8a2b-88088633beb1/element/31/elements {"using": "xpath", "sessionId": "fbc9ae77-46a3-41a3-8a2b-88088633beb1", "id": "31", "value": "//*[@id=\\"app-table\\"]/tbody/*/td[2]/a[contains(text(),\\"IOS-0.121280891222\\")]"}\nselenium.webdriver.remote.remote_connection: DEBUG: Finished Request\nselenium.webdriver.remote.remote_connection: DEBUG: GET http://127.0.0.1:4444/wd/hub/session/fbc9ae77-46a3-41a3-8a2b-88088633beb1/element/32/attribute/href {"sessionId": "fbc9ae77-46a3-41a3-8a2b-88088633beb1", "name": "href", "id": "32"}\nselenium.webdriver.remote.remote_connection: DEBUG: Finished Request\nselenium.webdriver.remote.remote_connection: DEBUG: POST http://127.0.0.1:4444/wd/hub/session/fbc9ae77-46a3-41a3-8a2b-88088633beb1/url {"url": "https://app-staging.crittercism.com/developers/wrapping/538f793934bc127cf000002a", "sessionId": "fbc9ae77-46a3-41a3-8a2b-88088633beb1"}\nselenium.webdriver.remote.remote_connection: DEBUG: Finished Request\nselenium.webdriver.remote.remote_connection: DEBUG: POST http://127.0.0.1:4444/wd/hub/session/fbc9ae77-46a3-41a3-8a2b-88088633beb1/timeouts/implicit_wait {"sessionId": "fbc9ae77-46a3-41a3-8a2b-88088633beb1", "ms": 2000.0}\nselenium.webdriver.remote.remote_connection: DEBUG: Finished Request\nselenium.webdriver.remote.remote_connection: DEBUG: GET http://127.0.0.1:4444/wd/hub/session/fbc9ae77-46a3-41a3-8a2b-88088633beb1/url {"sessionId": "fbc9ae77-46a3-41a3-8a2b-88088633beb1"}\nselenium.webdriver.remote.remote_connection: DEBUG: Finished Request\nselenium.webdriver.remote.remote_connection: DEBUG: GET http://127.0.0.1:4444/wd/hub/session/fbc9ae77-46a3-41a3-8a2b-88088633beb1/screenshot {"sessionId": "fbc9ae77-46a3-41a3-8a2b-88088633beb1"}\nselenium.webdriver.remote.remote_connection: DEBUG: Finished Request\nselenium.webdriver.remote.remote_connection: DEBUG: GET http://127.0.0.1:4444/wd/hub/session/fbc9ae77-46a3-41a3-8a2b-88088633beb1/url {"sessionId": "fbc9ae77-46a3-41a3-8a2b-88088633beb1"}\nselenium.webdriver.remote.remote_connection: DEBUG: Finished Request\nselenium.webdriver.remote.remote_connection: DEBUG: GET http://127.0.0.1:4444/wd/hub/session/fbc9ae77-46a3-41a3-8a2b-88088633beb1/screenshot {"sessionId": "fbc9ae77-46a3-41a3-8a2b-88088633beb1"}\nselenium.webdriver.remote.remote_connection: DEBUG: Finished Request\nselenium.webdriver.remote.remote_connection: DEBUG: GET http://127.0.0.1:4444/wd/hub/session/fbc9ae77-46a3-41a3-8a2b-88088633beb1/url {"sessionId": "fbc9ae77-46a3-41a3-8a2b-88088633beb1"}\nselenium.webdriver.remote.remote_connection: DEBUG: Finished Request\nselenium.webdriver.remote.remote_connection: DEBUG: GET http://127.0.0.1:4444/wd/hub/session/fbc9ae77-46a3-41a3-8a2b-88088633beb1/screenshot {"sessionId": "fbc9ae77-46a3-41a3-8a2b-88088633beb1"}\nselenium.webdriver.remote.remote_connection: DEBUG: Finished Request\nselenium.webdriver.remote.remote_connection: DEBUG: GET http://127.0.0.1:4444/wd/hub/session/fbc9ae77-46a3-41a3-8a2b-88088633beb1/url {"sessionId": "fbc9ae77-46a3-41a3-8a2b-88088633beb1"}\nselenium.webdriver.remote.remote_connection: DEBUG: Finished Request\n--------------------- >> end captured logging << ---------------------']]></failure></testcase><testcase classname="wrapping.WrappingTestSuite" name="test_ent_new_android" time="16.021"></testcase><testcase classname="wrapping.WrappingTestSuite" name="test_ent_new_ios" time="8.910"></testcase></testsuite>