<?xml version="1.0" encoding="UTF-8"?><testsuite name="nosetests" tests="16" errors="0" failures="1" skip="1"><testcase classname="network.NetworkTestSuite" name="test_verify_new_app_page_default_parameter_platform" time="0.014"></testcase><testcase classname="login_page.LoginPageSuite" name="test_FAQ" time="8.422"></testcase><testcase classname="login_page.LoginPageSuite" name="test_check_table_content_crash_data" time="11.991"></testcase><testcase classname="login_page.LoginPageSuite" name="test_google_sign_in" time="10.308"></testcase><testcase classname="login_page.LoginPageSuite" name="test_google_sign_in_by_username_and_password" time="4.866"><failure type="exceptions.AssertionError" message="'Sign in - Google Accounts' not found in u'Crittercism - Developer Home'&#10;-------------------- &gt;&gt; begin captured logging &lt;&lt; --------------------&#10;selenium.webdriver.remote.remote_connection: DEBUG: POST http://127.0.0.1:58985/hub/session/c375e538-fe39-3d47-858a-c7b81ebb9fac/url {&quot;url&quot;: &quot;https://app.crittercism.com/developers/logout&quot;, &quot;sessionId&quot;: &quot;c375e538-fe39-3d47-858a-c7b81ebb9fac&quot;}&#10;selenium.webdriver.remote.remote_connection: DEBUG: Finished Request&#10;selenium.webdriver.remote.remote_connection: DEBUG: POST http://127.0.0.1:58985/hub/session/c375e538-fe39-3d47-858a-c7b81ebb9fac/url {&quot;url&quot;: &quot;https://app.crittercism.com/developers/login&quot;, &quot;sessionId&quot;: &quot;c375e538-fe39-3d47-858a-c7b81ebb9fac&quot;}&#10;selenium.webdriver.remote.remote_connection: DEBUG: Finished Request&#10;selenium.webdriver.remote.remote_connection: DEBUG: GET http://127.0.0.1:58985/hub/session/c375e538-fe39-3d47-858a-c7b81ebb9fac/title {&quot;sessionId&quot;: &quot;c375e538-fe39-3d47-858a-c7b81ebb9fac&quot;}&#10;selenium.webdriver.remote.remote_connection: DEBUG: Finished Request&#10;selenium.webdriver.remote.remote_connection: DEBUG: POST http://127.0.0.1:58985/hub/session/c375e538-fe39-3d47-858a-c7b81ebb9fac/url {&quot;url&quot;: &quot;https://app.crittercism.com/developers/logout&quot;, &quot;sessionId&quot;: &quot;c375e538-fe39-3d47-858a-c7b81ebb9fac&quot;}&#10;selenium.webdriver.remote.remote_connection: DEBUG: Finished Request&#10;selenium.webdriver.remote.remote_connection: DEBUG: POST http://127.0.0.1:58985/hub/session/c375e538-fe39-3d47-858a-c7b81ebb9fac/element {&quot;using&quot;: &quot;id&quot;, &quot;sessionId&quot;: &quot;c375e538-fe39-3d47-858a-c7b81ebb9fac&quot;, &quot;value&quot;: &quot;google-openid-2&quot;}&#10;selenium.webdriver.remote.remote_connection: DEBUG: Finished Request&#10;selenium.webdriver.remote.remote_connection: DEBUG: POST http://127.0.0.1:58985/hub/session/c375e538-fe39-3d47-858a-c7b81ebb9fac/element/{7947d8d5-e7b2-6c48-bd31-5be85a6f75fd}/click {&quot;sessionId&quot;: &quot;c375e538-fe39-3d47-858a-c7b81ebb9fac&quot;, &quot;id&quot;: &quot;{7947d8d5-e7b2-6c48-bd31-5be85a6f75fd}&quot;}&#10;selenium.webdriver.remote.remote_connection: DEBUG: Finished Request&#10;selenium.webdriver.remote.remote_connection: DEBUG: GET http://127.0.0.1:58985/hub/session/c375e538-fe39-3d47-858a-c7b81ebb9fac/title {&quot;sessionId&quot;: &quot;c375e538-fe39-3d47-858a-c7b81ebb9fac&quot;}&#10;selenium.webdriver.remote.remote_connection: DEBUG: Finished Request&#10;--------------------- &gt;&gt; end captured logging &lt;&lt; ---------------------"><![CDATA[  File "/usr/local/lib/python2.7/site-packages/unittest2/case.py", line 340, in run
    testMethod()
  File "/Users/farooque/PycharmProjects/crittercism/tests/login/login_page.py", line 89, in test_google_sign_in_by_username_and_password
    self.signInFromGoogle()
  File "/Users/farooque/PycharmProjects/crittercism/tests/login/login_page.py", line 53, in signInFromGoogle
    self.gotoGoogleSignin()
  File "/Users/farooque/PycharmProjects/crittercism/tests/login/login_page.py", line 28, in gotoGoogleSignin
    self.assertIn('Sign in - Google Accounts', self.browser.title)
  File "/Users/farooque/PycharmProjects/crittercism/src/multiple_assertions.py", line 27, in wrapped
    assertion_method(self, *args, **kwargs)
  File "/usr/local/lib/python2.7/site-packages/unittest2/case.py", line 813, in assertIn
    self.fail(self._formatMessage(msg, standardMsg))
  File "/Users/farooque/PycharmProjects/crittercism/src/multiple_assertions.py", line 27, in wrapped
    assertion_method(self, *args, **kwargs)
  File "/usr/local/lib/python2.7/site-packages/unittest2/case.py", line 415, in fail
    raise self.failureException(msg)
'\'Sign in - Google Accounts\' not found in u\'Crittercism - Developer Home\'\n-------------------- >> begin captured logging << --------------------\nselenium.webdriver.remote.remote_connection: DEBUG: POST http://127.0.0.1:58985/hub/session/c375e538-fe39-3d47-858a-c7b81ebb9fac/url {"url": "https://app.crittercism.com/developers/logout", "sessionId": "c375e538-fe39-3d47-858a-c7b81ebb9fac"}\nselenium.webdriver.remote.remote_connection: DEBUG: Finished Request\nselenium.webdriver.remote.remote_connection: DEBUG: POST http://127.0.0.1:58985/hub/session/c375e538-fe39-3d47-858a-c7b81ebb9fac/url {"url": "https://app.crittercism.com/developers/login", "sessionId": "c375e538-fe39-3d47-858a-c7b81ebb9fac"}\nselenium.webdriver.remote.remote_connection: DEBUG: Finished Request\nselenium.webdriver.remote.remote_connection: DEBUG: GET http://127.0.0.1:58985/hub/session/c375e538-fe39-3d47-858a-c7b81ebb9fac/title {"sessionId": "c375e538-fe39-3d47-858a-c7b81ebb9fac"}\nselenium.webdriver.remote.remote_connection: DEBUG: Finished Request\nselenium.webdriver.remote.remote_connection: DEBUG: POST http://127.0.0.1:58985/hub/session/c375e538-fe39-3d47-858a-c7b81ebb9fac/url {"url": "https://app.crittercism.com/developers/logout", "sessionId": "c375e538-fe39-3d47-858a-c7b81ebb9fac"}\nselenium.webdriver.remote.remote_connection: DEBUG: Finished Request\nselenium.webdriver.remote.remote_connection: DEBUG: POST http://127.0.0.1:58985/hub/session/c375e538-fe39-3d47-858a-c7b81ebb9fac/element {"using": "id", "sessionId": "c375e538-fe39-3d47-858a-c7b81ebb9fac", "value": "google-openid-2"}\nselenium.webdriver.remote.remote_connection: DEBUG: Finished Request\nselenium.webdriver.remote.remote_connection: DEBUG: POST http://127.0.0.1:58985/hub/session/c375e538-fe39-3d47-858a-c7b81ebb9fac/element/{7947d8d5-e7b2-6c48-bd31-5be85a6f75fd}/click {"sessionId": "c375e538-fe39-3d47-858a-c7b81ebb9fac", "id": "{7947d8d5-e7b2-6c48-bd31-5be85a6f75fd}"}\nselenium.webdriver.remote.remote_connection: DEBUG: Finished Request\nselenium.webdriver.remote.remote_connection: DEBUG: GET http://127.0.0.1:58985/hub/session/c375e538-fe39-3d47-858a-c7b81ebb9fac/title {"sessionId": "c375e538-fe39-3d47-858a-c7b81ebb9fac"}\nselenium.webdriver.remote.remote_connection: DEBUG: Finished Request\n--------------------- >> end captured logging << ---------------------']]></failure></testcase><testcase classname="login_page.LoginPageSuite" name="test_signin_from_crittercism_account" time="9.272"></testcase><testcase classname="register_application.RegisterApplication" name="test_delete_all_app" time="6.316"></testcase><testcase classname="register_application.RegisterApplication" name="test_register_new_app_with_default_parameters_android" time="2.208"></testcase><testcase classname="register_application.RegisterApplication" name="test_register_new_app_with_default_parameters_html5" time="2.001"></testcase><testcase classname="register_application.RegisterApplication" name="test_register_new_app_with_default_parameters_ios" time="2.046"></testcase><testcase classname="register_application.RegisterApplication" name="test_register_new_app_with_default_parameters_win8" time="2.117"></testcase><testcase classname="register_application.RegisterApplication" name="test_verify_new_app_page_default_parameter_employee_facing" time="0.835"></testcase><testcase classname="register_application.RegisterApplication" name="test_verify_new_app_page_default_parameter_in_app_store" time="0.685"></testcase><testcase classname="register_application.RegisterApplication" name="test_verify_new_app_page_default_parameter_platform" time="0.617"></testcase><testcase classname="register_application.RegisterApplication" name="test_verify_new_app_page_default_permission" time="0.690"></testcase><testcase classname="sample.SampleTestSuite" name="test_sample" time="0.000"><skipped type="unittest.case.SkipTest" message="Reason : why it is skipped"><![CDATA[SkipTest: Reason : why it is skipped
]]></skipped></testcase></testsuite>