<?xml version="1.0" encoding="UTF-8"?><testsuite name="nosetests" tests="10" errors="0" failures="0" skip="0"><testcase classname="register_application.RegisterApplication" name="test_delete_all_app" time="15.524"></testcase><testcase classname="register_application.RegisterApplication" name="test_register_new_app_default_check_table_content_crash_data" time="3.063"></testcase><testcase classname="register_application.RegisterApplication" name="test_register_new_app_with_default_parameters_android" time="3.082"></testcase><testcase classname="register_application.RegisterApplication" name="test_register_new_app_with_default_parameters_html5" time="3.221"></testcase><testcase classname="register_application.RegisterApplication" name="test_register_new_app_with_default_parameters_ios" time="3.263"></testcase><testcase classname="register_application.RegisterApplication" name="test_register_new_app_with_default_parameters_win8" time="3.378"></testcase><testcase classname="register_application.RegisterApplication" name="test_verify_new_app_page_default_parameter_employee_facing" time="0.659"></testcase><testcase classname="register_application.RegisterApplication" name="test_verify_new_app_page_default_parameter_in_app_store" time="0.672"></testcase><testcase classname="register_application.RegisterApplication" name="test_verify_new_app_page_default_parameter_platform" time="0.819"></testcase><testcase classname="register_application.RegisterApplication" name="test_verify_new_app_page_default_permission" time="0.675"></testcase></testsuite>