<?xml version="1.0" encoding="UTF-8"?><testsuite name="nosetests" tests="8" errors="1" failures="6" skip="0"><testcase classname="nose.failure.Failure" name="runTest" time="0.000"><error type="exceptions.TypeError" message="data_driven_test() takes exactly 1 argument (0 given)"><![CDATA[Traceback (most recent call last):
  File "/System/Library/Frameworks/Python.framework/Versions/2.7/lib/python2.7/unittest/case.py", line 331, in run
    testMethod()
  File "/Library/Python/2.7/site-packages/nose/loader.py", line 414, in loadTestsFromName
    addr.filename, addr.module)
  File "/Library/Python/2.7/site-packages/nose/importer.py", line 47, in importFromPath
    return self.importFromDir(dir_path, fqname)
  File "/Library/Python/2.7/site-packages/nose/importer.py", line 94, in importFromDir
    mod = load_module(part_fqname, fh, filename, desc)
  File "/Users/egeller/testing/fork/crittercism/tests/signup/new_account_signup.py", line 29, in <module>
    @data_driven_test()
TypeError: data_driven_test() takes exactly 1 argument (0 given)
]]></error></testcase><testcase classname="analytics.AnalyticsTestSuite" name="test_au_text" time="1.657"></testcase><testcase classname="analytics.AnalyticsTestSuite" name="test_todays_affected_users" time="3.882"><failure type="exceptions.AssertionError" message="{u'1.0.0.0': u'0', u'0.4.2': u'63'} != {'1.0.0.0': '0', '0.4.2': '62'}&#10;- {u'0.4.2': u'63', u'1.0.0.0': u'0'}&#10;?  -         -  ^   -           -&#10;&#10;+ {'0.4.2': '62', '1.0.0.0': '0'}&#10;?             ^&#10; : Affected users by version does not match given data&#10;-------------------- &gt;&gt; begin captured logging &lt;&lt; --------------------&#10;selenium.webdriver.remote.remote_connection: DEBUG: POST http://127.0.0.1:4444/wd/hub/session/12a91264-cfeb-4355-b693-e94b6f733328/url {&quot;url&quot;: &quot;https://app-staging.crittercism.com/developers/analytics/519d53101386202089000007&quot;, &quot;sessionId&quot;: &quot;12a91264-cfeb-4355-b693-e94b6f733328&quot;}&#10;selenium.webdriver.remote.remote_connection: DEBUG: Finished Request&#10;selenium.webdriver.remote.remote_connection: DEBUG: POST http://127.0.0.1:4444/wd/hub/session/12a91264-cfeb-4355-b693-e94b6f733328/element {&quot;using&quot;: &quot;xpath&quot;, &quot;sessionId&quot;: &quot;12a91264-cfeb-4355-b693-e94b6f733328&quot;, &quot;value&quot;: &quot;/html/body/div[3]/div/div[4]/div[3]/div[2]/div/div[2]/div[2]/strong&quot;}&#10;selenium.webdriver.remote.remote_connection: DEBUG: Finished Request&#10;selenium.webdriver.remote.remote_connection: DEBUG: GET http://127.0.0.1:4444/wd/hub/session/12a91264-cfeb-4355-b693-e94b6f733328/element/7/text {&quot;sessionId&quot;: &quot;12a91264-cfeb-4355-b693-e94b6f733328&quot;, &quot;id&quot;: &quot;7&quot;}&#10;selenium.webdriver.remote.remote_connection: DEBUG: Finished Request&#10;selenium.webdriver.remote.remote_connection: DEBUG: POST http://127.0.0.1:4444/wd/hub/session/12a91264-cfeb-4355-b693-e94b6f733328/element {&quot;using&quot;: &quot;xpath&quot;, &quot;sessionId&quot;: &quot;12a91264-cfeb-4355-b693-e94b6f733328&quot;, &quot;value&quot;: &quot;/html/body/div[3]/div/div[4]/div[3]/div[2]/div/div[2]/div[3]/strong&quot;}&#10;selenium.webdriver.remote.remote_connection: DEBUG: Finished Request&#10;selenium.webdriver.remote.remote_connection: DEBUG: GET http://127.0.0.1:4444/wd/hub/session/12a91264-cfeb-4355-b693-e94b6f733328/element/8/text {&quot;sessionId&quot;: &quot;12a91264-cfeb-4355-b693-e94b6f733328&quot;, &quot;id&quot;: &quot;8&quot;}&#10;selenium.webdriver.remote.remote_connection: DEBUG: Finished Request&#10;selenium.webdriver.remote.remote_connection: DEBUG: POST http://127.0.0.1:4444/wd/hub/session/12a91264-cfeb-4355-b693-e94b6f733328/element {&quot;using&quot;: &quot;xpath&quot;, &quot;sessionId&quot;: &quot;12a91264-cfeb-4355-b693-e94b6f733328&quot;, &quot;value&quot;: &quot;/html/body/div[3]/div/div[4]/div[3]/div[2]/div/div[2]/div[2]/span&quot;}&#10;selenium.webdriver.remote.remote_connection: DEBUG: Finished Request&#10;selenium.webdriver.remote.remote_connection: DEBUG: GET http://127.0.0.1:4444/wd/hub/session/12a91264-cfeb-4355-b693-e94b6f733328/element/9/text {&quot;sessionId&quot;: &quot;12a91264-cfeb-4355-b693-e94b6f733328&quot;, &quot;id&quot;: &quot;9&quot;}&#10;selenium.webdriver.remote.remote_connection: DEBUG: Finished Request&#10;selenium.webdriver.remote.remote_connection: DEBUG: POST http://127.0.0.1:4444/wd/hub/session/12a91264-cfeb-4355-b693-e94b6f733328/element {&quot;using&quot;: &quot;xpath&quot;, &quot;sessionId&quot;: &quot;12a91264-cfeb-4355-b693-e94b6f733328&quot;, &quot;value&quot;: &quot;/html/body/div[3]/div/div[4]/div[3]/div[2]/div/div[2]/div[3]/span&quot;}&#10;selenium.webdriver.remote.remote_connection: DEBUG: Finished Request&#10;selenium.webdriver.remote.remote_connection: DEBUG: GET http://127.0.0.1:4444/wd/hub/session/12a91264-cfeb-4355-b693-e94b6f733328/element/10/text {&quot;sessionId&quot;: &quot;12a91264-cfeb-4355-b693-e94b6f733328&quot;, &quot;id&quot;: &quot;10&quot;}&#10;selenium.webdriver.remote.remote_connection: DEBUG: Finished Request&#10;selenium.webdriver.remote.remote_connection: DEBUG: GET http://127.0.0.1:4444/wd/hub/session/12a91264-cfeb-4355-b693-e94b6f733328/screenshot {&quot;sessionId&quot;: &quot;12a91264-cfeb-4355-b693-e94b6f733328&quot;}&#10;selenium.webdriver.remote.remote_connection: DEBUG: Finished Request&#10;selenium.webdriver.remote.remote_connection: DEBUG: GET http://127.0.0.1:4444/wd/hub/session/12a91264-cfeb-4355-b693-e94b6f733328/url {&quot;sessionId&quot;: &quot;12a91264-cfeb-4355-b693-e94b6f733328&quot;}&#10;selenium.webdriver.remote.remote_connection: DEBUG: Finished Request&#10;selenium.webdriver.remote.remote_connection: DEBUG: GET http://127.0.0.1:4444/wd/hub/session/12a91264-cfeb-4355-b693-e94b6f733328/screenshot {&quot;sessionId&quot;: &quot;12a91264-cfeb-4355-b693-e94b6f733328&quot;}&#10;selenium.webdriver.remote.remote_connection: DEBUG: Finished Request&#10;selenium.webdriver.remote.remote_connection: DEBUG: GET http://127.0.0.1:4444/wd/hub/session/12a91264-cfeb-4355-b693-e94b6f733328/url {&quot;sessionId&quot;: &quot;12a91264-cfeb-4355-b693-e94b6f733328&quot;}&#10;selenium.webdriver.remote.remote_connection: DEBUG: Finished Request&#10;selenium.webdriver.remote.remote_connection: DEBUG: GET http://127.0.0.1:4444/wd/hub/session/12a91264-cfeb-4355-b693-e94b6f733328/screenshot {&quot;sessionId&quot;: &quot;12a91264-cfeb-4355-b693-e94b6f733328&quot;}&#10;selenium.webdriver.remote.remote_connection: DEBUG: Finished Request&#10;selenium.webdriver.remote.remote_connection: DEBUG: GET http://127.0.0.1:4444/wd/hub/session/12a91264-cfeb-4355-b693-e94b6f733328/url {&quot;sessionId&quot;: &quot;12a91264-cfeb-4355-b693-e94b6f733328&quot;}&#10;selenium.webdriver.remote.remote_connection: DEBUG: Finished Request&#10;--------------------- &gt;&gt; end captured logging &lt;&lt; ---------------------"><![CDATA[  File "/Library/Python/2.7/site-packages/unittest2/case.py", line 340, in run
    testMethod()
  File "/Users/egeller/testing/fork/crittercism/tests/trend_analysis/analytics.py", line 211, in test_todays_affected_users
    self.assertEqual(crash_table, blank_data, "Affected users by version does not match given data")
  File "/Users/egeller/testing/fork/crittercism/src/multiple_assertions.py", line 44, in wrapped
    assertion_method(self, *args, **kwargs)
  File "/Library/Python/2.7/site-packages/unittest2/case.py", line 521, in assertEqual
    assertion_func(first, second, msg=msg)
  File "/Users/egeller/testing/fork/crittercism/src/multiple_assertions.py", line 44, in wrapped
    assertion_method(self, *args, **kwargs)
  File "/Library/Python/2.7/site-packages/unittest2/case.py", line 844, in assertDictEqual
    self.fail(self._formatMessage(msg, standardMsg))
  File "/Users/egeller/testing/fork/crittercism/src/multiple_assertions.py", line 44, in wrapped
    assertion_method(self, *args, **kwargs)
  File "/Library/Python/2.7/site-packages/unittest2/case.py", line 415, in fail
    raise self.failureException(msg)
'{u\'1.0.0.0\': u\'0\', u\'0.4.2\': u\'63\'} != {\'1.0.0.0\': \'0\', \'0.4.2\': \'62\'}\n- {u\'0.4.2\': u\'63\', u\'1.0.0.0\': u\'0\'}\n?  -         -  ^   -           -\n\n+ {\'0.4.2\': \'62\', \'1.0.0.0\': \'0\'}\n?             ^\n : Affected users by version does not match given data\n-------------------- >> begin captured logging << --------------------\nselenium.webdriver.remote.remote_connection: DEBUG: POST http://127.0.0.1:4444/wd/hub/session/12a91264-cfeb-4355-b693-e94b6f733328/url {"url": "https://app-staging.crittercism.com/developers/analytics/519d53101386202089000007", "sessionId": "12a91264-cfeb-4355-b693-e94b6f733328"}\nselenium.webdriver.remote.remote_connection: DEBUG: Finished Request\nselenium.webdriver.remote.remote_connection: DEBUG: POST http://127.0.0.1:4444/wd/hub/session/12a91264-cfeb-4355-b693-e94b6f733328/element {"using": "xpath", "sessionId": "12a91264-cfeb-4355-b693-e94b6f733328", "value": "/html/body/div[3]/div/div[4]/div[3]/div[2]/div/div[2]/div[2]/strong"}\nselenium.webdriver.remote.remote_connection: DEBUG: Finished Request\nselenium.webdriver.remote.remote_connection: DEBUG: GET http://127.0.0.1:4444/wd/hub/session/12a91264-cfeb-4355-b693-e94b6f733328/element/7/text {"sessionId": "12a91264-cfeb-4355-b693-e94b6f733328", "id": "7"}\nselenium.webdriver.remote.remote_connection: DEBUG: Finished Request\nselenium.webdriver.remote.remote_connection: DEBUG: POST http://127.0.0.1:4444/wd/hub/session/12a91264-cfeb-4355-b693-e94b6f733328/element {"using": "xpath", "sessionId": "12a91264-cfeb-4355-b693-e94b6f733328", "value": "/html/body/div[3]/div/div[4]/div[3]/div[2]/div/div[2]/div[3]/strong"}\nselenium.webdriver.remote.remote_connection: DEBUG: Finished Request\nselenium.webdriver.remote.remote_connection: DEBUG: GET http://127.0.0.1:4444/wd/hub/session/12a91264-cfeb-4355-b693-e94b6f733328/element/8/text {"sessionId": "12a91264-cfeb-4355-b693-e94b6f733328", "id": "8"}\nselenium.webdriver.remote.remote_connection: DEBUG: Finished Request\nselenium.webdriver.remote.remote_connection: DEBUG: POST http://127.0.0.1:4444/wd/hub/session/12a91264-cfeb-4355-b693-e94b6f733328/element {"using": "xpath", "sessionId": "12a91264-cfeb-4355-b693-e94b6f733328", "value": "/html/body/div[3]/div/div[4]/div[3]/div[2]/div/div[2]/div[2]/span"}\nselenium.webdriver.remote.remote_connection: DEBUG: Finished Request\nselenium.webdriver.remote.remote_connection: DEBUG: GET http://127.0.0.1:4444/wd/hub/session/12a91264-cfeb-4355-b693-e94b6f733328/element/9/text {"sessionId": "12a91264-cfeb-4355-b693-e94b6f733328", "id": "9"}\nselenium.webdriver.remote.remote_connection: DEBUG: Finished Request\nselenium.webdriver.remote.remote_connection: DEBUG: POST http://127.0.0.1:4444/wd/hub/session/12a91264-cfeb-4355-b693-e94b6f733328/element {"using": "xpath", "sessionId": "12a91264-cfeb-4355-b693-e94b6f733328", "value": "/html/body/div[3]/div/div[4]/div[3]/div[2]/div/div[2]/div[3]/span"}\nselenium.webdriver.remote.remote_connection: DEBUG: Finished Request\nselenium.webdriver.remote.remote_connection: DEBUG: GET http://127.0.0.1:4444/wd/hub/session/12a91264-cfeb-4355-b693-e94b6f733328/element/10/text {"sessionId": "12a91264-cfeb-4355-b693-e94b6f733328", "id": "10"}\nselenium.webdriver.remote.remote_connection: DEBUG: Finished Request\nselenium.webdriver.remote.remote_connection: DEBUG: GET http://127.0.0.1:4444/wd/hub/session/12a91264-cfeb-4355-b693-e94b6f733328/screenshot {"sessionId": "12a91264-cfeb-4355-b693-e94b6f733328"}\nselenium.webdriver.remote.remote_connection: DEBUG: Finished Request\nselenium.webdriver.remote.remote_connection: DEBUG: GET http://127.0.0.1:4444/wd/hub/session/12a91264-cfeb-4355-b693-e94b6f733328/url {"sessionId": "12a91264-cfeb-4355-b693-e94b6f733328"}\nselenium.webdriver.remote.remote_connection: DEBUG: Finished Request\nselenium.webdriver.remote.remote_connection: DEBUG: GET http://127.0.0.1:4444/wd/hub/session/12a91264-cfeb-4355-b693-e94b6f733328/screenshot {"sessionId": "12a91264-cfeb-4355-b693-e94b6f733328"}\nselenium.webdriver.remote.remote_connection: DEBUG: Finished Request\nselenium.webdriver.remote.remote_connection: DEBUG: GET http://127.0.0.1:4444/wd/hub/session/12a91264-cfeb-4355-b693-e94b6f733328/url {"sessionId": "12a91264-cfeb-4355-b693-e94b6f733328"}\nselenium.webdriver.remote.remote_connection: DEBUG: Finished Request\nselenium.webdriver.remote.remote_connection: DEBUG: GET http://127.0.0.1:4444/wd/hub/session/12a91264-cfeb-4355-b693-e94b6f733328/screenshot {"sessionId": "12a91264-cfeb-4355-b693-e94b6f733328"}\nselenium.webdriver.remote.remote_connection: DEBUG: Finished Request\nselenium.webdriver.remote.remote_connection: DEBUG: GET http://127.0.0.1:4444/wd/hub/session/12a91264-cfeb-4355-b693-e94b6f733328/url {"sessionId": "12a91264-cfeb-4355-b693-e94b6f733328"}\nselenium.webdriver.remote.remote_connection: DEBUG: Finished Request\n--------------------- >> end captured logging << ---------------------']]></failure></testcase><testcase classname="analytics.AnalyticsTestSuite" name="test_todays_apploads" time="3.768"><failure type="exceptions.AssertionError" message="{u'1.0.0.0': u'89', u'0.4.2': u'5372'} != {'1.0.0.0': '89', '0.4.2': '5090'}&#10;- {u'0.4.2': u'5372', u'1.0.0.0': u'89'}&#10;?  -         -  ^^^   -           -&#10;&#10;+ {'0.4.2': '5090', '1.0.0.0': '89'}&#10;?             ^^^&#10; : App loads by version does not match given data&#10;-------------------- &gt;&gt; begin captured logging &lt;&lt; --------------------&#10;selenium.webdriver.remote.remote_connection: DEBUG: POST http://127.0.0.1:4444/wd/hub/session/12a91264-cfeb-4355-b693-e94b6f733328/url {&quot;url&quot;: &quot;https://app-staging.crittercism.com/developers/analytics/519d53101386202089000007&quot;, &quot;sessionId&quot;: &quot;12a91264-cfeb-4355-b693-e94b6f733328&quot;}&#10;selenium.webdriver.remote.remote_connection: DEBUG: Finished Request&#10;selenium.webdriver.remote.remote_connection: DEBUG: POST http://127.0.0.1:4444/wd/hub/session/12a91264-cfeb-4355-b693-e94b6f733328/element {&quot;using&quot;: &quot;xpath&quot;, &quot;sessionId&quot;: &quot;12a91264-cfeb-4355-b693-e94b6f733328&quot;, &quot;value&quot;: &quot;/html/body/div[3]/div/div[4]/div[2]/div/div/div[2]/div[2]/strong&quot;}&#10;selenium.webdriver.remote.remote_connection: DEBUG: Finished Request&#10;selenium.webdriver.remote.remote_connection: DEBUG: GET http://127.0.0.1:4444/wd/hub/session/12a91264-cfeb-4355-b693-e94b6f733328/element/11/text {&quot;sessionId&quot;: &quot;12a91264-cfeb-4355-b693-e94b6f733328&quot;, &quot;id&quot;: &quot;11&quot;}&#10;selenium.webdriver.remote.remote_connection: DEBUG: Finished Request&#10;selenium.webdriver.remote.remote_connection: DEBUG: POST http://127.0.0.1:4444/wd/hub/session/12a91264-cfeb-4355-b693-e94b6f733328/element {&quot;using&quot;: &quot;xpath&quot;, &quot;sessionId&quot;: &quot;12a91264-cfeb-4355-b693-e94b6f733328&quot;, &quot;value&quot;: &quot;/html/body/div[3]/div/div[4]/div[2]/div/div/div[2]/div[3]/strong&quot;}&#10;selenium.webdriver.remote.remote_connection: DEBUG: Finished Request&#10;selenium.webdriver.remote.remote_connection: DEBUG: GET http://127.0.0.1:4444/wd/hub/session/12a91264-cfeb-4355-b693-e94b6f733328/element/12/text {&quot;sessionId&quot;: &quot;12a91264-cfeb-4355-b693-e94b6f733328&quot;, &quot;id&quot;: &quot;12&quot;}&#10;selenium.webdriver.remote.remote_connection: DEBUG: Finished Request&#10;selenium.webdriver.remote.remote_connection: DEBUG: POST http://127.0.0.1:4444/wd/hub/session/12a91264-cfeb-4355-b693-e94b6f733328/element {&quot;using&quot;: &quot;xpath&quot;, &quot;sessionId&quot;: &quot;12a91264-cfeb-4355-b693-e94b6f733328&quot;, &quot;value&quot;: &quot;/html/body/div[3]/div/div[4]/div[2]/div/div/div[2]/div[2]/span&quot;}&#10;selenium.webdriver.remote.remote_connection: DEBUG: Finished Request&#10;selenium.webdriver.remote.remote_connection: DEBUG: GET http://127.0.0.1:4444/wd/hub/session/12a91264-cfeb-4355-b693-e94b6f733328/element/13/text {&quot;sessionId&quot;: &quot;12a91264-cfeb-4355-b693-e94b6f733328&quot;, &quot;id&quot;: &quot;13&quot;}&#10;selenium.webdriver.remote.remote_connection: DEBUG: Finished Request&#10;selenium.webdriver.remote.remote_connection: DEBUG: POST http://127.0.0.1:4444/wd/hub/session/12a91264-cfeb-4355-b693-e94b6f733328/element {&quot;using&quot;: &quot;xpath&quot;, &quot;sessionId&quot;: &quot;12a91264-cfeb-4355-b693-e94b6f733328&quot;, &quot;value&quot;: &quot;/html/body/div[3]/div/div[4]/div[2]/div/div/div[2]/div[3]/span&quot;}&#10;selenium.webdriver.remote.remote_connection: DEBUG: Finished Request&#10;selenium.webdriver.remote.remote_connection: DEBUG: GET http://127.0.0.1:4444/wd/hub/session/12a91264-cfeb-4355-b693-e94b6f733328/element/14/text {&quot;sessionId&quot;: &quot;12a91264-cfeb-4355-b693-e94b6f733328&quot;, &quot;id&quot;: &quot;14&quot;}&#10;selenium.webdriver.remote.remote_connection: DEBUG: Finished Request&#10;selenium.webdriver.remote.remote_connection: DEBUG: GET http://127.0.0.1:4444/wd/hub/session/12a91264-cfeb-4355-b693-e94b6f733328/screenshot {&quot;sessionId&quot;: &quot;12a91264-cfeb-4355-b693-e94b6f733328&quot;}&#10;selenium.webdriver.remote.remote_connection: DEBUG: Finished Request&#10;selenium.webdriver.remote.remote_connection: DEBUG: GET http://127.0.0.1:4444/wd/hub/session/12a91264-cfeb-4355-b693-e94b6f733328/url {&quot;sessionId&quot;: &quot;12a91264-cfeb-4355-b693-e94b6f733328&quot;}&#10;selenium.webdriver.remote.remote_connection: DEBUG: Finished Request&#10;selenium.webdriver.remote.remote_connection: DEBUG: GET http://127.0.0.1:4444/wd/hub/session/12a91264-cfeb-4355-b693-e94b6f733328/screenshot {&quot;sessionId&quot;: &quot;12a91264-cfeb-4355-b693-e94b6f733328&quot;}&#10;selenium.webdriver.remote.remote_connection: DEBUG: Finished Request&#10;selenium.webdriver.remote.remote_connection: DEBUG: GET http://127.0.0.1:4444/wd/hub/session/12a91264-cfeb-4355-b693-e94b6f733328/url {&quot;sessionId&quot;: &quot;12a91264-cfeb-4355-b693-e94b6f733328&quot;}&#10;selenium.webdriver.remote.remote_connection: DEBUG: Finished Request&#10;selenium.webdriver.remote.remote_connection: DEBUG: GET http://127.0.0.1:4444/wd/hub/session/12a91264-cfeb-4355-b693-e94b6f733328/screenshot {&quot;sessionId&quot;: &quot;12a91264-cfeb-4355-b693-e94b6f733328&quot;}&#10;selenium.webdriver.remote.remote_connection: DEBUG: Finished Request&#10;selenium.webdriver.remote.remote_connection: DEBUG: GET http://127.0.0.1:4444/wd/hub/session/12a91264-cfeb-4355-b693-e94b6f733328/url {&quot;sessionId&quot;: &quot;12a91264-cfeb-4355-b693-e94b6f733328&quot;}&#10;selenium.webdriver.remote.remote_connection: DEBUG: Finished Request&#10;--------------------- &gt;&gt; end captured logging &lt;&lt; ---------------------"><![CDATA[  File "/Library/Python/2.7/site-packages/unittest2/case.py", line 340, in run
    testMethod()
  File "/Users/egeller/testing/fork/crittercism/tests/trend_analysis/analytics.py", line 146, in test_todays_apploads
    self.assertEqual(crash_table, blank_data, "App loads by version does not match given data")
  File "/Users/egeller/testing/fork/crittercism/src/multiple_assertions.py", line 44, in wrapped
    assertion_method(self, *args, **kwargs)
  File "/Library/Python/2.7/site-packages/unittest2/case.py", line 521, in assertEqual
    assertion_func(first, second, msg=msg)
  File "/Users/egeller/testing/fork/crittercism/src/multiple_assertions.py", line 44, in wrapped
    assertion_method(self, *args, **kwargs)
  File "/Library/Python/2.7/site-packages/unittest2/case.py", line 844, in assertDictEqual
    self.fail(self._formatMessage(msg, standardMsg))
  File "/Users/egeller/testing/fork/crittercism/src/multiple_assertions.py", line 44, in wrapped
    assertion_method(self, *args, **kwargs)
  File "/Library/Python/2.7/site-packages/unittest2/case.py", line 415, in fail
    raise self.failureException(msg)
'{u\'1.0.0.0\': u\'89\', u\'0.4.2\': u\'5372\'} != {\'1.0.0.0\': \'89\', \'0.4.2\': \'5090\'}\n- {u\'0.4.2\': u\'5372\', u\'1.0.0.0\': u\'89\'}\n?  -         -  ^^^   -           -\n\n+ {\'0.4.2\': \'5090\', \'1.0.0.0\': \'89\'}\n?             ^^^\n : App loads by version does not match given data\n-------------------- >> begin captured logging << --------------------\nselenium.webdriver.remote.remote_connection: DEBUG: POST http://127.0.0.1:4444/wd/hub/session/12a91264-cfeb-4355-b693-e94b6f733328/url {"url": "https://app-staging.crittercism.com/developers/analytics/519d53101386202089000007", "sessionId": "12a91264-cfeb-4355-b693-e94b6f733328"}\nselenium.webdriver.remote.remote_connection: DEBUG: Finished Request\nselenium.webdriver.remote.remote_connection: DEBUG: POST http://127.0.0.1:4444/wd/hub/session/12a91264-cfeb-4355-b693-e94b6f733328/element {"using": "xpath", "sessionId": "12a91264-cfeb-4355-b693-e94b6f733328", "value": "/html/body/div[3]/div/div[4]/div[2]/div/div/div[2]/div[2]/strong"}\nselenium.webdriver.remote.remote_connection: DEBUG: Finished Request\nselenium.webdriver.remote.remote_connection: DEBUG: GET http://127.0.0.1:4444/wd/hub/session/12a91264-cfeb-4355-b693-e94b6f733328/element/11/text {"sessionId": "12a91264-cfeb-4355-b693-e94b6f733328", "id": "11"}\nselenium.webdriver.remote.remote_connection: DEBUG: Finished Request\nselenium.webdriver.remote.remote_connection: DEBUG: POST http://127.0.0.1:4444/wd/hub/session/12a91264-cfeb-4355-b693-e94b6f733328/element {"using": "xpath", "sessionId": "12a91264-cfeb-4355-b693-e94b6f733328", "value": "/html/body/div[3]/div/div[4]/div[2]/div/div/div[2]/div[3]/strong"}\nselenium.webdriver.remote.remote_connection: DEBUG: Finished Request\nselenium.webdriver.remote.remote_connection: DEBUG: GET http://127.0.0.1:4444/wd/hub/session/12a91264-cfeb-4355-b693-e94b6f733328/element/12/text {"sessionId": "12a91264-cfeb-4355-b693-e94b6f733328", "id": "12"}\nselenium.webdriver.remote.remote_connection: DEBUG: Finished Request\nselenium.webdriver.remote.remote_connection: DEBUG: POST http://127.0.0.1:4444/wd/hub/session/12a91264-cfeb-4355-b693-e94b6f733328/element {"using": "xpath", "sessionId": "12a91264-cfeb-4355-b693-e94b6f733328", "value": "/html/body/div[3]/div/div[4]/div[2]/div/div/div[2]/div[2]/span"}\nselenium.webdriver.remote.remote_connection: DEBUG: Finished Request\nselenium.webdriver.remote.remote_connection: DEBUG: GET http://127.0.0.1:4444/wd/hub/session/12a91264-cfeb-4355-b693-e94b6f733328/element/13/text {"sessionId": "12a91264-cfeb-4355-b693-e94b6f733328", "id": "13"}\nselenium.webdriver.remote.remote_connection: DEBUG: Finished Request\nselenium.webdriver.remote.remote_connection: DEBUG: POST http://127.0.0.1:4444/wd/hub/session/12a91264-cfeb-4355-b693-e94b6f733328/element {"using": "xpath", "sessionId": "12a91264-cfeb-4355-b693-e94b6f733328", "value": "/html/body/div[3]/div/div[4]/div[2]/div/div/div[2]/div[3]/span"}\nselenium.webdriver.remote.remote_connection: DEBUG: Finished Request\nselenium.webdriver.remote.remote_connection: DEBUG: GET http://127.0.0.1:4444/wd/hub/session/12a91264-cfeb-4355-b693-e94b6f733328/element/14/text {"sessionId": "12a91264-cfeb-4355-b693-e94b6f733328", "id": "14"}\nselenium.webdriver.remote.remote_connection: DEBUG: Finished Request\nselenium.webdriver.remote.remote_connection: DEBUG: GET http://127.0.0.1:4444/wd/hub/session/12a91264-cfeb-4355-b693-e94b6f733328/screenshot {"sessionId": "12a91264-cfeb-4355-b693-e94b6f733328"}\nselenium.webdriver.remote.remote_connection: DEBUG: Finished Request\nselenium.webdriver.remote.remote_connection: DEBUG: GET http://127.0.0.1:4444/wd/hub/session/12a91264-cfeb-4355-b693-e94b6f733328/url {"sessionId": "12a91264-cfeb-4355-b693-e94b6f733328"}\nselenium.webdriver.remote.remote_connection: DEBUG: Finished Request\nselenium.webdriver.remote.remote_connection: DEBUG: GET http://127.0.0.1:4444/wd/hub/session/12a91264-cfeb-4355-b693-e94b6f733328/screenshot {"sessionId": "12a91264-cfeb-4355-b693-e94b6f733328"}\nselenium.webdriver.remote.remote_connection: DEBUG: Finished Request\nselenium.webdriver.remote.remote_connection: DEBUG: GET http://127.0.0.1:4444/wd/hub/session/12a91264-cfeb-4355-b693-e94b6f733328/url {"sessionId": "12a91264-cfeb-4355-b693-e94b6f733328"}\nselenium.webdriver.remote.remote_connection: DEBUG: Finished Request\nselenium.webdriver.remote.remote_connection: DEBUG: GET http://127.0.0.1:4444/wd/hub/session/12a91264-cfeb-4355-b693-e94b6f733328/screenshot {"sessionId": "12a91264-cfeb-4355-b693-e94b6f733328"}\nselenium.webdriver.remote.remote_connection: DEBUG: Finished Request\nselenium.webdriver.remote.remote_connection: DEBUG: GET http://127.0.0.1:4444/wd/hub/session/12a91264-cfeb-4355-b693-e94b6f733328/url {"sessionId": "12a91264-cfeb-4355-b693-e94b6f733328"}\nselenium.webdriver.remote.remote_connection: DEBUG: Finished Request\n--------------------- >> end captured logging << ---------------------']]></failure></testcase><testcase classname="analytics.AnalyticsTestSuite" name="test_todays_apploads_crashes" time="2.598"><failure type="exceptions.AssertionError" message='False is not True : Listed apploads data does not match given data&#10;-------------------- &gt;&gt; begin captured logging &lt;&lt; --------------------&#10;selenium.webdriver.remote.remote_connection: DEBUG: POST http://127.0.0.1:4444/wd/hub/session/12a91264-cfeb-4355-b693-e94b6f733328/url {"url": "https://app-staging.crittercism.com/developers/analytics/519d53101386202089000007", "sessionId": "12a91264-cfeb-4355-b693-e94b6f733328"}&#10;selenium.webdriver.remote.remote_connection: DEBUG: Finished Request&#10;selenium.webdriver.remote.remote_connection: DEBUG: POST http://127.0.0.1:4444/wd/hub/session/12a91264-cfeb-4355-b693-e94b6f733328/element {"using": "xpath", "sessionId": "12a91264-cfeb-4355-b693-e94b6f733328", "value": "/html/body/div[3]/div/div[4]/div/div/div/div[2]/div[2]/strong"}&#10;selenium.webdriver.remote.remote_connection: DEBUG: Finished Request&#10;selenium.webdriver.remote.remote_connection: DEBUG: GET http://127.0.0.1:4444/wd/hub/session/12a91264-cfeb-4355-b693-e94b6f733328/element/15/text {"sessionId": "12a91264-cfeb-4355-b693-e94b6f733328", "id": "15"}&#10;selenium.webdriver.remote.remote_connection: DEBUG: Finished Request&#10;selenium.webdriver.remote.remote_connection: DEBUG: POST http://127.0.0.1:4444/wd/hub/session/12a91264-cfeb-4355-b693-e94b6f733328/element {"using": "xpath", "sessionId": "12a91264-cfeb-4355-b693-e94b6f733328", "value": "/html/body/div[3]/div/div[4]/div/div/div/div[2]/div[3]/strong"}&#10;selenium.webdriver.remote.remote_connection: DEBUG: Finished Request&#10;selenium.webdriver.remote.remote_connection: DEBUG: GET http://127.0.0.1:4444/wd/hub/session/12a91264-cfeb-4355-b693-e94b6f733328/element/16/text {"sessionId": "12a91264-cfeb-4355-b693-e94b6f733328", "id": "16"}&#10;selenium.webdriver.remote.remote_connection: DEBUG: Finished Request&#10;selenium.webdriver.remote.remote_connection: DEBUG: POST http://127.0.0.1:4444/wd/hub/session/12a91264-cfeb-4355-b693-e94b6f733328/element {"using": "xpath", "sessionId": "12a91264-cfeb-4355-b693-e94b6f733328", "value": "/html/body/div[3]/div/div[4]/div/div/div/div[2]/div[2]/span"}&#10;selenium.webdriver.remote.remote_connection: DEBUG: Finished Request&#10;selenium.webdriver.remote.remote_connection: DEBUG: GET http://127.0.0.1:4444/wd/hub/session/12a91264-cfeb-4355-b693-e94b6f733328/element/17/text {"sessionId": "12a91264-cfeb-4355-b693-e94b6f733328", "id": "17"}&#10;selenium.webdriver.remote.remote_connection: DEBUG: Finished Request&#10;selenium.webdriver.remote.remote_connection: DEBUG: POST http://127.0.0.1:4444/wd/hub/session/12a91264-cfeb-4355-b693-e94b6f733328/element {"using": "xpath", "sessionId": "12a91264-cfeb-4355-b693-e94b6f733328", "value": "/html/body/div[3]/div/div[4]/div/div/div/div[2]/div[3]/span"}&#10;selenium.webdriver.remote.remote_connection: DEBUG: Finished Request&#10;selenium.webdriver.remote.remote_connection: DEBUG: GET http://127.0.0.1:4444/wd/hub/session/12a91264-cfeb-4355-b693-e94b6f733328/element/18/text {"sessionId": "12a91264-cfeb-4355-b693-e94b6f733328", "id": "18"}&#10;selenium.webdriver.remote.remote_connection: DEBUG: Finished Request&#10;selenium.webdriver.remote.remote_connection: DEBUG: GET http://127.0.0.1:4444/wd/hub/session/12a91264-cfeb-4355-b693-e94b6f733328/screenshot {"sessionId": "12a91264-cfeb-4355-b693-e94b6f733328"}&#10;selenium.webdriver.remote.remote_connection: DEBUG: Finished Request&#10;selenium.webdriver.remote.remote_connection: DEBUG: GET http://127.0.0.1:4444/wd/hub/session/12a91264-cfeb-4355-b693-e94b6f733328/url {"sessionId": "12a91264-cfeb-4355-b693-e94b6f733328"}&#10;selenium.webdriver.remote.remote_connection: DEBUG: Finished Request&#10;--------------------- &gt;&gt; end captured logging &lt;&lt; ---------------------'><![CDATA[  File "/Library/Python/2.7/site-packages/unittest2/case.py", line 340, in run
    testMethod()
  File "/Users/egeller/testing/fork/crittercism/tests/trend_analysis/analytics.py", line 99, in test_todays_apploads_crashes
    self.assertTrue(crash_table == blank_data, "Listed apploads data does not match given data")
  File "/Users/egeller/testing/fork/crittercism/src/multiple_assertions.py", line 44, in wrapped
    assertion_method(self, *args, **kwargs)
  File "/Library/Python/2.7/site-packages/unittest2/case.py", line 427, in assertTrue
    raise self.failureException(msg)
'False is not True : Listed apploads data does not match given data\n-------------------- >> begin captured logging << --------------------\nselenium.webdriver.remote.remote_connection: DEBUG: POST http://127.0.0.1:4444/wd/hub/session/12a91264-cfeb-4355-b693-e94b6f733328/url {"url": "https://app-staging.crittercism.com/developers/analytics/519d53101386202089000007", "sessionId": "12a91264-cfeb-4355-b693-e94b6f733328"}\nselenium.webdriver.remote.remote_connection: DEBUG: Finished Request\nselenium.webdriver.remote.remote_connection: DEBUG: POST http://127.0.0.1:4444/wd/hub/session/12a91264-cfeb-4355-b693-e94b6f733328/element {"using": "xpath", "sessionId": "12a91264-cfeb-4355-b693-e94b6f733328", "value": "/html/body/div[3]/div/div[4]/div/div/div/div[2]/div[2]/strong"}\nselenium.webdriver.remote.remote_connection: DEBUG: Finished Request\nselenium.webdriver.remote.remote_connection: DEBUG: GET http://127.0.0.1:4444/wd/hub/session/12a91264-cfeb-4355-b693-e94b6f733328/element/15/text {"sessionId": "12a91264-cfeb-4355-b693-e94b6f733328", "id": "15"}\nselenium.webdriver.remote.remote_connection: DEBUG: Finished Request\nselenium.webdriver.remote.remote_connection: DEBUG: POST http://127.0.0.1:4444/wd/hub/session/12a91264-cfeb-4355-b693-e94b6f733328/element {"using": "xpath", "sessionId": "12a91264-cfeb-4355-b693-e94b6f733328", "value": "/html/body/div[3]/div/div[4]/div/div/div/div[2]/div[3]/strong"}\nselenium.webdriver.remote.remote_connection: DEBUG: Finished Request\nselenium.webdriver.remote.remote_connection: DEBUG: GET http://127.0.0.1:4444/wd/hub/session/12a91264-cfeb-4355-b693-e94b6f733328/element/16/text {"sessionId": "12a91264-cfeb-4355-b693-e94b6f733328", "id": "16"}\nselenium.webdriver.remote.remote_connection: DEBUG: Finished Request\nselenium.webdriver.remote.remote_connection: DEBUG: POST http://127.0.0.1:4444/wd/hub/session/12a91264-cfeb-4355-b693-e94b6f733328/element {"using": "xpath", "sessionId": "12a91264-cfeb-4355-b693-e94b6f733328", "value": "/html/body/div[3]/div/div[4]/div/div/div/div[2]/div[2]/span"}\nselenium.webdriver.remote.remote_connection: DEBUG: Finished Request\nselenium.webdriver.remote.remote_connection: DEBUG: GET http://127.0.0.1:4444/wd/hub/session/12a91264-cfeb-4355-b693-e94b6f733328/element/17/text {"sessionId": "12a91264-cfeb-4355-b693-e94b6f733328", "id": "17"}\nselenium.webdriver.remote.remote_connection: DEBUG: Finished Request\nselenium.webdriver.remote.remote_connection: DEBUG: POST http://127.0.0.1:4444/wd/hub/session/12a91264-cfeb-4355-b693-e94b6f733328/element {"using": "xpath", "sessionId": "12a91264-cfeb-4355-b693-e94b6f733328", "value": "/html/body/div[3]/div/div[4]/div/div/div/div[2]/div[3]/span"}\nselenium.webdriver.remote.remote_connection: DEBUG: Finished Request\nselenium.webdriver.remote.remote_connection: DEBUG: GET http://127.0.0.1:4444/wd/hub/session/12a91264-cfeb-4355-b693-e94b6f733328/element/18/text {"sessionId": "12a91264-cfeb-4355-b693-e94b6f733328", "id": "18"}\nselenium.webdriver.remote.remote_connection: DEBUG: Finished Request\nselenium.webdriver.remote.remote_connection: DEBUG: GET http://127.0.0.1:4444/wd/hub/session/12a91264-cfeb-4355-b693-e94b6f733328/screenshot {"sessionId": "12a91264-cfeb-4355-b693-e94b6f733328"}\nselenium.webdriver.remote.remote_connection: DEBUG: Finished Request\nselenium.webdriver.remote.remote_connection: DEBUG: GET http://127.0.0.1:4444/wd/hub/session/12a91264-cfeb-4355-b693-e94b6f733328/url {"sessionId": "12a91264-cfeb-4355-b693-e94b6f733328"}\nselenium.webdriver.remote.remote_connection: DEBUG: Finished Request\n--------------------- >> end captured logging << ---------------------']]></failure></testcase><testcase classname="analytics.AnalyticsTestSuite" name="test_todays_crashes" time="3.702"><failure type="exceptions.AssertionError" message="{u'1.0.0.0': u'0', u'0.4.2': u'392'} != {'1.0.0.0': '0', '0.4.2': '0'}&#10;- {u'0.4.2': u'392', u'1.0.0.0': u'0'}&#10;?  -         - ^^^   -           -&#10;&#10;+ {'0.4.2': '0', '1.0.0.0': '0'}&#10;?            ^&#10; : Crashes by version does not match given data&#10;-------------------- &gt;&gt; begin captured logging &lt;&lt; --------------------&#10;selenium.webdriver.remote.remote_connection: DEBUG: POST http://127.0.0.1:4444/wd/hub/session/12a91264-cfeb-4355-b693-e94b6f733328/url {&quot;url&quot;: &quot;https://app-staging.crittercism.com/developers/analytics/519d53101386202089000007&quot;, &quot;sessionId&quot;: &quot;12a91264-cfeb-4355-b693-e94b6f733328&quot;}&#10;selenium.webdriver.remote.remote_connection: DEBUG: Finished Request&#10;selenium.webdriver.remote.remote_connection: DEBUG: POST http://127.0.0.1:4444/wd/hub/session/12a91264-cfeb-4355-b693-e94b6f733328/element {&quot;using&quot;: &quot;xpath&quot;, &quot;sessionId&quot;: &quot;12a91264-cfeb-4355-b693-e94b6f733328&quot;, &quot;value&quot;: &quot;/html/body/div[3]/div/div[4]/div[3]/div/div/div[2]/div[2]/strong&quot;}&#10;selenium.webdriver.remote.remote_connection: DEBUG: Finished Request&#10;selenium.webdriver.remote.remote_connection: DEBUG: GET http://127.0.0.1:4444/wd/hub/session/12a91264-cfeb-4355-b693-e94b6f733328/element/19/text {&quot;sessionId&quot;: &quot;12a91264-cfeb-4355-b693-e94b6f733328&quot;, &quot;id&quot;: &quot;19&quot;}&#10;selenium.webdriver.remote.remote_connection: DEBUG: Finished Request&#10;selenium.webdriver.remote.remote_connection: DEBUG: POST http://127.0.0.1:4444/wd/hub/session/12a91264-cfeb-4355-b693-e94b6f733328/element {&quot;using&quot;: &quot;xpath&quot;, &quot;sessionId&quot;: &quot;12a91264-cfeb-4355-b693-e94b6f733328&quot;, &quot;value&quot;: &quot;/html/body/div[3]/div/div[4]/div[3]/div/div/div[2]/div[3]/strong&quot;}&#10;selenium.webdriver.remote.remote_connection: DEBUG: Finished Request&#10;selenium.webdriver.remote.remote_connection: DEBUG: GET http://127.0.0.1:4444/wd/hub/session/12a91264-cfeb-4355-b693-e94b6f733328/element/20/text {&quot;sessionId&quot;: &quot;12a91264-cfeb-4355-b693-e94b6f733328&quot;, &quot;id&quot;: &quot;20&quot;}&#10;selenium.webdriver.remote.remote_connection: DEBUG: Finished Request&#10;selenium.webdriver.remote.remote_connection: DEBUG: POST http://127.0.0.1:4444/wd/hub/session/12a91264-cfeb-4355-b693-e94b6f733328/element {&quot;using&quot;: &quot;xpath&quot;, &quot;sessionId&quot;: &quot;12a91264-cfeb-4355-b693-e94b6f733328&quot;, &quot;value&quot;: &quot;/html/body/div[3]/div/div[4]/div[3]/div/div/div[2]/div[2]/span&quot;}&#10;selenium.webdriver.remote.remote_connection: DEBUG: Finished Request&#10;selenium.webdriver.remote.remote_connection: DEBUG: GET http://127.0.0.1:4444/wd/hub/session/12a91264-cfeb-4355-b693-e94b6f733328/element/21/text {&quot;sessionId&quot;: &quot;12a91264-cfeb-4355-b693-e94b6f733328&quot;, &quot;id&quot;: &quot;21&quot;}&#10;selenium.webdriver.remote.remote_connection: DEBUG: Finished Request&#10;selenium.webdriver.remote.remote_connection: DEBUG: POST http://127.0.0.1:4444/wd/hub/session/12a91264-cfeb-4355-b693-e94b6f733328/element {&quot;using&quot;: &quot;xpath&quot;, &quot;sessionId&quot;: &quot;12a91264-cfeb-4355-b693-e94b6f733328&quot;, &quot;value&quot;: &quot;/html/body/div[3]/div/div[4]/div[3]/div/div/div[2]/div[3]/span&quot;}&#10;selenium.webdriver.remote.remote_connection: DEBUG: Finished Request&#10;selenium.webdriver.remote.remote_connection: DEBUG: GET http://127.0.0.1:4444/wd/hub/session/12a91264-cfeb-4355-b693-e94b6f733328/element/22/text {&quot;sessionId&quot;: &quot;12a91264-cfeb-4355-b693-e94b6f733328&quot;, &quot;id&quot;: &quot;22&quot;}&#10;selenium.webdriver.remote.remote_connection: DEBUG: Finished Request&#10;selenium.webdriver.remote.remote_connection: DEBUG: GET http://127.0.0.1:4444/wd/hub/session/12a91264-cfeb-4355-b693-e94b6f733328/screenshot {&quot;sessionId&quot;: &quot;12a91264-cfeb-4355-b693-e94b6f733328&quot;}&#10;selenium.webdriver.remote.remote_connection: DEBUG: Finished Request&#10;selenium.webdriver.remote.remote_connection: DEBUG: GET http://127.0.0.1:4444/wd/hub/session/12a91264-cfeb-4355-b693-e94b6f733328/url {&quot;sessionId&quot;: &quot;12a91264-cfeb-4355-b693-e94b6f733328&quot;}&#10;selenium.webdriver.remote.remote_connection: DEBUG: Finished Request&#10;selenium.webdriver.remote.remote_connection: DEBUG: GET http://127.0.0.1:4444/wd/hub/session/12a91264-cfeb-4355-b693-e94b6f733328/screenshot {&quot;sessionId&quot;: &quot;12a91264-cfeb-4355-b693-e94b6f733328&quot;}&#10;selenium.webdriver.remote.remote_connection: DEBUG: Finished Request&#10;selenium.webdriver.remote.remote_connection: DEBUG: GET http://127.0.0.1:4444/wd/hub/session/12a91264-cfeb-4355-b693-e94b6f733328/url {&quot;sessionId&quot;: &quot;12a91264-cfeb-4355-b693-e94b6f733328&quot;}&#10;selenium.webdriver.remote.remote_connection: DEBUG: Finished Request&#10;selenium.webdriver.remote.remote_connection: DEBUG: GET http://127.0.0.1:4444/wd/hub/session/12a91264-cfeb-4355-b693-e94b6f733328/screenshot {&quot;sessionId&quot;: &quot;12a91264-cfeb-4355-b693-e94b6f733328&quot;}&#10;selenium.webdriver.remote.remote_connection: DEBUG: Finished Request&#10;selenium.webdriver.remote.remote_connection: DEBUG: GET http://127.0.0.1:4444/wd/hub/session/12a91264-cfeb-4355-b693-e94b6f733328/url {&quot;sessionId&quot;: &quot;12a91264-cfeb-4355-b693-e94b6f733328&quot;}&#10;selenium.webdriver.remote.remote_connection: DEBUG: Finished Request&#10;--------------------- &gt;&gt; end captured logging &lt;&lt; ---------------------"><![CDATA[  File "/Library/Python/2.7/site-packages/unittest2/case.py", line 340, in run
    testMethod()
  File "/Users/egeller/testing/fork/crittercism/tests/trend_analysis/analytics.py", line 189, in test_todays_crashes
    self.assertEqual(crash_table, blank_data, "Crashes by version does not match given data")
  File "/Users/egeller/testing/fork/crittercism/src/multiple_assertions.py", line 44, in wrapped
    assertion_method(self, *args, **kwargs)
  File "/Library/Python/2.7/site-packages/unittest2/case.py", line 521, in assertEqual
    assertion_func(first, second, msg=msg)
  File "/Users/egeller/testing/fork/crittercism/src/multiple_assertions.py", line 44, in wrapped
    assertion_method(self, *args, **kwargs)
  File "/Library/Python/2.7/site-packages/unittest2/case.py", line 844, in assertDictEqual
    self.fail(self._formatMessage(msg, standardMsg))
  File "/Users/egeller/testing/fork/crittercism/src/multiple_assertions.py", line 44, in wrapped
    assertion_method(self, *args, **kwargs)
  File "/Library/Python/2.7/site-packages/unittest2/case.py", line 415, in fail
    raise self.failureException(msg)
'{u\'1.0.0.0\': u\'0\', u\'0.4.2\': u\'392\'} != {\'1.0.0.0\': \'0\', \'0.4.2\': \'0\'}\n- {u\'0.4.2\': u\'392\', u\'1.0.0.0\': u\'0\'}\n?  -         - ^^^   -           -\n\n+ {\'0.4.2\': \'0\', \'1.0.0.0\': \'0\'}\n?            ^\n : Crashes by version does not match given data\n-------------------- >> begin captured logging << --------------------\nselenium.webdriver.remote.remote_connection: DEBUG: POST http://127.0.0.1:4444/wd/hub/session/12a91264-cfeb-4355-b693-e94b6f733328/url {"url": "https://app-staging.crittercism.com/developers/analytics/519d53101386202089000007", "sessionId": "12a91264-cfeb-4355-b693-e94b6f733328"}\nselenium.webdriver.remote.remote_connection: DEBUG: Finished Request\nselenium.webdriver.remote.remote_connection: DEBUG: POST http://127.0.0.1:4444/wd/hub/session/12a91264-cfeb-4355-b693-e94b6f733328/element {"using": "xpath", "sessionId": "12a91264-cfeb-4355-b693-e94b6f733328", "value": "/html/body/div[3]/div/div[4]/div[3]/div/div/div[2]/div[2]/strong"}\nselenium.webdriver.remote.remote_connection: DEBUG: Finished Request\nselenium.webdriver.remote.remote_connection: DEBUG: GET http://127.0.0.1:4444/wd/hub/session/12a91264-cfeb-4355-b693-e94b6f733328/element/19/text {"sessionId": "12a91264-cfeb-4355-b693-e94b6f733328", "id": "19"}\nselenium.webdriver.remote.remote_connection: DEBUG: Finished Request\nselenium.webdriver.remote.remote_connection: DEBUG: POST http://127.0.0.1:4444/wd/hub/session/12a91264-cfeb-4355-b693-e94b6f733328/element {"using": "xpath", "sessionId": "12a91264-cfeb-4355-b693-e94b6f733328", "value": "/html/body/div[3]/div/div[4]/div[3]/div/div/div[2]/div[3]/strong"}\nselenium.webdriver.remote.remote_connection: DEBUG: Finished Request\nselenium.webdriver.remote.remote_connection: DEBUG: GET http://127.0.0.1:4444/wd/hub/session/12a91264-cfeb-4355-b693-e94b6f733328/element/20/text {"sessionId": "12a91264-cfeb-4355-b693-e94b6f733328", "id": "20"}\nselenium.webdriver.remote.remote_connection: DEBUG: Finished Request\nselenium.webdriver.remote.remote_connection: DEBUG: POST http://127.0.0.1:4444/wd/hub/session/12a91264-cfeb-4355-b693-e94b6f733328/element {"using": "xpath", "sessionId": "12a91264-cfeb-4355-b693-e94b6f733328", "value": "/html/body/div[3]/div/div[4]/div[3]/div/div/div[2]/div[2]/span"}\nselenium.webdriver.remote.remote_connection: DEBUG: Finished Request\nselenium.webdriver.remote.remote_connection: DEBUG: GET http://127.0.0.1:4444/wd/hub/session/12a91264-cfeb-4355-b693-e94b6f733328/element/21/text {"sessionId": "12a91264-cfeb-4355-b693-e94b6f733328", "id": "21"}\nselenium.webdriver.remote.remote_connection: DEBUG: Finished Request\nselenium.webdriver.remote.remote_connection: DEBUG: POST http://127.0.0.1:4444/wd/hub/session/12a91264-cfeb-4355-b693-e94b6f733328/element {"using": "xpath", "sessionId": "12a91264-cfeb-4355-b693-e94b6f733328", "value": "/html/body/div[3]/div/div[4]/div[3]/div/div/div[2]/div[3]/span"}\nselenium.webdriver.remote.remote_connection: DEBUG: Finished Request\nselenium.webdriver.remote.remote_connection: DEBUG: GET http://127.0.0.1:4444/wd/hub/session/12a91264-cfeb-4355-b693-e94b6f733328/element/22/text {"sessionId": "12a91264-cfeb-4355-b693-e94b6f733328", "id": "22"}\nselenium.webdriver.remote.remote_connection: DEBUG: Finished Request\nselenium.webdriver.remote.remote_connection: DEBUG: GET http://127.0.0.1:4444/wd/hub/session/12a91264-cfeb-4355-b693-e94b6f733328/screenshot {"sessionId": "12a91264-cfeb-4355-b693-e94b6f733328"}\nselenium.webdriver.remote.remote_connection: DEBUG: Finished Request\nselenium.webdriver.remote.remote_connection: DEBUG: GET http://127.0.0.1:4444/wd/hub/session/12a91264-cfeb-4355-b693-e94b6f733328/url {"sessionId": "12a91264-cfeb-4355-b693-e94b6f733328"}\nselenium.webdriver.remote.remote_connection: DEBUG: Finished Request\nselenium.webdriver.remote.remote_connection: DEBUG: GET http://127.0.0.1:4444/wd/hub/session/12a91264-cfeb-4355-b693-e94b6f733328/screenshot {"sessionId": "12a91264-cfeb-4355-b693-e94b6f733328"}\nselenium.webdriver.remote.remote_connection: DEBUG: Finished Request\nselenium.webdriver.remote.remote_connection: DEBUG: GET http://127.0.0.1:4444/wd/hub/session/12a91264-cfeb-4355-b693-e94b6f733328/url {"sessionId": "12a91264-cfeb-4355-b693-e94b6f733328"}\nselenium.webdriver.remote.remote_connection: DEBUG: Finished Request\nselenium.webdriver.remote.remote_connection: DEBUG: GET http://127.0.0.1:4444/wd/hub/session/12a91264-cfeb-4355-b693-e94b6f733328/screenshot {"sessionId": "12a91264-cfeb-4355-b693-e94b6f733328"}\nselenium.webdriver.remote.remote_connection: DEBUG: Finished Request\nselenium.webdriver.remote.remote_connection: DEBUG: GET http://127.0.0.1:4444/wd/hub/session/12a91264-cfeb-4355-b693-e94b6f733328/url {"sessionId": "12a91264-cfeb-4355-b693-e94b6f733328"}\nselenium.webdriver.remote.remote_connection: DEBUG: Finished Request\n--------------------- >> end captured logging << ---------------------']]></failure></testcase><testcase classname="analytics.AnalyticsTestSuite" name="test_todays_dau" time="3.698"><failure type="exceptions.AssertionError" message="{u'1.0.0.0': u'0', u'0.4.2': u'39'} != {'1.0.0.0': '0', '0.4.2': '0'}&#10;- {u'0.4.2': u'39', u'1.0.0.0': u'0'}&#10;?  -         - ^^   -           -&#10;&#10;+ {'0.4.2': '0', '1.0.0.0': '0'}&#10;?            ^&#10; : Daily Active Users by version does not match given data&#10;-------------------- &gt;&gt; begin captured logging &lt;&lt; --------------------&#10;selenium.webdriver.remote.remote_connection: DEBUG: POST http://127.0.0.1:4444/wd/hub/session/12a91264-cfeb-4355-b693-e94b6f733328/url {&quot;url&quot;: &quot;https://app-staging.crittercism.com/developers/analytics/519d53101386202089000007&quot;, &quot;sessionId&quot;: &quot;12a91264-cfeb-4355-b693-e94b6f733328&quot;}&#10;selenium.webdriver.remote.remote_connection: DEBUG: Finished Request&#10;selenium.webdriver.remote.remote_connection: DEBUG: POST http://127.0.0.1:4444/wd/hub/session/12a91264-cfeb-4355-b693-e94b6f733328/element {&quot;using&quot;: &quot;xpath&quot;, &quot;sessionId&quot;: &quot;12a91264-cfeb-4355-b693-e94b6f733328&quot;, &quot;value&quot;: &quot;/html/body/div[3]/div/div[4]/div[2]/div[2]/div/div[2]/div[2]/strong&quot;}&#10;selenium.webdriver.remote.remote_connection: DEBUG: Finished Request&#10;selenium.webdriver.remote.remote_connection: DEBUG: GET http://127.0.0.1:4444/wd/hub/session/12a91264-cfeb-4355-b693-e94b6f733328/element/23/text {&quot;sessionId&quot;: &quot;12a91264-cfeb-4355-b693-e94b6f733328&quot;, &quot;id&quot;: &quot;23&quot;}&#10;selenium.webdriver.remote.remote_connection: DEBUG: Finished Request&#10;selenium.webdriver.remote.remote_connection: DEBUG: POST http://127.0.0.1:4444/wd/hub/session/12a91264-cfeb-4355-b693-e94b6f733328/element {&quot;using&quot;: &quot;xpath&quot;, &quot;sessionId&quot;: &quot;12a91264-cfeb-4355-b693-e94b6f733328&quot;, &quot;value&quot;: &quot;/html/body/div[3]/div/div[4]/div[2]/div[2]/div/div[2]/div[3]/strong&quot;}&#10;selenium.webdriver.remote.remote_connection: DEBUG: Finished Request&#10;selenium.webdriver.remote.remote_connection: DEBUG: GET http://127.0.0.1:4444/wd/hub/session/12a91264-cfeb-4355-b693-e94b6f733328/element/24/text {&quot;sessionId&quot;: &quot;12a91264-cfeb-4355-b693-e94b6f733328&quot;, &quot;id&quot;: &quot;24&quot;}&#10;selenium.webdriver.remote.remote_connection: DEBUG: Finished Request&#10;selenium.webdriver.remote.remote_connection: DEBUG: POST http://127.0.0.1:4444/wd/hub/session/12a91264-cfeb-4355-b693-e94b6f733328/element {&quot;using&quot;: &quot;xpath&quot;, &quot;sessionId&quot;: &quot;12a91264-cfeb-4355-b693-e94b6f733328&quot;, &quot;value&quot;: &quot;/html/body/div[3]/div/div[4]/div[2]/div[2]/div/div[2]/div[2]/span&quot;}&#10;selenium.webdriver.remote.remote_connection: DEBUG: Finished Request&#10;selenium.webdriver.remote.remote_connection: DEBUG: GET http://127.0.0.1:4444/wd/hub/session/12a91264-cfeb-4355-b693-e94b6f733328/element/25/text {&quot;sessionId&quot;: &quot;12a91264-cfeb-4355-b693-e94b6f733328&quot;, &quot;id&quot;: &quot;25&quot;}&#10;selenium.webdriver.remote.remote_connection: DEBUG: Finished Request&#10;selenium.webdriver.remote.remote_connection: DEBUG: POST http://127.0.0.1:4444/wd/hub/session/12a91264-cfeb-4355-b693-e94b6f733328/element {&quot;using&quot;: &quot;xpath&quot;, &quot;sessionId&quot;: &quot;12a91264-cfeb-4355-b693-e94b6f733328&quot;, &quot;value&quot;: &quot;/html/body/div[3]/div/div[4]/div[2]/div[2]/div/div[2]/div[3]/span&quot;}&#10;selenium.webdriver.remote.remote_connection: DEBUG: Finished Request&#10;selenium.webdriver.remote.remote_connection: DEBUG: GET http://127.0.0.1:4444/wd/hub/session/12a91264-cfeb-4355-b693-e94b6f733328/element/26/text {&quot;sessionId&quot;: &quot;12a91264-cfeb-4355-b693-e94b6f733328&quot;, &quot;id&quot;: &quot;26&quot;}&#10;selenium.webdriver.remote.remote_connection: DEBUG: Finished Request&#10;selenium.webdriver.remote.remote_connection: DEBUG: GET http://127.0.0.1:4444/wd/hub/session/12a91264-cfeb-4355-b693-e94b6f733328/screenshot {&quot;sessionId&quot;: &quot;12a91264-cfeb-4355-b693-e94b6f733328&quot;}&#10;selenium.webdriver.remote.remote_connection: DEBUG: Finished Request&#10;selenium.webdriver.remote.remote_connection: DEBUG: GET http://127.0.0.1:4444/wd/hub/session/12a91264-cfeb-4355-b693-e94b6f733328/url {&quot;sessionId&quot;: &quot;12a91264-cfeb-4355-b693-e94b6f733328&quot;}&#10;selenium.webdriver.remote.remote_connection: DEBUG: Finished Request&#10;selenium.webdriver.remote.remote_connection: DEBUG: GET http://127.0.0.1:4444/wd/hub/session/12a91264-cfeb-4355-b693-e94b6f733328/screenshot {&quot;sessionId&quot;: &quot;12a91264-cfeb-4355-b693-e94b6f733328&quot;}&#10;selenium.webdriver.remote.remote_connection: DEBUG: Finished Request&#10;selenium.webdriver.remote.remote_connection: DEBUG: GET http://127.0.0.1:4444/wd/hub/session/12a91264-cfeb-4355-b693-e94b6f733328/url {&quot;sessionId&quot;: &quot;12a91264-cfeb-4355-b693-e94b6f733328&quot;}&#10;selenium.webdriver.remote.remote_connection: DEBUG: Finished Request&#10;selenium.webdriver.remote.remote_connection: DEBUG: GET http://127.0.0.1:4444/wd/hub/session/12a91264-cfeb-4355-b693-e94b6f733328/screenshot {&quot;sessionId&quot;: &quot;12a91264-cfeb-4355-b693-e94b6f733328&quot;}&#10;selenium.webdriver.remote.remote_connection: DEBUG: Finished Request&#10;selenium.webdriver.remote.remote_connection: DEBUG: GET http://127.0.0.1:4444/wd/hub/session/12a91264-cfeb-4355-b693-e94b6f733328/url {&quot;sessionId&quot;: &quot;12a91264-cfeb-4355-b693-e94b6f733328&quot;}&#10;selenium.webdriver.remote.remote_connection: DEBUG: Finished Request&#10;--------------------- &gt;&gt; end captured logging &lt;&lt; ---------------------"><![CDATA[  File "/Library/Python/2.7/site-packages/unittest2/case.py", line 340, in run
    testMethod()
  File "/Users/egeller/testing/fork/crittercism/tests/trend_analysis/analytics.py", line 168, in test_todays_dau
    self.assertEqual(crash_table, blank_data, "Daily Active Users by version does not match given data")
  File "/Users/egeller/testing/fork/crittercism/src/multiple_assertions.py", line 44, in wrapped
    assertion_method(self, *args, **kwargs)
  File "/Library/Python/2.7/site-packages/unittest2/case.py", line 521, in assertEqual
    assertion_func(first, second, msg=msg)
  File "/Users/egeller/testing/fork/crittercism/src/multiple_assertions.py", line 44, in wrapped
    assertion_method(self, *args, **kwargs)
  File "/Library/Python/2.7/site-packages/unittest2/case.py", line 844, in assertDictEqual
    self.fail(self._formatMessage(msg, standardMsg))
  File "/Users/egeller/testing/fork/crittercism/src/multiple_assertions.py", line 44, in wrapped
    assertion_method(self, *args, **kwargs)
  File "/Library/Python/2.7/site-packages/unittest2/case.py", line 415, in fail
    raise self.failureException(msg)
'{u\'1.0.0.0\': u\'0\', u\'0.4.2\': u\'39\'} != {\'1.0.0.0\': \'0\', \'0.4.2\': \'0\'}\n- {u\'0.4.2\': u\'39\', u\'1.0.0.0\': u\'0\'}\n?  -         - ^^   -           -\n\n+ {\'0.4.2\': \'0\', \'1.0.0.0\': \'0\'}\n?            ^\n : Daily Active Users by version does not match given data\n-------------------- >> begin captured logging << --------------------\nselenium.webdriver.remote.remote_connection: DEBUG: POST http://127.0.0.1:4444/wd/hub/session/12a91264-cfeb-4355-b693-e94b6f733328/url {"url": "https://app-staging.crittercism.com/developers/analytics/519d53101386202089000007", "sessionId": "12a91264-cfeb-4355-b693-e94b6f733328"}\nselenium.webdriver.remote.remote_connection: DEBUG: Finished Request\nselenium.webdriver.remote.remote_connection: DEBUG: POST http://127.0.0.1:4444/wd/hub/session/12a91264-cfeb-4355-b693-e94b6f733328/element {"using": "xpath", "sessionId": "12a91264-cfeb-4355-b693-e94b6f733328", "value": "/html/body/div[3]/div/div[4]/div[2]/div[2]/div/div[2]/div[2]/strong"}\nselenium.webdriver.remote.remote_connection: DEBUG: Finished Request\nselenium.webdriver.remote.remote_connection: DEBUG: GET http://127.0.0.1:4444/wd/hub/session/12a91264-cfeb-4355-b693-e94b6f733328/element/23/text {"sessionId": "12a91264-cfeb-4355-b693-e94b6f733328", "id": "23"}\nselenium.webdriver.remote.remote_connection: DEBUG: Finished Request\nselenium.webdriver.remote.remote_connection: DEBUG: POST http://127.0.0.1:4444/wd/hub/session/12a91264-cfeb-4355-b693-e94b6f733328/element {"using": "xpath", "sessionId": "12a91264-cfeb-4355-b693-e94b6f733328", "value": "/html/body/div[3]/div/div[4]/div[2]/div[2]/div/div[2]/div[3]/strong"}\nselenium.webdriver.remote.remote_connection: DEBUG: Finished Request\nselenium.webdriver.remote.remote_connection: DEBUG: GET http://127.0.0.1:4444/wd/hub/session/12a91264-cfeb-4355-b693-e94b6f733328/element/24/text {"sessionId": "12a91264-cfeb-4355-b693-e94b6f733328", "id": "24"}\nselenium.webdriver.remote.remote_connection: DEBUG: Finished Request\nselenium.webdriver.remote.remote_connection: DEBUG: POST http://127.0.0.1:4444/wd/hub/session/12a91264-cfeb-4355-b693-e94b6f733328/element {"using": "xpath", "sessionId": "12a91264-cfeb-4355-b693-e94b6f733328", "value": "/html/body/div[3]/div/div[4]/div[2]/div[2]/div/div[2]/div[2]/span"}\nselenium.webdriver.remote.remote_connection: DEBUG: Finished Request\nselenium.webdriver.remote.remote_connection: DEBUG: GET http://127.0.0.1:4444/wd/hub/session/12a91264-cfeb-4355-b693-e94b6f733328/element/25/text {"sessionId": "12a91264-cfeb-4355-b693-e94b6f733328", "id": "25"}\nselenium.webdriver.remote.remote_connection: DEBUG: Finished Request\nselenium.webdriver.remote.remote_connection: DEBUG: POST http://127.0.0.1:4444/wd/hub/session/12a91264-cfeb-4355-b693-e94b6f733328/element {"using": "xpath", "sessionId": "12a91264-cfeb-4355-b693-e94b6f733328", "value": "/html/body/div[3]/div/div[4]/div[2]/div[2]/div/div[2]/div[3]/span"}\nselenium.webdriver.remote.remote_connection: DEBUG: Finished Request\nselenium.webdriver.remote.remote_connection: DEBUG: GET http://127.0.0.1:4444/wd/hub/session/12a91264-cfeb-4355-b693-e94b6f733328/element/26/text {"sessionId": "12a91264-cfeb-4355-b693-e94b6f733328", "id": "26"}\nselenium.webdriver.remote.remote_connection: DEBUG: Finished Request\nselenium.webdriver.remote.remote_connection: DEBUG: GET http://127.0.0.1:4444/wd/hub/session/12a91264-cfeb-4355-b693-e94b6f733328/screenshot {"sessionId": "12a91264-cfeb-4355-b693-e94b6f733328"}\nselenium.webdriver.remote.remote_connection: DEBUG: Finished Request\nselenium.webdriver.remote.remote_connection: DEBUG: GET http://127.0.0.1:4444/wd/hub/session/12a91264-cfeb-4355-b693-e94b6f733328/url {"sessionId": "12a91264-cfeb-4355-b693-e94b6f733328"}\nselenium.webdriver.remote.remote_connection: DEBUG: Finished Request\nselenium.webdriver.remote.remote_connection: DEBUG: GET http://127.0.0.1:4444/wd/hub/session/12a91264-cfeb-4355-b693-e94b6f733328/screenshot {"sessionId": "12a91264-cfeb-4355-b693-e94b6f733328"}\nselenium.webdriver.remote.remote_connection: DEBUG: Finished Request\nselenium.webdriver.remote.remote_connection: DEBUG: GET http://127.0.0.1:4444/wd/hub/session/12a91264-cfeb-4355-b693-e94b6f733328/url {"sessionId": "12a91264-cfeb-4355-b693-e94b6f733328"}\nselenium.webdriver.remote.remote_connection: DEBUG: Finished Request\nselenium.webdriver.remote.remote_connection: DEBUG: GET http://127.0.0.1:4444/wd/hub/session/12a91264-cfeb-4355-b693-e94b6f733328/screenshot {"sessionId": "12a91264-cfeb-4355-b693-e94b6f733328"}\nselenium.webdriver.remote.remote_connection: DEBUG: Finished Request\nselenium.webdriver.remote.remote_connection: DEBUG: GET http://127.0.0.1:4444/wd/hub/session/12a91264-cfeb-4355-b693-e94b6f733328/url {"sessionId": "12a91264-cfeb-4355-b693-e94b6f733328"}\nselenium.webdriver.remote.remote_connection: DEBUG: Finished Request\n--------------------- >> end captured logging << ---------------------']]></failure></testcase><testcase classname="analytics.AnalyticsTestSuite" name="test_todays_dau_crashes" time="3.746"><failure type="exceptions.AssertionError" message="{u'1.0.0.0': u'0.0%', u'0.4.2': u'100.0%'} != {'1.0.0.0': '0%', '0.4.2': '62%'}&#10;- {u'0.4.2': u'100.0%', u'1.0.0.0': u'0.0%'}&#10;?  -         - ^^^^^    -           - --&#10;&#10;+ {'0.4.2': '62%', '1.0.0.0': '0%'}&#10;?            ^^&#10; : Daily Active Users that crashed by version does not match given data&#10;-------------------- &gt;&gt; begin captured logging &lt;&lt; --------------------&#10;selenium.webdriver.remote.remote_connection: DEBUG: POST http://127.0.0.1:4444/wd/hub/session/12a91264-cfeb-4355-b693-e94b6f733328/url {&quot;url&quot;: &quot;https://app-staging.crittercism.com/developers/analytics/519d53101386202089000007&quot;, &quot;sessionId&quot;: &quot;12a91264-cfeb-4355-b693-e94b6f733328&quot;}&#10;selenium.webdriver.remote.remote_connection: DEBUG: Finished Request&#10;selenium.webdriver.remote.remote_connection: DEBUG: POST http://127.0.0.1:4444/wd/hub/session/12a91264-cfeb-4355-b693-e94b6f733328/element {&quot;using&quot;: &quot;xpath&quot;, &quot;sessionId&quot;: &quot;12a91264-cfeb-4355-b693-e94b6f733328&quot;, &quot;value&quot;: &quot;/html/body/div[3]/div/div[4]/div/div[2]/div/div[2]/div[2]/strong&quot;}&#10;selenium.webdriver.remote.remote_connection: DEBUG: Finished Request&#10;selenium.webdriver.remote.remote_connection: DEBUG: GET http://127.0.0.1:4444/wd/hub/session/12a91264-cfeb-4355-b693-e94b6f733328/element/27/text {&quot;sessionId&quot;: &quot;12a91264-cfeb-4355-b693-e94b6f733328&quot;, &quot;id&quot;: &quot;27&quot;}&#10;selenium.webdriver.remote.remote_connection: DEBUG: Finished Request&#10;selenium.webdriver.remote.remote_connection: DEBUG: POST http://127.0.0.1:4444/wd/hub/session/12a91264-cfeb-4355-b693-e94b6f733328/element {&quot;using&quot;: &quot;xpath&quot;, &quot;sessionId&quot;: &quot;12a91264-cfeb-4355-b693-e94b6f733328&quot;, &quot;value&quot;: &quot;/html/body/div[3]/div/div[4]/div/div[2]/div/div[2]/div[3]/strong&quot;}&#10;selenium.webdriver.remote.remote_connection: DEBUG: Finished Request&#10;selenium.webdriver.remote.remote_connection: DEBUG: GET http://127.0.0.1:4444/wd/hub/session/12a91264-cfeb-4355-b693-e94b6f733328/element/28/text {&quot;sessionId&quot;: &quot;12a91264-cfeb-4355-b693-e94b6f733328&quot;, &quot;id&quot;: &quot;28&quot;}&#10;selenium.webdriver.remote.remote_connection: DEBUG: Finished Request&#10;selenium.webdriver.remote.remote_connection: DEBUG: POST http://127.0.0.1:4444/wd/hub/session/12a91264-cfeb-4355-b693-e94b6f733328/element {&quot;using&quot;: &quot;xpath&quot;, &quot;sessionId&quot;: &quot;12a91264-cfeb-4355-b693-e94b6f733328&quot;, &quot;value&quot;: &quot;/html/body/div[3]/div/div[4]/div/div[2]/div/div[2]/div[2]/span&quot;}&#10;selenium.webdriver.remote.remote_connection: DEBUG: Finished Request&#10;selenium.webdriver.remote.remote_connection: DEBUG: GET http://127.0.0.1:4444/wd/hub/session/12a91264-cfeb-4355-b693-e94b6f733328/element/29/text {&quot;sessionId&quot;: &quot;12a91264-cfeb-4355-b693-e94b6f733328&quot;, &quot;id&quot;: &quot;29&quot;}&#10;selenium.webdriver.remote.remote_connection: DEBUG: Finished Request&#10;selenium.webdriver.remote.remote_connection: DEBUG: POST http://127.0.0.1:4444/wd/hub/session/12a91264-cfeb-4355-b693-e94b6f733328/element {&quot;using&quot;: &quot;xpath&quot;, &quot;sessionId&quot;: &quot;12a91264-cfeb-4355-b693-e94b6f733328&quot;, &quot;value&quot;: &quot;/html/body/div[3]/div/div[4]/div/div[2]/div/div[2]/div[3]/span&quot;}&#10;selenium.webdriver.remote.remote_connection: DEBUG: Finished Request&#10;selenium.webdriver.remote.remote_connection: DEBUG: GET http://127.0.0.1:4444/wd/hub/session/12a91264-cfeb-4355-b693-e94b6f733328/element/30/text {&quot;sessionId&quot;: &quot;12a91264-cfeb-4355-b693-e94b6f733328&quot;, &quot;id&quot;: &quot;30&quot;}&#10;selenium.webdriver.remote.remote_connection: DEBUG: Finished Request&#10;selenium.webdriver.remote.remote_connection: DEBUG: GET http://127.0.0.1:4444/wd/hub/session/12a91264-cfeb-4355-b693-e94b6f733328/screenshot {&quot;sessionId&quot;: &quot;12a91264-cfeb-4355-b693-e94b6f733328&quot;}&#10;selenium.webdriver.remote.remote_connection: DEBUG: Finished Request&#10;selenium.webdriver.remote.remote_connection: DEBUG: GET http://127.0.0.1:4444/wd/hub/session/12a91264-cfeb-4355-b693-e94b6f733328/url {&quot;sessionId&quot;: &quot;12a91264-cfeb-4355-b693-e94b6f733328&quot;}&#10;selenium.webdriver.remote.remote_connection: DEBUG: Finished Request&#10;selenium.webdriver.remote.remote_connection: DEBUG: GET http://127.0.0.1:4444/wd/hub/session/12a91264-cfeb-4355-b693-e94b6f733328/screenshot {&quot;sessionId&quot;: &quot;12a91264-cfeb-4355-b693-e94b6f733328&quot;}&#10;selenium.webdriver.remote.remote_connection: DEBUG: Finished Request&#10;selenium.webdriver.remote.remote_connection: DEBUG: GET http://127.0.0.1:4444/wd/hub/session/12a91264-cfeb-4355-b693-e94b6f733328/url {&quot;sessionId&quot;: &quot;12a91264-cfeb-4355-b693-e94b6f733328&quot;}&#10;selenium.webdriver.remote.remote_connection: DEBUG: Finished Request&#10;selenium.webdriver.remote.remote_connection: DEBUG: GET http://127.0.0.1:4444/wd/hub/session/12a91264-cfeb-4355-b693-e94b6f733328/screenshot {&quot;sessionId&quot;: &quot;12a91264-cfeb-4355-b693-e94b6f733328&quot;}&#10;selenium.webdriver.remote.remote_connection: DEBUG: Finished Request&#10;selenium.webdriver.remote.remote_connection: DEBUG: GET http://127.0.0.1:4444/wd/hub/session/12a91264-cfeb-4355-b693-e94b6f733328/url {&quot;sessionId&quot;: &quot;12a91264-cfeb-4355-b693-e94b6f733328&quot;}&#10;selenium.webdriver.remote.remote_connection: DEBUG: Finished Request&#10;--------------------- &gt;&gt; end captured logging &lt;&lt; ---------------------"><![CDATA[  File "/Library/Python/2.7/site-packages/unittest2/case.py", line 340, in run
    testMethod()
  File "/Users/egeller/testing/fork/crittercism/tests/trend_analysis/analytics.py", line 122, in test_todays_dau_crashes
    self.assertEqual(crash_table, blank_data, "Daily Active Users that crashed by version does not match given data")
  File "/Users/egeller/testing/fork/crittercism/src/multiple_assertions.py", line 44, in wrapped
    assertion_method(self, *args, **kwargs)
  File "/Library/Python/2.7/site-packages/unittest2/case.py", line 521, in assertEqual
    assertion_func(first, second, msg=msg)
  File "/Users/egeller/testing/fork/crittercism/src/multiple_assertions.py", line 44, in wrapped
    assertion_method(self, *args, **kwargs)
  File "/Library/Python/2.7/site-packages/unittest2/case.py", line 844, in assertDictEqual
    self.fail(self._formatMessage(msg, standardMsg))
  File "/Users/egeller/testing/fork/crittercism/src/multiple_assertions.py", line 44, in wrapped
    assertion_method(self, *args, **kwargs)
  File "/Library/Python/2.7/site-packages/unittest2/case.py", line 415, in fail
    raise self.failureException(msg)
'{u\'1.0.0.0\': u\'0.0%\', u\'0.4.2\': u\'100.0%\'} != {\'1.0.0.0\': \'0%\', \'0.4.2\': \'62%\'}\n- {u\'0.4.2\': u\'100.0%\', u\'1.0.0.0\': u\'0.0%\'}\n?  -         - ^^^^^    -           - --\n\n+ {\'0.4.2\': \'62%\', \'1.0.0.0\': \'0%\'}\n?            ^^\n : Daily Active Users that crashed by version does not match given data\n-------------------- >> begin captured logging << --------------------\nselenium.webdriver.remote.remote_connection: DEBUG: POST http://127.0.0.1:4444/wd/hub/session/12a91264-cfeb-4355-b693-e94b6f733328/url {"url": "https://app-staging.crittercism.com/developers/analytics/519d53101386202089000007", "sessionId": "12a91264-cfeb-4355-b693-e94b6f733328"}\nselenium.webdriver.remote.remote_connection: DEBUG: Finished Request\nselenium.webdriver.remote.remote_connection: DEBUG: POST http://127.0.0.1:4444/wd/hub/session/12a91264-cfeb-4355-b693-e94b6f733328/element {"using": "xpath", "sessionId": "12a91264-cfeb-4355-b693-e94b6f733328", "value": "/html/body/div[3]/div/div[4]/div/div[2]/div/div[2]/div[2]/strong"}\nselenium.webdriver.remote.remote_connection: DEBUG: Finished Request\nselenium.webdriver.remote.remote_connection: DEBUG: GET http://127.0.0.1:4444/wd/hub/session/12a91264-cfeb-4355-b693-e94b6f733328/element/27/text {"sessionId": "12a91264-cfeb-4355-b693-e94b6f733328", "id": "27"}\nselenium.webdriver.remote.remote_connection: DEBUG: Finished Request\nselenium.webdriver.remote.remote_connection: DEBUG: POST http://127.0.0.1:4444/wd/hub/session/12a91264-cfeb-4355-b693-e94b6f733328/element {"using": "xpath", "sessionId": "12a91264-cfeb-4355-b693-e94b6f733328", "value": "/html/body/div[3]/div/div[4]/div/div[2]/div/div[2]/div[3]/strong"}\nselenium.webdriver.remote.remote_connection: DEBUG: Finished Request\nselenium.webdriver.remote.remote_connection: DEBUG: GET http://127.0.0.1:4444/wd/hub/session/12a91264-cfeb-4355-b693-e94b6f733328/element/28/text {"sessionId": "12a91264-cfeb-4355-b693-e94b6f733328", "id": "28"}\nselenium.webdriver.remote.remote_connection: DEBUG: Finished Request\nselenium.webdriver.remote.remote_connection: DEBUG: POST http://127.0.0.1:4444/wd/hub/session/12a91264-cfeb-4355-b693-e94b6f733328/element {"using": "xpath", "sessionId": "12a91264-cfeb-4355-b693-e94b6f733328", "value": "/html/body/div[3]/div/div[4]/div/div[2]/div/div[2]/div[2]/span"}\nselenium.webdriver.remote.remote_connection: DEBUG: Finished Request\nselenium.webdriver.remote.remote_connection: DEBUG: GET http://127.0.0.1:4444/wd/hub/session/12a91264-cfeb-4355-b693-e94b6f733328/element/29/text {"sessionId": "12a91264-cfeb-4355-b693-e94b6f733328", "id": "29"}\nselenium.webdriver.remote.remote_connection: DEBUG: Finished Request\nselenium.webdriver.remote.remote_connection: DEBUG: POST http://127.0.0.1:4444/wd/hub/session/12a91264-cfeb-4355-b693-e94b6f733328/element {"using": "xpath", "sessionId": "12a91264-cfeb-4355-b693-e94b6f733328", "value": "/html/body/div[3]/div/div[4]/div/div[2]/div/div[2]/div[3]/span"}\nselenium.webdriver.remote.remote_connection: DEBUG: Finished Request\nselenium.webdriver.remote.remote_connection: DEBUG: GET http://127.0.0.1:4444/wd/hub/session/12a91264-cfeb-4355-b693-e94b6f733328/element/30/text {"sessionId": "12a91264-cfeb-4355-b693-e94b6f733328", "id": "30"}\nselenium.webdriver.remote.remote_connection: DEBUG: Finished Request\nselenium.webdriver.remote.remote_connection: DEBUG: GET http://127.0.0.1:4444/wd/hub/session/12a91264-cfeb-4355-b693-e94b6f733328/screenshot {"sessionId": "12a91264-cfeb-4355-b693-e94b6f733328"}\nselenium.webdriver.remote.remote_connection: DEBUG: Finished Request\nselenium.webdriver.remote.remote_connection: DEBUG: GET http://127.0.0.1:4444/wd/hub/session/12a91264-cfeb-4355-b693-e94b6f733328/url {"sessionId": "12a91264-cfeb-4355-b693-e94b6f733328"}\nselenium.webdriver.remote.remote_connection: DEBUG: Finished Request\nselenium.webdriver.remote.remote_connection: DEBUG: GET http://127.0.0.1:4444/wd/hub/session/12a91264-cfeb-4355-b693-e94b6f733328/screenshot {"sessionId": "12a91264-cfeb-4355-b693-e94b6f733328"}\nselenium.webdriver.remote.remote_connection: DEBUG: Finished Request\nselenium.webdriver.remote.remote_connection: DEBUG: GET http://127.0.0.1:4444/wd/hub/session/12a91264-cfeb-4355-b693-e94b6f733328/url {"sessionId": "12a91264-cfeb-4355-b693-e94b6f733328"}\nselenium.webdriver.remote.remote_connection: DEBUG: Finished Request\nselenium.webdriver.remote.remote_connection: DEBUG: GET http://127.0.0.1:4444/wd/hub/session/12a91264-cfeb-4355-b693-e94b6f733328/screenshot {"sessionId": "12a91264-cfeb-4355-b693-e94b6f733328"}\nselenium.webdriver.remote.remote_connection: DEBUG: Finished Request\nselenium.webdriver.remote.remote_connection: DEBUG: GET http://127.0.0.1:4444/wd/hub/session/12a91264-cfeb-4355-b693-e94b6f733328/url {"sessionId": "12a91264-cfeb-4355-b693-e94b6f733328"}\nselenium.webdriver.remote.remote_connection: DEBUG: Finished Request\n--------------------- >> end captured logging << ---------------------']]></failure></testcase></testsuite>