<?xml version="1.0" encoding="UTF-8"?><testsuite name="nosetests" tests="7" errors="2" failures="0" skip="0"><testcase classname="billing.BillingSuite" name="test_billing_page" time="5.338"></testcase><testcase classname="billing.BillingSuite" name="test_billing_plan" time="0.330"></testcase><testcase classname="billing.BillingSuite" name="test_billing_search_by_email" time="6.525"><error type="selenium.common.exceptions.NoSuchElementException" message="Message: u&quot;no such element\n  (Session info: chrome=35.0.1916.114)\n  (Driver info: chromedriver=2.9.248307,platform=Mac OS X 10.8.5 x86_64) (WARNING: The server did not provide any stacktrace information)\nCommand duration or timeout: 5.04 seconds\nFor documentation on this error, please visit: http://seleniumhq.org/exceptions/no_such_element.html\nBuild info: version: '2.41.0', revision: '3192d8a', time: '2014-03-27 17:17:32'\nSystem info: host: 'LT-M-AElliott.local', ip: '10.0.1.144', os.name: 'Mac OS X', os.arch: 'x86_64', os.version: '10.8.5', java.version: '1.6.0_65'\nSession ID: df3f94884484e15ddca75b44718de31b\nDriver info: org.openqa.selenium.chrome.ChromeDriver\nCapabilities [{platform=MAC, acceptSslCerts=true, javascriptEnabled=true, browserName=chrome, chrome={userDataDir=/var/folders/sz/n6c_4bzs68vd6r5z140yxbj00000gr/T/.org.chromium.Chromium.HNNJPw}, rotatable=false, locationContextEnabled=true, version=35.0.1916.114, takesHeapSnapshot=true, cssSelectorsEnabled=true, databaseEnabled=false, handlesAlerts=true, browserConnectionEnabled=false, nativeEvents=true, webStorageEnabled=true, applicationCacheEnabled=false, takesScreenshot=true}]&quot; ; Screenshot: available via screen ; Stacktrace: &#10;    at sun.reflect.NativeConstructorAccessorImpl.newInstance0 (NativeConstructorAccessorImpl.java:-2)&#10;    at sun.reflect.NativeConstructorAccessorImpl.newInstance (NativeConstructorAccessorImpl.java:39)&#10;    at sun.reflect.DelegatingConstructorAccessorImpl.newInstance (DelegatingConstructorAccessorImpl.java:27)&#10;    at java.lang.reflect.Constructor.newInstance (Constructor.java:513)&#10;    at org.openqa.selenium.remote.ErrorHandler.createThrowable (ErrorHandler.java:193)&#10;    at org.openqa.selenium.remote.ErrorHandler.throwIfResponseFailed (ErrorHandler.java:145)&#10;    at org.openqa.selenium.remote.RemoteWebDriver.execute (RemoteWebDriver.java:595)&#10;    at org.openqa.selenium.remote.RemoteWebDriver.findElement (RemoteWebDriver.java:348)&#10;    at org.openqa.selenium.remote.RemoteWebDriver.findElementByXPath (RemoteWebDriver.java:445)&#10;    at org.openqa.selenium.By$ByXPath.findElement (By.java:357)&#10;    at org.openqa.selenium.remote.RemoteWebDriver.findElement (RemoteWebDriver.java:340)&#10;    at sun.reflect.GeneratedMethodAccessor19.invoke (None:-1)&#10;    at sun.reflect.DelegatingMethodAccessorImpl.invoke (DelegatingMethodAccessorImpl.java:25)&#10;    at java.lang.reflect.Method.invoke (Method.java:597)&#10;    at org.openqa.selenium.support.events.EventFiringWebDriver$2.invoke (EventFiringWebDriver.java:101)&#10;    at com.sun.proxy.$Proxy2.findElement (None:-1)&#10;    at org.openqa.selenium.support.events.EventFiringWebDriver.findElement (EventFiringWebDriver.java:184)&#10;    at org.openqa.selenium.remote.server.handler.FindElement.call (FindElement.java:47)&#10;    at org.openqa.selenium.remote.server.handler.FindElement.call (FindElement.java:1)&#10;    at java.util.concurrent.FutureTask$Sync.innerRun (FutureTask.java:303)&#10;    at java.util.concurrent.FutureTask.run (FutureTask.java:138)&#10;    at org.openqa.selenium.remote.server.DefaultSession$1.run (DefaultSession.java:170)&#10;    at java.util.concurrent.ThreadPoolExecutor$Worker.runTask (ThreadPoolExecutor.java:895)&#10;    at java.util.concurrent.ThreadPoolExecutor$Worker.run (ThreadPoolExecutor.java:918)&#10;    at java.lang.Thread.run (Thread.java:695) &#10;-------------------- &gt;&gt; begin captured logging &lt;&lt; --------------------&#10;selenium.webdriver.remote.remote_connection: DEBUG: POST http://127.0.0.1:4444/wd/hub/session/4df8cf38-9725-4df2-9480-ae064181300a/url {&quot;url&quot;: &quot;https://app.crittercism.com/account/billing&quot;, &quot;sessionId&quot;: &quot;4df8cf38-9725-4df2-9480-ae064181300a&quot;}&#10;selenium.webdriver.remote.remote_connection: DEBUG: Finished Request&#10;selenium.webdriver.remote.remote_connection: DEBUG: POST http://127.0.0.1:4444/wd/hub/session/4df8cf38-9725-4df2-9480-ae064181300a/url {&quot;url&quot;: &quot;https://app.crittercism.com/admin/search&quot;, &quot;sessionId&quot;: &quot;4df8cf38-9725-4df2-9480-ae064181300a&quot;}&#10;selenium.webdriver.remote.remote_connection: DEBUG: Finished Request&#10;selenium.webdriver.remote.remote_connection: DEBUG: POST http://127.0.0.1:4444/wd/hub/session/4df8cf38-9725-4df2-9480-ae064181300a/element {&quot;using&quot;: &quot;id&quot;, &quot;sessionId&quot;: &quot;4df8cf38-9725-4df2-9480-ae064181300a&quot;, &quot;value&quot;: &quot;search-email&quot;}&#10;selenium.webdriver.remote.remote_connection: DEBUG: Finished Request&#10;selenium.webdriver.remote.remote_connection: DEBUG: POST http://127.0.0.1:4444/wd/hub/session/4df8cf38-9725-4df2-9480-ae064181300a/element/4/value {&quot;sessionId&quot;: &quot;4df8cf38-9725-4df2-9480-ae064181300a&quot;, &quot;id&quot;: &quot;4&quot;, &quot;value&quot;: [&quot;n&quot;, &quot;s&quot;, &quot;o&quot;, &quot;l&quot;, &quot;a&quot;, &quot;i&quot;, &quot;a&quot;, &quot;p&quot;, &quot;p&quot;, &quot;a&quot;, &quot;n&quot;, &quot;+&quot;, &quot;f&quot;, &quot;i&quot;, &quot;n&quot;, &quot;a&quot;, &quot;r&quot;, &quot;c&quot;, &quot;b&quot;, &quot;a&quot;, &quot;s&quot;, &quot;i&quot;, &quot;c&quot;, &quot;s&quot;, &quot;i&quot;, &quot;g&quot;, &quot;n&quot;, &quot;u&quot;, &quot;p&quot;, &quot;@&quot;, &quot;c&quot;, &quot;r&quot;, &quot;i&quot;, &quot;t&quot;, &quot;t&quot;, &quot;e&quot;, &quot;r&quot;, &quot;c&quot;, &quot;i&quot;, &quot;s&quot;, &quot;m&quot;, &quot;.&quot;, &quot;c&quot;, &quot;o&quot;, &quot;m&quot;, &quot;\ue007&quot;]}&#10;selenium.webdriver.remote.remote_connection: DEBUG: Finished Request&#10;selenium.webdriver.remote.remote_connection: DEBUG: POST http://127.0.0.1:4444/wd/hub/session/4df8cf38-9725-4df2-9480-ae064181300a/element {&quot;using&quot;: &quot;xpath&quot;, &quot;sessionId&quot;: &quot;4df8cf38-9725-4df2-9480-ae064181300a&quot;, &quot;value&quot;: &quot;//a[contains(text(),'nsolaiappan+finarcbasicsignup@crittercism.com')]&quot;}&#10;selenium.webdriver.remote.remote_connection: DEBUG: Finished Request&#10;--------------------- &gt;&gt; end captured logging &lt;&lt; ---------------------"><![CDATA[  File "/Library/Python/2.7/site-packages/unittest2/case.py", line 340, in run
    testMethod()
  File "/Users/nellian/crittercism/tests/billing/billing.py", line 46, in test_billing_search_by_email
    email_link = self.browser.find_element_by_xpath("//a[contains(text(),'" + email_id + "')]").get_attribute("href")
  File "/Library/Python/2.7/site-packages/selenium/webdriver/remote/webdriver.py", line 223, in find_element_by_xpath
    return self.find_element(by=By.XPATH, value=xpath)
  File "/Library/Python/2.7/site-packages/selenium/webdriver/remote/webdriver.py", line 655, in find_element
    {'using': by, 'value': value})['value']
  File "/Library/Python/2.7/site-packages/selenium/webdriver/remote/webdriver.py", line 166, in execute
    self.error_handler.check_response(response)
  File "/Library/Python/2.7/site-packages/selenium/webdriver/remote/errorhandler.py", line 164, in check_response
    raise exception_class(message, screen, stacktrace)
'Message: u"no such element\\n  (Session info: chrome=35.0.1916.114)\\n  (Driver info: chromedriver=2.9.248307,platform=Mac OS X 10.8.5 x86_64) (WARNING: The server did not provide any stacktrace information)\\nCommand duration or timeout: 5.04 seconds\\nFor documentation on this error, please visit: http://seleniumhq.org/exceptions/no_such_element.html\\nBuild info: version: \'2.41.0\', revision: \'3192d8a\', time: \'2014-03-27 17:17:32\'\\nSystem info: host: \'LT-M-AElliott.local\', ip: \'10.0.1.144\', os.name: \'Mac OS X\', os.arch: \'x86_64\', os.version: \'10.8.5\', java.version: \'1.6.0_65\'\\nSession ID: df3f94884484e15ddca75b44718de31b\\nDriver info: org.openqa.selenium.chrome.ChromeDriver\\nCapabilities [{platform=MAC, acceptSslCerts=true, javascriptEnabled=true, browserName=chrome, chrome={userDataDir=/var/folders/sz/n6c_4bzs68vd6r5z140yxbj00000gr/T/.org.chromium.Chromium.HNNJPw}, rotatable=false, locationContextEnabled=true, version=35.0.1916.114, takesHeapSnapshot=true, cssSelectorsEnabled=true, databaseEnabled=false, handlesAlerts=true, browserConnectionEnabled=false, nativeEvents=true, webStorageEnabled=true, applicationCacheEnabled=false, takesScreenshot=true}]" ; Screenshot: available via screen ; Stacktrace: \n    at sun.reflect.NativeConstructorAccessorImpl.newInstance0 (NativeConstructorAccessorImpl.java:-2)\n    at sun.reflect.NativeConstructorAccessorImpl.newInstance (NativeConstructorAccessorImpl.java:39)\n    at sun.reflect.DelegatingConstructorAccessorImpl.newInstance (DelegatingConstructorAccessorImpl.java:27)\n    at java.lang.reflect.Constructor.newInstance (Constructor.java:513)\n    at org.openqa.selenium.remote.ErrorHandler.createThrowable (ErrorHandler.java:193)\n    at org.openqa.selenium.remote.ErrorHandler.throwIfResponseFailed (ErrorHandler.java:145)\n    at org.openqa.selenium.remote.RemoteWebDriver.execute (RemoteWebDriver.java:595)\n    at org.openqa.selenium.remote.RemoteWebDriver.findElement (RemoteWebDriver.java:348)\n    at org.openqa.selenium.remote.RemoteWebDriver.findElementByXPath (RemoteWebDriver.java:445)\n    at org.openqa.selenium.By$ByXPath.findElement (By.java:357)\n    at org.openqa.selenium.remote.RemoteWebDriver.findElement (RemoteWebDriver.java:340)\n    at sun.reflect.GeneratedMethodAccessor19.invoke (None:-1)\n    at sun.reflect.DelegatingMethodAccessorImpl.invoke (DelegatingMethodAccessorImpl.java:25)\n    at java.lang.reflect.Method.invoke (Method.java:597)\n    at org.openqa.selenium.support.events.EventFiringWebDriver$2.invoke (EventFiringWebDriver.java:101)\n    at com.sun.proxy.$Proxy2.findElement (None:-1)\n    at org.openqa.selenium.support.events.EventFiringWebDriver.findElement (EventFiringWebDriver.java:184)\n    at org.openqa.selenium.remote.server.handler.FindElement.call (FindElement.java:47)\n    at org.openqa.selenium.remote.server.handler.FindElement.call (FindElement.java:1)\n    at java.util.concurrent.FutureTask$Sync.innerRun (FutureTask.java:303)\n    at java.util.concurrent.FutureTask.run (FutureTask.java:138)\n    at org.openqa.selenium.remote.server.DefaultSession$1.run (DefaultSession.java:170)\n    at java.util.concurrent.ThreadPoolExecutor$Worker.runTask (ThreadPoolExecutor.java:895)\n    at java.util.concurrent.ThreadPoolExecutor$Worker.run (ThreadPoolExecutor.java:918)\n    at java.lang.Thread.run (Thread.java:695) \n-------------------- >> begin captured logging << --------------------\nselenium.webdriver.remote.remote_connection: DEBUG: POST http://127.0.0.1:4444/wd/hub/session/4df8cf38-9725-4df2-9480-ae064181300a/url {"url": "https://app.crittercism.com/account/billing", "sessionId": "4df8cf38-9725-4df2-9480-ae064181300a"}\nselenium.webdriver.remote.remote_connection: DEBUG: Finished Request\nselenium.webdriver.remote.remote_connection: DEBUG: POST http://127.0.0.1:4444/wd/hub/session/4df8cf38-9725-4df2-9480-ae064181300a/url {"url": "https://app.crittercism.com/admin/search", "sessionId": "4df8cf38-9725-4df2-9480-ae064181300a"}\nselenium.webdriver.remote.remote_connection: DEBUG: Finished Request\nselenium.webdriver.remote.remote_connection: DEBUG: POST http://127.0.0.1:4444/wd/hub/session/4df8cf38-9725-4df2-9480-ae064181300a/element {"using": "id", "sessionId": "4df8cf38-9725-4df2-9480-ae064181300a", "value": "search-email"}\nselenium.webdriver.remote.remote_connection: DEBUG: Finished Request\nselenium.webdriver.remote.remote_connection: DEBUG: POST http://127.0.0.1:4444/wd/hub/session/4df8cf38-9725-4df2-9480-ae064181300a/element/4/value {"sessionId": "4df8cf38-9725-4df2-9480-ae064181300a", "id": "4", "value": ["n", "s", "o", "l", "a", "i", "a", "p", "p", "a", "n", "+", "f", "i", "n", "a", "r", "c", "b", "a", "s", "i", "c", "s", "i", "g", "n", "u", "p", "@", "c", "r", "i", "t", "t", "e", "r", "c", "i", "s", "m", ".", "c", "o", "m", "\\ue007"]}\nselenium.webdriver.remote.remote_connection: DEBUG: Finished Request\nselenium.webdriver.remote.remote_connection: DEBUG: POST http://127.0.0.1:4444/wd/hub/session/4df8cf38-9725-4df2-9480-ae064181300a/element {"using": "xpath", "sessionId": "4df8cf38-9725-4df2-9480-ae064181300a", "value": "//a[contains(text(),\'nsolaiappan+finarcbasicsignup@crittercism.com\')]"}\nselenium.webdriver.remote.remote_connection: DEBUG: Finished Request\n--------------------- >> end captured logging << ---------------------']]></error></testcase><testcase classname="login_page.LoginPageSuite" name="test_crittercism_sign_in" time="8.473"></testcase><testcase classname="register_application.RegisterApplication" name="test_register_new_app_with_default_parameters_ios" time="1.449"></testcase><testcase classname="register_application.RegisterApplication" name="test_verify_new_app_page_default_parameter_platform" time="0.345"></testcase><testcase classname="new_account_signup.NewAccountSignUpTestSuite" name="test_sign_up_new_account" time="18.064"><error type="selenium.common.exceptions.NoSuchElementException" message="Message: u&quot;no such element\n  (Session info: chrome=35.0.1916.114)\n  (Driver info: chromedriver=2.9.248307,platform=Mac OS X 10.8.5 x86_64) (WARNING: The server did not provide any stacktrace information)\nCommand duration or timeout: 5.02 seconds\nFor documentation on this error, please visit: http://seleniumhq.org/exceptions/no_such_element.html\nBuild info: version: '2.41.0', revision: '3192d8a', time: '2014-03-27 17:17:32'\nSystem info: host: 'LT-M-AElliott.local', ip: '10.0.1.144', os.name: 'Mac OS X', os.arch: 'x86_64', os.version: '10.8.5', java.version: '1.6.0_65'\nSession ID: 4e9becbeab8f716e16de59470eb584ef\nDriver info: org.openqa.selenium.chrome.ChromeDriver\nCapabilities [{platform=MAC, acceptSslCerts=true, javascriptEnabled=true, browserName=chrome, chrome={userDataDir=/var/folders/sz/n6c_4bzs68vd6r5z140yxbj00000gr/T/.org.chromium.Chromium.OONpvE}, rotatable=false, locationContextEnabled=true, version=35.0.1916.114, takesHeapSnapshot=true, cssSelectorsEnabled=true, databaseEnabled=false, handlesAlerts=true, browserConnectionEnabled=false, nativeEvents=true, webStorageEnabled=true, applicationCacheEnabled=false, takesScreenshot=true}]&quot; ; Screenshot: available via screen ; Stacktrace: &#10;    at sun.reflect.NativeConstructorAccessorImpl.newInstance0 (NativeConstructorAccessorImpl.java:-2)&#10;    at sun.reflect.NativeConstructorAccessorImpl.newInstance (NativeConstructorAccessorImpl.java:39)&#10;    at sun.reflect.DelegatingConstructorAccessorImpl.newInstance (DelegatingConstructorAccessorImpl.java:27)&#10;    at java.lang.reflect.Constructor.newInstance (Constructor.java:513)&#10;    at org.openqa.selenium.remote.ErrorHandler.createThrowable (ErrorHandler.java:193)&#10;    at org.openqa.selenium.remote.ErrorHandler.throwIfResponseFailed (ErrorHandler.java:145)&#10;    at org.openqa.selenium.remote.RemoteWebDriver.execute (RemoteWebDriver.java:595)&#10;    at org.openqa.selenium.remote.RemoteWebDriver.findElement (RemoteWebDriver.java:348)&#10;    at org.openqa.selenium.remote.RemoteWebDriver.findElementById (RemoteWebDriver.java:389)&#10;    at org.openqa.selenium.By$ById.findElement (By.java:214)&#10;    at org.openqa.selenium.remote.RemoteWebDriver.findElement (RemoteWebDriver.java:340)&#10;    at sun.reflect.GeneratedMethodAccessor19.invoke (None:-1)&#10;    at sun.reflect.DelegatingMethodAccessorImpl.invoke (DelegatingMethodAccessorImpl.java:25)&#10;    at java.lang.reflect.Method.invoke (Method.java:597)&#10;    at org.openqa.selenium.support.events.EventFiringWebDriver$2.invoke (EventFiringWebDriver.java:101)&#10;    at com.sun.proxy.$Proxy2.findElement (None:-1)&#10;    at org.openqa.selenium.support.events.EventFiringWebDriver.findElement (EventFiringWebDriver.java:184)&#10;    at org.openqa.selenium.remote.server.handler.FindElement.call (FindElement.java:47)&#10;    at org.openqa.selenium.remote.server.handler.FindElement.call (FindElement.java:1)&#10;    at java.util.concurrent.FutureTask$Sync.innerRun (FutureTask.java:303)&#10;    at java.util.concurrent.FutureTask.run (FutureTask.java:138)&#10;    at org.openqa.selenium.remote.server.DefaultSession$1.run (DefaultSession.java:170)&#10;    at java.util.concurrent.ThreadPoolExecutor$Worker.runTask (ThreadPoolExecutor.java:895)&#10;    at java.util.concurrent.ThreadPoolExecutor$Worker.run (ThreadPoolExecutor.java:918)&#10;    at java.lang.Thread.run (Thread.java:695) &#10;-------------------- &gt;&gt; begin captured logging &lt;&lt; --------------------&#10;selenium.webdriver.remote.remote_connection: DEBUG: DELETE http://127.0.0.1:4444/wd/hub/session/0a0b66ae-da3f-42bf-8c79-e1d48e2de3c3 {&quot;sessionId&quot;: &quot;0a0b66ae-da3f-42bf-8c79-e1d48e2de3c3&quot;}&#10;selenium.webdriver.remote.remote_connection: DEBUG: Finished Request&#10;selenium.webdriver.remote.remote_connection: DEBUG: POST http://127.0.0.1:4444/wd/hub/session {&quot;sessionId&quot;: null, &quot;desiredCapabilities&quot;: {&quot;platform&quot;: &quot;ANY&quot;, &quot;browserName&quot;: &quot;chrome&quot;, &quot;version&quot;: &quot;&quot;, &quot;javascriptEnabled&quot;: true}}&#10;selenium.webdriver.remote.remote_connection: DEBUG: Finished Request&#10;selenium.webdriver.remote.remote_connection: DEBUG: POST http://127.0.0.1:4444/wd/hub/session/f45344da-6105-4472-bb9c-91e8f5e01948/timeouts/implicit_wait {&quot;sessionId&quot;: &quot;f45344da-6105-4472-bb9c-91e8f5e01948&quot;, &quot;ms&quot;: 5000.0}&#10;selenium.webdriver.remote.remote_connection: DEBUG: Finished Request&#10;selenium.webdriver.remote.remote_connection: DEBUG: POST http://127.0.0.1:4444/wd/hub/session/f45344da-6105-4472-bb9c-91e8f5e01948/url {&quot;url&quot;: &quot;https://app.crittercism.com/developers/logout&quot;, &quot;sessionId&quot;: &quot;f45344da-6105-4472-bb9c-91e8f5e01948&quot;}&#10;selenium.webdriver.remote.remote_connection: DEBUG: Finished Request&#10;selenium.webdriver.remote.remote_connection: DEBUG: POST http://127.0.0.1:4444/wd/hub/session/f45344da-6105-4472-bb9c-91e8f5e01948/url {&quot;url&quot;: &quot;https://app.crittercism.com/signup&quot;, &quot;sessionId&quot;: &quot;f45344da-6105-4472-bb9c-91e8f5e01948&quot;}&#10;selenium.webdriver.remote.remote_connection: DEBUG: Finished Request&#10;selenium.webdriver.remote.remote_connection: DEBUG: POST http://127.0.0.1:4444/wd/hub/session/f45344da-6105-4472-bb9c-91e8f5e01948/url {&quot;url&quot;: &quot;https://app.crittercism.com/signup?plan=basic&quot;, &quot;sessionId&quot;: &quot;f45344da-6105-4472-bb9c-91e8f5e01948&quot;}&#10;selenium.webdriver.remote.remote_connection: DEBUG: Finished Request&#10;selenium.webdriver.remote.remote_connection: DEBUG: POST http://127.0.0.1:4444/wd/hub/session/f45344da-6105-4472-bb9c-91e8f5e01948/element {&quot;using&quot;: &quot;id&quot;, &quot;sessionId&quot;: &quot;f45344da-6105-4472-bb9c-91e8f5e01948&quot;, &quot;value&quot;: &quot;firstname&quot;}&#10;selenium.webdriver.remote.remote_connection: DEBUG: Finished Request&#10;selenium.webdriver.remote.remote_connection: DEBUG: POST http://127.0.0.1:4444/wd/hub/session/f45344da-6105-4472-bb9c-91e8f5e01948/element/0/value {&quot;sessionId&quot;: &quot;f45344da-6105-4472-bb9c-91e8f5e01948&quot;, &quot;id&quot;: &quot;0&quot;, &quot;value&quot;: [&quot;t&quot;, &quot;e&quot;, &quot;s&quot;, &quot;t&quot;, &quot;_&quot;, &quot;u&quot;, &quot;s&quot;, &quot;e&quot;, &quot;r&quot;]}&#10;selenium.webdriver.remote.remote_connection: DEBUG: Finished Request&#10;selenium.webdriver.remote.remote_connection: DEBUG: POST http://127.0.0.1:4444/wd/hub/session/f45344da-6105-4472-bb9c-91e8f5e01948/element {&quot;using&quot;: &quot;id&quot;, &quot;sessionId&quot;: &quot;f45344da-6105-4472-bb9c-91e8f5e01948&quot;, &quot;value&quot;: &quot;lastname&quot;}&#10;selenium.webdriver.remote.remote_connection: DEBUG: Finished Request&#10;selenium.webdriver.remote.remote_connection: DEBUG: POST http://127.0.0.1:4444/wd/hub/session/f45344da-6105-4472-bb9c-91e8f5e01948/element/1/value {&quot;sessionId&quot;: &quot;f45344da-6105-4472-bb9c-91e8f5e01948&quot;, &quot;id&quot;: &quot;1&quot;, &quot;value&quot;: [&quot;c&quot;, &quot;r&quot;, &quot;i&quot;, &quot;t&quot;, &quot;t&quot;, &quot;e&quot;, &quot;r&quot;, &quot;c&quot;, &quot;i&quot;, &quot;s&quot;, &quot;m&quot;]}&#10;selenium.webdriver.remote.remote_connection: DEBUG: Finished Request&#10;selenium.webdriver.remote.remote_connection: DEBUG: POST http://127.0.0.1:4444/wd/hub/session/f45344da-6105-4472-bb9c-91e8f5e01948/element {&quot;using&quot;: &quot;id&quot;, &quot;sessionId&quot;: &quot;f45344da-6105-4472-bb9c-91e8f5e01948&quot;, &quot;value&quot;: &quot;company&quot;}&#10;selenium.webdriver.remote.remote_connection: DEBUG: Finished Request&#10;selenium.webdriver.remote.remote_connection: DEBUG: POST http://127.0.0.1:4444/wd/hub/session/f45344da-6105-4472-bb9c-91e8f5e01948/element/2/value {&quot;sessionId&quot;: &quot;f45344da-6105-4472-bb9c-91e8f5e01948&quot;, &quot;id&quot;: &quot;2&quot;, &quot;value&quot;: [&quot;c&quot;, &quot;r&quot;, &quot;i&quot;, &quot;t&quot;, &quot;t&quot;, &quot;e&quot;, &quot;r&quot;, &quot;c&quot;, &quot;i&quot;, &quot;s&quot;, &quot;m&quot;]}&#10;selenium.webdriver.remote.remote_connection: DEBUG: Finished Request&#10;selenium.webdriver.remote.remote_connection: DEBUG: POST http://127.0.0.1:4444/wd/hub/session/f45344da-6105-4472-bb9c-91e8f5e01948/element {&quot;using&quot;: &quot;id&quot;, &quot;sessionId&quot;: &quot;f45344da-6105-4472-bb9c-91e8f5e01948&quot;, &quot;value&quot;: &quot;phone&quot;}&#10;selenium.webdriver.remote.remote_connection: DEBUG: Finished Request&#10;selenium.webdriver.remote.remote_connection: DEBUG: POST http://127.0.0.1:4444/wd/hub/session/f45344da-6105-4472-bb9c-91e8f5e01948/element/3/value {&quot;sessionId&quot;: &quot;f45344da-6105-4472-bb9c-91e8f5e01948&quot;, &quot;id&quot;: &quot;3&quot;, &quot;value&quot;: [&quot;1&quot;, &quot;2&quot;, &quot;3&quot;, &quot;-&quot;, &quot;4&quot;, &quot;5&quot;, &quot;6&quot;, &quot;-&quot;, &quot;7&quot;, &quot;8&quot;, &quot;9&quot;, &quot;0&quot;]}&#10;selenium.webdriver.remote.remote_connection: DEBUG: Finished Request&#10;selenium.webdriver.remote.remote_connection: DEBUG: POST http://127.0.0.1:4444/wd/hub/session/f45344da-6105-4472-bb9c-91e8f5e01948/element {&quot;using&quot;: &quot;id&quot;, &quot;sessionId&quot;: &quot;f45344da-6105-4472-bb9c-91e8f5e01948&quot;, &quot;value&quot;: &quot;email&quot;}&#10;selenium.webdriver.remote.remote_connection: DEBUG: Finished Request&#10;selenium.webdriver.remote.remote_connection: DEBUG: POST http://127.0.0.1:4444/wd/hub/session/f45344da-6105-4472-bb9c-91e8f5e01948/element/4/value {&quot;sessionId&quot;: &quot;f45344da-6105-4472-bb9c-91e8f5e01948&quot;, &quot;id&quot;: &quot;4&quot;, &quot;value&quot;: [&quot;c&quot;, &quot;r&quot;, &quot;i&quot;, &quot;t&quot;, &quot;t&quot;, &quot;e&quot;, &quot;r&quot;, &quot;c&quot;, &quot;i&quot;, &quot;s&quot;, &quot;m&quot;, &quot;.&quot;, &quot;e&quot;, &quot;n&quot;, &quot;g&quot;, &quot;g&quot;, &quot;0&quot;, &quot;.&quot;, &quot;7&quot;, &quot;5&quot;, &quot;9&quot;, &quot;3&quot;, &quot;9&quot;, &quot;2&quot;, &quot;0&quot;, &quot;8&quot;, &quot;3&quot;, &quot;2&quot;, &quot;5&quot;, &quot;7&quot;, &quot;@&quot;, &quot;y&quot;, &quot;a&quot;, &quot;h&quot;, &quot;o&quot;, &quot;o&quot;, &quot;.&quot;, &quot;c&quot;, &quot;o&quot;, &quot;m&quot;]}&#10;selenium.webdriver.remote.remote_connection: DEBUG: Finished Request&#10;selenium.webdriver.remote.remote_connection: DEBUG: POST http://127.0.0.1:4444/wd/hub/session/f45344da-6105-4472-bb9c-91e8f5e01948/element {&quot;using&quot;: &quot;id&quot;, &quot;sessionId&quot;: &quot;f45344da-6105-4472-bb9c-91e8f5e01948&quot;, &quot;value&quot;: &quot;password&quot;}&#10;selenium.webdriver.remote.remote_connection: DEBUG: Finished Request&#10;selenium.webdriver.remote.remote_connection: DEBUG: POST http://127.0.0.1:4444/wd/hub/session/f45344da-6105-4472-bb9c-91e8f5e01948/element/5/value {&quot;sessionId&quot;: &quot;f45344da-6105-4472-bb9c-91e8f5e01948&quot;, &quot;id&quot;: &quot;5&quot;, &quot;value&quot;: [&quot;C&quot;, &quot;r&quot;, &quot;i&quot;, &quot;t&quot;, &quot;P&quot;, &quot;a&quot;, &quot;s&quot;, &quot;s&quot;, &quot;1&quot;, &quot;2&quot;, &quot;3&quot;]}&#10;selenium.webdriver.remote.remote_connection: DEBUG: Finished Request&#10;selenium.webdriver.remote.remote_connection: DEBUG: POST http://127.0.0.1:4444/wd/hub/session/f45344da-6105-4472-bb9c-91e8f5e01948/element {&quot;using&quot;: &quot;xpath&quot;, &quot;sessionId&quot;: &quot;f45344da-6105-4472-bb9c-91e8f5e01948&quot;, &quot;value&quot;: &quot;//*[contains(@class,'grid_8 push_2')]&quot;}&#10;selenium.webdriver.remote.remote_connection: DEBUG: Finished Request&#10;selenium.webdriver.remote.remote_connection: DEBUG: POST http://127.0.0.1:4444/wd/hub/session/f45344da-6105-4472-bb9c-91e8f5e01948/element/6/click {&quot;sessionId&quot;: &quot;f45344da-6105-4472-bb9c-91e8f5e01948&quot;, &quot;id&quot;: &quot;6&quot;}&#10;selenium.webdriver.remote.remote_connection: DEBUG: Finished Request&#10;selenium.webdriver.remote.remote_connection: DEBUG: GET http://127.0.0.1:4444/wd/hub/session/f45344da-6105-4472-bb9c-91e8f5e01948/url {&quot;sessionId&quot;: &quot;f45344da-6105-4472-bb9c-91e8f5e01948&quot;}&#10;selenium.webdriver.remote.remote_connection: DEBUG: Finished Request&#10;selenium.webdriver.remote.remote_connection: DEBUG: GET http://127.0.0.1:4444/wd/hub/session/f45344da-6105-4472-bb9c-91e8f5e01948/url {&quot;sessionId&quot;: &quot;f45344da-6105-4472-bb9c-91e8f5e01948&quot;}&#10;selenium.webdriver.remote.remote_connection: DEBUG: Finished Request&#10;selenium.webdriver.remote.remote_connection: DEBUG: GET http://127.0.0.1:4444/wd/hub/session/f45344da-6105-4472-bb9c-91e8f5e01948/url {&quot;sessionId&quot;: &quot;f45344da-6105-4472-bb9c-91e8f5e01948&quot;}&#10;selenium.webdriver.remote.remote_connection: DEBUG: Finished Request&#10;selenium.webdriver.remote.remote_connection: DEBUG: POST http://127.0.0.1:4444/wd/hub/session/f45344da-6105-4472-bb9c-91e8f5e01948/elements {&quot;using&quot;: &quot;xpath&quot;, &quot;sessionId&quot;: &quot;f45344da-6105-4472-bb9c-91e8f5e01948&quot;, &quot;value&quot;: &quot;//*[contains(text(),\&quot;Well, this is embarrassing - you found a broken link.\&quot;)]&quot;}&#10;selenium.webdriver.remote.remote_connection: DEBUG: Finished Request&#10;selenium.webdriver.remote.remote_connection: DEBUG: GET http://127.0.0.1:4444/wd/hub/session/f45344da-6105-4472-bb9c-91e8f5e01948/url {&quot;sessionId&quot;: &quot;f45344da-6105-4472-bb9c-91e8f5e01948&quot;}&#10;selenium.webdriver.remote.remote_connection: DEBUG: Finished Request&#10;selenium.webdriver.remote.remote_connection: DEBUG: POST http://127.0.0.1:4444/wd/hub/session/f45344da-6105-4472-bb9c-91e8f5e01948/element {&quot;using&quot;: &quot;id&quot;, &quot;sessionId&quot;: &quot;f45344da-6105-4472-bb9c-91e8f5e01948&quot;, &quot;value&quot;: &quot;register-app&quot;}&#10;selenium.webdriver.remote.remote_connection: DEBUG: Finished Request&#10;selenium.webdriver.remote.remote_connection: DEBUG: GET http://127.0.0.1:4444/wd/hub/session/f45344da-6105-4472-bb9c-91e8f5e01948/element/7/displayed {&quot;sessionId&quot;: &quot;f45344da-6105-4472-bb9c-91e8f5e01948&quot;, &quot;id&quot;: &quot;7&quot;}&#10;selenium.webdriver.remote.remote_connection: DEBUG: Finished Request&#10;selenium.webdriver.remote.remote_connection: DEBUG: POST http://127.0.0.1:4444/wd/hub/session/f45344da-6105-4472-bb9c-91e8f5e01948/element {&quot;using&quot;: &quot;id&quot;, &quot;sessionId&quot;: &quot;f45344da-6105-4472-bb9c-91e8f5e01948&quot;, &quot;value&quot;: &quot;commit&quot;}&#10;selenium.webdriver.remote.remote_connection: DEBUG: Finished Request&#10;selenium.webdriver.remote.remote_connection: DEBUG: GET http://127.0.0.1:4444/wd/hub/session/f45344da-6105-4472-bb9c-91e8f5e01948/element/8/displayed {&quot;sessionId&quot;: &quot;f45344da-6105-4472-bb9c-91e8f5e01948&quot;, &quot;id&quot;: &quot;8&quot;}&#10;selenium.webdriver.remote.remote_connection: DEBUG: Finished Request&#10;selenium.webdriver.remote.remote_connection: DEBUG: POST http://127.0.0.1:4444/wd/hub/session/f45344da-6105-4472-bb9c-91e8f5e01948/element {&quot;using&quot;: &quot;id&quot;, &quot;sessionId&quot;: &quot;f45344da-6105-4472-bb9c-91e8f5e01948&quot;, &quot;value&quot;: &quot;platform-ios&quot;}&#10;selenium.webdriver.remote.remote_connection: DEBUG: Finished Request&#10;selenium.webdriver.remote.remote_connection: DEBUG: GET http://127.0.0.1:4444/wd/hub/session/f45344da-6105-4472-bb9c-91e8f5e01948/element/9/attribute/value {&quot;sessionId&quot;: &quot;f45344da-6105-4472-bb9c-91e8f5e01948&quot;, &quot;name&quot;: &quot;value&quot;, &quot;id&quot;: &quot;9&quot;}&#10;selenium.webdriver.remote.remote_connection: DEBUG: Finished Request&#10;selenium.webdriver.remote.remote_connection: DEBUG: GET http://127.0.0.1:4444/wd/hub/session/f45344da-6105-4472-bb9c-91e8f5e01948/url {&quot;sessionId&quot;: &quot;f45344da-6105-4472-bb9c-91e8f5e01948&quot;}&#10;selenium.webdriver.remote.remote_connection: DEBUG: Finished Request&#10;selenium.webdriver.remote.remote_connection: DEBUG: POST http://127.0.0.1:4444/wd/hub/session/f45344da-6105-4472-bb9c-91e8f5e01948/url {&quot;url&quot;: &quot;https://app.crittercism.com/admin/search&quot;, &quot;sessionId&quot;: &quot;f45344da-6105-4472-bb9c-91e8f5e01948&quot;}&#10;selenium.webdriver.remote.remote_connection: DEBUG: Finished Request&#10;selenium.webdriver.remote.remote_connection: DEBUG: POST http://127.0.0.1:4444/wd/hub/session/f45344da-6105-4472-bb9c-91e8f5e01948/element {&quot;using&quot;: &quot;id&quot;, &quot;sessionId&quot;: &quot;f45344da-6105-4472-bb9c-91e8f5e01948&quot;, &quot;value&quot;: &quot;search-email&quot;}&#10;selenium.webdriver.remote.remote_connection: DEBUG: Finished Request&#10;--------------------- &gt;&gt; end captured logging &lt;&lt; ---------------------"><![CDATA[  File "/Library/Python/2.7/site-packages/unittest2/case.py", line 340, in run
    testMethod()
  File "/Users/nellian/crittercism/tests/signup/new_account_signup.py", line 50, in test_sign_up_new_account
    self.validate_user_profile(random_email, "Basic")
  File "/Users/nellian/crittercism/tests/signup/new_account_signup.py", line 155, in validate_user_profile
    self.browser.find_element_by_id("search-email").send_keys(email_id + Keys.ENTER)
  File "/Library/Python/2.7/site-packages/selenium/webdriver/remote/webdriver.py", line 199, in find_element_by_id
    return self.find_element(by=By.ID, value=id_)
  File "/Library/Python/2.7/site-packages/selenium/webdriver/remote/webdriver.py", line 655, in find_element
    {'using': by, 'value': value})['value']
  File "/Library/Python/2.7/site-packages/selenium/webdriver/remote/webdriver.py", line 166, in execute
    self.error_handler.check_response(response)
  File "/Library/Python/2.7/site-packages/selenium/webdriver/remote/errorhandler.py", line 164, in check_response
    raise exception_class(message, screen, stacktrace)
'Message: u"no such element\\n  (Session info: chrome=35.0.1916.114)\\n  (Driver info: chromedriver=2.9.248307,platform=Mac OS X 10.8.5 x86_64) (WARNING: The server did not provide any stacktrace information)\\nCommand duration or timeout: 5.02 seconds\\nFor documentation on this error, please visit: http://seleniumhq.org/exceptions/no_such_element.html\\nBuild info: version: \'2.41.0\', revision: \'3192d8a\', time: \'2014-03-27 17:17:32\'\\nSystem info: host: \'LT-M-AElliott.local\', ip: \'10.0.1.144\', os.name: \'Mac OS X\', os.arch: \'x86_64\', os.version: \'10.8.5\', java.version: \'1.6.0_65\'\\nSession ID: 4e9becbeab8f716e16de59470eb584ef\\nDriver info: org.openqa.selenium.chrome.ChromeDriver\\nCapabilities [{platform=MAC, acceptSslCerts=true, javascriptEnabled=true, browserName=chrome, chrome={userDataDir=/var/folders/sz/n6c_4bzs68vd6r5z140yxbj00000gr/T/.org.chromium.Chromium.OONpvE}, rotatable=false, locationContextEnabled=true, version=35.0.1916.114, takesHeapSnapshot=true, cssSelectorsEnabled=true, databaseEnabled=false, handlesAlerts=true, browserConnectionEnabled=false, nativeEvents=true, webStorageEnabled=true, applicationCacheEnabled=false, takesScreenshot=true}]" ; Screenshot: available via screen ; Stacktrace: \n    at sun.reflect.NativeConstructorAccessorImpl.newInstance0 (NativeConstructorAccessorImpl.java:-2)\n    at sun.reflect.NativeConstructorAccessorImpl.newInstance (NativeConstructorAccessorImpl.java:39)\n    at sun.reflect.DelegatingConstructorAccessorImpl.newInstance (DelegatingConstructorAccessorImpl.java:27)\n    at java.lang.reflect.Constructor.newInstance (Constructor.java:513)\n    at org.openqa.selenium.remote.ErrorHandler.createThrowable (ErrorHandler.java:193)\n    at org.openqa.selenium.remote.ErrorHandler.throwIfResponseFailed (ErrorHandler.java:145)\n    at org.openqa.selenium.remote.RemoteWebDriver.execute (RemoteWebDriver.java:595)\n    at org.openqa.selenium.remote.RemoteWebDriver.findElement (RemoteWebDriver.java:348)\n    at org.openqa.selenium.remote.RemoteWebDriver.findElementById (RemoteWebDriver.java:389)\n    at org.openqa.selenium.By$ById.findElement (By.java:214)\n    at org.openqa.selenium.remote.RemoteWebDriver.findElement (RemoteWebDriver.java:340)\n    at sun.reflect.GeneratedMethodAccessor19.invoke (None:-1)\n    at sun.reflect.DelegatingMethodAccessorImpl.invoke (DelegatingMethodAccessorImpl.java:25)\n    at java.lang.reflect.Method.invoke (Method.java:597)\n    at org.openqa.selenium.support.events.EventFiringWebDriver$2.invoke (EventFiringWebDriver.java:101)\n    at com.sun.proxy.$Proxy2.findElement (None:-1)\n    at org.openqa.selenium.support.events.EventFiringWebDriver.findElement (EventFiringWebDriver.java:184)\n    at org.openqa.selenium.remote.server.handler.FindElement.call (FindElement.java:47)\n    at org.openqa.selenium.remote.server.handler.FindElement.call (FindElement.java:1)\n    at java.util.concurrent.FutureTask$Sync.innerRun (FutureTask.java:303)\n    at java.util.concurrent.FutureTask.run (FutureTask.java:138)\n    at org.openqa.selenium.remote.server.DefaultSession$1.run (DefaultSession.java:170)\n    at java.util.concurrent.ThreadPoolExecutor$Worker.runTask (ThreadPoolExecutor.java:895)\n    at java.util.concurrent.ThreadPoolExecutor$Worker.run (ThreadPoolExecutor.java:918)\n    at java.lang.Thread.run (Thread.java:695) \n-------------------- >> begin captured logging << --------------------\nselenium.webdriver.remote.remote_connection: DEBUG: DELETE http://127.0.0.1:4444/wd/hub/session/0a0b66ae-da3f-42bf-8c79-e1d48e2de3c3 {"sessionId": "0a0b66ae-da3f-42bf-8c79-e1d48e2de3c3"}\nselenium.webdriver.remote.remote_connection: DEBUG: Finished Request\nselenium.webdriver.remote.remote_connection: DEBUG: POST http://127.0.0.1:4444/wd/hub/session {"sessionId": null, "desiredCapabilities": {"platform": "ANY", "browserName": "chrome", "version": "", "javascriptEnabled": true}}\nselenium.webdriver.remote.remote_connection: DEBUG: Finished Request\nselenium.webdriver.remote.remote_connection: DEBUG: POST http://127.0.0.1:4444/wd/hub/session/f45344da-6105-4472-bb9c-91e8f5e01948/timeouts/implicit_wait {"sessionId": "f45344da-6105-4472-bb9c-91e8f5e01948", "ms": 5000.0}\nselenium.webdriver.remote.remote_connection: DEBUG: Finished Request\nselenium.webdriver.remote.remote_connection: DEBUG: POST http://127.0.0.1:4444/wd/hub/session/f45344da-6105-4472-bb9c-91e8f5e01948/url {"url": "https://app.crittercism.com/developers/logout", "sessionId": "f45344da-6105-4472-bb9c-91e8f5e01948"}\nselenium.webdriver.remote.remote_connection: DEBUG: Finished Request\nselenium.webdriver.remote.remote_connection: DEBUG: POST http://127.0.0.1:4444/wd/hub/session/f45344da-6105-4472-bb9c-91e8f5e01948/url {"url": "https://app.crittercism.com/signup", "sessionId": "f45344da-6105-4472-bb9c-91e8f5e01948"}\nselenium.webdriver.remote.remote_connection: DEBUG: Finished Request\nselenium.webdriver.remote.remote_connection: DEBUG: POST http://127.0.0.1:4444/wd/hub/session/f45344da-6105-4472-bb9c-91e8f5e01948/url {"url": "https://app.crittercism.com/signup?plan=basic", "sessionId": "f45344da-6105-4472-bb9c-91e8f5e01948"}\nselenium.webdriver.remote.remote_connection: DEBUG: Finished Request\nselenium.webdriver.remote.remote_connection: DEBUG: POST http://127.0.0.1:4444/wd/hub/session/f45344da-6105-4472-bb9c-91e8f5e01948/element {"using": "id", "sessionId": "f45344da-6105-4472-bb9c-91e8f5e01948", "value": "firstname"}\nselenium.webdriver.remote.remote_connection: DEBUG: Finished Request\nselenium.webdriver.remote.remote_connection: DEBUG: POST http://127.0.0.1:4444/wd/hub/session/f45344da-6105-4472-bb9c-91e8f5e01948/element/0/value {"sessionId": "f45344da-6105-4472-bb9c-91e8f5e01948", "id": "0", "value": ["t", "e", "s", "t", "_", "u", "s", "e", "r"]}\nselenium.webdriver.remote.remote_connection: DEBUG: Finished Request\nselenium.webdriver.remote.remote_connection: DEBUG: POST http://127.0.0.1:4444/wd/hub/session/f45344da-6105-4472-bb9c-91e8f5e01948/element {"using": "id", "sessionId": "f45344da-6105-4472-bb9c-91e8f5e01948", "value": "lastname"}\nselenium.webdriver.remote.remote_connection: DEBUG: Finished Request\nselenium.webdriver.remote.remote_connection: DEBUG: POST http://127.0.0.1:4444/wd/hub/session/f45344da-6105-4472-bb9c-91e8f5e01948/element/1/value {"sessionId": "f45344da-6105-4472-bb9c-91e8f5e01948", "id": "1", "value": ["c", "r", "i", "t", "t", "e", "r", "c", "i", "s", "m"]}\nselenium.webdriver.remote.remote_connection: DEBUG: Finished Request\nselenium.webdriver.remote.remote_connection: DEBUG: POST http://127.0.0.1:4444/wd/hub/session/f45344da-6105-4472-bb9c-91e8f5e01948/element {"using": "id", "sessionId": "f45344da-6105-4472-bb9c-91e8f5e01948", "value": "company"}\nselenium.webdriver.remote.remote_connection: DEBUG: Finished Request\nselenium.webdriver.remote.remote_connection: DEBUG: POST http://127.0.0.1:4444/wd/hub/session/f45344da-6105-4472-bb9c-91e8f5e01948/element/2/value {"sessionId": "f45344da-6105-4472-bb9c-91e8f5e01948", "id": "2", "value": ["c", "r", "i", "t", "t", "e", "r", "c", "i", "s", "m"]}\nselenium.webdriver.remote.remote_connection: DEBUG: Finished Request\nselenium.webdriver.remote.remote_connection: DEBUG: POST http://127.0.0.1:4444/wd/hub/session/f45344da-6105-4472-bb9c-91e8f5e01948/element {"using": "id", "sessionId": "f45344da-6105-4472-bb9c-91e8f5e01948", "value": "phone"}\nselenium.webdriver.remote.remote_connection: DEBUG: Finished Request\nselenium.webdriver.remote.remote_connection: DEBUG: POST http://127.0.0.1:4444/wd/hub/session/f45344da-6105-4472-bb9c-91e8f5e01948/element/3/value {"sessionId": "f45344da-6105-4472-bb9c-91e8f5e01948", "id": "3", "value": ["1", "2", "3", "-", "4", "5", "6", "-", "7", "8", "9", "0"]}\nselenium.webdriver.remote.remote_connection: DEBUG: Finished Request\nselenium.webdriver.remote.remote_connection: DEBUG: POST http://127.0.0.1:4444/wd/hub/session/f45344da-6105-4472-bb9c-91e8f5e01948/element {"using": "id", "sessionId": "f45344da-6105-4472-bb9c-91e8f5e01948", "value": "email"}\nselenium.webdriver.remote.remote_connection: DEBUG: Finished Request\nselenium.webdriver.remote.remote_connection: DEBUG: POST http://127.0.0.1:4444/wd/hub/session/f45344da-6105-4472-bb9c-91e8f5e01948/element/4/value {"sessionId": "f45344da-6105-4472-bb9c-91e8f5e01948", "id": "4", "value": ["c", "r", "i", "t", "t", "e", "r", "c", "i", "s", "m", ".", "e", "n", "g", "g", "0", ".", "7", "5", "9", "3", "9", "2", "0", "8", "3", "2", "5", "7", "@", "y", "a", "h", "o", "o", ".", "c", "o", "m"]}\nselenium.webdriver.remote.remote_connection: DEBUG: Finished Request\nselenium.webdriver.remote.remote_connection: DEBUG: POST http://127.0.0.1:4444/wd/hub/session/f45344da-6105-4472-bb9c-91e8f5e01948/element {"using": "id", "sessionId": "f45344da-6105-4472-bb9c-91e8f5e01948", "value": "password"}\nselenium.webdriver.remote.remote_connection: DEBUG: Finished Request\nselenium.webdriver.remote.remote_connection: DEBUG: POST http://127.0.0.1:4444/wd/hub/session/f45344da-6105-4472-bb9c-91e8f5e01948/element/5/value {"sessionId": "f45344da-6105-4472-bb9c-91e8f5e01948", "id": "5", "value": ["C", "r", "i", "t", "P", "a", "s", "s", "1", "2", "3"]}\nselenium.webdriver.remote.remote_connection: DEBUG: Finished Request\nselenium.webdriver.remote.remote_connection: DEBUG: POST http://127.0.0.1:4444/wd/hub/session/f45344da-6105-4472-bb9c-91e8f5e01948/element {"using": "xpath", "sessionId": "f45344da-6105-4472-bb9c-91e8f5e01948", "value": "//*[contains(@class,\'grid_8 push_2\')]"}\nselenium.webdriver.remote.remote_connection: DEBUG: Finished Request\nselenium.webdriver.remote.remote_connection: DEBUG: POST http://127.0.0.1:4444/wd/hub/session/f45344da-6105-4472-bb9c-91e8f5e01948/element/6/click {"sessionId": "f45344da-6105-4472-bb9c-91e8f5e01948", "id": "6"}\nselenium.webdriver.remote.remote_connection: DEBUG: Finished Request\nselenium.webdriver.remote.remote_connection: DEBUG: GET http://127.0.0.1:4444/wd/hub/session/f45344da-6105-4472-bb9c-91e8f5e01948/url {"sessionId": "f45344da-6105-4472-bb9c-91e8f5e01948"}\nselenium.webdriver.remote.remote_connection: DEBUG: Finished Request\nselenium.webdriver.remote.remote_connection: DEBUG: GET http://127.0.0.1:4444/wd/hub/session/f45344da-6105-4472-bb9c-91e8f5e01948/url {"sessionId": "f45344da-6105-4472-bb9c-91e8f5e01948"}\nselenium.webdriver.remote.remote_connection: DEBUG: Finished Request\nselenium.webdriver.remote.remote_connection: DEBUG: GET http://127.0.0.1:4444/wd/hub/session/f45344da-6105-4472-bb9c-91e8f5e01948/url {"sessionId": "f45344da-6105-4472-bb9c-91e8f5e01948"}\nselenium.webdriver.remote.remote_connection: DEBUG: Finished Request\nselenium.webdriver.remote.remote_connection: DEBUG: POST http://127.0.0.1:4444/wd/hub/session/f45344da-6105-4472-bb9c-91e8f5e01948/elements {"using": "xpath", "sessionId": "f45344da-6105-4472-bb9c-91e8f5e01948", "value": "//*[contains(text(),\\"Well, this is embarrassing - you found a broken link.\\")]"}\nselenium.webdriver.remote.remote_connection: DEBUG: Finished Request\nselenium.webdriver.remote.remote_connection: DEBUG: GET http://127.0.0.1:4444/wd/hub/session/f45344da-6105-4472-bb9c-91e8f5e01948/url {"sessionId": "f45344da-6105-4472-bb9c-91e8f5e01948"}\nselenium.webdriver.remote.remote_connection: DEBUG: Finished Request\nselenium.webdriver.remote.remote_connection: DEBUG: POST http://127.0.0.1:4444/wd/hub/session/f45344da-6105-4472-bb9c-91e8f5e01948/element {"using": "id", "sessionId": "f45344da-6105-4472-bb9c-91e8f5e01948", "value": "register-app"}\nselenium.webdriver.remote.remote_connection: DEBUG: Finished Request\nselenium.webdriver.remote.remote_connection: DEBUG: GET http://127.0.0.1:4444/wd/hub/session/f45344da-6105-4472-bb9c-91e8f5e01948/element/7/displayed {"sessionId": "f45344da-6105-4472-bb9c-91e8f5e01948", "id": "7"}\nselenium.webdriver.remote.remote_connection: DEBUG: Finished Request\nselenium.webdriver.remote.remote_connection: DEBUG: POST http://127.0.0.1:4444/wd/hub/session/f45344da-6105-4472-bb9c-91e8f5e01948/element {"using": "id", "sessionId": "f45344da-6105-4472-bb9c-91e8f5e01948", "value": "commit"}\nselenium.webdriver.remote.remote_connection: DEBUG: Finished Request\nselenium.webdriver.remote.remote_connection: DEBUG: GET http://127.0.0.1:4444/wd/hub/session/f45344da-6105-4472-bb9c-91e8f5e01948/element/8/displayed {"sessionId": "f45344da-6105-4472-bb9c-91e8f5e01948", "id": "8"}\nselenium.webdriver.remote.remote_connection: DEBUG: Finished Request\nselenium.webdriver.remote.remote_connection: DEBUG: POST http://127.0.0.1:4444/wd/hub/session/f45344da-6105-4472-bb9c-91e8f5e01948/element {"using": "id", "sessionId": "f45344da-6105-4472-bb9c-91e8f5e01948", "value": "platform-ios"}\nselenium.webdriver.remote.remote_connection: DEBUG: Finished Request\nselenium.webdriver.remote.remote_connection: DEBUG: GET http://127.0.0.1:4444/wd/hub/session/f45344da-6105-4472-bb9c-91e8f5e01948/element/9/attribute/value {"sessionId": "f45344da-6105-4472-bb9c-91e8f5e01948", "name": "value", "id": "9"}\nselenium.webdriver.remote.remote_connection: DEBUG: Finished Request\nselenium.webdriver.remote.remote_connection: DEBUG: GET http://127.0.0.1:4444/wd/hub/session/f45344da-6105-4472-bb9c-91e8f5e01948/url {"sessionId": "f45344da-6105-4472-bb9c-91e8f5e01948"}\nselenium.webdriver.remote.remote_connection: DEBUG: Finished Request\nselenium.webdriver.remote.remote_connection: DEBUG: POST http://127.0.0.1:4444/wd/hub/session/f45344da-6105-4472-bb9c-91e8f5e01948/url {"url": "https://app.crittercism.com/admin/search", "sessionId": "f45344da-6105-4472-bb9c-91e8f5e01948"}\nselenium.webdriver.remote.remote_connection: DEBUG: Finished Request\nselenium.webdriver.remote.remote_connection: DEBUG: POST http://127.0.0.1:4444/wd/hub/session/f45344da-6105-4472-bb9c-91e8f5e01948/element {"using": "id", "sessionId": "f45344da-6105-4472-bb9c-91e8f5e01948", "value": "search-email"}\nselenium.webdriver.remote.remote_connection: DEBUG: Finished Request\n--------------------- >> end captured logging << ---------------------']]></error></testcase></testsuite>