<?xml version="1.0" encoding="UTF-8"?><testsuite name="nosetests" tests="11" errors="0" failures="0" skip="2"><testcase classname="login_page.LoginPageSuite" name="test_FAQ" time="3.651"></testcase><testcase classname="login_page.LoginPageSuite" name="test_check_table_content_crash_data" time="7.162"></testcase><testcase classname="login_page.LoginPageSuite" name="test_google_sign_in" time="6.349"></testcase><testcase classname="login_page.LoginPageSuite" name="test_google_sign_in_by_username_and_password" time="0.000"><skipped type="unittest.case.SkipTest" message="Skipping temporarily"><![CDATA[SkipTest: Skipping temporarily
]]></skipped></testcase><testcase classname="login_page.LoginPageSuite" name="test_signin_from_crittercism_account" time="3.806"></testcase><testcase classname="register_application.RegisterApplication" name="test_register_new_app_with_default_parameters" time="2.192"></testcase><testcase classname="register_application.RegisterApplication" name="test_verify_new_app_page_default_parameter_employee_facing" time="0.814"></testcase><testcase classname="register_application.RegisterApplication" name="test_verify_new_app_page_default_parameter_in_app_store" time="0.698"></testcase><testcase classname="register_application.RegisterApplication" name="test_verify_new_app_page_default_parameter_platform" time="0.763"></testcase><testcase classname="register_application.RegisterApplication" name="test_verify_new_app_page_default_permission" time="0.801"></testcase><testcase classname="sample.SampleTestSuite" name="test_sample" time="0.000"><skipped type="unittest.case.SkipTest" message="Reason : why it is skipped"><![CDATA[SkipTest: Reason : why it is skipped
]]></skipped></testcase></testsuite>