2014-06-04 12:52:30,465[INFO][__init__][src.config:119)] Running using cli config file './config/webtesting.conf'
2014-06-04 12:52:30,493[DEBUG][setUpClass][src.baseTest:31)] SetupCLass for BaseTest
2014-06-04 12:52:30,493[INFO][loadKnownBugs][src.baseTest:257)] Loading Known Failures from : ./config/knownBugs.txt
2014-06-04 12:52:30,493[DEBUG][loadKnownBugs][src.baseTest:264)] [BUG <id>] | string to exception | Release number where this is expected to get fix

2014-06-04 12:52:30,493[DEBUG][loadKnownBugs][src.baseTest:264)] [BUG 12345] | Continue on assert  | Test dynamic skip

2014-06-04 12:52:30,494[DEBUG][loadKnownBugs][src.baseTest:264)] [BUG PP-1159] | Broken link at https://app-staging.crittercism.com/tos-v3.html| Planning to fix in Sprint 11

2014-06-04 12:52:30,494[DEBUG][loadKnownBugs][src.baseTest:264)] [BUG PP-1159] | Broken link at https://app-staging.crittercism.com/privacy.html| Planning to fix in Sprint 11

2014-06-04 12:52:30,494[DEBUG][loadKnownBugs][src.baseTest:264)] [BUG <null>] | Wrapping is not implemented in trial accounts
2014-06-04 12:53:35,707[ERROR][capture_screenshot][src.baseTest:109)] Screen shot on failure saved: ./logs//screenshots/test_create_trial_new_ios2014-06-04_12-53-35-1401911615s.png with URL https://app-staging.crittercism.com/developers/upgrade/538f793934bc127cf000002a
2014-06-04 12:53:35,707[DEBUG][canSkipped][src.multiple_assertions:26)] Splitting 3 [BUG <id>]   string to exception   Release number where this is expected to get fix

2014-06-04 12:53:35,707[DEBUG][canSkipped][src.multiple_assertions:26)] Splitting 3 [BUG 12345]   Continue on assert    Test dynamic skip

2014-06-04 12:53:35,708[DEBUG][canSkipped][src.multiple_assertions:26)] Splitting 3 [BUG PP-1159]   Broken link at https://app-staging.crittercism.com/tos-v3.html  Planning to fix in Sprint 11

2014-06-04 12:53:35,708[DEBUG][canSkipped][src.multiple_assertions:26)] Splitting 3 [BUG PP-1159]   Broken link at https://app-staging.crittercism.com/privacy.html  Planning to fix in Sprint 11

2014-06-04 12:53:35,708[DEBUG][canSkipped][src.multiple_assertions:26)] Splitting 2 [BUG <null>]   Wrapping is not implemented in trial accounts
2014-06-04 12:53:35,779[ERROR][capture_screenshot][src.baseTest:109)] Screen shot on failure saved: ./logs//screenshots/test_create_trial_new_ios2014-06-04_12-53-35-1401911615s.png with URL https://app-staging.crittercism.com/developers/upgrade/538f793934bc127cf000002a
2014-06-04 12:53:35,779[DEBUG][canSkipped][src.multiple_assertions:26)] Splitting 3 [BUG <id>]   string to exception   Release number where this is expected to get fix

2014-06-04 12:53:35,779[DEBUG][canSkipped][src.multiple_assertions:26)] Splitting 3 [BUG 12345]   Continue on assert    Test dynamic skip

2014-06-04 12:53:35,779[DEBUG][canSkipped][src.multiple_assertions:26)] Splitting 3 [BUG PP-1159]   Broken link at https://app-staging.crittercism.com/tos-v3.html  Planning to fix in Sprint 11

2014-06-04 12:53:35,779[DEBUG][canSkipped][src.multiple_assertions:26)] Splitting 3 [BUG PP-1159]   Broken link at https://app-staging.crittercism.com/privacy.html  Planning to fix in Sprint 11

2014-06-04 12:53:35,779[DEBUG][canSkipped][src.multiple_assertions:26)] Splitting 2 [BUG <null>]   Wrapping is not implemented in trial accounts
2014-06-04 12:53:36,062[ERROR][capture_screenshot][src.baseTest:109)] Screen shot on failure saved: ./logs//screenshots/test_create_trial_new_ios2014-06-04_12-53-35-1401911615s.png with URL https://app-staging.crittercism.com/developers/upgrade/538f793934bc127cf000002a
2014-06-04 12:53:36,062[DEBUG][canSkipped][src.multiple_assertions:26)] Splitting 3 [BUG <id>]   string to exception   Release number where this is expected to get fix

2014-06-04 12:53:36,062[DEBUG][canSkipped][src.multiple_assertions:26)] Splitting 3 [BUG 12345]   Continue on assert    Test dynamic skip

2014-06-04 12:53:36,062[DEBUG][canSkipped][src.multiple_assertions:26)] Splitting 3 [BUG PP-1159]   Broken link at https://app-staging.crittercism.com/tos-v3.html  Planning to fix in Sprint 11

2014-06-04 12:53:36,062[DEBUG][canSkipped][src.multiple_assertions:26)] Splitting 3 [BUG PP-1159]   Broken link at https://app-staging.crittercism.com/privacy.html  Planning to fix in Sprint 11

2014-06-04 12:53:36,062[DEBUG][canSkipped][src.multiple_assertions:26)] Splitting 2 [BUG <null>]   Wrapping is not implemented in trial accounts
2014-06-04 12:54:01,071[INFO][tearDownClass][src.baseTest:52)] BASE:tearDownClass:Called once for each class instance. Can be overridden
